[ 2019-08-30T09:59:07+08:00 ] 127.0.0.1 /admin.php
INFO: [ app_init ] --START--
INFO: Run Behavior\BuildLiteBehavior [ RunTime:0.000000s ]
INFO: [ app_init ] --END-- [ RunTime:0.001000s ]
INFO: [ app_begin ] --START--
INFO: Run Behavior\ReadHtmlCacheBehavior [ RunTime:0.001000s ]
INFO: [ app_begin ] --END-- [ RunTime:0.001000s ]
INFO: [ view_parse ] --START--
INFO: [ template_filter ] --START--
INFO: Run Behavior\ContentReplaceBehavior [ RunTime:0.000000s ]
INFO: [ template_filter ] --END-- [ RunTime:0.000000s ]
INFO: Run Behavior\ParseTemplateBehavior [ RunTime:0.011001s ]
INFO: [ view_parse ] --END-- [ RunTime:0.011001s ]
INFO: [ view_filter ] --START--
INFO: Run Behavior\WriteHtmlCacheBehavior [ RunTime:0.001000s ]
INFO: [ view_filter ] --END-- [ RunTime:0.001000s ]

[ 2019-08-30T10:36:22+08:00 ] 127.0.0.1 /admin.php
INFO: [ app_init ] --START--
INFO: Run Behavior\BuildLiteBehavior [ RunTime:0.000000s ]
INFO: [ app_init ] --END-- [ RunTime:0.000000s ]
INFO: [ app_begin ] --START--
INFO: Run Behavior\ReadHtmlCacheBehavior [ RunTime:0.001000s ]
INFO: [ app_begin ] --END-- [ RunTime:0.002000s ]
INFO: [ view_parse ] --START--
INFO: [ template_filter ] --START--
INFO: Run Behavior\ContentReplaceBehavior [ RunTime:0.000000s ]
INFO: [ template_filter ] --END-- [ RunTime:0.000000s ]
INFO: Run Behavior\ParseTemplateBehavior [ RunTime:0.013000s ]
INFO: [ view_parse ] --END-- [ RunTime:0.013000s ]
INFO: [ view_filter ] --START--
INFO: Run Behavior\WriteHtmlCacheBehavior [ RunTime:0.000000s ]
INFO: [ view_filter ] --END-- [ RunTime:0.001001s ]

[ 2019-08-30T10:36:23+08:00 ] 127.0.0.1 /admin.php?s=/Login/login
INFO: [ app_init ] --START--
INFO: Run Behavior\BuildLiteBehavior [ RunTime:0.000000s ]
INFO: [ app_init ] --END-- [ RunTime:0.002000s ]
INFO: [ app_begin ] --START--
INFO: Run Behavior\ReadHtmlCacheBehavior [ RunTime:0.001000s ]
INFO: [ app_begin ] --END-- [ RunTime:0.001000s ]
INFO: [ view_parse ] --START--
INFO: [ template_filter ] --START--
INFO: Run Behavior\ContentReplaceBehavior [ RunTime:0.000000s ]
INFO: [ template_filter ] --END-- [ RunTime:0.000000s ]
INFO: Run Behavior\ParseTemplateBehavior [ RunTime:0.020001s ]
INFO: [ view_parse ] --END-- [ RunTime:0.020001s ]
INFO: [ view_filter ] --START--
INFO: Run Behavior\WriteHtmlCacheBehavior [ RunTime:0.001000s ]
INFO: [ view_filter ] --END-- [ RunTime:0.001000s ]
INFO: [ app_end ] --START--
INFO: Run Behavior\ShowPageTraceBehavior [ RunTime:0.001000s ]
INFO: [ app_end ] --END-- [ RunTime:0.001000s ]

[ 2019-08-30T10:36:23+08:00 ] 127.0.0.1 /admin.php?s=/Login/show_verify
INFO: [ app_init ] --START--
INFO: Run Behavior\BuildLiteBehavior [ RunTime:0.000000s ]
INFO: [ app_init ] --END-- [ RunTime:0.001000s ]
INFO: [ app_begin ] --START--
INFO: Run Behavior\ReadHtmlCacheBehavior [ RunTime:0.001000s ]
INFO: [ app_begin ] --END-- [ RunTime:0.001000s ]
INFO: [ app_end ] --START--
INFO: Run Behavior\ShowPageTraceBehavior [ RunTime:0.001000s ]
INFO: [ app_end ] --END-- [ RunTime:0.001000s ]

[ 2019-08-30T10:36:29+08:00 ] 127.0.0.1 /admin.php?s=/Login/login
INFO: [ app_init ] --START--
INFO: Run Behavior\BuildLiteBehavior [ RunTime:0.000000s ]
INFO: [ app_init ] --END-- [ RunTime:0.001000s ]
INFO: [ app_begin ] --START--
INFO: Run Behavior\ReadHtmlCacheBehavior [ RunTime:0.001000s ]
INFO: [ app_begin ] --END-- [ RunTime:0.001000s ]
SQL: SHOW COLUMNS FROM `admin` [ RunTime:0.0050s ]
SQL: SELECT `id`,`status` FROM `admin` WHERE `title` = 'admin' AND `pwd` = '4f988f6d844c39fb7b2e388139b62335' LIMIT 1   [ RunTime:0.0000s ]
INFO: [ view_parse ] --START--
INFO: [ template_filter ] --START--
INFO: Run Behavior\ContentReplaceBehavior [ RunTime:0.000000s ]
INFO: [ template_filter ] --END-- [ RunTime:0.001000s ]
INFO: Run Behavior\ParseTemplateBehavior [ RunTime:0.012000s ]
INFO: [ view_parse ] --END-- [ RunTime:0.012000s ]
INFO: [ view_filter ] --START--
INFO: Run Behavior\WriteHtmlCacheBehavior [ RunTime:0.001000s ]
INFO: [ view_filter ] --END-- [ RunTime:0.001000s ]

[ 2019-08-30T10:36:30+08:00 ] 127.0.0.1 /admin.php?s=/Login/login
INFO: [ app_init ] --START--
INFO: Run Behavior\BuildLiteBehavior [ RunTime:0.000000s ]
INFO: [ app_init ] --END-- [ RunTime:0.001000s ]
INFO: [ app_begin ] --START--
INFO: Run Behavior\ReadHtmlCacheBehavior [ RunTime:0.001000s ]
INFO: [ app_begin ] --END-- [ RunTime:0.001000s ]
INFO: [ view_parse ] --START--
INFO: [ template_filter ] --START--
INFO: Run Behavior\ContentReplaceBehavior [ RunTime:0.000000s ]
INFO: [ template_filter ] --END-- [ RunTime:0.000000s ]
INFO: Run Behavior\ParseTemplateBehavior [ RunTime:0.013001s ]
INFO: [ view_parse ] --END-- [ RunTime:0.013001s ]
INFO: [ view_filter ] --START--
INFO: Run Behavior\WriteHtmlCacheBehavior [ RunTime:0.001000s ]
INFO: [ view_filter ] --END-- [ RunTime:0.001000s ]
INFO: [ app_end ] --START--
INFO: Run Behavior\ShowPageTraceBehavior [ RunTime:0.000000s ]
INFO: [ app_end ] --END-- [ RunTime:0.002000s ]

[ 2019-08-30T10:36:33+08:00 ] 127.0.0.1 /admin.php?s=/Login/show_verify/0.20196759745292847
INFO: [ app_init ] --START--
INFO: Run Behavior\BuildLiteBehavior [ RunTime:0.000000s ]
INFO: [ app_init ] --END-- [ RunTime:0.001000s ]
INFO: [ app_begin ] --START--
INFO: Run Behavior\ReadHtmlCacheBehavior [ RunTime:0.001001s ]
INFO: [ app_begin ] --END-- [ RunTime:0.001001s ]
INFO: [ app_end ] --START--
INFO: Run Behavior\ShowPageTraceBehavior [ RunTime:0.001000s ]
INFO: [ app_end ] --END-- [ RunTime:0.001000s ]

[ 2019-08-30T10:36:37+08:00 ] 127.0.0.1 /admin.php?s=/Login/login
INFO: [ app_init ] --START--
INFO: Run Behavior\BuildLiteBehavior [ RunTime:0.001000s ]
INFO: [ app_init ] --END-- [ RunTime:0.001000s ]
INFO: [ app_begin ] --START--
INFO: Run Behavior\ReadHtmlCacheBehavior [ RunTime:0.001000s ]
INFO: [ app_begin ] --END-- [ RunTime:0.001000s ]
SQL: SHOW COLUMNS FROM `admin` [ RunTime:0.0050s ]
SQL: SELECT `id`,`status` FROM `admin` WHERE `title` = 'admin' AND `pwd` = 'efc54d7173925bd1c25f053511c18cb8' LIMIT 1   [ RunTime:0.0000s ]
INFO: [ view_parse ] --START--
INFO: [ template_filter ] --START--
INFO: Run Behavior\ContentReplaceBehavior [ RunTime:0.000000s ]
INFO: [ template_filter ] --END-- [ RunTime:0.000000s ]
INFO: Run Behavior\ParseTemplateBehavior [ RunTime:0.011001s ]
INFO: [ view_parse ] --END-- [ RunTime:0.011001s ]
INFO: [ view_filter ] --START--
INFO: Run Behavior\WriteHtmlCacheBehavior [ RunTime:0.001000s ]
INFO: [ view_filter ] --END-- [ RunTime:0.001000s ]
INFO: [ app_end ] --START--
INFO: Run Behavior\ShowPageTraceBehavior [ RunTime:0.001000s ]
INFO: [ app_end ] --END-- [ RunTime:0.001000s ]

[ 2019-08-30T10:36:38+08:00 ] 127.0.0.1 /admin.php?s=/Index/index
INFO: [ app_init ] --START--
INFO: Run Behavior\BuildLiteBehavior [ RunTime:0.000000s ]
INFO: [ app_init ] --END-- [ RunTime:0.001000s ]
INFO: [ app_begin ] --START--
INFO: Run Behavior\ReadHtmlCacheBehavior [ RunTime:0.000000s ]
INFO: [ app_begin ] --END-- [ RunTime:0.001000s ]
SQL: SHOW COLUMNS FROM `auth_group_access` [ RunTime:0.0050s ]
SQL: SELECT `uid`,`group_id`,`title`,`rules` FROM auth_group_access a INNER JOIN auth_group g on a.group_id=g.id  WHERE ( a.uid='1' and g.status='1' )  [ RunTime:0.0020s ]
SQL: SHOW COLUMNS FROM `auth_rule` [ RunTime:0.0050s ]
SQL: SELECT `condition`,`name` FROM `auth_rule` WHERE `id` IN ('1','7','8','9','10','24','17','18','19','20','21','22','25','26','27','28','29','30','31','81','32','34','33','35','36','37','38','93','94','95','39','40','41','42','43','44','45','82','46','47','48','49','80','90','91','92','50','51','52','53','54','55','56','57','58','59','60','61','62','63','64','65','66','67','68','69','70','71','72','73','87','88','89','74','75','76','77','78','79','96','97','98','99','100') AND `type` = 1 AND `status` = 1  [ RunTime:0.0010s ]
SQL: SHOW COLUMNS FROM `admin` [ RunTime:0.0050s ]
SQL: SELECT a.name,a.id,g.group_id FROM admin a left join auth_group_access as g on a.id=g.uid  WHERE a.id = '1' LIMIT 1   [ RunTime:0.0010s ]
SQL: SHOW COLUMNS FROM `ship_review` [ RunTime:0.0050s ]
SQL: SHOW COLUMNS FROM `sh_review` [ RunTime:0.0050s ]
SQL: SHOW COLUMNS FROM `ship` [ RunTime:0.0050s ]
SQL: SHOW COLUMNS FROM `sh_ship` [ RunTime:0.0050s ]
SQL: SHOW COLUMNS FROM `result` [ RunTime:0.0050s ]
SQL: SHOW COLUMNS FROM `sh_result` [ RunTime:0.0060s ]
SQL: SELECT COUNT(*) AS tp_count FROM `ship_review` WHERE ( status=1 AND ((data_status = 1 and picture=2) or (data_status=2 AND picture=2 and cabin_picture=2) or (data_status=3 AND cabin_picture=2)) ) LIMIT 1   [ RunTime:0.0000s ]
SQL: SELECT COUNT(*) AS tp_count FROM `sh_review` WHERE ( status=1 AND picture=2 ) LIMIT 1   [ RunTime:0.0000s ]
SQL: SELECT `shipid` FROM `result` WHERE `shipid` in (( SELECT `id` FROM `ship` WHERE `review` = 2  )) GROUP BY shipid HAVING count(1)<2  [ RunTime:0.0010s ]
SQL: SELECT `shipid` FROM `sh_result` WHERE `shipid` in (( SELECT `id` FROM `sh_ship` WHERE `review` = 1  )) GROUP BY shipid HAVING count(1)<2  [ RunTime:0.0010s ]
INFO: [ view_parse ] --START--
INFO: [ template_filter ] --START--
INFO: Run Behavior\ContentReplaceBehavior [ RunTime:0.001001s ]
INFO: [ template_filter ] --END-- [ RunTime:0.001001s ]
INFO: Run Behavior\ParseTemplateBehavior [ RunTime:0.035002s ]
INFO: [ view_parse ] --END-- [ RunTime:0.035002s ]
INFO: [ view_filter ] --START--
INFO: Run Behavior\WriteHtmlCacheBehavior [ RunTime:0.001000s ]
INFO: [ view_filter ] --END-- [ RunTime:0.001000s ]
INFO: [ app_end ] --START--
INFO: Run Behavior\ShowPageTraceBehavior [ RunTime:0.001001s ]
INFO: [ app_end ] --END-- [ RunTime:0.001001s ]

[ 2019-08-30T10:36:38+08:00 ] 127.0.0.1 /admin.php?s=/Index/index
INFO: [ app_init ] --START--
INFO: Run Behavior\BuildLiteBehavior [ RunTime:0.000000s ]
INFO: [ app_init ] --END-- [ RunTime:0.001000s ]
INFO: [ app_begin ] --START--
INFO: Run Behavior\ReadHtmlCacheBehavior [ RunTime:0.001000s ]
INFO: [ app_begin ] --END-- [ RunTime:0.001000s ]
SQL: SHOW COLUMNS FROM `auth_group_access` [ RunTime:0.0050s ]
SQL: SELECT `uid`,`group_id`,`title`,`rules` FROM auth_group_access a INNER JOIN auth_group g on a.group_id=g.id  WHERE ( a.uid='1' and g.status='1' )  [ RunTime:0.0010s ]
SQL: SHOW COLUMNS FROM `auth_rule` [ RunTime:0.0050s ]
SQL: SELECT `condition`,`name` FROM `auth_rule` WHERE `id` IN ('1','7','8','9','10','24','17','18','19','20','21','22','25','26','27','28','29','30','31','81','32','34','33','35','36','37','38','93','94','95','39','40','41','42','43','44','45','82','46','47','48','49','80','90','91','92','50','51','52','53','54','55','56','57','58','59','60','61','62','63','64','65','66','67','68','69','70','71','72','73','87','88','89','74','75','76','77','78','79','96','97','98','99','100') AND `type` = 1 AND `status` = 1  [ RunTime:0.0010s ]
SQL: SHOW COLUMNS FROM `admin` [ RunTime:0.0050s ]
SQL: SELECT a.name,a.id,g.group_id FROM admin a left join auth_group_access as g on a.id=g.uid  WHERE a.id = '1' LIMIT 1   [ RunTime:0.0000s ]
SQL: SHOW COLUMNS FROM `ship_review` [ RunTime:0.0050s ]
SQL: SHOW COLUMNS FROM `sh_review` [ RunTime:0.0040s ]
SQL: SHOW COLUMNS FROM `ship` [ RunTime:0.0060s ]
SQL: SHOW COLUMNS FROM `sh_ship` [ RunTime:0.0050s ]
SQL: SHOW COLUMNS FROM `result` [ RunTime:0.0050s ]
SQL: SHOW COLUMNS FROM `sh_result` [ RunTime:0.0050s ]
SQL: SELECT COUNT(*) AS tp_count FROM `ship_review` WHERE ( status=1 AND ((data_status = 1 and picture=2) or (data_status=2 AND picture=2 and cabin_picture=2) or (data_status=3 AND cabin_picture=2)) ) LIMIT 1   [ RunTime:0.0000s ]
SQL: SELECT COUNT(*) AS tp_count FROM `sh_review` WHERE ( status=1 AND picture=2 ) LIMIT 1   [ RunTime:0.0000s ]
SQL: SELECT `shipid` FROM `result` WHERE `shipid` in (( SELECT `id` FROM `ship` WHERE `review` = 2  )) GROUP BY shipid HAVING count(1)<2  [ RunTime:0.0010s ]
SQL: SELECT `shipid` FROM `sh_result` WHERE `shipid` in (( SELECT `id` FROM `sh_ship` WHERE `review` = 1  )) GROUP BY shipid HAVING count(1)<2  [ RunTime:0.0010s ]
INFO: [ view_parse ] --START--
INFO: [ template_filter ] --START--
INFO: Run Behavior\ContentReplaceBehavior [ RunTime:0.001000s ]
INFO: [ template_filter ] --END-- [ RunTime:0.001000s ]
INFO: Run Behavior\ParseTemplateBehavior [ RunTime:0.031002s ]
INFO: [ view_parse ] --END-- [ RunTime:0.033002s ]
INFO: [ view_filter ] --START--
INFO: Run Behavior\WriteHtmlCacheBehavior [ RunTime:0.000000s ]
INFO: [ view_filter ] --END-- [ RunTime:0.000000s ]
INFO: [ app_end ] --START--
INFO: Run Behavior\ShowPageTraceBehavior [ RunTime:0.001000s ]
INFO: [ app_end ] --END-- [ RunTime:0.001000s ]

[ 2019-08-30T10:36:46+08:00 ] 127.0.0.1 /admin.php?s=/Ship/index
INFO: [ app_init ] --START--
INFO: Run Behavior\BuildLiteBehavior [ RunTime:0.000000s ]
INFO: [ app_init ] --END-- [ RunTime:0.001000s ]
INFO: [ app_begin ] --START--
INFO: Run Behavior\ReadHtmlCacheBehavior [ RunTime:0.001000s ]
INFO: [ app_begin ] --END-- [ RunTime:0.002000s ]
SQL: SHOW COLUMNS FROM `auth_group_access` [ RunTime:0.0040s ]
SQL: SELECT `uid`,`group_id`,`title`,`rules` FROM auth_group_access a INNER JOIN auth_group g on a.group_id=g.id  WHERE ( a.uid='1' and g.status='1' )  [ RunTime:0.0010s ]
SQL: SHOW COLUMNS FROM `auth_rule` [ RunTime:0.0050s ]
SQL: SELECT `condition`,`name` FROM `auth_rule` WHERE `id` IN ('1','7','8','9','10','24','17','18','19','20','21','22','25','26','27','28','29','30','31','81','32','34','33','35','36','37','38','93','94','95','39','40','41','42','43','44','45','82','46','47','48','49','80','90','91','92','50','51','52','53','54','55','56','57','58','59','60','61','62','63','64','65','66','67','68','69','70','71','72','73','87','88','89','74','75','76','77','78','79','96','97','98','99','100') AND `type` = 1 AND `status` = 1  [ RunTime:0.0010s ]
SQL: SHOW COLUMNS FROM `admin` [ RunTime:0.0050s ]
SQL: SELECT a.name,a.id,g.group_id FROM admin a left join auth_group_access as g on a.id=g.uid  WHERE a.id = '1' LIMIT 1   [ RunTime:0.0010s ]
SQL: SHOW COLUMNS FROM `ship_review` [ RunTime:0.0050s ]
SQL: SHOW COLUMNS FROM `sh_review` [ RunTime:0.0050s ]
SQL: SHOW COLUMNS FROM `ship` [ RunTime:0.0050s ]
SQL: SHOW COLUMNS FROM `sh_ship` [ RunTime:0.0050s ]
SQL: SHOW COLUMNS FROM `result` [ RunTime:0.0050s ]
SQL: SHOW COLUMNS FROM `sh_result` [ RunTime:0.0050s ]
SQL: SELECT COUNT(*) AS tp_count FROM `ship_review` WHERE ( status=1 AND ((data_status = 1 and picture=2) or (data_status=2 AND picture=2 and cabin_picture=2) or (data_status=3 AND cabin_picture=2)) ) LIMIT 1   [ RunTime:0.0010s ]
SQL: SELECT COUNT(*) AS tp_count FROM `sh_review` WHERE ( status=1 AND picture=2 ) LIMIT 1   [ RunTime:0.0010s ]
SQL: SELECT `shipid` FROM `result` WHERE `shipid` in (( SELECT `id` FROM `ship` WHERE `review` = 2  )) GROUP BY shipid HAVING count(1)<2  [ RunTime:0.0020s ]
SQL: SELECT `shipid` FROM `sh_result` WHERE `shipid` in (( SELECT `id` FROM `sh_ship` WHERE `review` = 1  )) GROUP BY shipid HAVING count(1)<2  [ RunTime:0.0010s ]
SQL: SHOW COLUMNS FROM `ship` [ RunTime:0.0070s ]
SQL: SELECT COUNT(*) AS tp_count FROM ship s WHERE (  1 ) AND s.del_sign = 1 LIMIT 1   [ RunTime:0.0010s ]
NOTIC: [8] Undefined index: p D:\phpStudy\PHPTutorial\WWW\shipplatform2\Ship\Admin\Controller\ShipController.class.php 第 44 行.
SQL: SELECT s.id,s.shipname,s.number,s.cabinnum,f.firmname,s.del_sign FROM ship s left join firm f on f.id=s.firmid  WHERE (  1 ) AND s.del_sign = 1 ORDER BY s.id desc,f.firmname desc LIMIT 0,30   [ RunTime:0.0010s ]
SQL: SHOW COLUMNS FROM `firm` [ RunTime:0.0060s ]
SQL: SELECT `id`,`firmname` FROM `firm`  [ RunTime:0.0010s ]
INFO: [ view_parse ] --START--
INFO: [ template_filter ] --START--
INFO: Run Behavior\ContentReplaceBehavior [ RunTime:0.001000s ]
INFO: [ template_filter ] --END-- [ RunTime:0.002000s ]
INFO: Run Behavior\ParseTemplateBehavior [ RunTime:0.093005s ]
INFO: [ view_parse ] --END-- [ RunTime:0.093005s ]
INFO: [ view_filter ] --START--
INFO: Run Behavior\WriteHtmlCacheBehavior [ RunTime:0.001000s ]
INFO: [ view_filter ] --END-- [ RunTime:0.001000s ]
INFO: [ app_end ] --START--
INFO: Run Behavior\ShowPageTraceBehavior [ RunTime:0.001000s ]
INFO: [ app_end ] --END-- [ RunTime:0.001000s ]

[ 2019-08-30T10:37:19+08:00 ] 127.0.0.1 /admin.php?s=/Ship/index/p/2
INFO: [ app_init ] --START--
INFO: Run Behavior\BuildLiteBehavior [ RunTime:0.000000s ]
INFO: [ app_init ] --END-- [ RunTime:0.001000s ]
INFO: [ app_begin ] --START--
INFO: Run Behavior\ReadHtmlCacheBehavior [ RunTime:0.000000s ]
INFO: [ app_begin ] --END-- [ RunTime:0.001000s ]
SQL: SHOW COLUMNS FROM `auth_group_access` [ RunTime:0.0050s ]
SQL: SELECT `uid`,`group_id`,`title`,`rules` FROM auth_group_access a INNER JOIN auth_group g on a.group_id=g.id  WHERE ( a.uid='1' and g.status='1' )  [ RunTime:0.0000s ]
SQL: SHOW COLUMNS FROM `auth_rule` [ RunTime:0.0050s ]
SQL: SELECT `condition`,`name` FROM `auth_rule` WHERE `id` IN ('1','7','8','9','10','24','17','18','19','20','21','22','25','26','27','28','29','30','31','81','32','34','33','35','36','37','38','93','94','95','39','40','41','42','43','44','45','82','46','47','48','49','80','90','91','92','50','51','52','53','54','55','56','57','58','59','60','61','62','63','64','65','66','67','68','69','70','71','72','73','87','88','89','74','75','76','77','78','79','96','97','98','99','100') AND `type` = 1 AND `status` = 1  [ RunTime:0.0010s ]
SQL: SHOW COLUMNS FROM `admin` [ RunTime:0.0050s ]
SQL: SELECT a.name,a.id,g.group_id FROM admin a left join auth_group_access as g on a.id=g.uid  WHERE a.id = '1' LIMIT 1   [ RunTime:0.0000s ]
SQL: SHOW COLUMNS FROM `ship_review` [ RunTime:0.0050s ]
SQL: SHOW COLUMNS FROM `sh_review` [ RunTime:0.0060s ]
SQL: SHOW COLUMNS FROM `ship` [ RunTime:0.0050s ]
SQL: SHOW COLUMNS FROM `sh_ship` [ RunTime:0.0060s ]
SQL: SHOW COLUMNS FROM `result` [ RunTime:0.0050s ]
SQL: SHOW COLUMNS FROM `sh_result` [ RunTime:0.0060s ]
SQL: SELECT COUNT(*) AS tp_count FROM `ship_review` WHERE ( status=1 AND ((data_status = 1 and picture=2) or (data_status=2 AND picture=2 and cabin_picture=2) or (data_status=3 AND cabin_picture=2)) ) LIMIT 1   [ RunTime:0.0000s ]
SQL: SELECT COUNT(*) AS tp_count FROM `sh_review` WHERE ( status=1 AND picture=2 ) LIMIT 1   [ RunTime:0.0000s ]
SQL: SELECT `shipid` FROM `result` WHERE `shipid` in (( SELECT `id` FROM `ship` WHERE `review` = 2  )) GROUP BY shipid HAVING count(1)<2  [ RunTime:0.0010s ]
SQL: SELECT `shipid` FROM `sh_result` WHERE `shipid` in (( SELECT `id` FROM `sh_ship` WHERE `review` = 1  )) GROUP BY shipid HAVING count(1)<2  [ RunTime:0.0000s ]
SQL: SHOW COLUMNS FROM `ship` [ RunTime:0.0050s ]
SQL: SELECT COUNT(*) AS tp_count FROM ship s WHERE (  1 ) AND s.del_sign = 1 LIMIT 1   [ RunTime:0.0000s ]
SQL: SELECT s.id,s.shipname,s.number,s.cabinnum,f.firmname,s.del_sign FROM ship s left join firm f on f.id=s.firmid  WHERE (  1 ) AND s.del_sign = 1 ORDER BY s.id desc,f.firmname desc LIMIT 30,30   [ RunTime:0.0000s ]
SQL: SHOW COLUMNS FROM `firm` [ RunTime:0.0050s ]
SQL: SELECT `id`,`firmname` FROM `firm`  [ RunTime:0.0000s ]
INFO: [ view_parse ] --START--
INFO: [ template_filter ] --START--
INFO: Run Behavior\ContentReplaceBehavior [ RunTime:0.000000s ]
INFO: [ template_filter ] --END-- [ RunTime:0.001000s ]
INFO: Run Behavior\ParseTemplateBehavior [ RunTime:0.052003s ]
INFO: [ view_parse ] --END-- [ RunTime:0.052003s ]
INFO: [ view_filter ] --START--
INFO: Run Behavior\WriteHtmlCacheBehavior [ RunTime:0.000000s ]
INFO: [ view_filter ] --END-- [ RunTime:0.000000s ]
INFO: [ app_end ] --START--
INFO: Run Behavior\ShowPageTraceBehavior [ RunTime:0.001000s ]
INFO: [ app_end ] --END-- [ RunTime:0.001000s ]

[ 2019-08-30T10:37:21+08:00 ] 127.0.0.1 /admin.php?s=/Ship/index/p/1
INFO: [ app_init ] --START--
INFO: Run Behavior\BuildLiteBehavior [ RunTime:0.001000s ]
INFO: [ app_init ] --END-- [ RunTime:0.001000s ]
INFO: [ app_begin ] --START--
INFO: Run Behavior\ReadHtmlCacheBehavior [ RunTime:0.001000s ]
INFO: [ app_begin ] --END-- [ RunTime:0.001000s ]
SQL: SHOW COLUMNS FROM `auth_group_access` [ RunTime:0.0050s ]
SQL: SELECT `uid`,`group_id`,`title`,`rules` FROM auth_group_access a INNER JOIN auth_group g on a.group_id=g.id  WHERE ( a.uid='1' and g.status='1' )  [ RunTime:0.0000s ]
SQL: SHOW COLUMNS FROM `auth_rule` [ RunTime:0.0040s ]
SQL: SELECT `condition`,`name` FROM `auth_rule` WHERE `id` IN ('1','7','8','9','10','24','17','18','19','20','21','22','25','26','27','28','29','30','31','81','32','34','33','35','36','37','38','93','94','95','39','40','41','42','43','44','45','82','46','47','48','49','80','90','91','92','50','51','52','53','54','55','56','57','58','59','60','61','62','63','64','65','66','67','68','69','70','71','72','73','87','88','89','74','75','76','77','78','79','96','97','98','99','100') AND `type` = 1 AND `status` = 1  [ RunTime:0.0000s ]
SQL: SHOW COLUMNS FROM `admin` [ RunTime:0.0050s ]
SQL: SELECT a.name,a.id,g.group_id FROM admin a left join auth_group_access as g on a.id=g.uid  WHERE a.id = '1' LIMIT 1   [ RunTime:0.0000s ]
SQL: SHOW COLUMNS FROM `ship_review` [ RunTime:0.0040s ]
SQL: SHOW COLUMNS FROM `sh_review` [ RunTime:0.0050s ]
SQL: SHOW COLUMNS FROM `ship` [ RunTime:0.0050s ]
SQL: SHOW COLUMNS FROM `sh_ship` [ RunTime:0.0050s ]
SQL: SHOW COLUMNS FROM `result` [ RunTime:0.0050s ]
SQL: SHOW COLUMNS FROM `sh_result` [ RunTime:0.0050s ]
SQL: SELECT COUNT(*) AS tp_count FROM `ship_review` WHERE ( status=1 AND ((data_status = 1 and picture=2) or (data_status=2 AND picture=2 and cabin_picture=2) or (data_status=3 AND cabin_picture=2)) ) LIMIT 1   [ RunTime:0.0000s ]
SQL: SELECT COUNT(*) AS tp_count FROM `sh_review` WHERE ( status=1 AND picture=2 ) LIMIT 1   [ RunTime:0.0010s ]
SQL: SELECT `shipid` FROM `result` WHERE `shipid` in (( SELECT `id` FROM `ship` WHERE `review` = 2  )) GROUP BY shipid HAVING count(1)<2  [ RunTime:0.0010s ]
SQL: SELECT `shipid` FROM `sh_result` WHERE `shipid` in (( SELECT `id` FROM `sh_ship` WHERE `review` = 1  )) GROUP BY shipid HAVING count(1)<2  [ RunTime:0.0010s ]
SQL: SHOW COLUMNS FROM `ship` [ RunTime:0.0060s ]
SQL: SELECT COUNT(*) AS tp_count FROM ship s WHERE (  1 ) AND s.del_sign = 1 LIMIT 1   [ RunTime:0.0030s ]
SQL: SELECT s.id,s.shipname,s.number,s.cabinnum,f.firmname,s.del_sign FROM ship s left join firm f on f.id=s.firmid  WHERE (  1 ) AND s.del_sign = 1 ORDER BY s.id desc,f.firmname desc LIMIT 0,30   [ RunTime:0.0020s ]
SQL: SHOW COLUMNS FROM `firm` [ RunTime:0.0100s ]
SQL: SELECT `id`,`firmname` FROM `firm`  [ RunTime:0.0010s ]
INFO: [ view_parse ] --START--
INFO: [ template_filter ] --START--
INFO: Run Behavior\ContentReplaceBehavior [ RunTime:0.001000s ]
INFO: [ template_filter ] --END-- [ RunTime:0.001000s ]
INFO: Run Behavior\ParseTemplateBehavior [ RunTime:0.065004s ]
INFO: [ view_parse ] --END-- [ RunTime:0.065004s ]
INFO: [ view_filter ] --START--
INFO: Run Behavior\WriteHtmlCacheBehavior [ RunTime:0.001000s ]
INFO: [ view_filter ] --END-- [ RunTime:0.001000s ]
INFO: [ app_end ] --START--
INFO: Run Behavior\ShowPageTraceBehavior [ RunTime:0.001000s ]
INFO: [ app_end ] --END-- [ RunTime:0.001000s ]

[ 2019-08-30T10:39:12+08:00 ] 127.0.0.1 /admin.php?s=/Ship/index
INFO: [ app_init ] --START--
INFO: Run Behavior\BuildLiteBehavior [ RunTime:0.000000s ]
INFO: [ app_init ] --END-- [ RunTime:0.001000s ]
INFO: [ app_begin ] --START--
INFO: Run Behavior\ReadHtmlCacheBehavior [ RunTime:0.001000s ]
INFO: [ app_begin ] --END-- [ RunTime:0.001000s ]
SQL: SHOW COLUMNS FROM `auth_group_access` [ RunTime:0.0050s ]
SQL: SELECT `uid`,`group_id`,`title`,`rules` FROM auth_group_access a INNER JOIN auth_group g on a.group_id=g.id  WHERE ( a.uid='1' and g.status='1' )  [ RunTime:0.0010s ]
SQL: SHOW COLUMNS FROM `auth_rule` [ RunTime:0.0050s ]
SQL: SELECT `condition`,`name` FROM `auth_rule` WHERE `id` IN ('1','7','8','9','10','24','17','18','19','20','21','22','25','26','27','28','29','30','31','81','32','34','33','35','36','37','38','93','94','95','39','40','41','42','43','44','45','82','46','47','48','49','80','90','91','92','50','51','52','53','54','55','56','57','58','59','60','61','62','63','64','65','66','67','68','69','70','71','72','73','87','88','89','74','75','76','77','78','79','96','97','98','99','100') AND `type` = 1 AND `status` = 1  [ RunTime:0.0010s ]
SQL: SHOW COLUMNS FROM `admin` [ RunTime:0.0050s ]
SQL: SELECT a.name,a.id,g.group_id FROM admin a left join auth_group_access as g on a.id=g.uid  WHERE a.id = '1' LIMIT 1   [ RunTime:0.0000s ]
SQL: SHOW COLUMNS FROM `ship_review` [ RunTime:0.0050s ]
SQL: SHOW COLUMNS FROM `sh_review` [ RunTime:0.0050s ]
SQL: SHOW COLUMNS FROM `ship` [ RunTime:0.0060s ]
SQL: SHOW COLUMNS FROM `sh_ship` [ RunTime:0.0050s ]
SQL: SHOW COLUMNS FROM `result` [ RunTime:0.0050s ]
SQL: SHOW COLUMNS FROM `sh_result` [ RunTime:0.0060s ]
SQL: SELECT COUNT(*) AS tp_count FROM `ship_review` WHERE ( status=1 AND ((data_status = 1 and picture=2) or (data_status=2 AND picture=2 and cabin_picture=2) or (data_status=3 AND cabin_picture=2)) ) LIMIT 1   [ RunTime:0.0010s ]
SQL: SELECT COUNT(*) AS tp_count FROM `sh_review` WHERE ( status=1 AND picture=2 ) LIMIT 1   [ RunTime:0.0000s ]
SQL: SELECT `shipid` FROM `result` WHERE `shipid` in (( SELECT `id` FROM `ship` WHERE `review` = 2  )) GROUP BY shipid HAVING count(1)<2  [ RunTime:0.0010s ]
SQL: SELECT `shipid` FROM `sh_result` WHERE `shipid` in (( SELECT `id` FROM `sh_ship` WHERE `review` = 1  )) GROUP BY shipid HAVING count(1)<2  [ RunTime:0.0000s ]
SQL: SHOW COLUMNS FROM `ship` [ RunTime:0.0060s ]
SQL: SELECT COUNT(*) AS tp_count FROM ship s WHERE (  1 ) AND s.del_sign = 1 LIMIT 1   [ RunTime:0.0000s ]
NOTIC: [8] Undefined index: p D:\phpStudy\PHPTutorial\WWW\shipplatform2\Ship\Admin\Controller\ShipController.class.php 第 44 行.
SQL: SELECT s.id,s.shipname,s.number,s.cabinnum,f.firmname,s.del_sign FROM ship s left join firm f on f.id=s.firmid  WHERE (  1 ) AND s.del_sign = 1 ORDER BY s.id desc,f.firmname desc LIMIT 0,30   [ RunTime:0.0010s ]
SQL: SHOW COLUMNS FROM `firm` [ RunTime:0.0060s ]
SQL: SELECT `id`,`firmname` FROM `firm`  [ RunTime:0.0000s ]
INFO: [ view_parse ] --START--
INFO: [ template_filter ] --START--
INFO: Run Behavior\ContentReplaceBehavior [ RunTime:0.001001s ]
INFO: [ template_filter ] --END-- [ RunTime:0.001001s ]
INFO: Run Behavior\ParseTemplateBehavior [ RunTime:0.068004s ]
INFO: [ view_parse ] --END-- [ RunTime:0.068004s ]
INFO: [ view_filter ] --START--
INFO: Run Behavior\WriteHtmlCacheBehavior [ RunTime:0.001000s ]
INFO: [ view_filter ] --END-- [ RunTime:0.001000s ]
INFO: [ app_end ] --START--
INFO: Run Behavior\ShowPageTraceBehavior [ RunTime:0.001000s ]
INFO: [ app_end ] --END-- [ RunTime:0.001000s ]

[ 2019-08-30T10:39:14+08:00 ] 127.0.0.1 /admin.php?s=/Ship/index
INFO: [ app_init ] --START--
INFO: Run Behavior\BuildLiteBehavior [ RunTime:0.000000s ]
INFO: [ app_init ] --END-- [ RunTime:0.001000s ]
INFO: [ app_begin ] --START--
INFO: Run Behavior\ReadHtmlCacheBehavior [ RunTime:0.001000s ]
INFO: [ app_begin ] --END-- [ RunTime:0.001000s ]
SQL: SHOW COLUMNS FROM `auth_group_access` [ RunTime:0.0050s ]
SQL: SELECT `uid`,`group_id`,`title`,`rules` FROM auth_group_access a INNER JOIN auth_group g on a.group_id=g.id  WHERE ( a.uid='1' and g.status='1' )  [ RunTime:0.0010s ]
SQL: SHOW COLUMNS FROM `auth_rule` [ RunTime:0.0050s ]
SQL: SELECT `condition`,`name` FROM `auth_rule` WHERE `id` IN ('1','7','8','9','10','24','17','18','19','20','21','22','25','26','27','28','29','30','31','81','32','34','33','35','36','37','38','93','94','95','39','40','41','42','43','44','45','82','46','47','48','49','80','90','91','92','50','51','52','53','54','55','56','57','58','59','60','61','62','63','64','65','66','67','68','69','70','71','72','73','87','88','89','74','75','76','77','78','79','96','97','98','99','100') AND `type` = 1 AND `status` = 1  [ RunTime:0.0010s ]
SQL: SHOW COLUMNS FROM `admin` [ RunTime:0.0050s ]
SQL: SELECT a.name,a.id,g.group_id FROM admin a left join auth_group_access as g on a.id=g.uid  WHERE a.id = '1' LIMIT 1   [ RunTime:0.0010s ]
SQL: SHOW COLUMNS FROM `ship_review` [ RunTime:0.0050s ]
SQL: SHOW COLUMNS FROM `sh_review` [ RunTime:0.0050s ]
SQL: SHOW COLUMNS FROM `ship` [ RunTime:0.0050s ]
SQL: SHOW COLUMNS FROM `sh_ship` [ RunTime:0.0060s ]
SQL: SHOW COLUMNS FROM `result` [ RunTime:0.0050s ]
SQL: SHOW COLUMNS FROM `sh_result` [ RunTime:0.0060s ]
SQL: SELECT COUNT(*) AS tp_count FROM `ship_review` WHERE ( status=1 AND ((data_status = 1 and picture=2) or (data_status=2 AND picture=2 and cabin_picture=2) or (data_status=3 AND cabin_picture=2)) ) LIMIT 1   [ RunTime:0.0000s ]
SQL: SELECT COUNT(*) AS tp_count FROM `sh_review` WHERE ( status=1 AND picture=2 ) LIMIT 1   [ RunTime:0.0000s ]
SQL: SELECT `shipid` FROM `result` WHERE `shipid` in (( SELECT `id` FROM `ship` WHERE `review` = 2  )) GROUP BY shipid HAVING count(1)<2  [ RunTime:0.0010s ]
SQL: SELECT `shipid` FROM `sh_result` WHERE `shipid` in (( SELECT `id` FROM `sh_ship` WHERE `review` = 1  )) GROUP BY shipid HAVING count(1)<2  [ RunTime:0.0010s ]
SQL: SHOW COLUMNS FROM `ship` [ RunTime:0.0050s ]
SQL: SELECT COUNT(*) AS tp_count FROM ship s WHERE (  1 ) AND s.del_sign = 1 LIMIT 1   [ RunTime:0.0000s ]
NOTIC: [8] Undefined index: p D:\phpStudy\PHPTutorial\WWW\shipplatform2\Ship\Admin\Controller\ShipController.class.php 第 44 行.
SQL: SELECT s.id,s.shipname,s.number,s.cabinnum,f.firmname,s.del_sign FROM ship s left join firm f on f.id=s.firmid  WHERE (  1 ) AND s.del_sign = 1 ORDER BY s.id desc,f.firmname desc LIMIT 0,30   [ RunTime:0.0000s ]
SQL: SHOW COLUMNS FROM `firm` [ RunTime:0.0050s ]
SQL: SELECT `id`,`firmname` FROM `firm`  [ RunTime:0.0000s ]
INFO: [ view_parse ] --START--
INFO: [ template_filter ] --START--
INFO: Run Behavior\ContentReplaceBehavior [ RunTime:0.001000s ]
INFO: [ template_filter ] --END-- [ RunTime:0.001000s ]
INFO: Run Behavior\ParseTemplateBehavior [ RunTime:0.068004s ]
INFO: [ view_parse ] --END-- [ RunTime:0.068004s ]
INFO: [ view_filter ] --START--
INFO: Run Behavior\WriteHtmlCacheBehavior [ RunTime:0.001000s ]
INFO: [ view_filter ] --END-- [ RunTime:0.001000s ]
INFO: [ app_end ] --START--
INFO: Run Behavior\ShowPageTraceBehavior [ RunTime:0.001000s ]
INFO: [ app_end ] --END-- [ RunTime:0.002000s ]

[ 2019-08-30T10:39:23+08:00 ] 127.0.0.1 /admin.php?s=/Ship/edit/id/95
INFO: [ app_init ] --START--
INFO: Run Behavior\BuildLiteBehavior [ RunTime:0.000000s ]
INFO: [ app_init ] --END-- [ RunTime:0.001000s ]
INFO: [ app_begin ] --START--
INFO: Run Behavior\ReadHtmlCacheBehavior [ RunTime:0.001000s ]
INFO: [ app_begin ] --END-- [ RunTime:0.001000s ]
SQL: SHOW COLUMNS FROM `auth_group_access` [ RunTime:0.0050s ]
SQL: SELECT `uid`,`group_id`,`title`,`rules` FROM auth_group_access a INNER JOIN auth_group g on a.group_id=g.id  WHERE ( a.uid='1' and g.status='1' )  [ RunTime:0.0010s ]
SQL: SHOW COLUMNS FROM `auth_rule` [ RunTime:0.0050s ]
SQL: SELECT `condition`,`name` FROM `auth_rule` WHERE `id` IN ('1','7','8','9','10','24','17','18','19','20','21','22','25','26','27','28','29','30','31','81','32','34','33','35','36','37','38','93','94','95','39','40','41','42','43','44','45','82','46','47','48','49','80','90','91','92','50','51','52','53','54','55','56','57','58','59','60','61','62','63','64','65','66','67','68','69','70','71','72','73','87','88','89','74','75','76','77','78','79','96','97','98','99','100') AND `type` = 1 AND `status` = 1  [ RunTime:0.0010s ]
SQL: SHOW COLUMNS FROM `admin` [ RunTime:0.0050s ]
SQL: SELECT a.name,a.id,g.group_id FROM admin a left join auth_group_access as g on a.id=g.uid  WHERE a.id = '1' LIMIT 1   [ RunTime:0.0000s ]
SQL: SHOW COLUMNS FROM `ship_review` [ RunTime:0.0050s ]
SQL: SHOW COLUMNS FROM `sh_review` [ RunTime:0.0060s ]
SQL: SHOW COLUMNS FROM `ship` [ RunTime:0.0050s ]
SQL: SHOW COLUMNS FROM `sh_ship` [ RunTime:0.0070s ]
SQL: SHOW COLUMNS FROM `result` [ RunTime:0.0060s ]
SQL: SHOW COLUMNS FROM `sh_result` [ RunTime:0.0050s ]
SQL: SELECT COUNT(*) AS tp_count FROM `ship_review` WHERE ( status=1 AND ((data_status = 1 and picture=2) or (data_status=2 AND picture=2 and cabin_picture=2) or (data_status=3 AND cabin_picture=2)) ) LIMIT 1   [ RunTime:0.0000s ]
SQL: SELECT COUNT(*) AS tp_count FROM `sh_review` WHERE ( status=1 AND picture=2 ) LIMIT 1   [ RunTime:0.0000s ]
SQL: SELECT `shipid` FROM `result` WHERE `shipid` in (( SELECT `id` FROM `ship` WHERE `review` = 2  )) GROUP BY shipid HAVING count(1)<2  [ RunTime:0.0010s ]
SQL: SELECT `shipid` FROM `sh_result` WHERE `shipid` in (( SELECT `id` FROM `sh_ship` WHERE `review` = 1  )) GROUP BY shipid HAVING count(1)<2  [ RunTime:0.0000s ]
SQL: SHOW COLUMNS FROM `ship` [ RunTime:0.0070s ]
SQL: SHOW COLUMNS FROM `firm` [ RunTime:0.0050s ]
SQL: SELECT `id`,`firmname` FROM `firm` WHERE `firmtype` = '2' ORDER BY id asc  [ RunTime:0.0000s ]
SQL: SELECT * FROM `ship` WHERE `id` = 95 LIMIT 1   [ RunTime:0.0010s ]
NOTIC: [2] array_values() expects parameter 1 to be array, null given D:\phpStudy\PHPTutorial\WWW\shipplatform2\Ship\Admin\Controller\ShipController.class.php 第 336 行.
INFO: [ view_parse ] --START--
INFO: [ template_filter ] --START--
INFO: Run Behavior\ContentReplaceBehavior [ RunTime:0.001000s ]
INFO: [ template_filter ] --END-- [ RunTime:0.001000s ]
NOTIC: [8] Undefined offset: 7 D:\phpStudy\PHPTutorial\WWW\shipplatform2\Runtime\Cache\Admin\fbdb7ace679c60c9f4c73a6695f5c1d8.php 第 586 行.
NOTIC: [8] Undefined offset: 8 D:\phpStudy\PHPTutorial\WWW\shipplatform2\Runtime\Cache\Admin\fbdb7ace679c60c9f4c73a6695f5c1d8.php 第 586 行.
NOTIC: [8] Undefined offset: 9 D:\phpStudy\PHPTutorial\WWW\shipplatform2\Runtime\Cache\Admin\fbdb7ace679c60c9f4c73a6695f5c1d8.php 第 586 行.
NOTIC: [8] Undefined offset: 10 D:\phpStudy\PHPTutorial\WWW\shipplatform2\Runtime\Cache\Admin\fbdb7ace679c60c9f4c73a6695f5c1d8.php 第 586 行.
NOTIC: [8] Undefined offset: 11 D:\phpStudy\PHPTutorial\WWW\shipplatform2\Runtime\Cache\Admin\fbdb7ace679c60c9f4c73a6695f5c1d8.php 第 586 行.
NOTIC: [8] Undefined offset: 12 D:\phpStudy\PHPTutorial\WWW\shipplatform2\Runtime\Cache\Admin\fbdb7ace679c60c9f4c73a6695f5c1d8.php 第 586 行.
NOTIC: [8] Undefined offset: 13 D:\phpStudy\PHPTutorial\WWW\shipplatform2\Runtime\Cache\Admin\fbdb7ace679c60c9f4c73a6695f5c1d8.php 第 586 行.
INFO: Run Behavior\ParseTemplateBehavior [ RunTime:0.099006s ]
INFO: [ view_parse ] --END-- [ RunTime:0.099006s ]
INFO: [ view_filter ] --START--
INFO: Run Behavior\WriteHtmlCacheBehavior [ RunTime:0.001000s ]
INFO: [ view_filter ] --END-- [ RunTime:0.001000s ]
INFO: [ app_end ] --START--
INFO: Run Behavior\ShowPageTraceBehavior [ RunTime:0.001000s ]
INFO: [ app_end ] --END-- [ RunTime:0.001000s ]

[ 2019-08-30T10:39:34+08:00 ] 127.0.0.1 /admin.php?s=/Ship/edit/id/96
INFO: [ app_init ] --START--
INFO: Run Behavior\BuildLiteBehavior [ RunTime:0.000000s ]
INFO: [ app_init ] --END-- [ RunTime:0.001000s ]
INFO: [ app_begin ] --START--
INFO: Run Behavior\ReadHtmlCacheBehavior [ RunTime:0.001000s ]
INFO: [ app_begin ] --END-- [ RunTime:0.001000s ]
SQL: SHOW COLUMNS FROM `auth_group_access` [ RunTime:0.0050s ]
SQL: SELECT `uid`,`group_id`,`title`,`rules` FROM auth_group_access a INNER JOIN auth_group g on a.group_id=g.id  WHERE ( a.uid='1' and g.status='1' )  [ RunTime:0.0000s ]
SQL: SHOW COLUMNS FROM `auth_rule` [ RunTime:0.0040s ]
SQL: SELECT `condition`,`name` FROM `auth_rule` WHERE `id` IN ('1','7','8','9','10','24','17','18','19','20','21','22','25','26','27','28','29','30','31','81','32','34','33','35','36','37','38','93','94','95','39','40','41','42','43','44','45','82','46','47','48','49','80','90','91','92','50','51','52','53','54','55','56','57','58','59','60','61','62','63','64','65','66','67','68','69','70','71','72','73','87','88','89','74','75','76','77','78','79','96','97','98','99','100') AND `type` = 1 AND `status` = 1  [ RunTime:0.0000s ]
SQL: SHOW COLUMNS FROM `admin` [ RunTime:0.0050s ]
SQL: SELECT a.name,a.id,g.group_id FROM admin a left join auth_group_access as g on a.id=g.uid  WHERE a.id = '1' LIMIT 1   [ RunTime:0.0000s ]
SQL: SHOW COLUMNS FROM `ship_review` [ RunTime:0.0050s ]
SQL: SHOW COLUMNS FROM `sh_review` [ RunTime:0.0050s ]
SQL: SHOW COLUMNS FROM `ship` [ RunTime:0.0050s ]
SQL: SHOW COLUMNS FROM `sh_ship` [ RunTime:0.0040s ]
SQL: SHOW COLUMNS FROM `result` [ RunTime:0.0060s ]
SQL: SHOW COLUMNS FROM `sh_result` [ RunTime:0.0050s ]
SQL: SELECT COUNT(*) AS tp_count FROM `ship_review` WHERE ( status=1 AND ((data_status = 1 and picture=2) or (data_status=2 AND picture=2 and cabin_picture=2) or (data_status=3 AND cabin_picture=2)) ) LIMIT 1   [ RunTime:0.0000s ]
SQL: SELECT COUNT(*) AS tp_count FROM `sh_review` WHERE ( status=1 AND picture=2 ) LIMIT 1   [ RunTime:0.0000s ]
SQL: SELECT `shipid` FROM `result` WHERE `shipid` in (( SELECT `id` FROM `ship` WHERE `review` = 2  )) GROUP BY shipid HAVING count(1)<2  [ RunTime:0.0010s ]
SQL: SELECT `shipid` FROM `sh_result` WHERE `shipid` in (( SELECT `id` FROM `sh_ship` WHERE `review` = 1  )) GROUP BY shipid HAVING count(1)<2  [ RunTime:0.0000s ]
SQL: SHOW COLUMNS FROM `ship` [ RunTime:0.0060s ]
SQL: SHOW COLUMNS FROM `firm` [ RunTime:0.0050s ]
SQL: SELECT `id`,`firmname` FROM `firm` WHERE `firmtype` = '2' ORDER BY id asc  [ RunTime:0.0000s ]
SQL: SELECT * FROM `ship` WHERE `id` = 96 LIMIT 1   [ RunTime:0.0000s ]
INFO: [ view_parse ] --START--
INFO: [ template_filter ] --START--
INFO: Run Behavior\ContentReplaceBehavior [ RunTime:0.001000s ]
INFO: [ template_filter ] --END-- [ RunTime:0.001000s ]
NOTIC: [8] Undefined offset: 5 D:\phpStudy\PHPTutorial\WWW\shipplatform2\Runtime\Cache\Admin\fbdb7ace679c60c9f4c73a6695f5c1d8.php 第 586 行.
NOTIC: [8] Undefined offset: 6 D:\phpStudy\PHPTutorial\WWW\shipplatform2\Runtime\Cache\Admin\fbdb7ace679c60c9f4c73a6695f5c1d8.php 第 586 行.
NOTIC: [8] Undefined offset: 7 D:\phpStudy\PHPTutorial\WWW\shipplatform2\Runtime\Cache\Admin\fbdb7ace679c60c9f4c73a6695f5c1d8.php 第 586 行.
NOTIC: [8] Undefined offset: 8 D:\phpStudy\PHPTutorial\WWW\shipplatform2\Runtime\Cache\Admin\fbdb7ace679c60c9f4c73a6695f5c1d8.php 第 586 行.
NOTIC: [8] Undefined offset: 9 D:\phpStudy\PHPTutorial\WWW\shipplatform2\Runtime\Cache\Admin\fbdb7ace679c60c9f4c73a6695f5c1d8.php 第 586 行.
NOTIC: [8] Undefined offset: 10 D:\phpStudy\PHPTutorial\WWW\shipplatform2\Runtime\Cache\Admin\fbdb7ace679c60c9f4c73a6695f5c1d8.php 第 586 行.
NOTIC: [8] Undefined offset: 11 D:\phpStudy\PHPTutorial\WWW\shipplatform2\Runtime\Cache\Admin\fbdb7ace679c60c9f4c73a6695f5c1d8.php 第 586 行.
NOTIC: [8] Undefined offset: 12 D:\phpStudy\PHPTutorial\WWW\shipplatform2\Runtime\Cache\Admin\fbdb7ace679c60c9f4c73a6695f5c1d8.php 第 586 行.
NOTIC: [8] Undefined offset: 13 D:\phpStudy\PHPTutorial\WWW\shipplatform2\Runtime\Cache\Admin\fbdb7ace679c60c9f4c73a6695f5c1d8.php 第 586 行.
NOTIC: [8] Undefined offset: 5 D:\phpStudy\PHPTutorial\WWW\shipplatform2\Runtime\Cache\Admin\fbdb7ace679c60c9f4c73a6695f5c1d8.php 第 592 行.
NOTIC: [8] Undefined offset: 6 D:\phpStudy\PHPTutorial\WWW\shipplatform2\Runtime\Cache\Admin\fbdb7ace679c60c9f4c73a6695f5c1d8.php 第 592 行.
NOTIC: [8] Undefined offset: 7 D:\phpStudy\PHPTutorial\WWW\shipplatform2\Runtime\Cache\Admin\fbdb7ace679c60c9f4c73a6695f5c1d8.php 第 592 行.
NOTIC: [8] Undefined offset: 8 D:\phpStudy\PHPTutorial\WWW\shipplatform2\Runtime\Cache\Admin\fbdb7ace679c60c9f4c73a6695f5c1d8.php 第 592 行.
NOTIC: [8] Undefined offset: 9 D:\phpStudy\PHPTutorial\WWW\shipplatform2\Runtime\Cache\Admin\fbdb7ace679c60c9f4c73a6695f5c1d8.php 第 592 行.
NOTIC: [8] Undefined offset: 10 D:\phpStudy\PHPTutorial\WWW\shipplatform2\Runtime\Cache\Admin\fbdb7ace679c60c9f4c73a6695f5c1d8.php 第 592 行.
NOTIC: [8] Undefined offset: 11 D:\phpStudy\PHPTutorial\WWW\shipplatform2\Runtime\Cache\Admin\fbdb7ace679c60c9f4c73a6695f5c1d8.php 第 592 行.
NOTIC: [8] Undefined offset: 12 D:\phpStudy\PHPTutorial\WWW\shipplatform2\Runtime\Cache\Admin\fbdb7ace679c60c9f4c73a6695f5c1d8.php 第 592 行.
NOTIC: [8] Undefined offset: 13 D:\phpStudy\PHPTutorial\WWW\shipplatform2\Runtime\Cache\Admin\fbdb7ace679c60c9f4c73a6695f5c1d8.php 第 592 行.
INFO: Run Behavior\ParseTemplateBehavior [ RunTime:0.046003s ]
INFO: [ view_parse ] --END-- [ RunTime:0.046003s ]
INFO: [ view_filter ] --START--
INFO: Run Behavior\WriteHtmlCacheBehavior [ RunTime:0.001000s ]
INFO: [ view_filter ] --END-- [ RunTime:0.001000s ]
INFO: [ app_end ] --START--
INFO: Run Behavior\ShowPageTraceBehavior [ RunTime:0.001000s ]
INFO: [ app_end ] --END-- [ RunTime:0.001000s ]

[ 2019-08-30T10:43:37+08:00 ] 127.0.0.1 /admin.php?s=/Ship/edit/id/90
INFO: [ app_init ] --START--
INFO: Run Behavior\BuildLiteBehavior [ RunTime:0.000000s ]
INFO: [ app_init ] --END-- [ RunTime:0.000000s ]
INFO: [ app_begin ] --START--
INFO: Run Behavior\ReadHtmlCacheBehavior [ RunTime:0.001000s ]
INFO: [ app_begin ] --END-- [ RunTime:0.002000s ]
SQL: SHOW COLUMNS FROM `auth_group_access` [ RunTime:0.0050s ]
SQL: SELECT `uid`,`group_id`,`title`,`rules` FROM auth_group_access a INNER JOIN auth_group g on a.group_id=g.id  WHERE ( a.uid='1' and g.status='1' )  [ RunTime:0.0000s ]
SQL: SHOW COLUMNS FROM `auth_rule` [ RunTime:0.0040s ]
SQL: SELECT `condition`,`name` FROM `auth_rule` WHERE `id` IN ('1','7','8','9','10','24','17','18','19','20','21','22','25','26','27','28','29','30','31','81','32','34','33','35','36','37','38','93','94','95','39','40','41','42','43','44','45','82','46','47','48','49','80','90','91','92','50','51','52','53','54','55','56','57','58','59','60','61','62','63','64','65','66','67','68','69','70','71','72','73','87','88','89','74','75','76','77','78','79','96','97','98','99','100') AND `type` = 1 AND `status` = 1  [ RunTime:0.0000s ]
SQL: SHOW COLUMNS FROM `admin` [ RunTime:0.0040s ]
SQL: SELECT a.name,a.id,g.group_id FROM admin a left join auth_group_access as g on a.id=g.uid  WHERE a.id = '1' LIMIT 1   [ RunTime:0.0000s ]
SQL: SHOW COLUMNS FROM `ship_review` [ RunTime:0.0050s ]
SQL: SHOW COLUMNS FROM `sh_review` [ RunTime:0.0050s ]
SQL: SHOW COLUMNS FROM `ship` [ RunTime:0.0050s ]
SQL: SHOW COLUMNS FROM `sh_ship` [ RunTime:0.0050s ]
SQL: SHOW COLUMNS FROM `result` [ RunTime:0.0060s ]
SQL: SHOW COLUMNS FROM `sh_result` [ RunTime:0.0050s ]
SQL: SELECT COUNT(*) AS tp_count FROM `ship_review` WHERE ( status=1 AND ((data_status = 1 and picture=2) or (data_status=2 AND picture=2 and cabin_picture=2) or (data_status=3 AND cabin_picture=2)) ) LIMIT 1   [ RunTime:0.0010s ]
SQL: SELECT COUNT(*) AS tp_count FROM `sh_review` WHERE ( status=1 AND picture=2 ) LIMIT 1   [ RunTime:0.0010s ]
SQL: SELECT `shipid` FROM `result` WHERE `shipid` in (( SELECT `id` FROM `ship` WHERE `review` = 2  )) GROUP BY shipid HAVING count(1)<2  [ RunTime:0.0010s ]
SQL: SELECT `shipid` FROM `sh_result` WHERE `shipid` in (( SELECT `id` FROM `sh_ship` WHERE `review` = 1  )) GROUP BY shipid HAVING count(1)<2  [ RunTime:0.0000s ]
SQL: SHOW COLUMNS FROM `ship` [ RunTime:0.0050s ]
SQL: SHOW COLUMNS FROM `firm` [ RunTime:0.0050s ]
SQL: SELECT `id`,`firmname` FROM `firm` WHERE `firmtype` = '2' ORDER BY id asc  [ RunTime:0.0000s ]
SQL: SELECT * FROM `ship` WHERE `id` = 90 LIMIT 1   [ RunTime:0.0000s ]
INFO: [ view_parse ] --START--
INFO: [ template_filter ] --START--
INFO: Run Behavior\ContentReplaceBehavior [ RunTime:0.001000s ]
INFO: [ template_filter ] --END-- [ RunTime:0.001000s ]
NOTIC: [8] Undefined offset: 7 D:\phpStudy\PHPTutorial\WWW\shipplatform2\Runtime\Cache\Admin\fbdb7ace679c60c9f4c73a6695f5c1d8.php 第 586 行.
NOTIC: [8] Undefined offset: 8 D:\phpStudy\PHPTutorial\WWW\shipplatform2\Runtime\Cache\Admin\fbdb7ace679c60c9f4c73a6695f5c1d8.php 第 586 行.
NOTIC: [8] Undefined offset: 9 D:\phpStudy\PHPTutorial\WWW\shipplatform2\Runtime\Cache\Admin\fbdb7ace679c60c9f4c73a6695f5c1d8.php 第 586 行.
NOTIC: [8] Undefined offset: 10 D:\phpStudy\PHPTutorial\WWW\shipplatform2\Runtime\Cache\Admin\fbdb7ace679c60c9f4c73a6695f5c1d8.php 第 586 行.
NOTIC: [8] Undefined offset: 11 D:\phpStudy\PHPTutorial\WWW\shipplatform2\Runtime\Cache\Admin\fbdb7ace679c60c9f4c73a6695f5c1d8.php 第 586 行.
NOTIC: [8] Undefined offset: 12 D:\phpStudy\PHPTutorial\WWW\shipplatform2\Runtime\Cache\Admin\fbdb7ace679c60c9f4c73a6695f5c1d8.php 第 586 行.
NOTIC: [8] Undefined offset: 13 D:\phpStudy\PHPTutorial\WWW\shipplatform2\Runtime\Cache\Admin\fbdb7ace679c60c9f4c73a6695f5c1d8.php 第 586 行.
INFO: Run Behavior\ParseTemplateBehavior [ RunTime:0.044002s ]
INFO: [ view_parse ] --END-- [ RunTime:0.045003s ]
INFO: [ view_filter ] --START--
INFO: Run Behavior\WriteHtmlCacheBehavior [ RunTime:0.001000s ]
INFO: [ view_filter ] --END-- [ RunTime:0.001000s ]
INFO: [ app_end ] --START--
INFO: Run Behavior\ShowPageTraceBehavior [ RunTime:0.001000s ]
INFO: [ app_end ] --END-- [ RunTime:0.002000s ]

[ 2019-08-30T10:44:00+08:00 ] 127.0.0.1 /admin.php?s=/Ship/edit/id/90
INFO: [ app_init ] --START--
INFO: Run Behavior\BuildLiteBehavior [ RunTime:0.000000s ]
INFO: [ app_init ] --END-- [ RunTime:0.001000s ]
INFO: [ app_begin ] --START--
INFO: Run Behavior\ReadHtmlCacheBehavior [ RunTime:0.001001s ]
INFO: [ app_begin ] --END-- [ RunTime:0.001001s ]
SQL: SHOW COLUMNS FROM `auth_group_access` [ RunTime:0.0070s ]
SQL: SELECT `uid`,`group_id`,`title`,`rules` FROM auth_group_access a INNER JOIN auth_group g on a.group_id=g.id  WHERE ( a.uid='1' and g.status='1' )  [ RunTime:0.0010s ]
SQL: SHOW COLUMNS FROM `auth_rule` [ RunTime:0.0050s ]
SQL: SELECT `condition`,`name` FROM `auth_rule` WHERE `id` IN ('1','7','8','9','10','24','17','18','19','20','21','22','25','26','27','28','29','30','31','81','32','34','33','35','36','37','38','93','94','95','39','40','41','42','43','44','45','82','46','47','48','49','80','90','91','92','50','51','52','53','54','55','56','57','58','59','60','61','62','63','64','65','66','67','68','69','70','71','72','73','87','88','89','74','75','76','77','78','79','96','97','98','99','100') AND `type` = 1 AND `status` = 1  [ RunTime:0.0010s ]
SQL: SHOW COLUMNS FROM `admin` [ RunTime:0.0160s ]
SQL: SELECT a.name,a.id,g.group_id FROM admin a left join auth_group_access as g on a.id=g.uid  WHERE a.id = '1' LIMIT 1   [ RunTime:0.0010s ]
SQL: SHOW COLUMNS FROM `ship_review` [ RunTime:0.0060s ]
SQL: SHOW COLUMNS FROM `sh_review` [ RunTime:0.0080s ]
SQL: SHOW COLUMNS FROM `ship` [ RunTime:0.0100s ]
SQL: SHOW COLUMNS FROM `sh_ship` [ RunTime:0.0070s ]
SQL: SHOW COLUMNS FROM `result` [ RunTime:0.0070s ]
SQL: SHOW COLUMNS FROM `sh_result` [ RunTime:0.0120s ]
SQL: SELECT COUNT(*) AS tp_count FROM `ship_review` WHERE ( status=1 AND ((data_status = 1 and picture=2) or (data_status=2 AND picture=2 and cabin_picture=2) or (data_status=3 AND cabin_picture=2)) ) LIMIT 1   [ RunTime:0.0010s ]
SQL: SELECT COUNT(*) AS tp_count FROM `sh_review` WHERE ( status=1 AND picture=2 ) LIMIT 1   [ RunTime:0.0000s ]
SQL: SELECT `shipid` FROM `result` WHERE `shipid` in (( SELECT `id` FROM `ship` WHERE `review` = 2  )) GROUP BY shipid HAVING count(1)<2  [ RunTime:0.0020s ]
SQL: SELECT `shipid` FROM `sh_result` WHERE `shipid` in (( SELECT `id` FROM `sh_ship` WHERE `review` = 1  )) GROUP BY shipid HAVING count(1)<2  [ RunTime:0.0010s ]
SQL: SHOW COLUMNS FROM `ship` [ RunTime:0.0080s ]
SQL: SHOW COLUMNS FROM `firm` [ RunTime:0.0060s ]
SQL: SELECT `id`,`firmname` FROM `firm` WHERE `firmtype` = '2' ORDER BY id asc  [ RunTime:0.0000s ]
SQL: SELECT * FROM `ship` WHERE `id` = 90 LIMIT 1   [ RunTime:0.0000s ]
INFO: [ view_parse ] --START--
INFO: [ template_filter ] --START--
INFO: Run Behavior\ContentReplaceBehavior [ RunTime:0.000000s ]
INFO: [ template_filter ] --END-- [ RunTime:0.001000s ]
NOTIC: [8] Undefined offset: 7 D:\phpStudy\PHPTutorial\WWW\shipplatform2\Runtime\Cache\Admin\fbdb7ace679c60c9f4c73a6695f5c1d8.php 第 586 行.
NOTIC: [8] Undefined offset: 8 D:\phpStudy\PHPTutorial\WWW\shipplatform2\Runtime\Cache\Admin\fbdb7ace679c60c9f4c73a6695f5c1d8.php 第 586 行.
NOTIC: [8] Undefined offset: 9 D:\phpStudy\PHPTutorial\WWW\shipplatform2\Runtime\Cache\Admin\fbdb7ace679c60c9f4c73a6695f5c1d8.php 第 586 行.
NOTIC: [8] Undefined offset: 10 D:\phpStudy\PHPTutorial\WWW\shipplatform2\Runtime\Cache\Admin\fbdb7ace679c60c9f4c73a6695f5c1d8.php 第 586 行.
NOTIC: [8] Undefined offset: 11 D:\phpStudy\PHPTutorial\WWW\shipplatform2\Runtime\Cache\Admin\fbdb7ace679c60c9f4c73a6695f5c1d8.php 第 586 行.
NOTIC: [8] Undefined offset: 12 D:\phpStudy\PHPTutorial\WWW\shipplatform2\Runtime\Cache\Admin\fbdb7ace679c60c9f4c73a6695f5c1d8.php 第 586 行.
NOTIC: [8] Undefined offset: 13 D:\phpStudy\PHPTutorial\WWW\shipplatform2\Runtime\Cache\Admin\fbdb7ace679c60c9f4c73a6695f5c1d8.php 第 586 行.
INFO: Run Behavior\ParseTemplateBehavior [ RunTime:0.046003s ]
INFO: [ view_parse ] --END-- [ RunTime:0.046003s ]
INFO: [ view_filter ] --START--
INFO: Run Behavior\WriteHtmlCacheBehavior [ RunTime:0.001000s ]
INFO: [ view_filter ] --END-- [ RunTime:0.001000s ]
INFO: [ app_end ] --START--
INFO: Run Behavior\ShowPageTraceBehavior [ RunTime:0.001000s ]
INFO: [ app_end ] --END-- [ RunTime:0.001000s ]

