[ 2019-06-26T09:31:02+08:00 ] 127.0.0.1 /admin.php
INFO: [ app_init ] --START--
INFO: Run Behavior\BuildLiteBehavior [ RunTime:0.000000s ]
INFO: [ app_init ] --END-- [ RunTime:0.001000s ]
INFO: [ app_begin ] --START--
INFO: Run Behavior\ReadHtmlCacheBehavior [ RunTime:0.001000s ]
INFO: [ app_begin ] --END-- [ RunTime:0.001000s ]
INFO: [ view_parse ] --START--
INFO: [ template_filter ] --START--
INFO: Run Behavior\ContentReplaceBehavior [ RunTime:0.000000s ]
INFO: [ template_filter ] --END-- [ RunTime:0.000000s ]
INFO: Run Behavior\ParseTemplateBehavior [ RunTime:0.023002s ]
INFO: [ view_parse ] --END-- [ RunTime:0.023002s ]
INFO: [ view_filter ] --START--
INFO: Run Behavior\WriteHtmlCacheBehavior [ RunTime:0.001000s ]
INFO: [ view_filter ] --END-- [ RunTime:0.001000s ]

[ 2019-06-26T09:31:04+08:00 ] 127.0.0.1 /admin.php?s=/Login/login
INFO: [ app_init ] --START--
INFO: Run Behavior\BuildLiteBehavior [ RunTime:0.000000s ]
INFO: [ app_init ] --END-- [ RunTime:0.000000s ]
INFO: [ app_begin ] --START--
INFO: Run Behavior\ReadHtmlCacheBehavior [ RunTime:0.000000s ]
INFO: [ app_begin ] --END-- [ RunTime:0.001000s ]
INFO: [ view_parse ] --START--
INFO: [ template_filter ] --START--
INFO: Run Behavior\ContentReplaceBehavior [ RunTime:0.000000s ]
INFO: [ template_filter ] --END-- [ RunTime:0.000000s ]
INFO: Run Behavior\ParseTemplateBehavior [ RunTime:0.021001s ]
INFO: [ view_parse ] --END-- [ RunTime:0.021001s ]
INFO: [ view_filter ] --START--
INFO: Run Behavior\WriteHtmlCacheBehavior [ RunTime:0.000000s ]
INFO: [ view_filter ] --END-- [ RunTime:0.002000s ]
INFO: [ app_end ] --START--
INFO: Run Behavior\ShowPageTraceBehavior [ RunTime:0.001000s ]
INFO: [ app_end ] --END-- [ RunTime:0.002000s ]

[ 2019-06-26T09:31:04+08:00 ] 127.0.0.1 /admin.php?s=/Login/show_verify
INFO: [ app_init ] --START--
INFO: Run Behavior\BuildLiteBehavior [ RunTime:0.000000s ]
INFO: [ app_init ] --END-- [ RunTime:0.001000s ]
INFO: [ app_begin ] --START--
INFO: Run Behavior\ReadHtmlCacheBehavior [ RunTime:0.000000s ]
INFO: [ app_begin ] --END-- [ RunTime:0.002000s ]
INFO: [ app_end ] --START--
INFO: Run Behavior\ShowPageTraceBehavior [ RunTime:0.002000s ]
INFO: [ app_end ] --END-- [ RunTime:0.002000s ]

[ 2019-06-26T09:31:12+08:00 ] 127.0.0.1 /admin.php?s=/Login/login
INFO: [ app_init ] --START--
INFO: Run Behavior\BuildLiteBehavior [ RunTime:0.000000s ]
INFO: [ app_init ] --END-- [ RunTime:0.000000s ]
INFO: [ app_begin ] --START--
INFO: Run Behavior\ReadHtmlCacheBehavior [ RunTime:0.001000s ]
INFO: [ app_begin ] --END-- [ RunTime:0.001000s ]
SQL: SHOW COLUMNS FROM `admin` [ RunTime:0.0070s ]
SQL: SELECT `id`,`status` FROM `admin` WHERE `title` = 'admin' AND `pwd` = 'efc54d7173925bd1c25f053511c18cb8' LIMIT 1   [ RunTime:0.0010s ]
INFO: [ view_parse ] --START--
INFO: [ template_filter ] --START--
INFO: Run Behavior\ContentReplaceBehavior [ RunTime:0.000000s ]
INFO: [ template_filter ] --END-- [ RunTime:0.000000s ]
INFO: Run Behavior\ParseTemplateBehavior [ RunTime:0.018001s ]
INFO: [ view_parse ] --END-- [ RunTime:0.020001s ]
INFO: [ view_filter ] --START--
INFO: Run Behavior\WriteHtmlCacheBehavior [ RunTime:0.001000s ]
INFO: [ view_filter ] --END-- [ RunTime:0.001000s ]
INFO: [ app_end ] --START--
INFO: Run Behavior\ShowPageTraceBehavior [ RunTime:0.001000s ]
INFO: [ app_end ] --END-- [ RunTime:0.002000s ]

[ 2019-06-26T09:31:13+08:00 ] 127.0.0.1 /admin.php?s=/Index/index
INFO: [ app_init ] --START--
INFO: Run Behavior\BuildLiteBehavior [ RunTime:0.001001s ]
INFO: [ app_init ] --END-- [ RunTime:0.001001s ]
INFO: [ app_begin ] --START--
INFO: Run Behavior\ReadHtmlCacheBehavior [ RunTime:0.002000s ]
INFO: [ app_begin ] --END-- [ RunTime:0.003000s ]
SQL: SHOW COLUMNS FROM `auth_group_access` [ RunTime:0.0060s ]
SQL: SELECT `uid`,`group_id`,`title`,`rules` FROM auth_group_access a INNER JOIN auth_group g on a.group_id=g.id  WHERE ( a.uid='1' and g.status='1' )  [ RunTime:0.0010s ]
SQL: SHOW COLUMNS FROM `auth_rule` [ RunTime:0.0050s ]
SQL: SELECT `condition`,`name` FROM `auth_rule` WHERE `id` IN ('1','7','8','9','10','24','17','18','19','20','21','22','25','26','27','28','29','30','31','81','32','34','33','35','36','37','38','39','40','41','42','43','44','45','82','46','47','48','49','80','50','51','52','53','54','55','56','57','58','59','60','61','62','63','64','65','66','67','68','69','70','71','72','73','74','75','76','77','78','79') AND `type` = 1 AND `status` = 1  [ RunTime:0.0010s ]
SQL: SHOW COLUMNS FROM `admin` [ RunTime:0.0050s ]
SQL: SELECT `name`,`id` FROM `admin` WHERE `id` = 1 LIMIT 1   [ RunTime:0.0000s ]
INFO: [ view_parse ] --START--
INFO: [ template_filter ] --START--
INFO: Run Behavior\ContentReplaceBehavior [ RunTime:0.001000s ]
INFO: [ template_filter ] --END-- [ RunTime:0.001000s ]
INFO: Run Behavior\ParseTemplateBehavior [ RunTime:0.112006s ]
INFO: [ view_parse ] --END-- [ RunTime:0.112006s ]
INFO: [ view_filter ] --START--
INFO: Run Behavior\WriteHtmlCacheBehavior [ RunTime:0.000000s ]
INFO: [ view_filter ] --END-- [ RunTime:0.002000s ]
INFO: [ app_end ] --START--
INFO: Run Behavior\ShowPageTraceBehavior [ RunTime:0.001001s ]
INFO: [ app_end ] --END-- [ RunTime:0.002001s ]

[ 2019-06-26T09:31:14+08:00 ] 127.0.0.1 /admin.php?s=/Index/index
INFO: [ app_init ] --START--
INFO: Run Behavior\BuildLiteBehavior [ RunTime:0.000000s ]
INFO: [ app_init ] --END-- [ RunTime:0.001000s ]
INFO: [ app_begin ] --START--
INFO: Run Behavior\ReadHtmlCacheBehavior [ RunTime:0.001000s ]
INFO: [ app_begin ] --END-- [ RunTime:0.002000s ]
SQL: SHOW COLUMNS FROM `auth_group_access` [ RunTime:0.0050s ]
SQL: SELECT `uid`,`group_id`,`title`,`rules` FROM auth_group_access a INNER JOIN auth_group g on a.group_id=g.id  WHERE ( a.uid='1' and g.status='1' )  [ RunTime:0.0010s ]
SQL: SHOW COLUMNS FROM `auth_rule` [ RunTime:0.0070s ]
SQL: SELECT `condition`,`name` FROM `auth_rule` WHERE `id` IN ('1','7','8','9','10','24','17','18','19','20','21','22','25','26','27','28','29','30','31','81','32','34','33','35','36','37','38','39','40','41','42','43','44','45','82','46','47','48','49','80','50','51','52','53','54','55','56','57','58','59','60','61','62','63','64','65','66','67','68','69','70','71','72','73','74','75','76','77','78','79') AND `type` = 1 AND `status` = 1  [ RunTime:0.0010s ]
SQL: SHOW COLUMNS FROM `admin` [ RunTime:0.0050s ]
SQL: SELECT `name`,`id` FROM `admin` WHERE `id` = 1 LIMIT 1   [ RunTime:0.0000s ]
INFO: [ view_parse ] --START--
INFO: [ template_filter ] --START--
INFO: Run Behavior\ContentReplaceBehavior [ RunTime:0.000000s ]
INFO: [ template_filter ] --END-- [ RunTime:0.001000s ]
INFO: Run Behavior\ParseTemplateBehavior [ RunTime:0.082005s ]
INFO: [ view_parse ] --END-- [ RunTime:0.082005s ]
INFO: [ view_filter ] --START--
INFO: Run Behavior\WriteHtmlCacheBehavior [ RunTime:0.001000s ]
INFO: [ view_filter ] --END-- [ RunTime:0.001000s ]
INFO: [ app_end ] --START--
INFO: Run Behavior\ShowPageTraceBehavior [ RunTime:0.041002s ]
INFO: [ app_end ] --END-- [ RunTime:0.041002s ]

[ 2019-06-26T09:31:16+08:00 ] 127.0.0.1 /admin.php?s=/Search/index
INFO: [ app_init ] --START--
INFO: Run Behavior\BuildLiteBehavior [ RunTime:0.000000s ]
INFO: [ app_init ] --END-- [ RunTime:0.002000s ]
INFO: [ app_begin ] --START--
INFO: Run Behavior\ReadHtmlCacheBehavior [ RunTime:0.001001s ]
INFO: [ app_begin ] --END-- [ RunTime:0.002001s ]
SQL: SHOW COLUMNS FROM `auth_group_access` [ RunTime:0.0050s ]
SQL: SELECT `uid`,`group_id`,`title`,`rules` FROM auth_group_access a INNER JOIN auth_group g on a.group_id=g.id  WHERE ( a.uid='1' and g.status='1' )  [ RunTime:0.0010s ]
SQL: SHOW COLUMNS FROM `auth_rule` [ RunTime:0.0050s ]
SQL: SELECT `condition`,`name` FROM `auth_rule` WHERE `id` IN ('1','7','8','9','10','24','17','18','19','20','21','22','25','26','27','28','29','30','31','81','32','34','33','35','36','37','38','39','40','41','42','43','44','45','82','46','47','48','49','80','50','51','52','53','54','55','56','57','58','59','60','61','62','63','64','65','66','67','68','69','70','71','72','73','74','75','76','77','78','79') AND `type` = 1 AND `status` = 1  [ RunTime:0.0010s ]
SQL: SHOW COLUMNS FROM `admin` [ RunTime:0.0050s ]
SQL: SELECT `name`,`id` FROM `admin` WHERE `id` = 1 LIMIT 1   [ RunTime:0.0010s ]
SQL: SHOW COLUMNS FROM `result` [ RunTime:0.0060s ]
SQL: SHOW COLUMNS FROM `ship` [ RunTime:0.0050s ]
SQL: SELECT COUNT(*) AS tp_count FROM result r left join ship s on s.id = r.shipid left join consumption c on r.id = c.resultid  WHERE ( 1 ) LIMIT 1   [ RunTime:0.0440s ]
NOTIC: [8] Undefined index: p D:\phpStudy\PHPTutorial\WWW\shipplatform2\Ship\Admin\Controller\SearchController.class.php 第 49 行.
SQL: SELECT r.id,r.personality,r.weight,s.shipname,f.firmname FROM result r left join ship s on s.id = r.shipid left join consumption c on r.id = c.resultid left join firm f on f.id = c.firmid  WHERE ( 1 ) ORDER BY r.id desc LIMIT 0,30   [ RunTime:0.0170s ]
SQL: SELECT `id`,`shipname` FROM `ship` ORDER BY shipname asc  [ RunTime:0.0010s ]
SQL: SHOW COLUMNS FROM `firm` [ RunTime:0.0080s ]
SQL: SELECT `id`,`firmname` FROM `firm` ORDER BY id asc  [ RunTime:0.0010s ]
INFO: [ view_parse ] --START--
INFO: [ template_filter ] --START--
INFO: Run Behavior\ContentReplaceBehavior [ RunTime:0.000000s ]
INFO: [ template_filter ] --END-- [ RunTime:0.001000s ]
NOTIC: [8] Undefined index: locationname D:\phpStudy\PHPTutorial\WWW\shipplatform2\Runtime\Cache\Admin\83a3223de170cb42b16d1a8d13d233e1.php 第 439 行.
NOTIC: [8] Undefined index: goodsname D:\phpStudy\PHPTutorial\WWW\shipplatform2\Runtime\Cache\Admin\83a3223de170cb42b16d1a8d13d233e1.php 第 440 行.
NOTIC: [8] Undefined index: transport D:\phpStudy\PHPTutorial\WWW\shipplatform2\Runtime\Cache\Admin\83a3223de170cb42b16d1a8d13d233e1.php 第 441 行.
NOTIC: [8] Undefined index: locationname D:\phpStudy\PHPTutorial\WWW\shipplatform2\Runtime\Cache\Admin\83a3223de170cb42b16d1a8d13d233e1.php 第 439 行.
NOTIC: [8] Undefined index: goodsname D:\phpStudy\PHPTutorial\WWW\shipplatform2\Runtime\Cache\Admin\83a3223de170cb42b16d1a8d13d233e1.php 第 440 行.
NOTIC: [8] Undefined index: transport D:\phpStudy\PHPTutorial\WWW\shipplatform2\Runtime\Cache\Admin\83a3223de170cb42b16d1a8d13d233e1.php 第 441 行.
NOTIC: [8] Undefined index: locationname D:\phpStudy\PHPTutorial\WWW\shipplatform2\Runtime\Cache\Admin\83a3223de170cb42b16d1a8d13d233e1.php 第 439 行.
NOTIC: [8] Undefined index: goodsname D:\phpStudy\PHPTutorial\WWW\shipplatform2\Runtime\Cache\Admin\83a3223de170cb42b16d1a8d13d233e1.php 第 440 行.
NOTIC: [8] Undefined index: transport D:\phpStudy\PHPTutorial\WWW\shipplatform2\Runtime\Cache\Admin\83a3223de170cb42b16d1a8d13d233e1.php 第 441 行.
NOTIC: [8] Undefined index: locationname D:\phpStudy\PHPTutorial\WWW\shipplatform2\Runtime\Cache\Admin\83a3223de170cb42b16d1a8d13d233e1.php 第 439 行.
NOTIC: [8] Undefined index: goodsname D:\phpStudy\PHPTutorial\WWW\shipplatform2\Runtime\Cache\Admin\83a3223de170cb42b16d1a8d13d233e1.php 第 440 行.
NOTIC: [8] Undefined index: transport D:\phpStudy\PHPTutorial\WWW\shipplatform2\Runtime\Cache\Admin\83a3223de170cb42b16d1a8d13d233e1.php 第 441 行.
NOTIC: [8] Undefined index: locationname D:\phpStudy\PHPTutorial\WWW\shipplatform2\Runtime\Cache\Admin\83a3223de170cb42b16d1a8d13d233e1.php 第 439 行.
NOTIC: [8] Undefined index: goodsname D:\phpStudy\PHPTutorial\WWW\shipplatform2\Runtime\Cache\Admin\83a3223de170cb42b16d1a8d13d233e1.php 第 440 行.
NOTIC: [8] Undefined index: transport D:\phpStudy\PHPTutorial\WWW\shipplatform2\Runtime\Cache\Admin\83a3223de170cb42b16d1a8d13d233e1.php 第 441 行.
NOTIC: [8] Undefined index: locationname D:\phpStudy\PHPTutorial\WWW\shipplatform2\Runtime\Cache\Admin\83a3223de170cb42b16d1a8d13d233e1.php 第 439 行.
NOTIC: [8] Undefined index: goodsname D:\phpStudy\PHPTutorial\WWW\shipplatform2\Runtime\Cache\Admin\83a3223de170cb42b16d1a8d13d233e1.php 第 440 行.
NOTIC: [8] Undefined index: transport D:\phpStudy\PHPTutorial\WWW\shipplatform2\Runtime\Cache\Admin\83a3223de170cb42b16d1a8d13d233e1.php 第 441 行.
NOTIC: [8] Undefined index: locationname D:\phpStudy\PHPTutorial\WWW\shipplatform2\Runtime\Cache\Admin\83a3223de170cb42b16d1a8d13d233e1.php 第 439 行.
NOTIC: [8] Undefined index: goodsname D:\phpStudy\PHPTutorial\WWW\shipplatform2\Runtime\Cache\Admin\83a3223de170cb42b16d1a8d13d233e1.php 第 440 行.
NOTIC: [8] Undefined index: transport D:\phpStudy\PHPTutorial\WWW\shipplatform2\Runtime\Cache\Admin\83a3223de170cb42b16d1a8d13d233e1.php 第 441 行.
NOTIC: [8] Undefined index: locationname D:\phpStudy\PHPTutorial\WWW\shipplatform2\Runtime\Cache\Admin\83a3223de170cb42b16d1a8d13d233e1.php 第 439 行.
NOTIC: [8] Undefined index: goodsname D:\phpStudy\PHPTutorial\WWW\shipplatform2\Runtime\Cache\Admin\83a3223de170cb42b16d1a8d13d233e1.php 第 440 行.
NOTIC: [8] Undefined index: transport D:\phpStudy\PHPTutorial\WWW\shipplatform2\Runtime\Cache\Admin\83a3223de170cb42b16d1a8d13d233e1.php 第 441 行.
NOTIC: [8] Undefined index: locationname D:\phpStudy\PHPTutorial\WWW\shipplatform2\Runtime\Cache\Admin\83a3223de170cb42b16d1a8d13d233e1.php 第 439 行.
NOTIC: [8] Undefined index: goodsname D:\phpStudy\PHPTutorial\WWW\shipplatform2\Runtime\Cache\Admin\83a3223de170cb42b16d1a8d13d233e1.php 第 440 行.
NOTIC: [8] Undefined index: transport D:\phpStudy\PHPTutorial\WWW\shipplatform2\Runtime\Cache\Admin\83a3223de170cb42b16d1a8d13d233e1.php 第 441 行.
NOTIC: [8] Undefined index: locationname D:\phpStudy\PHPTutorial\WWW\shipplatform2\Runtime\Cache\Admin\83a3223de170cb42b16d1a8d13d233e1.php 第 439 行.
NOTIC: [8] Undefined index: goodsname D:\phpStudy\PHPTutorial\WWW\shipplatform2\Runtime\Cache\Admin\83a3223de170cb42b16d1a8d13d233e1.php 第 440 行.
NOTIC: [8] Undefined index: transport D:\phpStudy\PHPTutorial\WWW\shipplatform2\Runtime\Cache\Admin\83a3223de170cb42b16d1a8d13d233e1.php 第 441 行.
NOTIC: [8] Undefined index: locationname D:\phpStudy\PHPTutorial\WWW\shipplatform2\Runtime\Cache\Admin\83a3223de170cb42b16d1a8d13d233e1.php 第 439 行.
NOTIC: [8] Undefined index: goodsname D:\phpStudy\PHPTutorial\WWW\shipplatform2\Runtime\Cache\Admin\83a3223de170cb42b16d1a8d13d233e1.php 第 440 行.
NOTIC: [8] Undefined index: transport D:\phpStudy\PHPTutorial\WWW\shipplatform2\Runtime\Cache\Admin\83a3223de170cb42b16d1a8d13d233e1.php 第 441 行.
NOTIC: [8] Undefined index: locationname D:\phpStudy\PHPTutorial\WWW\shipplatform2\Runtime\Cache\Admin\83a3223de170cb42b16d1a8d13d233e1.php 第 439 行.
NOTIC: [8] Undefined index: goodsname D:\phpStudy\PHPTutorial\WWW\shipplatform2\Runtime\Cache\Admin\83a3223de170cb42b16d1a8d13d233e1.php 第 440 行.
NOTIC: [8] Undefined index: transport D:\phpStudy\PHPTutorial\WWW\shipplatform2\Runtime\Cache\Admin\83a3223de170cb42b16d1a8d13d233e1.php 第 441 行.
NOTIC: [8] Undefined index: locationname D:\phpStudy\PHPTutorial\WWW\shipplatform2\Runtime\Cache\Admin\83a3223de170cb42b16d1a8d13d233e1.php 第 439 行.
NOTIC: [8] Undefined index: goodsname D:\phpStudy\PHPTutorial\WWW\shipplatform2\Runtime\Cache\Admin\83a3223de170cb42b16d1a8d13d233e1.php 第 440 行.
NOTIC: [8] Undefined index: transport D:\phpStudy\PHPTutorial\WWW\shipplatform2\Runtime\Cache\Admin\83a3223de170cb42b16d1a8d13d233e1.php 第 441 行.
NOTIC: [8] Undefined index: locationname D:\phpStudy\PHPTutorial\WWW\shipplatform2\Runtime\Cache\Admin\83a3223de170cb42b16d1a8d13d233e1.php 第 439 行.
NOTIC: [8] Undefined index: goodsname D:\phpStudy\PHPTutorial\WWW\shipplatform2\Runtime\Cache\Admin\83a3223de170cb42b16d1a8d13d233e1.php 第 440 行.
NOTIC: [8] Undefined index: transport D:\phpStudy\PHPTutorial\WWW\shipplatform2\Runtime\Cache\Admin\83a3223de170cb42b16d1a8d13d233e1.php 第 441 行.
NOTIC: [8] Undefined index: locationname D:\phpStudy\PHPTutorial\WWW\shipplatform2\Runtime\Cache\Admin\83a3223de170cb42b16d1a8d13d233e1.php 第 439 行.
NOTIC: [8] Undefined index: goodsname D:\phpStudy\PHPTutorial\WWW\shipplatform2\Runtime\Cache\Admin\83a3223de170cb42b16d1a8d13d233e1.php 第 440 行.
NOTIC: [8] Undefined index: transport D:\phpStudy\PHPTutorial\WWW\shipplatform2\Runtime\Cache\Admin\83a3223de170cb42b16d1a8d13d233e1.php 第 441 行.
NOTIC: [8] Undefined index: locationname D:\phpStudy\PHPTutorial\WWW\shipplatform2\Runtime\Cache\Admin\83a3223de170cb42b16d1a8d13d233e1.php 第 439 行.
NOTIC: [8] Undefined index: goodsname D:\phpStudy\PHPTutorial\WWW\shipplatform2\Runtime\Cache\Admin\83a3223de170cb42b16d1a8d13d233e1.php 第 440 行.
NOTIC: [8] Undefined index: transport D:\phpStudy\PHPTutorial\WWW\shipplatform2\Runtime\Cache\Admin\83a3223de170cb42b16d1a8d13d233e1.php 第 441 行.
NOTIC: [8] Undefined index: locationname D:\phpStudy\PHPTutorial\WWW\shipplatform2\Runtime\Cache\Admin\83a3223de170cb42b16d1a8d13d233e1.php 第 439 行.
NOTIC: [8] Undefined index: goodsname D:\phpStudy\PHPTutorial\WWW\shipplatform2\Runtime\Cache\Admin\83a3223de170cb42b16d1a8d13d233e1.php 第 440 行.
NOTIC: [8] Undefined index: transport D:\phpStudy\PHPTutorial\WWW\shipplatform2\Runtime\Cache\Admin\83a3223de170cb42b16d1a8d13d233e1.php 第 441 行.
NOTIC: [8] Undefined index: locationname D:\phpStudy\PHPTutorial\WWW\shipplatform2\Runtime\Cache\Admin\83a3223de170cb42b16d1a8d13d233e1.php 第 439 行.
NOTIC: [8] Undefined index: goodsname D:\phpStudy\PHPTutorial\WWW\shipplatform2\Runtime\Cache\Admin\83a3223de170cb42b16d1a8d13d233e1.php 第 440 行.
NOTIC: [8] Undefined index: transport D:\phpStudy\PHPTutorial\WWW\shipplatform2\Runtime\Cache\Admin\83a3223de170cb42b16d1a8d13d233e1.php 第 441 行.
INFO: Run Behavior\ParseTemplateBehavior [ RunTime:0.063003s ]
INFO: [ view_parse ] --END-- [ RunTime:0.064004s ]
INFO: [ view_filter ] --START--
INFO: Run Behavior\WriteHtmlCacheBehavior [ RunTime:0.001000s ]
INFO: [ view_filter ] --END-- [ RunTime:0.001000s ]
INFO: [ app_end ] --START--
INFO: Run Behavior\ShowPageTraceBehavior [ RunTime:0.001000s ]
INFO: [ app_end ] --END-- [ RunTime:0.002000s ]

[ 2019-06-26T09:31:19+08:00 ] 127.0.0.1 /admin.php?c=Search&a=index&firmid=&shipname=5005&start=&objective=&locationname=&voyage=
INFO: [ app_init ] --START--
INFO: Run Behavior\BuildLiteBehavior [ RunTime:0.000000s ]
INFO: [ app_init ] --END-- [ RunTime:0.001000s ]
INFO: [ app_begin ] --START--
INFO: Run Behavior\ReadHtmlCacheBehavior [ RunTime:0.001000s ]
INFO: [ app_begin ] --END-- [ RunTime:0.002001s ]
SQL: SHOW COLUMNS FROM `auth_group_access` [ RunTime:0.0050s ]
SQL: SELECT `uid`,`group_id`,`title`,`rules` FROM auth_group_access a INNER JOIN auth_group g on a.group_id=g.id  WHERE ( a.uid='1' and g.status='1' )  [ RunTime:0.0000s ]
SQL: SHOW COLUMNS FROM `auth_rule` [ RunTime:0.0050s ]
SQL: SELECT `condition`,`name` FROM `auth_rule` WHERE `id` IN ('1','7','8','9','10','24','17','18','19','20','21','22','25','26','27','28','29','30','31','81','32','34','33','35','36','37','38','39','40','41','42','43','44','45','82','46','47','48','49','80','50','51','52','53','54','55','56','57','58','59','60','61','62','63','64','65','66','67','68','69','70','71','72','73','74','75','76','77','78','79') AND `type` = 1 AND `status` = 1  [ RunTime:0.0000s ]
SQL: SHOW COLUMNS FROM `admin` [ RunTime:0.0050s ]
SQL: SELECT `name`,`id` FROM `admin` WHERE `id` = 1 LIMIT 1   [ RunTime:0.0000s ]
SQL: SHOW COLUMNS FROM `result` [ RunTime:0.0060s ]
SQL: SHOW COLUMNS FROM `ship` [ RunTime:0.0050s ]
SQL: SELECT `id` FROM `ship` WHERE `shipname` = '5005' LIMIT 1   [ RunTime:0.0000s ]
ERR: 1064:You have an error in your SQL syntax; check the manual that corresponds to your MySQL server version for the right syntax to use near ') LIMIT 1' at line 1
 [ SQL语句 ] : SELECT COUNT(*) AS tp_count FROM result r left join ship s on s.id = r.shipid left join consumption c on r.id = c.resultid  WHERE ( 1 and r.shipid= ) LIMIT 1  
ERR: 1064:You have an error in your SQL syntax; check the manual that corresponds to your MySQL server version for the right syntax to use near ') LIMIT 1' at line 1
 [ SQL语句 ] : SELECT COUNT(*) AS tp_count FROM result r left join ship s on s.id = r.shipid left join consumption c on r.id = c.resultid  WHERE ( 1 and r.shipid= ) LIMIT 1  

[ 2019-06-26T09:39:54+08:00 ] 127.0.0.1 /admin.php?c=Search&a=index&firmid=&shipname=5005&start=&objective=&locationname=&voyage=
INFO: [ app_init ] --START--
INFO: Run Behavior\BuildLiteBehavior [ RunTime:0.000000s ]
INFO: [ app_init ] --END-- [ RunTime:0.000000s ]
INFO: [ app_begin ] --START--
INFO: Run Behavior\ReadHtmlCacheBehavior [ RunTime:0.001000s ]
INFO: [ app_begin ] --END-- [ RunTime:0.002000s ]
SQL: SHOW COLUMNS FROM `auth_group_access` [ RunTime:0.0040s ]
SQL: SELECT `uid`,`group_id`,`title`,`rules` FROM auth_group_access a INNER JOIN auth_group g on a.group_id=g.id  WHERE ( a.uid='1' and g.status='1' )  [ RunTime:0.0010s ]
SQL: SHOW COLUMNS FROM `auth_rule` [ RunTime:0.0050s ]
SQL: SELECT `condition`,`name` FROM `auth_rule` WHERE `id` IN ('1','7','8','9','10','24','17','18','19','20','21','22','25','26','27','28','29','30','31','81','32','34','33','35','36','37','38','39','40','41','42','43','44','45','82','46','47','48','49','80','50','51','52','53','54','55','56','57','58','59','60','61','62','63','64','65','66','67','68','69','70','71','72','73','74','75','76','77','78','79') AND `type` = 1 AND `status` = 1  [ RunTime:0.0010s ]
SQL: SHOW COLUMNS FROM `admin` [ RunTime:0.0060s ]
SQL: SELECT `name`,`id` FROM `admin` WHERE `id` = 1 LIMIT 1   [ RunTime:0.0000s ]
SQL: SHOW COLUMNS FROM `result` [ RunTime:0.0060s ]
SQL: SHOW COLUMNS FROM `ship` [ RunTime:0.0060s ]
ERR: 1064:You have an error in your SQL syntax; check the manual that corresponds to your MySQL server version for the right syntax to use near '%5005% ) LIMIT 1' at line 1
 [ SQL语句 ] : SELECT `id` FROM `ship` WHERE ( %5005% ) LIMIT 1  
ERR: 1064:You have an error in your SQL syntax; check the manual that corresponds to your MySQL server version for the right syntax to use near '%5005% ) LIMIT 1' at line 1
 [ SQL语句 ] : SELECT `id` FROM `ship` WHERE ( %5005% ) LIMIT 1  

[ 2019-06-26T09:40:16+08:00 ] 127.0.0.1 /admin.php?c=Search&a=index&firmid=&shipname=5005&start=&objective=&locationname=&voyage=
INFO: [ app_init ] --START--
INFO: Run Behavior\BuildLiteBehavior [ RunTime:0.000000s ]
INFO: [ app_init ] --END-- [ RunTime:0.001000s ]
INFO: [ app_begin ] --START--
INFO: Run Behavior\ReadHtmlCacheBehavior [ RunTime:0.001000s ]
INFO: [ app_begin ] --END-- [ RunTime:0.001000s ]
SQL: SHOW COLUMNS FROM `auth_group_access` [ RunTime:0.0060s ]
SQL: SELECT `uid`,`group_id`,`title`,`rules` FROM auth_group_access a INNER JOIN auth_group g on a.group_id=g.id  WHERE ( a.uid='1' and g.status='1' )  [ RunTime:0.0000s ]
SQL: SHOW COLUMNS FROM `auth_rule` [ RunTime:0.0060s ]
SQL: SELECT `condition`,`name` FROM `auth_rule` WHERE `id` IN ('1','7','8','9','10','24','17','18','19','20','21','22','25','26','27','28','29','30','31','81','32','34','33','35','36','37','38','39','40','41','42','43','44','45','82','46','47','48','49','80','50','51','52','53','54','55','56','57','58','59','60','61','62','63','64','65','66','67','68','69','70','71','72','73','74','75','76','77','78','79') AND `type` = 1 AND `status` = 1  [ RunTime:0.0020s ]
SQL: SHOW COLUMNS FROM `admin` [ RunTime:0.0060s ]
SQL: SELECT `name`,`id` FROM `admin` WHERE `id` = 1 LIMIT 1   [ RunTime:0.0000s ]
SQL: SHOW COLUMNS FROM `result` [ RunTime:0.0080s ]
SQL: SHOW COLUMNS FROM `ship` [ RunTime:0.0070s ]
ERR: 1064:You have an error in your SQL syntax; check the manual that corresponds to your MySQL server version for the right syntax to use near '%5005% ) LIMIT 1' at line 1
 [ SQL语句 ] : SELECT `id` FROM `ship` WHERE ( shipname like %5005% ) LIMIT 1  
ERR: 1064:You have an error in your SQL syntax; check the manual that corresponds to your MySQL server version for the right syntax to use near '%5005% ) LIMIT 1' at line 1
 [ SQL语句 ] : SELECT `id` FROM `ship` WHERE ( shipname like %5005% ) LIMIT 1  

[ 2019-06-26T09:40:50+08:00 ] 127.0.0.1 /admin.php?c=Search&a=index&firmid=&shipname=5005&start=&objective=&locationname=&voyage=
INFO: [ app_init ] --START--
INFO: Run Behavior\BuildLiteBehavior [ RunTime:0.000000s ]
INFO: [ app_init ] --END-- [ RunTime:0.001000s ]
INFO: [ app_begin ] --START--
INFO: Run Behavior\ReadHtmlCacheBehavior [ RunTime:0.000000s ]
INFO: [ app_begin ] --END-- [ RunTime:0.001000s ]
SQL: SHOW COLUMNS FROM `auth_group_access` [ RunTime:0.0040s ]
SQL: SELECT `uid`,`group_id`,`title`,`rules` FROM auth_group_access a INNER JOIN auth_group g on a.group_id=g.id  WHERE ( a.uid='1' and g.status='1' )  [ RunTime:0.0010s ]
SQL: SHOW COLUMNS FROM `auth_rule` [ RunTime:0.0060s ]
SQL: SELECT `condition`,`name` FROM `auth_rule` WHERE `id` IN ('1','7','8','9','10','24','17','18','19','20','21','22','25','26','27','28','29','30','31','81','32','34','33','35','36','37','38','39','40','41','42','43','44','45','82','46','47','48','49','80','50','51','52','53','54','55','56','57','58','59','60','61','62','63','64','65','66','67','68','69','70','71','72','73','74','75','76','77','78','79') AND `type` = 1 AND `status` = 1  [ RunTime:0.0000s ]
SQL: SHOW COLUMNS FROM `admin` [ RunTime:0.0050s ]
SQL: SELECT `name`,`id` FROM `admin` WHERE `id` = 1 LIMIT 1   [ RunTime:0.0010s ]
SQL: SHOW COLUMNS FROM `result` [ RunTime:0.0050s ]
SQL: SHOW COLUMNS FROM `ship` [ RunTime:0.0060s ]
SQL: SELECT `id` FROM `ship` WHERE ( shipname like '%5005%' ) LIMIT 1   [ RunTime:0.0000s ]
NOTIC: [8] Array to string conversion D:\phpStudy\PHPTutorial\WWW\shipplatform2\Ship\Admin\Controller\SearchController.class.php 第 27 行.
ERR: 1054:Unknown column 'Array' in 'where clause'
 [ SQL语句 ] : SELECT COUNT(*) AS tp_count FROM result r left join ship s on s.id = r.shipid left join consumption c on r.id = c.resultid  WHERE ( 1 and r.shipid=Array ) LIMIT 1  
ERR: 1054:Unknown column 'Array' in 'where clause'
 [ SQL语句 ] : SELECT COUNT(*) AS tp_count FROM result r left join ship s on s.id = r.shipid left join consumption c on r.id = c.resultid  WHERE ( 1 and r.shipid=Array ) LIMIT 1  

[ 2019-06-26T09:41:20+08:00 ] 127.0.0.1 /admin.php?c=Search&a=index&firmid=&shipname=5005&start=&objective=&locationname=&voyage=
INFO: [ app_init ] --START--
INFO: Run Behavior\BuildLiteBehavior [ RunTime:0.000000s ]
INFO: [ app_init ] --END-- [ RunTime:0.001000s ]
INFO: [ app_begin ] --START--
INFO: Run Behavior\ReadHtmlCacheBehavior [ RunTime:0.001000s ]
INFO: [ app_begin ] --END-- [ RunTime:0.001000s ]
SQL: SHOW COLUMNS FROM `auth_group_access` [ RunTime:0.0050s ]
SQL: SELECT `uid`,`group_id`,`title`,`rules` FROM auth_group_access a INNER JOIN auth_group g on a.group_id=g.id  WHERE ( a.uid='1' and g.status='1' )  [ RunTime:0.0000s ]
SQL: SHOW COLUMNS FROM `auth_rule` [ RunTime:0.0050s ]
SQL: SELECT `condition`,`name` FROM `auth_rule` WHERE `id` IN ('1','7','8','9','10','24','17','18','19','20','21','22','25','26','27','28','29','30','31','81','32','34','33','35','36','37','38','39','40','41','42','43','44','45','82','46','47','48','49','80','50','51','52','53','54','55','56','57','58','59','60','61','62','63','64','65','66','67','68','69','70','71','72','73','74','75','76','77','78','79') AND `type` = 1 AND `status` = 1  [ RunTime:0.0000s ]
SQL: SHOW COLUMNS FROM `admin` [ RunTime:0.0050s ]
SQL: SELECT `name`,`id` FROM `admin` WHERE `id` = 1 LIMIT 1   [ RunTime:0.0000s ]
SQL: SHOW COLUMNS FROM `result` [ RunTime:0.0050s ]
SQL: SHOW COLUMNS FROM `ship` [ RunTime:0.0060s ]
SQL: SELECT `id` FROM `ship` WHERE ( shipname like '%5005%' ) LIMIT 1   [ RunTime:0.0000s ]
SQL: SELECT COUNT(*) AS tp_count FROM result r left join ship s on s.id = r.shipid left join consumption c on r.id = c.resultid  WHERE ( 1 and r.shipid=7 ) LIMIT 1   [ RunTime:0.0010s ]
NOTIC: [8] Undefined index: p D:\phpStudy\PHPTutorial\WWW\shipplatform2\Ship\Admin\Controller\SearchController.class.php 第 53 行.
SQL: SELECT r.id,r.personality,r.weight,s.shipname,f.firmname FROM result r left join ship s on s.id = r.shipid left join consumption c on r.id = c.resultid left join firm f on f.id = c.firmid  WHERE ( 1 and r.shipid=7 ) ORDER BY r.id desc LIMIT 0,30   [ RunTime:0.0020s ]
SQL: SELECT `id`,`shipname` FROM `ship` ORDER BY shipname asc  [ RunTime:0.0000s ]
SQL: SHOW COLUMNS FROM `firm` [ RunTime:0.0050s ]
SQL: SELECT `id`,`firmname` FROM `firm` ORDER BY id asc  [ RunTime:0.0000s ]
INFO: [ view_parse ] --START--
INFO: [ template_filter ] --START--
INFO: Run Behavior\ContentReplaceBehavior [ RunTime:0.000000s ]
INFO: [ template_filter ] --END-- [ RunTime:0.001000s ]
NOTIC: [8] Undefined index: locationname D:\phpStudy\PHPTutorial\WWW\shipplatform2\Runtime\Cache\Admin\83a3223de170cb42b16d1a8d13d233e1.php 第 439 行.
NOTIC: [8] Undefined index: goodsname D:\phpStudy\PHPTutorial\WWW\shipplatform2\Runtime\Cache\Admin\83a3223de170cb42b16d1a8d13d233e1.php 第 440 行.
NOTIC: [8] Undefined index: transport D:\phpStudy\PHPTutorial\WWW\shipplatform2\Runtime\Cache\Admin\83a3223de170cb42b16d1a8d13d233e1.php 第 441 行.
NOTIC: [8] Undefined index: locationname D:\phpStudy\PHPTutorial\WWW\shipplatform2\Runtime\Cache\Admin\83a3223de170cb42b16d1a8d13d233e1.php 第 439 行.
NOTIC: [8] Undefined index: goodsname D:\phpStudy\PHPTutorial\WWW\shipplatform2\Runtime\Cache\Admin\83a3223de170cb42b16d1a8d13d233e1.php 第 440 行.
NOTIC: [8] Undefined index: transport D:\phpStudy\PHPTutorial\WWW\shipplatform2\Runtime\Cache\Admin\83a3223de170cb42b16d1a8d13d233e1.php 第 441 行.
NOTIC: [8] Undefined index: locationname D:\phpStudy\PHPTutorial\WWW\shipplatform2\Runtime\Cache\Admin\83a3223de170cb42b16d1a8d13d233e1.php 第 439 行.
NOTIC: [8] Undefined index: goodsname D:\phpStudy\PHPTutorial\WWW\shipplatform2\Runtime\Cache\Admin\83a3223de170cb42b16d1a8d13d233e1.php 第 440 行.
NOTIC: [8] Undefined index: transport D:\phpStudy\PHPTutorial\WWW\shipplatform2\Runtime\Cache\Admin\83a3223de170cb42b16d1a8d13d233e1.php 第 441 行.
NOTIC: [8] Undefined index: locationname D:\phpStudy\PHPTutorial\WWW\shipplatform2\Runtime\Cache\Admin\83a3223de170cb42b16d1a8d13d233e1.php 第 439 行.
NOTIC: [8] Undefined index: goodsname D:\phpStudy\PHPTutorial\WWW\shipplatform2\Runtime\Cache\Admin\83a3223de170cb42b16d1a8d13d233e1.php 第 440 行.
NOTIC: [8] Undefined index: transport D:\phpStudy\PHPTutorial\WWW\shipplatform2\Runtime\Cache\Admin\83a3223de170cb42b16d1a8d13d233e1.php 第 441 行.
NOTIC: [8] Undefined index: locationname D:\phpStudy\PHPTutorial\WWW\shipplatform2\Runtime\Cache\Admin\83a3223de170cb42b16d1a8d13d233e1.php 第 439 行.
NOTIC: [8] Undefined index: goodsname D:\phpStudy\PHPTutorial\WWW\shipplatform2\Runtime\Cache\Admin\83a3223de170cb42b16d1a8d13d233e1.php 第 440 行.
NOTIC: [8] Undefined index: transport D:\phpStudy\PHPTutorial\WWW\shipplatform2\Runtime\Cache\Admin\83a3223de170cb42b16d1a8d13d233e1.php 第 441 行.
NOTIC: [8] Undefined index: locationname D:\phpStudy\PHPTutorial\WWW\shipplatform2\Runtime\Cache\Admin\83a3223de170cb42b16d1a8d13d233e1.php 第 439 行.
NOTIC: [8] Undefined index: goodsname D:\phpStudy\PHPTutorial\WWW\shipplatform2\Runtime\Cache\Admin\83a3223de170cb42b16d1a8d13d233e1.php 第 440 行.
NOTIC: [8] Undefined index: transport D:\phpStudy\PHPTutorial\WWW\shipplatform2\Runtime\Cache\Admin\83a3223de170cb42b16d1a8d13d233e1.php 第 441 行.
NOTIC: [8] Undefined index: locationname D:\phpStudy\PHPTutorial\WWW\shipplatform2\Runtime\Cache\Admin\83a3223de170cb42b16d1a8d13d233e1.php 第 439 行.
NOTIC: [8] Undefined index: goodsname D:\phpStudy\PHPTutorial\WWW\shipplatform2\Runtime\Cache\Admin\83a3223de170cb42b16d1a8d13d233e1.php 第 440 行.
NOTIC: [8] Undefined index: transport D:\phpStudy\PHPTutorial\WWW\shipplatform2\Runtime\Cache\Admin\83a3223de170cb42b16d1a8d13d233e1.php 第 441 行.
NOTIC: [8] Undefined index: locationname D:\phpStudy\PHPTutorial\WWW\shipplatform2\Runtime\Cache\Admin\83a3223de170cb42b16d1a8d13d233e1.php 第 439 行.
NOTIC: [8] Undefined index: goodsname D:\phpStudy\PHPTutorial\WWW\shipplatform2\Runtime\Cache\Admin\83a3223de170cb42b16d1a8d13d233e1.php 第 440 行.
NOTIC: [8] Undefined index: transport D:\phpStudy\PHPTutorial\WWW\shipplatform2\Runtime\Cache\Admin\83a3223de170cb42b16d1a8d13d233e1.php 第 441 行.
NOTIC: [8] Undefined index: locationname D:\phpStudy\PHPTutorial\WWW\shipplatform2\Runtime\Cache\Admin\83a3223de170cb42b16d1a8d13d233e1.php 第 439 行.
NOTIC: [8] Undefined index: goodsname D:\phpStudy\PHPTutorial\WWW\shipplatform2\Runtime\Cache\Admin\83a3223de170cb42b16d1a8d13d233e1.php 第 440 行.
NOTIC: [8] Undefined index: transport D:\phpStudy\PHPTutorial\WWW\shipplatform2\Runtime\Cache\Admin\83a3223de170cb42b16d1a8d13d233e1.php 第 441 行.
INFO: Run Behavior\ParseTemplateBehavior [ RunTime:0.049003s ]
INFO: [ view_parse ] --END-- [ RunTime:0.049003s ]
INFO: [ view_filter ] --START--
INFO: Run Behavior\WriteHtmlCacheBehavior [ RunTime:0.001000s ]
INFO: [ view_filter ] --END-- [ RunTime:0.001000s ]
INFO: [ app_end ] --START--
INFO: Run Behavior\ShowPageTraceBehavior [ RunTime:0.001001s ]
INFO: [ app_end ] --END-- [ RunTime:0.002001s ]

[ 2019-06-26T10:12:19+08:00 ] 127.0.0.1 /admin.php?XDEBUG_SESSION_START=13830
INFO: [ app_init ] --START--
INFO: Run Behavior\BuildLiteBehavior [ RunTime:0.000000s ]
INFO: [ app_init ] --END-- [ RunTime:0.001000s ]
INFO: [ app_begin ] --START--
INFO: Run Behavior\ReadHtmlCacheBehavior [ RunTime:0.001000s ]
INFO: [ app_begin ] --END-- [ RunTime:0.003000s ]
SQL: SHOW COLUMNS FROM `auth_group_access` [ RunTime:0.0070s ]
SQL: SELECT `uid`,`group_id`,`title`,`rules` FROM auth_group_access a INNER JOIN auth_group g on a.group_id=g.id  WHERE ( a.uid='1' and g.status='1' )  [ RunTime:0.0000s ]
SQL: SHOW COLUMNS FROM `auth_rule` [ RunTime:0.0070s ]
SQL: SELECT `condition`,`name` FROM `auth_rule` WHERE `id` IN ('1','7','8','9','10','24','17','18','19','20','21','22','25','26','27','28','29','30','31','81','32','34','33','35','36','37','38','39','40','41','42','43','44','45','82','46','47','48','49','80','50','51','52','53','54','55','56','57','58','59','60','61','62','63','64','65','66','67','68','69','70','71','72','73','74','75','76','77','78','79') AND `type` = 1 AND `status` = 1  [ RunTime:0.0020s ]
SQL: SHOW COLUMNS FROM `admin` [ RunTime:0.0100s ]
SQL: SELECT `name`,`id` FROM `admin` WHERE `id` = 1 LIMIT 1   [ RunTime:0.0000s ]
INFO: [ view_parse ] --START--
INFO: [ template_filter ] --START--
INFO: Run Behavior\ContentReplaceBehavior [ RunTime:0.001000s ]
INFO: [ template_filter ] --END-- [ RunTime:0.001000s ]
INFO: Run Behavior\ParseTemplateBehavior [ RunTime:0.063004s ]
INFO: [ view_parse ] --END-- [ RunTime:0.063004s ]
INFO: [ view_filter ] --START--
INFO: Run Behavior\WriteHtmlCacheBehavior [ RunTime:0.002000s ]
INFO: [ view_filter ] --END-- [ RunTime:0.002000s ]
INFO: [ app_end ] --START--
INFO: Run Behavior\ShowPageTraceBehavior [ RunTime:0.001000s ]
INFO: [ app_end ] --END-- [ RunTime:0.002000s ]

[ 2019-06-26T14:32:18+08:00 ] 127.0.0.1 /admin.php
INFO: [ app_init ] --START--
INFO: Run Behavior\BuildLiteBehavior [ RunTime:0.000000s ]
INFO: [ app_init ] --END-- [ RunTime:0.001000s ]
INFO: [ app_begin ] --START--
INFO: Run Behavior\ReadHtmlCacheBehavior [ RunTime:0.001000s ]
INFO: [ app_begin ] --END-- [ RunTime:0.001000s ]
INFO: [ view_parse ] --START--
INFO: [ template_filter ] --START--
INFO: Run Behavior\ContentReplaceBehavior [ RunTime:0.001000s ]
INFO: [ template_filter ] --END-- [ RunTime:0.001000s ]
INFO: Run Behavior\ParseTemplateBehavior [ RunTime:0.013001s ]
INFO: [ view_parse ] --END-- [ RunTime:0.013001s ]
INFO: [ view_filter ] --START--
INFO: Run Behavior\WriteHtmlCacheBehavior [ RunTime:0.001000s ]
INFO: [ view_filter ] --END-- [ RunTime:0.002000s ]

[ 2019-06-26T14:32:20+08:00 ] 127.0.0.1 /admin.php?s=/Login/login
INFO: [ app_init ] --START--
INFO: Run Behavior\BuildLiteBehavior [ RunTime:0.000000s ]
INFO: [ app_init ] --END-- [ RunTime:0.000000s ]
INFO: [ app_begin ] --START--
INFO: Run Behavior\ReadHtmlCacheBehavior [ RunTime:0.000000s ]
INFO: [ app_begin ] --END-- [ RunTime:0.002000s ]
INFO: [ view_parse ] --START--
INFO: [ template_filter ] --START--
INFO: Run Behavior\ContentReplaceBehavior [ RunTime:0.000000s ]
INFO: [ template_filter ] --END-- [ RunTime:0.001000s ]
INFO: Run Behavior\ParseTemplateBehavior [ RunTime:0.017001s ]
INFO: [ view_parse ] --END-- [ RunTime:0.017001s ]
INFO: [ view_filter ] --START--
INFO: Run Behavior\WriteHtmlCacheBehavior [ RunTime:0.001000s ]
INFO: [ view_filter ] --END-- [ RunTime:0.001000s ]
INFO: [ app_end ] --START--
INFO: Run Behavior\ShowPageTraceBehavior [ RunTime:0.002000s ]
INFO: [ app_end ] --END-- [ RunTime:0.002000s ]

[ 2019-06-26T14:32:20+08:00 ] 127.0.0.1 /admin.php?s=/Login/show_verify
INFO: [ app_init ] --START--
INFO: Run Behavior\BuildLiteBehavior [ RunTime:0.000000s ]
INFO: [ app_init ] --END-- [ RunTime:0.001000s ]
INFO: [ app_begin ] --START--
INFO: Run Behavior\ReadHtmlCacheBehavior [ RunTime:0.001000s ]
INFO: [ app_begin ] --END-- [ RunTime:0.001000s ]
INFO: [ app_end ] --START--
INFO: Run Behavior\ShowPageTraceBehavior [ RunTime:0.001001s ]
INFO: [ app_end ] --END-- [ RunTime:0.002001s ]

