[ 2019-08-29T08:42:43+08:00 ] 127.0.0.1 /admin.php
INFO: [ app_init ] --START--
INFO: Run Behavior\BuildLiteBehavior [ RunTime:0.000000s ]
INFO: [ app_init ] --END-- [ RunTime:0.001000s ]
INFO: [ app_begin ] --START--
INFO: Run Behavior\ReadHtmlCacheBehavior [ RunTime:0.003000s ]
INFO: [ app_begin ] --END-- [ RunTime:0.003000s ]
INFO: [ view_parse ] --START--
INFO: [ template_filter ] --START--
INFO: Run Behavior\ContentReplaceBehavior [ RunTime:0.000000s ]
INFO: [ template_filter ] --END-- [ RunTime:0.000000s ]
INFO: Run Behavior\ParseTemplateBehavior [ RunTime:0.010001s ]
INFO: [ view_parse ] --END-- [ RunTime:0.010001s ]
INFO: [ view_filter ] --START--
INFO: Run Behavior\WriteHtmlCacheBehavior [ RunTime:0.000000s ]
INFO: [ view_filter ] --END-- [ RunTime:0.001000s ]

[ 2019-08-29T08:42:44+08:00 ] 127.0.0.1 /admin.php?s=/Login/login
INFO: [ app_init ] --START--
INFO: Run Behavior\BuildLiteBehavior [ RunTime:0.000000s ]
INFO: [ app_init ] --END-- [ RunTime:0.001000s ]
INFO: [ app_begin ] --START--
INFO: Run Behavior\ReadHtmlCacheBehavior [ RunTime:0.001000s ]
INFO: [ app_begin ] --END-- [ RunTime:0.002000s ]
INFO: [ view_parse ] --START--
INFO: [ template_filter ] --START--
INFO: Run Behavior\ContentReplaceBehavior [ RunTime:0.000000s ]
INFO: [ template_filter ] --END-- [ RunTime:0.000000s ]
INFO: Run Behavior\ParseTemplateBehavior [ RunTime:0.018001s ]
INFO: [ view_parse ] --END-- [ RunTime:0.019001s ]
INFO: [ view_filter ] --START--
INFO: Run Behavior\WriteHtmlCacheBehavior [ RunTime:0.001000s ]
INFO: [ view_filter ] --END-- [ RunTime:0.001000s ]
INFO: [ app_end ] --START--
INFO: Run Behavior\ShowPageTraceBehavior [ RunTime:0.001000s ]
INFO: [ app_end ] --END-- [ RunTime:0.001000s ]

[ 2019-08-29T08:42:45+08:00 ] 127.0.0.1 /admin.php?s=/Login/show_verify
INFO: [ app_init ] --START--
INFO: Run Behavior\BuildLiteBehavior [ RunTime:0.000000s ]
INFO: [ app_init ] --END-- [ RunTime:0.000000s ]
INFO: [ app_begin ] --START--
INFO: Run Behavior\ReadHtmlCacheBehavior [ RunTime:0.001000s ]
INFO: [ app_begin ] --END-- [ RunTime:0.001000s ]
INFO: [ app_end ] --START--
INFO: Run Behavior\ShowPageTraceBehavior [ RunTime:0.001000s ]
INFO: [ app_end ] --END-- [ RunTime:0.001000s ]

[ 2019-08-29T08:42:51+08:00 ] 127.0.0.1 /admin.php?s=/Login/login
INFO: [ app_init ] --START--
INFO: Run Behavior\BuildLiteBehavior [ RunTime:0.000000s ]
INFO: [ app_init ] --END-- [ RunTime:0.001000s ]
INFO: [ app_begin ] --START--
INFO: Run Behavior\ReadHtmlCacheBehavior [ RunTime:0.000000s ]
INFO: [ app_begin ] --END-- [ RunTime:0.001000s ]
SQL: SHOW COLUMNS FROM `admin` [ RunTime:0.0340s ]
SQL: SELECT `id`,`status` FROM `admin` WHERE `title` = 'admin' AND `pwd` = 'efc54d7173925bd1c25f053511c18cb8' LIMIT 1   [ RunTime:0.0000s ]
INFO: [ view_parse ] --START--
INFO: [ template_filter ] --START--
INFO: Run Behavior\ContentReplaceBehavior [ RunTime:0.000000s ]
INFO: [ template_filter ] --END-- [ RunTime:0.001000s ]
INFO: Run Behavior\ParseTemplateBehavior [ RunTime:0.020001s ]
INFO: [ view_parse ] --END-- [ RunTime:0.020001s ]
INFO: [ view_filter ] --START--
INFO: Run Behavior\WriteHtmlCacheBehavior [ RunTime:0.001000s ]
INFO: [ view_filter ] --END-- [ RunTime:0.001000s ]
INFO: [ app_end ] --START--
INFO: Run Behavior\ShowPageTraceBehavior [ RunTime:0.001000s ]
INFO: [ app_end ] --END-- [ RunTime:0.002000s ]

[ 2019-08-29T08:42:52+08:00 ] 127.0.0.1 /admin.php?s=/Index/index
INFO: [ app_init ] --START--
INFO: Run Behavior\BuildLiteBehavior [ RunTime:0.000000s ]
INFO: [ app_init ] --END-- [ RunTime:0.001000s ]
INFO: [ app_begin ] --START--
INFO: Run Behavior\ReadHtmlCacheBehavior [ RunTime:0.001000s ]
INFO: [ app_begin ] --END-- [ RunTime:0.001000s ]
SQL: SHOW COLUMNS FROM `auth_group_access` [ RunTime:0.0710s ]
SQL: SELECT `uid`,`group_id`,`title`,`rules` FROM auth_group_access a INNER JOIN auth_group g on a.group_id=g.id  WHERE ( a.uid='1' and g.status='1' )  [ RunTime:0.0190s ]
SQL: SHOW COLUMNS FROM `auth_rule` [ RunTime:0.0140s ]
SQL: SELECT `condition`,`name` FROM `auth_rule` WHERE `id` IN ('1','7','8','9','10','24','17','18','19','20','21','22','25','26','27','28','29','30','31','81','32','34','33','35','36','37','38','93','94','95','39','40','41','42','43','44','45','82','46','47','48','49','80','90','91','92','50','51','52','53','54','55','56','57','58','59','60','61','62','63','64','65','66','67','68','69','70','71','72','73','87','88','89','74','75','76','77','78','79','96','97','98','99','100') AND `type` = 1 AND `status` = 1  [ RunTime:0.0270s ]
SQL: SHOW COLUMNS FROM `admin` [ RunTime:0.0070s ]
SQL: SELECT a.name,a.id,g.group_id FROM admin a left join auth_group_access as g on a.id=g.uid  WHERE a.id = '1' LIMIT 1   [ RunTime:0.0000s ]
SQL: SHOW COLUMNS FROM `ship_review` [ RunTime:0.0240s ]
SQL: SHOW COLUMNS FROM `sh_review` [ RunTime:0.0420s ]
SQL: SHOW COLUMNS FROM `ship` [ RunTime:0.0160s ]
SQL: SHOW COLUMNS FROM `sh_ship` [ RunTime:0.0270s ]
SQL: SHOW COLUMNS FROM `result` [ RunTime:0.0500s ]
SQL: SHOW COLUMNS FROM `sh_result` [ RunTime:0.0420s ]
SQL: SELECT COUNT(*) AS tp_count FROM `ship_review` WHERE ( status=1 AND ((data_status = 1 and picture=2) or (data_status=2 AND picture=2 and cabin_picture=2) or (data_status=3 AND cabin_picture=2)) ) LIMIT 1   [ RunTime:0.0010s ]
SQL: SELECT COUNT(*) AS tp_count FROM `sh_review` WHERE ( status=1 AND picture=2 ) LIMIT 1   [ RunTime:0.0000s ]
SQL: SELECT `shipid` FROM `result` WHERE `shipid` in (( SELECT `id` FROM `ship` WHERE `review` = 2  )) GROUP BY shipid HAVING count(1)<2  [ RunTime:0.0150s ]
SQL: SELECT `shipid` FROM `sh_result` WHERE `shipid` in (( SELECT `id` FROM `sh_ship` WHERE `review` = 1  )) GROUP BY shipid HAVING count(1)<2  [ RunTime:0.0010s ]
INFO: [ view_parse ] --START--
INFO: [ template_filter ] --START--
INFO: Run Behavior\ContentReplaceBehavior [ RunTime:0.001000s ]
INFO: [ template_filter ] --END-- [ RunTime:0.001000s ]
INFO: Run Behavior\ParseTemplateBehavior [ RunTime:0.034002s ]
INFO: [ view_parse ] --END-- [ RunTime:0.035002s ]
INFO: [ view_filter ] --START--
INFO: Run Behavior\WriteHtmlCacheBehavior [ RunTime:0.000000s ]
INFO: [ view_filter ] --END-- [ RunTime:0.001000s ]
INFO: [ app_end ] --START--
INFO: Run Behavior\ShowPageTraceBehavior [ RunTime:0.001001s ]
INFO: [ app_end ] --END-- [ RunTime:0.001001s ]

[ 2019-08-29T08:42:52+08:00 ] 127.0.0.1 /admin.php?s=/Index/index
INFO: [ app_init ] --START--
INFO: Run Behavior\BuildLiteBehavior [ RunTime:0.000000s ]
INFO: [ app_init ] --END-- [ RunTime:0.001000s ]
INFO: [ app_begin ] --START--
INFO: Run Behavior\ReadHtmlCacheBehavior [ RunTime:0.000000s ]
INFO: [ app_begin ] --END-- [ RunTime:0.001001s ]
SQL: SHOW COLUMNS FROM `auth_group_access` [ RunTime:0.0050s ]
SQL: SELECT `uid`,`group_id`,`title`,`rules` FROM auth_group_access a INNER JOIN auth_group g on a.group_id=g.id  WHERE ( a.uid='1' and g.status='1' )  [ RunTime:0.0000s ]
SQL: SHOW COLUMNS FROM `auth_rule` [ RunTime:0.0050s ]
SQL: SELECT `condition`,`name` FROM `auth_rule` WHERE `id` IN ('1','7','8','9','10','24','17','18','19','20','21','22','25','26','27','28','29','30','31','81','32','34','33','35','36','37','38','93','94','95','39','40','41','42','43','44','45','82','46','47','48','49','80','90','91','92','50','51','52','53','54','55','56','57','58','59','60','61','62','63','64','65','66','67','68','69','70','71','72','73','87','88','89','74','75','76','77','78','79','96','97','98','99','100') AND `type` = 1 AND `status` = 1  [ RunTime:0.0010s ]
SQL: SHOW COLUMNS FROM `admin` [ RunTime:0.0050s ]
SQL: SELECT a.name,a.id,g.group_id FROM admin a left join auth_group_access as g on a.id=g.uid  WHERE a.id = '1' LIMIT 1   [ RunTime:0.0010s ]
SQL: SHOW COLUMNS FROM `ship_review` [ RunTime:0.0050s ]
SQL: SHOW COLUMNS FROM `sh_review` [ RunTime:0.0050s ]
SQL: SHOW COLUMNS FROM `ship` [ RunTime:0.0050s ]
SQL: SHOW COLUMNS FROM `sh_ship` [ RunTime:0.0050s ]
SQL: SHOW COLUMNS FROM `result` [ RunTime:0.0050s ]
SQL: SHOW COLUMNS FROM `sh_result` [ RunTime:0.0060s ]
SQL: SELECT COUNT(*) AS tp_count FROM `ship_review` WHERE ( status=1 AND ((data_status = 1 and picture=2) or (data_status=2 AND picture=2 and cabin_picture=2) or (data_status=3 AND cabin_picture=2)) ) LIMIT 1   [ RunTime:0.0010s ]
SQL: SELECT COUNT(*) AS tp_count FROM `sh_review` WHERE ( status=1 AND picture=2 ) LIMIT 1   [ RunTime:0.0000s ]
SQL: SELECT `shipid` FROM `result` WHERE `shipid` in (( SELECT `id` FROM `ship` WHERE `review` = 2  )) GROUP BY shipid HAVING count(1)<2  [ RunTime:0.0010s ]
SQL: SELECT `shipid` FROM `sh_result` WHERE `shipid` in (( SELECT `id` FROM `sh_ship` WHERE `review` = 1  )) GROUP BY shipid HAVING count(1)<2  [ RunTime:0.0010s ]
INFO: [ view_parse ] --START--
INFO: [ template_filter ] --START--
INFO: Run Behavior\ContentReplaceBehavior [ RunTime:0.000000s ]
INFO: [ template_filter ] --END-- [ RunTime:0.000000s ]
INFO: Run Behavior\ParseTemplateBehavior [ RunTime:0.032001s ]
INFO: [ view_parse ] --END-- [ RunTime:0.032001s ]
INFO: [ view_filter ] --START--
INFO: Run Behavior\WriteHtmlCacheBehavior [ RunTime:0.000000s ]
INFO: [ view_filter ] --END-- [ RunTime:0.000000s ]
INFO: [ app_end ] --START--
INFO: Run Behavior\ShowPageTraceBehavior [ RunTime:0.001000s ]
INFO: [ app_end ] --END-- [ RunTime:0.001000s ]

[ 2019-08-29T08:42:56+08:00 ] 127.0.0.1 /admin.php?s=/Review/create_ship_index
INFO: [ app_init ] --START--
INFO: Run Behavior\BuildLiteBehavior [ RunTime:0.000000s ]
INFO: [ app_init ] --END-- [ RunTime:0.001000s ]
INFO: [ app_begin ] --START--
INFO: Run Behavior\ReadHtmlCacheBehavior [ RunTime:0.001000s ]
INFO: [ app_begin ] --END-- [ RunTime:0.001000s ]
SQL: SHOW COLUMNS FROM `auth_group_access` [ RunTime:0.0050s ]
SQL: SELECT `uid`,`group_id`,`title`,`rules` FROM auth_group_access a INNER JOIN auth_group g on a.group_id=g.id  WHERE ( a.uid='1' and g.status='1' )  [ RunTime:0.0000s ]
SQL: SHOW COLUMNS FROM `auth_rule` [ RunTime:0.0050s ]
SQL: SELECT `condition`,`name` FROM `auth_rule` WHERE `id` IN ('1','7','8','9','10','24','17','18','19','20','21','22','25','26','27','28','29','30','31','81','32','34','33','35','36','37','38','93','94','95','39','40','41','42','43','44','45','82','46','47','48','49','80','90','91','92','50','51','52','53','54','55','56','57','58','59','60','61','62','63','64','65','66','67','68','69','70','71','72','73','87','88','89','74','75','76','77','78','79','96','97','98','99','100') AND `type` = 1 AND `status` = 1  [ RunTime:0.0010s ]
SQL: SHOW COLUMNS FROM `admin` [ RunTime:0.0040s ]
SQL: SELECT a.name,a.id,g.group_id FROM admin a left join auth_group_access as g on a.id=g.uid  WHERE a.id = '1' LIMIT 1   [ RunTime:0.0010s ]
SQL: SHOW COLUMNS FROM `ship_review` [ RunTime:0.0060s ]
SQL: SHOW COLUMNS FROM `sh_review` [ RunTime:0.0050s ]
SQL: SHOW COLUMNS FROM `ship` [ RunTime:0.0050s ]
SQL: SHOW COLUMNS FROM `sh_ship` [ RunTime:0.0050s ]
SQL: SHOW COLUMNS FROM `result` [ RunTime:0.0060s ]
SQL: SHOW COLUMNS FROM `sh_result` [ RunTime:0.0050s ]
SQL: SELECT COUNT(*) AS tp_count FROM `ship_review` WHERE ( status=1 AND ((data_status = 1 and picture=2) or (data_status=2 AND picture=2 and cabin_picture=2) or (data_status=3 AND cabin_picture=2)) ) LIMIT 1   [ RunTime:0.0000s ]
SQL: SELECT COUNT(*) AS tp_count FROM `sh_review` WHERE ( status=1 AND picture=2 ) LIMIT 1   [ RunTime:0.0000s ]
SQL: SELECT `shipid` FROM `result` WHERE `shipid` in (( SELECT `id` FROM `ship` WHERE `review` = 2  )) GROUP BY shipid HAVING count(1)<2  [ RunTime:0.0010s ]
SQL: SELECT `shipid` FROM `sh_result` WHERE `shipid` in (( SELECT `id` FROM `sh_ship` WHERE `review` = 1  )) GROUP BY shipid HAVING count(1)<2  [ RunTime:0.0010s ]
SQL: SHOW COLUMNS FROM `ship` [ RunTime:0.0050s ]
SQL: SHOW COLUMNS FROM `result` [ RunTime:0.0050s ]
SQL: SELECT `shipid` FROM `result` WHERE `shipid` in (( SELECT `id` FROM `ship` WHERE `review` = 2  )) GROUP BY shipid HAVING count(1)<2  [ RunTime:0.0010s ]
NOTIC: [8] Undefined index: p D:\phpStudy\PHPTutorial\WWW\shipplatform2\Ship\Admin\Controller\ReviewController.class.php 第 61 行.
SQL: SELECT s.id,s.shipname,s.number,s.cabinnum,f.firmname,s.del_sign FROM ship s left join firm f on f.id=s.firmid  WHERE s.id IN ('15','77') ORDER BY s.id desc,f.firmname desc LIMIT 0,30   [ RunTime:0.0370s ]
SQL: SHOW COLUMNS FROM `firm` [ RunTime:0.0080s ]
SQL: SELECT `id`,`firmname` FROM `firm`  [ RunTime:0.0010s ]
INFO: [ view_parse ] --START--
INFO: [ template_filter ] --START--
INFO: Run Behavior\ContentReplaceBehavior [ RunTime:0.000000s ]
INFO: [ template_filter ] --END-- [ RunTime:0.001000s ]
INFO: Run Behavior\ParseTemplateBehavior [ RunTime:0.046003s ]
INFO: [ view_parse ] --END-- [ RunTime:0.046003s ]
INFO: [ view_filter ] --START--
INFO: Run Behavior\WriteHtmlCacheBehavior [ RunTime:0.001000s ]
INFO: [ view_filter ] --END-- [ RunTime:0.001000s ]
INFO: [ app_end ] --START--
INFO: Run Behavior\ShowPageTraceBehavior [ RunTime:0.001000s ]
INFO: [ app_end ] --END-- [ RunTime:0.001000s ]

[ 2019-08-29T08:42:57+08:00 ] 127.0.0.1 /admin.php?s=/Review/create_sh_index
INFO: [ app_init ] --START--
INFO: Run Behavior\BuildLiteBehavior [ RunTime:0.000000s ]
INFO: [ app_init ] --END-- [ RunTime:0.001000s ]
INFO: [ app_begin ] --START--
INFO: Run Behavior\ReadHtmlCacheBehavior [ RunTime:0.001000s ]
INFO: [ app_begin ] --END-- [ RunTime:0.001000s ]
SQL: SHOW COLUMNS FROM `auth_group_access` [ RunTime:0.0050s ]
SQL: SELECT `uid`,`group_id`,`title`,`rules` FROM auth_group_access a INNER JOIN auth_group g on a.group_id=g.id  WHERE ( a.uid='1' and g.status='1' )  [ RunTime:0.0010s ]
SQL: SHOW COLUMNS FROM `auth_rule` [ RunTime:0.0050s ]
SQL: SELECT `condition`,`name` FROM `auth_rule` WHERE `id` IN ('1','7','8','9','10','24','17','18','19','20','21','22','25','26','27','28','29','30','31','81','32','34','33','35','36','37','38','93','94','95','39','40','41','42','43','44','45','82','46','47','48','49','80','90','91','92','50','51','52','53','54','55','56','57','58','59','60','61','62','63','64','65','66','67','68','69','70','71','72','73','87','88','89','74','75','76','77','78','79','96','97','98','99','100') AND `type` = 1 AND `status` = 1  [ RunTime:0.0000s ]
SQL: SHOW COLUMNS FROM `admin` [ RunTime:0.0050s ]
SQL: SELECT a.name,a.id,g.group_id FROM admin a left join auth_group_access as g on a.id=g.uid  WHERE a.id = '1' LIMIT 1   [ RunTime:0.0000s ]
SQL: SHOW COLUMNS FROM `ship_review` [ RunTime:0.0040s ]
SQL: SHOW COLUMNS FROM `sh_review` [ RunTime:0.0050s ]
SQL: SHOW COLUMNS FROM `ship` [ RunTime:0.0050s ]
SQL: SHOW COLUMNS FROM `sh_ship` [ RunTime:0.0050s ]
SQL: SHOW COLUMNS FROM `result` [ RunTime:0.0050s ]
SQL: SHOW COLUMNS FROM `sh_result` [ RunTime:0.0070s ]
SQL: SELECT COUNT(*) AS tp_count FROM `ship_review` WHERE ( status=1 AND ((data_status = 1 and picture=2) or (data_status=2 AND picture=2 and cabin_picture=2) or (data_status=3 AND cabin_picture=2)) ) LIMIT 1   [ RunTime:0.0010s ]
SQL: SELECT COUNT(*) AS tp_count FROM `sh_review` WHERE ( status=1 AND picture=2 ) LIMIT 1   [ RunTime:0.0000s ]
SQL: SELECT `shipid` FROM `result` WHERE `shipid` in (( SELECT `id` FROM `ship` WHERE `review` = 2  )) GROUP BY shipid HAVING count(1)<2  [ RunTime:0.0010s ]
SQL: SELECT `shipid` FROM `sh_result` WHERE `shipid` in (( SELECT `id` FROM `sh_ship` WHERE `review` = 1  )) GROUP BY shipid HAVING count(1)<2  [ RunTime:0.0010s ]
SQL: SHOW COLUMNS FROM `sh_ship` [ RunTime:0.0060s ]
SQL: SHOW COLUMNS FROM `sh_result` [ RunTime:0.0070s ]
SQL: SELECT `shipid` FROM `sh_result` WHERE `shipid` in (( SELECT `id` FROM `sh_ship` WHERE `review` = 1  )) GROUP BY shipid HAVING count(1)<2  [ RunTime:0.0010s ]
NOTIC: [8] Undefined index: p D:\phpStudy\PHPTutorial\WWW\shipplatform2\Ship\Admin\Controller\ReviewController.class.php 第 146 行.
SQL: SELECT s.id,s.shipname,s.number,s.cabinnum,f.firmname,s.del_sign FROM sh_ship s left join firm f on f.id=s.firmid  WHERE s.id IN ('5') ORDER BY s.id desc,f.firmname desc LIMIT 0,30   [ RunTime:0.0010s ]
SQL: SHOW COLUMNS FROM `firm` [ RunTime:0.0060s ]
SQL: SELECT `id`,`firmname` FROM `firm`  [ RunTime:0.0000s ]
INFO: [ view_parse ] --START--
INFO: [ template_filter ] --START--
INFO: Run Behavior\ContentReplaceBehavior [ RunTime:0.001000s ]
INFO: [ template_filter ] --END-- [ RunTime:0.001000s ]
INFO: Run Behavior\ParseTemplateBehavior [ RunTime:0.087005s ]
INFO: [ view_parse ] --END-- [ RunTime:0.088005s ]
INFO: [ view_filter ] --START--
INFO: Run Behavior\WriteHtmlCacheBehavior [ RunTime:0.000000s ]
INFO: [ view_filter ] --END-- [ RunTime:0.000000s ]
INFO: [ app_end ] --START--
INFO: Run Behavior\ShowPageTraceBehavior [ RunTime:0.002000s ]
INFO: [ app_end ] --END-- [ RunTime:0.002000s ]

[ 2019-08-29T08:42:58+08:00 ] 127.0.0.1 /admin.php?s=/Review/review_ship_index
INFO: [ app_init ] --START--
INFO: Run Behavior\BuildLiteBehavior [ RunTime:0.000000s ]
INFO: [ app_init ] --END-- [ RunTime:0.001000s ]
INFO: [ app_begin ] --START--
INFO: Run Behavior\ReadHtmlCacheBehavior [ RunTime:0.001000s ]
INFO: [ app_begin ] --END-- [ RunTime:0.001000s ]
SQL: SHOW COLUMNS FROM `auth_group_access` [ RunTime:0.0050s ]
SQL: SELECT `uid`,`group_id`,`title`,`rules` FROM auth_group_access a INNER JOIN auth_group g on a.group_id=g.id  WHERE ( a.uid='1' and g.status='1' )  [ RunTime:0.0010s ]
SQL: SHOW COLUMNS FROM `auth_rule` [ RunTime:0.0050s ]
SQL: SELECT `condition`,`name` FROM `auth_rule` WHERE `id` IN ('1','7','8','9','10','24','17','18','19','20','21','22','25','26','27','28','29','30','31','81','32','34','33','35','36','37','38','93','94','95','39','40','41','42','43','44','45','82','46','47','48','49','80','90','91','92','50','51','52','53','54','55','56','57','58','59','60','61','62','63','64','65','66','67','68','69','70','71','72','73','87','88','89','74','75','76','77','78','79','96','97','98','99','100') AND `type` = 1 AND `status` = 1  [ RunTime:0.0010s ]
SQL: SHOW COLUMNS FROM `admin` [ RunTime:0.0050s ]
SQL: SELECT a.name,a.id,g.group_id FROM admin a left join auth_group_access as g on a.id=g.uid  WHERE a.id = '1' LIMIT 1   [ RunTime:0.0000s ]
SQL: SHOW COLUMNS FROM `ship_review` [ RunTime:0.0050s ]
SQL: SHOW COLUMNS FROM `sh_review` [ RunTime:0.0040s ]
SQL: SHOW COLUMNS FROM `ship` [ RunTime:0.0060s ]
SQL: SHOW COLUMNS FROM `sh_ship` [ RunTime:0.0050s ]
SQL: SHOW COLUMNS FROM `result` [ RunTime:0.0050s ]
SQL: SHOW COLUMNS FROM `sh_result` [ RunTime:0.0060s ]
SQL: SELECT COUNT(*) AS tp_count FROM `ship_review` WHERE ( status=1 AND ((data_status = 1 and picture=2) or (data_status=2 AND picture=2 and cabin_picture=2) or (data_status=3 AND cabin_picture=2)) ) LIMIT 1   [ RunTime:0.0000s ]
SQL: SELECT COUNT(*) AS tp_count FROM `sh_review` WHERE ( status=1 AND picture=2 ) LIMIT 1   [ RunTime:0.0000s ]
SQL: SELECT `shipid` FROM `result` WHERE `shipid` in (( SELECT `id` FROM `ship` WHERE `review` = 2  )) GROUP BY shipid HAVING count(1)<2  [ RunTime:0.0010s ]
SQL: SELECT `shipid` FROM `sh_result` WHERE `shipid` in (( SELECT `id` FROM `sh_ship` WHERE `review` = 1  )) GROUP BY shipid HAVING count(1)<2  [ RunTime:0.0010s ]
SQL: SELECT COUNT(*) AS tp_count FROM ship_review sr left join user u on u.id=sr.userid left join admin a on a.id=sr.adminid left join ship s on s.id=sr.shipid  WHERE sr.status = 1 AND ( ((sr.data_status = 1 and sr.picture=2) or (sr.data_status=2 AND sr.picture=2 and sr.cabin_picture=2) or (sr.data_status=3 AND sr.cabin_picture=2)) ) LIMIT 1   [ RunTime:0.0280s ]
NOTIC: [8] Undefined index: p D:\phpStudy\PHPTutorial\WWW\shipplatform2\Ship\Admin\Controller\ReviewController.class.php 第 220 行.
SQL: SELECT sr.id,sr.create_time,sr.data_status,s.shipname,a.name,u.username FROM ship_review sr left join user u on u.id=sr.userid left join admin a on a.id=sr.adminid left join ship s on s.id=sr.shipid  WHERE sr.status = 1 AND ( ((sr.data_status = 1 and sr.picture=2) or (sr.data_status=2 AND sr.picture=2 and sr.cabin_picture=2) or (sr.data_status=3 AND sr.cabin_picture=2)) ) LIMIT 0,30   [ RunTime:0.0000s ]
INFO: [ view_parse ] --START--
INFO: [ template_filter ] --START--
INFO: Run Behavior\ContentReplaceBehavior [ RunTime:0.001000s ]
INFO: [ template_filter ] --END-- [ RunTime:0.001000s ]
NOTIC: [8] Undefined variable: firmlist D:\phpStudy\PHPTutorial\WWW\shipplatform2\Runtime\Cache\Admin\e81701390cd1ad9da65795ff62274ac2.php 第 472 行.
INFO: Run Behavior\ParseTemplateBehavior [ RunTime:0.048003s ]
INFO: [ view_parse ] --END-- [ RunTime:0.049003s ]
INFO: [ view_filter ] --START--
INFO: Run Behavior\WriteHtmlCacheBehavior [ RunTime:0.000000s ]
INFO: [ view_filter ] --END-- [ RunTime:0.001000s ]
INFO: [ app_end ] --START--
INFO: Run Behavior\ShowPageTraceBehavior [ RunTime:0.001000s ]
INFO: [ app_end ] --END-- [ RunTime:0.001000s ]

[ 2019-08-29T08:42:59+08:00 ] 127.0.0.1 /admin.php?s=/Review/review_sh_index
INFO: [ app_init ] --START--
INFO: Run Behavior\BuildLiteBehavior [ RunTime:0.000000s ]
INFO: [ app_init ] --END-- [ RunTime:0.001000s ]
INFO: [ app_begin ] --START--
INFO: Run Behavior\ReadHtmlCacheBehavior [ RunTime:0.001000s ]
INFO: [ app_begin ] --END-- [ RunTime:0.001000s ]
SQL: SHOW COLUMNS FROM `auth_group_access` [ RunTime:0.0040s ]
SQL: SELECT `uid`,`group_id`,`title`,`rules` FROM auth_group_access a INNER JOIN auth_group g on a.group_id=g.id  WHERE ( a.uid='1' and g.status='1' )  [ RunTime:0.0000s ]
SQL: SHOW COLUMNS FROM `auth_rule` [ RunTime:0.0050s ]
SQL: SELECT `condition`,`name` FROM `auth_rule` WHERE `id` IN ('1','7','8','9','10','24','17','18','19','20','21','22','25','26','27','28','29','30','31','81','32','34','33','35','36','37','38','93','94','95','39','40','41','42','43','44','45','82','46','47','48','49','80','90','91','92','50','51','52','53','54','55','56','57','58','59','60','61','62','63','64','65','66','67','68','69','70','71','72','73','87','88','89','74','75','76','77','78','79','96','97','98','99','100') AND `type` = 1 AND `status` = 1  [ RunTime:0.0000s ]
SQL: SHOW COLUMNS FROM `admin` [ RunTime:0.0050s ]
SQL: SELECT a.name,a.id,g.group_id FROM admin a left join auth_group_access as g on a.id=g.uid  WHERE a.id = '1' LIMIT 1   [ RunTime:0.0000s ]
SQL: SHOW COLUMNS FROM `ship_review` [ RunTime:0.0050s ]
SQL: SHOW COLUMNS FROM `sh_review` [ RunTime:0.0050s ]
SQL: SHOW COLUMNS FROM `ship` [ RunTime:0.0050s ]
SQL: SHOW COLUMNS FROM `sh_ship` [ RunTime:0.0050s ]
SQL: SHOW COLUMNS FROM `result` [ RunTime:0.0060s ]
SQL: SHOW COLUMNS FROM `sh_result` [ RunTime:0.0070s ]
SQL: SELECT COUNT(*) AS tp_count FROM `ship_review` WHERE ( status=1 AND ((data_status = 1 and picture=2) or (data_status=2 AND picture=2 and cabin_picture=2) or (data_status=3 AND cabin_picture=2)) ) LIMIT 1   [ RunTime:0.0000s ]
SQL: SELECT COUNT(*) AS tp_count FROM `sh_review` WHERE ( status=1 AND picture=2 ) LIMIT 1   [ RunTime:0.0010s ]
SQL: SELECT `shipid` FROM `result` WHERE `shipid` in (( SELECT `id` FROM `ship` WHERE `review` = 2  )) GROUP BY shipid HAVING count(1)<2  [ RunTime:0.0010s ]
SQL: SELECT `shipid` FROM `sh_result` WHERE `shipid` in (( SELECT `id` FROM `sh_ship` WHERE `review` = 1  )) GROUP BY shipid HAVING count(1)<2  [ RunTime:0.0010s ]
SQL: SELECT COUNT(*) AS tp_count FROM sh_review sr left join user u on u.id=sr.userid left join admin a on a.id=sr.adminid left join sh_ship s on s.id=sr.shipid  WHERE sr.status = 1 AND ( sr.picture=2 ) LIMIT 1   [ RunTime:0.0000s ]
NOTIC: [8] Undefined index: p D:\phpStudy\PHPTutorial\WWW\shipplatform2\Ship\Admin\Controller\ReviewController.class.php 第 291 行.
SQL: SELECT sr.id,sr.create_time,s.shipname,a.name,u.username FROM sh_review sr left join user u on u.id=sr.userid left join admin a on a.id=sr.adminid left join sh_ship s on s.id=sr.shipid  WHERE sr.status = 1 AND ( sr.picture=2 ) LIMIT 0,30   [ RunTime:0.0010s ]
INFO: [ view_parse ] --START--
INFO: [ template_filter ] --START--
INFO: Run Behavior\ContentReplaceBehavior [ RunTime:0.001000s ]
INFO: [ template_filter ] --END-- [ RunTime:0.001000s ]
NOTIC: [8] Undefined variable: firmlist D:\phpStudy\PHPTutorial\WWW\shipplatform2\Runtime\Cache\Admin\d436379d101dabe840a94cb5ca2de736.php 第 472 行.
INFO: Run Behavior\ParseTemplateBehavior [ RunTime:0.060003s ]
INFO: [ view_parse ] --END-- [ RunTime:0.061003s ]
INFO: [ view_filter ] --START--
INFO: Run Behavior\WriteHtmlCacheBehavior [ RunTime:0.001000s ]
INFO: [ view_filter ] --END-- [ RunTime:0.001000s ]
INFO: [ app_end ] --START--
INFO: Run Behavior\ShowPageTraceBehavior [ RunTime:0.002000s ]
INFO: [ app_end ] --END-- [ RunTime:0.002000s ]

[ 2019-08-29T08:42:59+08:00 ] 127.0.0.1 /admin.php?s=/Review/create_ship_index
INFO: [ app_init ] --START--
INFO: Run Behavior\BuildLiteBehavior [ RunTime:0.000000s ]
INFO: [ app_init ] --END-- [ RunTime:0.001000s ]
INFO: [ app_begin ] --START--
INFO: Run Behavior\ReadHtmlCacheBehavior [ RunTime:0.001000s ]
INFO: [ app_begin ] --END-- [ RunTime:0.001000s ]
SQL: SHOW COLUMNS FROM `auth_group_access` [ RunTime:0.0050s ]
SQL: SELECT `uid`,`group_id`,`title`,`rules` FROM auth_group_access a INNER JOIN auth_group g on a.group_id=g.id  WHERE ( a.uid='1' and g.status='1' )  [ RunTime:0.0000s ]
SQL: SHOW COLUMNS FROM `auth_rule` [ RunTime:0.0050s ]
SQL: SELECT `condition`,`name` FROM `auth_rule` WHERE `id` IN ('1','7','8','9','10','24','17','18','19','20','21','22','25','26','27','28','29','30','31','81','32','34','33','35','36','37','38','93','94','95','39','40','41','42','43','44','45','82','46','47','48','49','80','90','91','92','50','51','52','53','54','55','56','57','58','59','60','61','62','63','64','65','66','67','68','69','70','71','72','73','87','88','89','74','75','76','77','78','79','96','97','98','99','100') AND `type` = 1 AND `status` = 1  [ RunTime:0.0010s ]
SQL: SHOW COLUMNS FROM `admin` [ RunTime:0.0050s ]
SQL: SELECT a.name,a.id,g.group_id FROM admin a left join auth_group_access as g on a.id=g.uid  WHERE a.id = '1' LIMIT 1   [ RunTime:0.0000s ]
SQL: SHOW COLUMNS FROM `ship_review` [ RunTime:0.0050s ]
SQL: SHOW COLUMNS FROM `sh_review` [ RunTime:0.0050s ]
SQL: SHOW COLUMNS FROM `ship` [ RunTime:0.0050s ]
SQL: SHOW COLUMNS FROM `sh_ship` [ RunTime:0.0050s ]
SQL: SHOW COLUMNS FROM `result` [ RunTime:0.0050s ]
SQL: SHOW COLUMNS FROM `sh_result` [ RunTime:0.0050s ]
SQL: SELECT COUNT(*) AS tp_count FROM `ship_review` WHERE ( status=1 AND ((data_status = 1 and picture=2) or (data_status=2 AND picture=2 and cabin_picture=2) or (data_status=3 AND cabin_picture=2)) ) LIMIT 1   [ RunTime:0.0010s ]
SQL: SELECT COUNT(*) AS tp_count FROM `sh_review` WHERE ( status=1 AND picture=2 ) LIMIT 1   [ RunTime:0.0000s ]
SQL: SELECT `shipid` FROM `result` WHERE `shipid` in (( SELECT `id` FROM `ship` WHERE `review` = 2  )) GROUP BY shipid HAVING count(1)<2  [ RunTime:0.0010s ]
SQL: SELECT `shipid` FROM `sh_result` WHERE `shipid` in (( SELECT `id` FROM `sh_ship` WHERE `review` = 1  )) GROUP BY shipid HAVING count(1)<2  [ RunTime:0.0000s ]
SQL: SHOW COLUMNS FROM `ship` [ RunTime:0.0050s ]
SQL: SHOW COLUMNS FROM `result` [ RunTime:0.0050s ]
SQL: SELECT `shipid` FROM `result` WHERE `shipid` in (( SELECT `id` FROM `ship` WHERE `review` = 2  )) GROUP BY shipid HAVING count(1)<2  [ RunTime:0.0010s ]
NOTIC: [8] Undefined index: p D:\phpStudy\PHPTutorial\WWW\shipplatform2\Ship\Admin\Controller\ReviewController.class.php 第 61 行.
SQL: SELECT s.id,s.shipname,s.number,s.cabinnum,f.firmname,s.del_sign FROM ship s left join firm f on f.id=s.firmid  WHERE s.id IN ('15','77') ORDER BY s.id desc,f.firmname desc LIMIT 0,30   [ RunTime:0.0000s ]
SQL: SHOW COLUMNS FROM `firm` [ RunTime:0.0060s ]
SQL: SELECT `id`,`firmname` FROM `firm`  [ RunTime:0.0000s ]
INFO: [ view_parse ] --START--
INFO: [ template_filter ] --START--
INFO: Run Behavior\ContentReplaceBehavior [ RunTime:0.000000s ]
INFO: [ template_filter ] --END-- [ RunTime:0.001000s ]
INFO: Run Behavior\ParseTemplateBehavior [ RunTime:0.041003s ]
INFO: [ view_parse ] --END-- [ RunTime:0.042003s ]
INFO: [ view_filter ] --START--
INFO: Run Behavior\WriteHtmlCacheBehavior [ RunTime:0.000000s ]
INFO: [ view_filter ] --END-- [ RunTime:0.000000s ]
INFO: [ app_end ] --START--
INFO: Run Behavior\ShowPageTraceBehavior [ RunTime:0.001000s ]
INFO: [ app_end ] --END-- [ RunTime:0.001000s ]

[ 2019-08-29T15:45:06+08:00 ] 127.0.0.1 /admin.php?s=/Review/create_sh_index
INFO: [ app_init ] --START--
INFO: Run Behavior\BuildLiteBehavior [ RunTime:0.000000s ]
INFO: [ app_init ] --END-- [ RunTime:0.001000s ]
INFO: [ app_begin ] --START--
INFO: Run Behavior\ReadHtmlCacheBehavior [ RunTime:0.000000s ]
INFO: [ app_begin ] --END-- [ RunTime:0.002000s ]
SQL: SHOW COLUMNS FROM `auth_group_access` [ RunTime:0.0060s ]
SQL: SELECT `uid`,`group_id`,`title`,`rules` FROM auth_group_access a INNER JOIN auth_group g on a.group_id=g.id  WHERE ( a.uid='1' and g.status='1' )  [ RunTime:0.0010s ]
SQL: SHOW COLUMNS FROM `auth_rule` [ RunTime:0.0050s ]
SQL: SELECT `condition`,`name` FROM `auth_rule` WHERE `id` IN ('1','7','8','9','10','24','17','18','19','20','21','22','25','26','27','28','29','30','31','81','32','34','33','35','36','37','38','93','94','95','39','40','41','42','43','44','45','82','46','47','48','49','80','90','91','92','50','51','52','53','54','55','56','57','58','59','60','61','62','63','64','65','66','67','68','69','70','71','72','73','87','88','89','74','75','76','77','78','79','96','97','98','99','100') AND `type` = 1 AND `status` = 1  [ RunTime:0.0010s ]
SQL: SHOW COLUMNS FROM `admin` [ RunTime:0.0060s ]
SQL: SELECT a.name,a.id,g.group_id FROM admin a left join auth_group_access as g on a.id=g.uid  WHERE a.id = '1' LIMIT 1   [ RunTime:0.0000s ]
SQL: SHOW COLUMNS FROM `ship_review` [ RunTime:0.0060s ]
SQL: SHOW COLUMNS FROM `sh_review` [ RunTime:0.0050s ]
SQL: SHOW COLUMNS FROM `ship` [ RunTime:0.0050s ]
SQL: SHOW COLUMNS FROM `sh_ship` [ RunTime:0.0070s ]
SQL: SHOW COLUMNS FROM `result` [ RunTime:0.0050s ]
SQL: SHOW COLUMNS FROM `sh_result` [ RunTime:0.0060s ]
SQL: SELECT COUNT(*) AS tp_count FROM `ship_review` WHERE ( status=1 AND ((data_status = 1 and picture=2) or (data_status=2 AND picture=2 and cabin_picture=2) or (data_status=3 AND cabin_picture=2)) ) LIMIT 1   [ RunTime:0.0010s ]
SQL: SELECT COUNT(*) AS tp_count FROM `sh_review` WHERE ( status=1 AND picture=2 ) LIMIT 1   [ RunTime:0.0010s ]
SQL: SELECT `shipid` FROM `result` WHERE `shipid` in (( SELECT `id` FROM `ship` WHERE `review` = 2  )) GROUP BY shipid HAVING count(1)<2  [ RunTime:0.0010s ]
SQL: SELECT `shipid` FROM `sh_result` WHERE `shipid` in (( SELECT `id` FROM `sh_ship` WHERE `review` = 1  )) GROUP BY shipid HAVING count(1)<2  [ RunTime:0.0000s ]
SQL: SHOW COLUMNS FROM `sh_ship` [ RunTime:0.0050s ]
SQL: SHOW COLUMNS FROM `sh_result` [ RunTime:0.0050s ]
SQL: SELECT `shipid` FROM `sh_result` WHERE `shipid` in (( SELECT `id` FROM `sh_ship` WHERE `review` = 1  )) GROUP BY shipid HAVING count(1)<2  [ RunTime:0.0010s ]
NOTIC: [8] Undefined index: p D:\phpStudy\PHPTutorial\WWW\shipplatform2\Ship\Admin\Controller\ReviewController.class.php 第 146 行.
SQL: SELECT s.id,s.shipname,s.number,s.cabinnum,f.firmname,s.del_sign FROM sh_ship s left join firm f on f.id=s.firmid  WHERE s.id IN ('5') ORDER BY s.id desc,f.firmname desc LIMIT 0,30   [ RunTime:0.0020s ]
SQL: SHOW COLUMNS FROM `firm` [ RunTime:0.0060s ]
SQL: SELECT `id`,`firmname` FROM `firm`  [ RunTime:0.0000s ]
INFO: [ view_parse ] --START--
INFO: [ template_filter ] --START--
INFO: Run Behavior\ContentReplaceBehavior [ RunTime:0.000000s ]
INFO: [ template_filter ] --END-- [ RunTime:0.001000s ]
INFO: Run Behavior\ParseTemplateBehavior [ RunTime:0.044002s ]
INFO: [ view_parse ] --END-- [ RunTime:0.045002s ]
INFO: [ view_filter ] --START--
INFO: Run Behavior\WriteHtmlCacheBehavior [ RunTime:0.001000s ]
INFO: [ view_filter ] --END-- [ RunTime:0.001000s ]
INFO: [ app_end ] --START--
INFO: Run Behavior\ShowPageTraceBehavior [ RunTime:0.001000s ]
INFO: [ app_end ] --END-- [ RunTime:0.001000s ]

