[ 2019-07-01T08:47:01+08:00 ] 127.0.0.1 /admin.php
INFO: [ app_init ] --START--
INFO: Run Behavior\BuildLiteBehavior [ RunTime:0.000000s ]
INFO: [ app_init ] --END-- [ RunTime:0.001000s ]
INFO: [ app_begin ] --START--
INFO: Run Behavior\ReadHtmlCacheBehavior [ RunTime:0.001000s ]
INFO: [ app_begin ] --END-- [ RunTime:0.002000s ]
INFO: [ view_parse ] --START--
INFO: [ template_filter ] --START--
INFO: Run Behavior\ContentReplaceBehavior [ RunTime:0.000000s ]
INFO: [ template_filter ] --END-- [ RunTime:0.000000s ]
INFO: Run Behavior\ParseTemplateBehavior [ RunTime:0.028001s ]
INFO: [ view_parse ] --END-- [ RunTime:0.028001s ]
INFO: [ view_filter ] --START--
INFO: Run Behavior\WriteHtmlCacheBehavior [ RunTime:0.001000s ]
INFO: [ view_filter ] --END-- [ RunTime:0.001000s ]

[ 2019-07-01T08:47:03+08:00 ] 127.0.0.1 /admin.php?s=/Login/login
INFO: [ app_init ] --START--
INFO: Run Behavior\BuildLiteBehavior [ RunTime:0.000000s ]
INFO: [ app_init ] --END-- [ RunTime:0.001000s ]
INFO: [ app_begin ] --START--
INFO: Run Behavior\ReadHtmlCacheBehavior [ RunTime:0.001000s ]
INFO: [ app_begin ] --END-- [ RunTime:0.001000s ]
INFO: [ view_parse ] --START--
INFO: [ template_filter ] --START--
INFO: Run Behavior\ContentReplaceBehavior [ RunTime:0.000000s ]
INFO: [ template_filter ] --END-- [ RunTime:0.001000s ]
INFO: Run Behavior\ParseTemplateBehavior [ RunTime:0.020001s ]
INFO: [ view_parse ] --END-- [ RunTime:0.021001s ]
INFO: [ view_filter ] --START--
INFO: Run Behavior\WriteHtmlCacheBehavior [ RunTime:0.001000s ]
INFO: [ view_filter ] --END-- [ RunTime:0.001000s ]
INFO: [ app_end ] --START--
INFO: Run Behavior\ShowPageTraceBehavior [ RunTime:0.001000s ]
INFO: [ app_end ] --END-- [ RunTime:0.002000s ]

[ 2019-07-01T08:47:04+08:00 ] 127.0.0.1 /admin.php?s=/Login/show_verify
INFO: [ app_init ] --START--
INFO: Run Behavior\BuildLiteBehavior [ RunTime:0.000000s ]
INFO: [ app_init ] --END-- [ RunTime:0.001000s ]
INFO: [ app_begin ] --START--
INFO: Run Behavior\ReadHtmlCacheBehavior [ RunTime:0.001000s ]
INFO: [ app_begin ] --END-- [ RunTime:0.001000s ]
INFO: [ app_end ] --START--
INFO: Run Behavior\ShowPageTraceBehavior [ RunTime:0.001000s ]
INFO: [ app_end ] --END-- [ RunTime:0.001000s ]

[ 2019-07-01T08:47:15+08:00 ] 127.0.0.1 /admin.php?s=/Login/show_verify/0.6369467419445447
INFO: [ app_init ] --START--
INFO: Run Behavior\BuildLiteBehavior [ RunTime:0.000000s ]
INFO: [ app_init ] --END-- [ RunTime:0.001000s ]
INFO: [ app_begin ] --START--
INFO: Run Behavior\ReadHtmlCacheBehavior [ RunTime:0.002000s ]
INFO: [ app_begin ] --END-- [ RunTime:0.002000s ]
INFO: [ app_end ] --START--
INFO: Run Behavior\ShowPageTraceBehavior [ RunTime:0.001000s ]
INFO: [ app_end ] --END-- [ RunTime:0.001000s ]

[ 2019-07-01T08:47:18+08:00 ] 127.0.0.1 /admin.php?s=/Login/login
INFO: [ app_init ] --START--
INFO: Run Behavior\BuildLiteBehavior [ RunTime:0.000000s ]
INFO: [ app_init ] --END-- [ RunTime:0.001000s ]
INFO: [ app_begin ] --START--
INFO: Run Behavior\ReadHtmlCacheBehavior [ RunTime:0.002000s ]
INFO: [ app_begin ] --END-- [ RunTime:0.002000s ]
SQL: SHOW COLUMNS FROM `admin` [ RunTime:0.0540s ]
SQL: SELECT `id`,`status` FROM `admin` WHERE `title` = 'admin' AND `pwd` = 'efc54d7173925bd1c25f053511c18cb8' LIMIT 1   [ RunTime:0.0010s ]
INFO: [ view_parse ] --START--
INFO: [ template_filter ] --START--
INFO: Run Behavior\ContentReplaceBehavior [ RunTime:0.000000s ]
INFO: [ template_filter ] --END-- [ RunTime:0.000000s ]
INFO: Run Behavior\ParseTemplateBehavior [ RunTime:0.015001s ]
INFO: [ view_parse ] --END-- [ RunTime:0.015001s ]
INFO: [ view_filter ] --START--
INFO: Run Behavior\WriteHtmlCacheBehavior [ RunTime:0.001000s ]
INFO: [ view_filter ] --END-- [ RunTime:0.001000s ]
INFO: [ app_end ] --START--
INFO: Run Behavior\ShowPageTraceBehavior [ RunTime:0.002000s ]
INFO: [ app_end ] --END-- [ RunTime:0.002000s ]

[ 2019-07-01T08:47:20+08:00 ] 127.0.0.1 /admin.php?s=/Index/index
INFO: [ app_init ] --START--
INFO: Run Behavior\BuildLiteBehavior [ RunTime:0.000000s ]
INFO: [ app_init ] --END-- [ RunTime:0.001000s ]
INFO: [ app_begin ] --START--
INFO: Run Behavior\ReadHtmlCacheBehavior [ RunTime:0.001000s ]
INFO: [ app_begin ] --END-- [ RunTime:0.002000s ]
SQL: SHOW COLUMNS FROM `auth_group_access` [ RunTime:0.0420s ]
SQL: SELECT `uid`,`group_id`,`title`,`rules` FROM auth_group_access a INNER JOIN auth_group g on a.group_id=g.id  WHERE ( a.uid='1' and g.status='1' )  [ RunTime:0.0450s ]
SQL: SHOW COLUMNS FROM `auth_rule` [ RunTime:0.0150s ]
SQL: SELECT `condition`,`name` FROM `auth_rule` WHERE `id` IN ('1','7','8','9','10','24','17','18','19','20','21','22','25','26','27','28','29','30','31','81','32','34','33','35','36','37','38','39','40','41','42','43','44','45','82','46','47','48','49','80','50','51','52','53','54','55','56','57','58','59','60','61','62','63','64','65','66','67','68','69','70','71','72','73','74','75','76','77','78','79') AND `type` = 1 AND `status` = 1  [ RunTime:0.0000s ]
SQL: SHOW COLUMNS FROM `admin` [ RunTime:0.0050s ]
SQL: SELECT `name`,`id` FROM `admin` WHERE `id` = 1 LIMIT 1   [ RunTime:0.0000s ]
INFO: [ view_parse ] --START--
INFO: [ template_filter ] --START--
INFO: Run Behavior\ContentReplaceBehavior [ RunTime:0.001000s ]
INFO: [ template_filter ] --END-- [ RunTime:0.001000s ]
INFO: Run Behavior\ParseTemplateBehavior [ RunTime:0.051003s ]
INFO: [ view_parse ] --END-- [ RunTime:0.052003s ]
INFO: [ view_filter ] --START--
INFO: Run Behavior\WriteHtmlCacheBehavior [ RunTime:0.000000s ]
INFO: [ view_filter ] --END-- [ RunTime:0.000000s ]
INFO: [ app_end ] --START--
INFO: Run Behavior\ShowPageTraceBehavior [ RunTime:0.001000s ]
INFO: [ app_end ] --END-- [ RunTime:0.001000s ]

[ 2019-07-01T08:47:21+08:00 ] 127.0.0.1 /admin.php?s=/Index/index
INFO: [ app_init ] --START--
INFO: Run Behavior\BuildLiteBehavior [ RunTime:0.001000s ]
INFO: [ app_init ] --END-- [ RunTime:0.001000s ]
INFO: [ app_begin ] --START--
INFO: Run Behavior\ReadHtmlCacheBehavior [ RunTime:0.001001s ]
INFO: [ app_begin ] --END-- [ RunTime:0.001001s ]
SQL: SHOW COLUMNS FROM `auth_group_access` [ RunTime:0.0050s ]
SQL: SELECT `uid`,`group_id`,`title`,`rules` FROM auth_group_access a INNER JOIN auth_group g on a.group_id=g.id  WHERE ( a.uid='1' and g.status='1' )  [ RunTime:0.0010s ]
SQL: SHOW COLUMNS FROM `auth_rule` [ RunTime:0.0050s ]
SQL: SELECT `condition`,`name` FROM `auth_rule` WHERE `id` IN ('1','7','8','9','10','24','17','18','19','20','21','22','25','26','27','28','29','30','31','81','32','34','33','35','36','37','38','39','40','41','42','43','44','45','82','46','47','48','49','80','50','51','52','53','54','55','56','57','58','59','60','61','62','63','64','65','66','67','68','69','70','71','72','73','74','75','76','77','78','79') AND `type` = 1 AND `status` = 1  [ RunTime:0.0000s ]
SQL: SHOW COLUMNS FROM `admin` [ RunTime:0.0040s ]
SQL: SELECT `name`,`id` FROM `admin` WHERE `id` = 1 LIMIT 1   [ RunTime:0.0000s ]
INFO: [ view_parse ] --START--
INFO: [ template_filter ] --START--
INFO: Run Behavior\ContentReplaceBehavior [ RunTime:0.001001s ]
INFO: [ template_filter ] --END-- [ RunTime:0.001001s ]
INFO: Run Behavior\ParseTemplateBehavior [ RunTime:0.028001s ]
INFO: [ view_parse ] --END-- [ RunTime:0.028001s ]
INFO: [ view_filter ] --START--
INFO: Run Behavior\WriteHtmlCacheBehavior [ RunTime:0.001000s ]
INFO: [ view_filter ] --END-- [ RunTime:0.001000s ]
INFO: [ app_end ] --START--
INFO: Run Behavior\ShowPageTraceBehavior [ RunTime:0.001000s ]
INFO: [ app_end ] --END-- [ RunTime:0.001000s ]

[ 2019-07-01T08:47:23+08:00 ] 127.0.0.1 /admin.php?s=/Firm/index
INFO: [ app_init ] --START--
INFO: Run Behavior\BuildLiteBehavior [ RunTime:0.000000s ]
INFO: [ app_init ] --END-- [ RunTime:0.001000s ]
INFO: [ app_begin ] --START--
INFO: Run Behavior\ReadHtmlCacheBehavior [ RunTime:0.001000s ]
INFO: [ app_begin ] --END-- [ RunTime:0.001000s ]
SQL: SHOW COLUMNS FROM `auth_group_access` [ RunTime:0.0050s ]
SQL: SELECT `uid`,`group_id`,`title`,`rules` FROM auth_group_access a INNER JOIN auth_group g on a.group_id=g.id  WHERE ( a.uid='1' and g.status='1' )  [ RunTime:0.0010s ]
SQL: SHOW COLUMNS FROM `auth_rule` [ RunTime:0.0050s ]
SQL: SELECT `condition`,`name` FROM `auth_rule` WHERE `id` IN ('1','7','8','9','10','24','17','18','19','20','21','22','25','26','27','28','29','30','31','81','32','34','33','35','36','37','38','39','40','41','42','43','44','45','82','46','47','48','49','80','50','51','52','53','54','55','56','57','58','59','60','61','62','63','64','65','66','67','68','69','70','71','72','73','74','75','76','77','78','79') AND `type` = 1 AND `status` = 1  [ RunTime:0.0000s ]
SQL: SHOW COLUMNS FROM `admin` [ RunTime:0.0050s ]
SQL: SELECT `name`,`id` FROM `admin` WHERE `id` = 1 LIMIT 1   [ RunTime:0.0000s ]
SQL: SHOW COLUMNS FROM `firm` [ RunTime:0.0050s ]
SQL: SELECT COUNT(*) AS tp_count FROM `firm` LIMIT 1   [ RunTime:0.0000s ]
NOTIC: [8] Undefined index: p D:\phpStudy\PHPTutorial\WWW\shipplatform2\Ship\Admin\Controller\FirmController.class.php 第 22 行.
SQL: SELECT * FROM `firm` ORDER BY id asc LIMIT 0,30   [ RunTime:0.0000s ]
INFO: [ view_parse ] --START--
INFO: [ template_filter ] --START--
INFO: Run Behavior\ContentReplaceBehavior [ RunTime:0.001000s ]
INFO: [ template_filter ] --END-- [ RunTime:0.001000s ]
INFO: Run Behavior\ParseTemplateBehavior [ RunTime:0.065003s ]
INFO: [ view_parse ] --END-- [ RunTime:0.066004s ]
INFO: [ view_filter ] --START--
INFO: Run Behavior\WriteHtmlCacheBehavior [ RunTime:0.001000s ]
INFO: [ view_filter ] --END-- [ RunTime:0.001000s ]
INFO: [ app_end ] --START--
INFO: Run Behavior\ShowPageTraceBehavior [ RunTime:0.002000s ]
INFO: [ app_end ] --END-- [ RunTime:0.002000s ]

[ 2019-07-01T08:47:25+08:00 ] 127.0.0.1 /admin.php?s=/User/index
INFO: [ app_init ] --START--
INFO: Run Behavior\BuildLiteBehavior [ RunTime:0.000000s ]
INFO: [ app_init ] --END-- [ RunTime:0.001000s ]
INFO: [ app_begin ] --START--
INFO: Run Behavior\ReadHtmlCacheBehavior [ RunTime:0.001000s ]
INFO: [ app_begin ] --END-- [ RunTime:0.001000s ]
SQL: SHOW COLUMNS FROM `auth_group_access` [ RunTime:0.0040s ]
SQL: SELECT `uid`,`group_id`,`title`,`rules` FROM auth_group_access a INNER JOIN auth_group g on a.group_id=g.id  WHERE ( a.uid='1' and g.status='1' )  [ RunTime:0.0000s ]
SQL: SHOW COLUMNS FROM `auth_rule` [ RunTime:0.0040s ]
SQL: SELECT `condition`,`name` FROM `auth_rule` WHERE `id` IN ('1','7','8','9','10','24','17','18','19','20','21','22','25','26','27','28','29','30','31','81','32','34','33','35','36','37','38','39','40','41','42','43','44','45','82','46','47','48','49','80','50','51','52','53','54','55','56','57','58','59','60','61','62','63','64','65','66','67','68','69','70','71','72','73','74','75','76','77','78','79') AND `type` = 1 AND `status` = 1  [ RunTime:0.0010s ]
SQL: SHOW COLUMNS FROM `admin` [ RunTime:0.0050s ]
SQL: SELECT `name`,`id` FROM `admin` WHERE `id` = 1 LIMIT 1   [ RunTime:0.0000s ]
SQL: SHOW COLUMNS FROM `user` [ RunTime:0.0050s ]
SQL: SELECT COUNT(*) AS tp_count FROM `user` WHERE (  1 ) LIMIT 1   [ RunTime:0.0000s ]
NOTIC: [8] Undefined index: p D:\phpStudy\PHPTutorial\WWW\shipplatform2\Ship\Admin\Controller\UserController.class.php 第 27 行.
SQL: SELECT * FROM `user` WHERE (  1 ) ORDER BY id is null,id LIMIT 0,30   [ RunTime:0.0000s ]
SQL: SHOW COLUMNS FROM `firm` [ RunTime:0.0060s ]
SQL: SELECT `firmname` FROM `firm` WHERE `id` = 6 LIMIT 1   [ RunTime:0.0010s ]
SQL: SELECT `firmname` FROM `firm` WHERE `id` = 6 LIMIT 1   [ RunTime:0.0000s ]
SQL: SELECT `firmname` FROM `firm` WHERE `id` = 6 LIMIT 1   [ RunTime:0.0000s ]
SQL: SELECT `firmname` FROM `firm` WHERE `id` = 7 LIMIT 1   [ RunTime:0.0000s ]
SQL: SELECT `firmname` FROM `firm` WHERE `id` = 7 LIMIT 1   [ RunTime:0.0000s ]
SQL: SELECT `firmname` FROM `firm` WHERE `id` = 20 LIMIT 1   [ RunTime:0.0000s ]
SQL: SELECT `firmname` FROM `firm` WHERE `id` = 20 LIMIT 1   [ RunTime:0.0000s ]
SQL: SELECT `firmname` FROM `firm` WHERE `id` = 21 LIMIT 1   [ RunTime:0.0010s ]
SQL: SELECT `firmname` FROM `firm` WHERE `id` = 21 LIMIT 1   [ RunTime:0.0010s ]
SQL: SELECT `firmname` FROM `firm` WHERE `id` = 21 LIMIT 1   [ RunTime:0.0000s ]
SQL: SELECT `firmname` FROM `firm` WHERE `id` = 25 LIMIT 1   [ RunTime:0.0000s ]
SQL: SELECT `firmname` FROM `firm` WHERE `id` = 25 LIMIT 1   [ RunTime:0.0000s ]
SQL: SELECT `firmname` FROM `firm` WHERE `id` = 23 LIMIT 1   [ RunTime:0.0000s ]
SQL: SELECT `firmname` FROM `firm` WHERE `id` = 24 LIMIT 1   [ RunTime:0.0000s ]
SQL: SELECT `firmname` FROM `firm` WHERE `id` = 24 LIMIT 1   [ RunTime:0.0000s ]
SQL: SHOW COLUMNS FROM `firm` [ RunTime:0.0060s ]
SQL: SELECT `id`,`firmname` FROM `firm`  [ RunTime:0.0010s ]
INFO: [ view_parse ] --START--
INFO: [ template_filter ] --START--
INFO: Run Behavior\ContentReplaceBehavior [ RunTime:0.000000s ]
INFO: [ template_filter ] --END-- [ RunTime:0.001000s ]
INFO: Run Behavior\ParseTemplateBehavior [ RunTime:0.066004s ]
INFO: [ view_parse ] --END-- [ RunTime:0.067004s ]
INFO: [ view_filter ] --START--
INFO: Run Behavior\WriteHtmlCacheBehavior [ RunTime:0.001000s ]
INFO: [ view_filter ] --END-- [ RunTime:0.001000s ]
INFO: [ app_end ] --START--
INFO: Run Behavior\ShowPageTraceBehavior [ RunTime:0.001000s ]
INFO: [ app_end ] --END-- [ RunTime:0.002000s ]

[ 2019-07-01T08:47:27+08:00 ] 127.0.0.1 /admin.php?s=/Firm/index
INFO: [ app_init ] --START--
INFO: Run Behavior\BuildLiteBehavior [ RunTime:0.000000s ]
INFO: [ app_init ] --END-- [ RunTime:0.001000s ]
INFO: [ app_begin ] --START--
INFO: Run Behavior\ReadHtmlCacheBehavior [ RunTime:0.001000s ]
INFO: [ app_begin ] --END-- [ RunTime:0.001000s ]
SQL: SHOW COLUMNS FROM `auth_group_access` [ RunTime:0.0050s ]
SQL: SELECT `uid`,`group_id`,`title`,`rules` FROM auth_group_access a INNER JOIN auth_group g on a.group_id=g.id  WHERE ( a.uid='1' and g.status='1' )  [ RunTime:0.0000s ]
SQL: SHOW COLUMNS FROM `auth_rule` [ RunTime:0.0050s ]
SQL: SELECT `condition`,`name` FROM `auth_rule` WHERE `id` IN ('1','7','8','9','10','24','17','18','19','20','21','22','25','26','27','28','29','30','31','81','32','34','33','35','36','37','38','39','40','41','42','43','44','45','82','46','47','48','49','80','50','51','52','53','54','55','56','57','58','59','60','61','62','63','64','65','66','67','68','69','70','71','72','73','74','75','76','77','78','79') AND `type` = 1 AND `status` = 1  [ RunTime:0.0010s ]
SQL: SHOW COLUMNS FROM `admin` [ RunTime:0.0060s ]
SQL: SELECT `name`,`id` FROM `admin` WHERE `id` = 1 LIMIT 1   [ RunTime:0.0000s ]
SQL: SHOW COLUMNS FROM `firm` [ RunTime:0.0050s ]
SQL: SELECT COUNT(*) AS tp_count FROM `firm` LIMIT 1   [ RunTime:0.0000s ]
NOTIC: [8] Undefined index: p D:\phpStudy\PHPTutorial\WWW\shipplatform2\Ship\Admin\Controller\FirmController.class.php 第 22 行.
SQL: SELECT * FROM `firm` ORDER BY id asc LIMIT 0,30   [ RunTime:0.0010s ]
INFO: [ view_parse ] --START--
INFO: [ template_filter ] --START--
INFO: Run Behavior\ContentReplaceBehavior [ RunTime:0.000000s ]
INFO: [ template_filter ] --END-- [ RunTime:0.000000s ]
INFO: Run Behavior\ParseTemplateBehavior [ RunTime:0.052003s ]
INFO: [ view_parse ] --END-- [ RunTime:0.052003s ]
INFO: [ view_filter ] --START--
INFO: Run Behavior\WriteHtmlCacheBehavior [ RunTime:0.001000s ]
INFO: [ view_filter ] --END-- [ RunTime:0.001000s ]
INFO: [ app_end ] --START--
INFO: Run Behavior\ShowPageTraceBehavior [ RunTime:0.001000s ]
INFO: [ app_end ] --END-- [ RunTime:0.001000s ]

[ 2019-07-01T08:47:28+08:00 ] 127.0.0.1 /admin.php?s=/Ship/index
INFO: [ app_init ] --START--
INFO: Run Behavior\BuildLiteBehavior [ RunTime:0.000000s ]
INFO: [ app_init ] --END-- [ RunTime:0.000000s ]
INFO: [ app_begin ] --START--
INFO: Run Behavior\ReadHtmlCacheBehavior [ RunTime:0.001000s ]
INFO: [ app_begin ] --END-- [ RunTime:0.001000s ]
SQL: SHOW COLUMNS FROM `auth_group_access` [ RunTime:0.0050s ]
SQL: SELECT `uid`,`group_id`,`title`,`rules` FROM auth_group_access a INNER JOIN auth_group g on a.group_id=g.id  WHERE ( a.uid='1' and g.status='1' )  [ RunTime:0.0000s ]
SQL: SHOW COLUMNS FROM `auth_rule` [ RunTime:0.0040s ]
SQL: SELECT `condition`,`name` FROM `auth_rule` WHERE `id` IN ('1','7','8','9','10','24','17','18','19','20','21','22','25','26','27','28','29','30','31','81','32','34','33','35','36','37','38','39','40','41','42','43','44','45','82','46','47','48','49','80','50','51','52','53','54','55','56','57','58','59','60','61','62','63','64','65','66','67','68','69','70','71','72','73','74','75','76','77','78','79') AND `type` = 1 AND `status` = 1  [ RunTime:0.0010s ]
SQL: SHOW COLUMNS FROM `admin` [ RunTime:0.0050s ]
SQL: SELECT `name`,`id` FROM `admin` WHERE `id` = 1 LIMIT 1   [ RunTime:0.0000s ]
SQL: SHOW COLUMNS FROM `ship` [ RunTime:0.0060s ]
SQL: SELECT COUNT(*) AS tp_count FROM `ship` WHERE (  1 ) LIMIT 1   [ RunTime:0.0010s ]
NOTIC: [8] Undefined index: p D:\phpStudy\PHPTutorial\WWW\shipplatform2\Ship\Admin\Controller\ShipController.class.php 第 37 行.
SQL: SELECT s.id,s.shipname,s.number,s.cabinnum,f.firmname FROM ship s left join firm f on f.id=s.firmid  WHERE (  1 ) ORDER BY s.id desc,f.firmname desc LIMIT 0,30   [ RunTime:0.0000s ]
SQL: SHOW COLUMNS FROM `firm` [ RunTime:0.0050s ]
SQL: SELECT `id`,`firmname` FROM `firm`  [ RunTime:0.0000s ]
INFO: [ view_parse ] --START--
INFO: [ template_filter ] --START--
INFO: Run Behavior\ContentReplaceBehavior [ RunTime:0.001000s ]
INFO: [ template_filter ] --END-- [ RunTime:0.001000s ]
INFO: Run Behavior\ParseTemplateBehavior [ RunTime:0.068003s ]
INFO: [ view_parse ] --END-- [ RunTime:0.068003s ]
INFO: [ view_filter ] --START--
INFO: Run Behavior\WriteHtmlCacheBehavior [ RunTime:0.001001s ]
INFO: [ view_filter ] --END-- [ RunTime:0.001001s ]
INFO: [ app_end ] --START--
INFO: Run Behavior\ShowPageTraceBehavior [ RunTime:0.001000s ]
INFO: [ app_end ] --END-- [ RunTime:0.002000s ]

[ 2019-07-01T08:47:29+08:00 ] 127.0.0.1 /admin.php?s=/Cabin/index
INFO: [ app_init ] --START--
INFO: Run Behavior\BuildLiteBehavior [ RunTime:0.000000s ]
INFO: [ app_init ] --END-- [ RunTime:0.001000s ]
INFO: [ app_begin ] --START--
INFO: Run Behavior\ReadHtmlCacheBehavior [ RunTime:0.001000s ]
INFO: [ app_begin ] --END-- [ RunTime:0.002000s ]
SQL: SHOW COLUMNS FROM `auth_group_access` [ RunTime:0.0050s ]
SQL: SELECT `uid`,`group_id`,`title`,`rules` FROM auth_group_access a INNER JOIN auth_group g on a.group_id=g.id  WHERE ( a.uid='1' and g.status='1' )  [ RunTime:0.0010s ]
SQL: SHOW COLUMNS FROM `auth_rule` [ RunTime:0.0050s ]
SQL: SELECT `condition`,`name` FROM `auth_rule` WHERE `id` IN ('1','7','8','9','10','24','17','18','19','20','21','22','25','26','27','28','29','30','31','81','32','34','33','35','36','37','38','39','40','41','42','43','44','45','82','46','47','48','49','80','50','51','52','53','54','55','56','57','58','59','60','61','62','63','64','65','66','67','68','69','70','71','72','73','74','75','76','77','78','79') AND `type` = 1 AND `status` = 1  [ RunTime:0.0000s ]
SQL: SHOW COLUMNS FROM `admin` [ RunTime:0.0050s ]
SQL: SELECT `name`,`id` FROM `admin` WHERE `id` = 1 LIMIT 1   [ RunTime:0.0000s ]
SQL: SHOW COLUMNS FROM `cabin` [ RunTime:0.0080s ]
SQL: SELECT COUNT(*) AS tp_count FROM cabin c WHERE (  1 ) LIMIT 1   [ RunTime:0.0010s ]
NOTIC: [8] Undefined index: p D:\phpStudy\PHPTutorial\WWW\shipplatform2\Ship\Admin\Controller\CabinController.class.php 第 32 行.
SQL: SELECT c.id,c.cabinname,c.altitudeheight,c.bottom_volume,c.pipe_line,c.shipid,s.shipname,s.tankcapacityshipid,s.rongliang,s.rongliang_1,s.zx,s.zx_1 FROM cabin c left join ship s on s.id=c.shipid  WHERE (  1 ) ORDER BY c.shipid desc,c.id asc LIMIT 0,24   [ RunTime:0.0010s ]
SQL: SHOW COLUMNS FROM `ship` [ RunTime:0.0050s ]
SQL: SELECT `id`,`shipname` FROM `ship` ORDER BY shipname desc  [ RunTime:0.0000s ]
INFO: [ view_parse ] --START--
INFO: [ template_filter ] --START--
INFO: Run Behavior\ContentReplaceBehavior [ RunTime:0.001000s ]
INFO: [ template_filter ] --END-- [ RunTime:0.001000s ]
NOTIC: [8] Undefined variable: tname D:\phpStudy\PHPTutorial\WWW\shipplatform2\Runtime\Cache\Admin\a451a99e7a47b93a6683b7ab81bdcb67.php 第 406 行.
NOTIC: [8] Undefined index: bottom_volume_di D:\phpStudy\PHPTutorial\WWW\shipplatform2\Runtime\Cache\Admin\a451a99e7a47b93a6683b7ab81bdcb67.php 第 435 行.
NOTIC: [8] Undefined index: bottom_volume_di D:\phpStudy\PHPTutorial\WWW\shipplatform2\Runtime\Cache\Admin\a451a99e7a47b93a6683b7ab81bdcb67.php 第 435 行.
NOTIC: [8] Undefined index: bottom_volume_di D:\phpStudy\PHPTutorial\WWW\shipplatform2\Runtime\Cache\Admin\a451a99e7a47b93a6683b7ab81bdcb67.php 第 435 行.
NOTIC: [8] Undefined index: bottom_volume_di D:\phpStudy\PHPTutorial\WWW\shipplatform2\Runtime\Cache\Admin\a451a99e7a47b93a6683b7ab81bdcb67.php 第 435 行.
NOTIC: [8] Undefined index: bottom_volume_di D:\phpStudy\PHPTutorial\WWW\shipplatform2\Runtime\Cache\Admin\a451a99e7a47b93a6683b7ab81bdcb67.php 第 435 行.
NOTIC: [8] Undefined index: bottom_volume_di D:\phpStudy\PHPTutorial\WWW\shipplatform2\Runtime\Cache\Admin\a451a99e7a47b93a6683b7ab81bdcb67.php 第 435 行.
NOTIC: [8] Undefined index: bottom_volume_di D:\phpStudy\PHPTutorial\WWW\shipplatform2\Runtime\Cache\Admin\a451a99e7a47b93a6683b7ab81bdcb67.php 第 435 行.
NOTIC: [8] Undefined index: bottom_volume_di D:\phpStudy\PHPTutorial\WWW\shipplatform2\Runtime\Cache\Admin\a451a99e7a47b93a6683b7ab81bdcb67.php 第 435 行.
NOTIC: [8] Undefined index: bottom_volume_di D:\phpStudy\PHPTutorial\WWW\shipplatform2\Runtime\Cache\Admin\a451a99e7a47b93a6683b7ab81bdcb67.php 第 435 行.
NOTIC: [8] Undefined index: bottom_volume_di D:\phpStudy\PHPTutorial\WWW\shipplatform2\Runtime\Cache\Admin\a451a99e7a47b93a6683b7ab81bdcb67.php 第 435 行.
NOTIC: [8] Undefined index: bottom_volume_di D:\phpStudy\PHPTutorial\WWW\shipplatform2\Runtime\Cache\Admin\a451a99e7a47b93a6683b7ab81bdcb67.php 第 435 行.
NOTIC: [8] Undefined index: bottom_volume_di D:\phpStudy\PHPTutorial\WWW\shipplatform2\Runtime\Cache\Admin\a451a99e7a47b93a6683b7ab81bdcb67.php 第 435 行.
NOTIC: [8] Undefined index: bottom_volume_di D:\phpStudy\PHPTutorial\WWW\shipplatform2\Runtime\Cache\Admin\a451a99e7a47b93a6683b7ab81bdcb67.php 第 435 行.
NOTIC: [8] Undefined index: bottom_volume_di D:\phpStudy\PHPTutorial\WWW\shipplatform2\Runtime\Cache\Admin\a451a99e7a47b93a6683b7ab81bdcb67.php 第 435 行.
NOTIC: [8] Undefined index: bottom_volume_di D:\phpStudy\PHPTutorial\WWW\shipplatform2\Runtime\Cache\Admin\a451a99e7a47b93a6683b7ab81bdcb67.php 第 435 行.
NOTIC: [8] Undefined index: bottom_volume_di D:\phpStudy\PHPTutorial\WWW\shipplatform2\Runtime\Cache\Admin\a451a99e7a47b93a6683b7ab81bdcb67.php 第 435 行.
NOTIC: [8] Undefined index: bottom_volume_di D:\phpStudy\PHPTutorial\WWW\shipplatform2\Runtime\Cache\Admin\a451a99e7a47b93a6683b7ab81bdcb67.php 第 435 行.
NOTIC: [8] Undefined index: bottom_volume_di D:\phpStudy\PHPTutorial\WWW\shipplatform2\Runtime\Cache\Admin\a451a99e7a47b93a6683b7ab81bdcb67.php 第 435 行.
NOTIC: [8] Undefined index: bottom_volume_di D:\phpStudy\PHPTutorial\WWW\shipplatform2\Runtime\Cache\Admin\a451a99e7a47b93a6683b7ab81bdcb67.php 第 435 行.
NOTIC: [8] Undefined index: bottom_volume_di D:\phpStudy\PHPTutorial\WWW\shipplatform2\Runtime\Cache\Admin\a451a99e7a47b93a6683b7ab81bdcb67.php 第 435 行.
NOTIC: [8] Undefined index: bottom_volume_di D:\phpStudy\PHPTutorial\WWW\shipplatform2\Runtime\Cache\Admin\a451a99e7a47b93a6683b7ab81bdcb67.php 第 435 行.
NOTIC: [8] Undefined index: bottom_volume_di D:\phpStudy\PHPTutorial\WWW\shipplatform2\Runtime\Cache\Admin\a451a99e7a47b93a6683b7ab81bdcb67.php 第 435 行.
NOTIC: [8] Undefined index: bottom_volume_di D:\phpStudy\PHPTutorial\WWW\shipplatform2\Runtime\Cache\Admin\a451a99e7a47b93a6683b7ab81bdcb67.php 第 435 行.
NOTIC: [8] Undefined index: bottom_volume_di D:\phpStudy\PHPTutorial\WWW\shipplatform2\Runtime\Cache\Admin\a451a99e7a47b93a6683b7ab81bdcb67.php 第 435 行.
INFO: Run Behavior\ParseTemplateBehavior [ RunTime:0.088005s ]
INFO: [ view_parse ] --END-- [ RunTime:0.088005s ]
INFO: [ view_filter ] --START--
INFO: Run Behavior\WriteHtmlCacheBehavior [ RunTime:0.001000s ]
INFO: [ view_filter ] --END-- [ RunTime:0.001000s ]
INFO: [ app_end ] --START--
INFO: Run Behavior\ShowPageTraceBehavior [ RunTime:0.001000s ]
INFO: [ app_end ] --END-- [ RunTime:0.001000s ]

[ 2019-07-01T08:47:30+08:00 ] 127.0.0.1 /admin.php?s=/Cabin/index
INFO: [ app_init ] --START--
INFO: Run Behavior\BuildLiteBehavior [ RunTime:0.001000s ]
INFO: [ app_init ] --END-- [ RunTime:0.001000s ]
INFO: [ app_begin ] --START--
INFO: Run Behavior\ReadHtmlCacheBehavior [ RunTime:0.001000s ]
INFO: [ app_begin ] --END-- [ RunTime:0.002000s ]
SQL: SHOW COLUMNS FROM `auth_group_access` [ RunTime:0.0050s ]
SQL: SELECT `uid`,`group_id`,`title`,`rules` FROM auth_group_access a INNER JOIN auth_group g on a.group_id=g.id  WHERE ( a.uid='1' and g.status='1' )  [ RunTime:0.0010s ]
SQL: SHOW COLUMNS FROM `auth_rule` [ RunTime:0.0050s ]
SQL: SELECT `condition`,`name` FROM `auth_rule` WHERE `id` IN ('1','7','8','9','10','24','17','18','19','20','21','22','25','26','27','28','29','30','31','81','32','34','33','35','36','37','38','39','40','41','42','43','44','45','82','46','47','48','49','80','50','51','52','53','54','55','56','57','58','59','60','61','62','63','64','65','66','67','68','69','70','71','72','73','74','75','76','77','78','79') AND `type` = 1 AND `status` = 1  [ RunTime:0.0010s ]
SQL: SHOW COLUMNS FROM `admin` [ RunTime:0.0040s ]
SQL: SELECT `name`,`id` FROM `admin` WHERE `id` = 1 LIMIT 1   [ RunTime:0.0010s ]
SQL: SHOW COLUMNS FROM `cabin` [ RunTime:0.0050s ]
SQL: SELECT COUNT(*) AS tp_count FROM cabin c WHERE (  1 ) LIMIT 1   [ RunTime:0.0000s ]
NOTIC: [8] Undefined index: p D:\phpStudy\PHPTutorial\WWW\shipplatform2\Ship\Admin\Controller\CabinController.class.php 第 32 行.
SQL: SELECT c.id,c.cabinname,c.altitudeheight,c.bottom_volume,c.pipe_line,c.shipid,s.shipname,s.tankcapacityshipid,s.rongliang,s.rongliang_1,s.zx,s.zx_1 FROM cabin c left join ship s on s.id=c.shipid  WHERE (  1 ) ORDER BY c.shipid desc,c.id asc LIMIT 0,24   [ RunTime:0.0010s ]
SQL: SHOW COLUMNS FROM `ship` [ RunTime:0.0060s ]
SQL: SELECT `id`,`shipname` FROM `ship` ORDER BY shipname desc  [ RunTime:0.0000s ]
INFO: [ view_parse ] --START--
INFO: [ template_filter ] --START--
INFO: Run Behavior\ContentReplaceBehavior [ RunTime:0.000000s ]
INFO: [ template_filter ] --END-- [ RunTime:0.001000s ]
NOTIC: [8] Undefined variable: tname D:\phpStudy\PHPTutorial\WWW\shipplatform2\Runtime\Cache\Admin\a451a99e7a47b93a6683b7ab81bdcb67.php 第 406 行.
NOTIC: [8] Undefined index: bottom_volume_di D:\phpStudy\PHPTutorial\WWW\shipplatform2\Runtime\Cache\Admin\a451a99e7a47b93a6683b7ab81bdcb67.php 第 435 行.
NOTIC: [8] Undefined index: bottom_volume_di D:\phpStudy\PHPTutorial\WWW\shipplatform2\Runtime\Cache\Admin\a451a99e7a47b93a6683b7ab81bdcb67.php 第 435 行.
NOTIC: [8] Undefined index: bottom_volume_di D:\phpStudy\PHPTutorial\WWW\shipplatform2\Runtime\Cache\Admin\a451a99e7a47b93a6683b7ab81bdcb67.php 第 435 行.
NOTIC: [8] Undefined index: bottom_volume_di D:\phpStudy\PHPTutorial\WWW\shipplatform2\Runtime\Cache\Admin\a451a99e7a47b93a6683b7ab81bdcb67.php 第 435 行.
NOTIC: [8] Undefined index: bottom_volume_di D:\phpStudy\PHPTutorial\WWW\shipplatform2\Runtime\Cache\Admin\a451a99e7a47b93a6683b7ab81bdcb67.php 第 435 行.
NOTIC: [8] Undefined index: bottom_volume_di D:\phpStudy\PHPTutorial\WWW\shipplatform2\Runtime\Cache\Admin\a451a99e7a47b93a6683b7ab81bdcb67.php 第 435 行.
NOTIC: [8] Undefined index: bottom_volume_di D:\phpStudy\PHPTutorial\WWW\shipplatform2\Runtime\Cache\Admin\a451a99e7a47b93a6683b7ab81bdcb67.php 第 435 行.
NOTIC: [8] Undefined index: bottom_volume_di D:\phpStudy\PHPTutorial\WWW\shipplatform2\Runtime\Cache\Admin\a451a99e7a47b93a6683b7ab81bdcb67.php 第 435 行.
NOTIC: [8] Undefined index: bottom_volume_di D:\phpStudy\PHPTutorial\WWW\shipplatform2\Runtime\Cache\Admin\a451a99e7a47b93a6683b7ab81bdcb67.php 第 435 行.
NOTIC: [8] Undefined index: bottom_volume_di D:\phpStudy\PHPTutorial\WWW\shipplatform2\Runtime\Cache\Admin\a451a99e7a47b93a6683b7ab81bdcb67.php 第 435 行.
NOTIC: [8] Undefined index: bottom_volume_di D:\phpStudy\PHPTutorial\WWW\shipplatform2\Runtime\Cache\Admin\a451a99e7a47b93a6683b7ab81bdcb67.php 第 435 行.
NOTIC: [8] Undefined index: bottom_volume_di D:\phpStudy\PHPTutorial\WWW\shipplatform2\Runtime\Cache\Admin\a451a99e7a47b93a6683b7ab81bdcb67.php 第 435 行.
NOTIC: [8] Undefined index: bottom_volume_di D:\phpStudy\PHPTutorial\WWW\shipplatform2\Runtime\Cache\Admin\a451a99e7a47b93a6683b7ab81bdcb67.php 第 435 行.
NOTIC: [8] Undefined index: bottom_volume_di D:\phpStudy\PHPTutorial\WWW\shipplatform2\Runtime\Cache\Admin\a451a99e7a47b93a6683b7ab81bdcb67.php 第 435 行.
NOTIC: [8] Undefined index: bottom_volume_di D:\phpStudy\PHPTutorial\WWW\shipplatform2\Runtime\Cache\Admin\a451a99e7a47b93a6683b7ab81bdcb67.php 第 435 行.
NOTIC: [8] Undefined index: bottom_volume_di D:\phpStudy\PHPTutorial\WWW\shipplatform2\Runtime\Cache\Admin\a451a99e7a47b93a6683b7ab81bdcb67.php 第 435 行.
NOTIC: [8] Undefined index: bottom_volume_di D:\phpStudy\PHPTutorial\WWW\shipplatform2\Runtime\Cache\Admin\a451a99e7a47b93a6683b7ab81bdcb67.php 第 435 行.
NOTIC: [8] Undefined index: bottom_volume_di D:\phpStudy\PHPTutorial\WWW\shipplatform2\Runtime\Cache\Admin\a451a99e7a47b93a6683b7ab81bdcb67.php 第 435 行.
NOTIC: [8] Undefined index: bottom_volume_di D:\phpStudy\PHPTutorial\WWW\shipplatform2\Runtime\Cache\Admin\a451a99e7a47b93a6683b7ab81bdcb67.php 第 435 行.
NOTIC: [8] Undefined index: bottom_volume_di D:\phpStudy\PHPTutorial\WWW\shipplatform2\Runtime\Cache\Admin\a451a99e7a47b93a6683b7ab81bdcb67.php 第 435 行.
NOTIC: [8] Undefined index: bottom_volume_di D:\phpStudy\PHPTutorial\WWW\shipplatform2\Runtime\Cache\Admin\a451a99e7a47b93a6683b7ab81bdcb67.php 第 435 行.
NOTIC: [8] Undefined index: bottom_volume_di D:\phpStudy\PHPTutorial\WWW\shipplatform2\Runtime\Cache\Admin\a451a99e7a47b93a6683b7ab81bdcb67.php 第 435 行.
NOTIC: [8] Undefined index: bottom_volume_di D:\phpStudy\PHPTutorial\WWW\shipplatform2\Runtime\Cache\Admin\a451a99e7a47b93a6683b7ab81bdcb67.php 第 435 行.
NOTIC: [8] Undefined index: bottom_volume_di D:\phpStudy\PHPTutorial\WWW\shipplatform2\Runtime\Cache\Admin\a451a99e7a47b93a6683b7ab81bdcb67.php 第 435 行.
INFO: Run Behavior\ParseTemplateBehavior [ RunTime:0.068004s ]
INFO: [ view_parse ] --END-- [ RunTime:0.069004s ]
INFO: [ view_filter ] --START--
INFO: Run Behavior\WriteHtmlCacheBehavior [ RunTime:0.001000s ]
INFO: [ view_filter ] --END-- [ RunTime:0.001000s ]
INFO: [ app_end ] --START--
INFO: Run Behavior\ShowPageTraceBehavior [ RunTime:0.001000s ]
INFO: [ app_end ] --END-- [ RunTime:0.001000s ]

[ 2019-07-01T08:47:32+08:00 ] 127.0.0.1 /admin.php?s=/Cabin/add
INFO: [ app_init ] --START--
INFO: Run Behavior\BuildLiteBehavior [ RunTime:0.000000s ]
INFO: [ app_init ] --END-- [ RunTime:0.001000s ]
INFO: [ app_begin ] --START--
INFO: Run Behavior\ReadHtmlCacheBehavior [ RunTime:0.001000s ]
INFO: [ app_begin ] --END-- [ RunTime:0.001000s ]
SQL: SHOW COLUMNS FROM `auth_group_access` [ RunTime:0.0050s ]
SQL: SELECT `uid`,`group_id`,`title`,`rules` FROM auth_group_access a INNER JOIN auth_group g on a.group_id=g.id  WHERE ( a.uid='1' and g.status='1' )  [ RunTime:0.0010s ]
SQL: SHOW COLUMNS FROM `auth_rule` [ RunTime:0.0050s ]
SQL: SELECT `condition`,`name` FROM `auth_rule` WHERE `id` IN ('1','7','8','9','10','24','17','18','19','20','21','22','25','26','27','28','29','30','31','81','32','34','33','35','36','37','38','39','40','41','42','43','44','45','82','46','47','48','49','80','50','51','52','53','54','55','56','57','58','59','60','61','62','63','64','65','66','67','68','69','70','71','72','73','74','75','76','77','78','79') AND `type` = 1 AND `status` = 1  [ RunTime:0.0000s ]
SQL: SHOW COLUMNS FROM `admin` [ RunTime:0.0050s ]
SQL: SELECT `name`,`id` FROM `admin` WHERE `id` = 1 LIMIT 1   [ RunTime:0.0000s ]
SQL: SHOW COLUMNS FROM `cabin` [ RunTime:0.0050s ]
SQL: SHOW COLUMNS FROM `ship` [ RunTime:0.0050s ]
SQL: SELECT `id`,`shipname`,`cabinnum`,`suanfa` FROM `ship` ORDER BY shipname asc  [ RunTime:0.0010s ]
SQL: SELECT COUNT(*) AS tp_count FROM `cabin` WHERE `shipid` = 10 LIMIT 1   [ RunTime:0.0000s ]
SQL: SELECT COUNT(*) AS tp_count FROM `cabin` WHERE `shipid` = 6 LIMIT 1   [ RunTime:0.0000s ]
SQL: SELECT COUNT(*) AS tp_count FROM `cabin` WHERE `shipid` = 13 LIMIT 1   [ RunTime:0.0000s ]
SQL: SELECT COUNT(*) AS tp_count FROM `cabin` WHERE `shipid` = 7 LIMIT 1   [ RunTime:0.0000s ]
SQL: SELECT COUNT(*) AS tp_count FROM `cabin` WHERE `shipid` = 12 LIMIT 1   [ RunTime:0.0000s ]
SQL: SELECT COUNT(*) AS tp_count FROM `cabin` WHERE `shipid` = 14 LIMIT 1   [ RunTime:0.0000s ]
SQL: SELECT COUNT(*) AS tp_count FROM `cabin` WHERE `shipid` = 11 LIMIT 1   [ RunTime:0.0000s ]
SQL: SELECT COUNT(*) AS tp_count FROM `cabin` WHERE `shipid` = 9 LIMIT 1   [ RunTime:0.0000s ]
SQL: SELECT COUNT(*) AS tp_count FROM `cabin` WHERE `shipid` = 8 LIMIT 1   [ RunTime:0.0000s ]
SQL: SELECT COUNT(*) AS tp_count FROM `cabin` WHERE `shipid` = 75 LIMIT 1   [ RunTime:0.0000s ]
SQL: SELECT COUNT(*) AS tp_count FROM `cabin` WHERE `shipid` = 78 LIMIT 1   [ RunTime:0.0000s ]
SQL: SELECT COUNT(*) AS tp_count FROM `cabin` WHERE `shipid` = 15 LIMIT 1   [ RunTime:0.0000s ]
SQL: SELECT COUNT(*) AS tp_count FROM `cabin` WHERE `shipid` = 84 LIMIT 1   [ RunTime:0.0000s ]
SQL: SELECT COUNT(*) AS tp_count FROM `cabin` WHERE `shipid` = 76 LIMIT 1   [ RunTime:0.0000s ]
SQL: SELECT COUNT(*) AS tp_count FROM `cabin` WHERE `shipid` = 77 LIMIT 1   [ RunTime:0.0000s ]
SQL: SELECT COUNT(*) AS tp_count FROM `cabin` WHERE `shipid` = 16 LIMIT 1   [ RunTime:0.0010s ]
SQL: SELECT COUNT(*) AS tp_count FROM `cabin` WHERE `shipid` = 79 LIMIT 1   [ RunTime:0.0010s ]
SQL: SELECT COUNT(*) AS tp_count FROM `cabin` WHERE `shipid` = 81 LIMIT 1   [ RunTime:0.0010s ]
SQL: SELECT COUNT(*) AS tp_count FROM `cabin` WHERE `shipid` = 86 LIMIT 1   [ RunTime:0.0010s ]
SQL: SELECT COUNT(*) AS tp_count FROM `cabin` WHERE `shipid` = 82 LIMIT 1   [ RunTime:0.0010s ]
SQL: SELECT COUNT(*) AS tp_count FROM `cabin` WHERE `shipid` = 89 LIMIT 1   [ RunTime:0.0010s ]
SQL: SELECT COUNT(*) AS tp_count FROM `cabin` WHERE `shipid` = 94 LIMIT 1   [ RunTime:0.0010s ]
SQL: SELECT COUNT(*) AS tp_count FROM `cabin` WHERE `shipid` = 93 LIMIT 1   [ RunTime:0.0010s ]
SQL: SELECT COUNT(*) AS tp_count FROM `cabin` WHERE `shipid` = 92 LIMIT 1   [ RunTime:0.0000s ]
SQL: SELECT COUNT(*) AS tp_count FROM `cabin` WHERE `shipid` = 91 LIMIT 1   [ RunTime:0.0000s ]
SQL: SELECT COUNT(*) AS tp_count FROM `cabin` WHERE `shipid` = 90 LIMIT 1   [ RunTime:0.0000s ]
SQL: SELECT COUNT(*) AS tp_count FROM `cabin` WHERE `shipid` = 83 LIMIT 1   [ RunTime:0.0000s ]
SQL: SELECT COUNT(*) AS tp_count FROM `cabin` WHERE `shipid` = 88 LIMIT 1   [ RunTime:0.0000s ]
SQL: SELECT COUNT(*) AS tp_count FROM `cabin` WHERE `shipid` = 87 LIMIT 1   [ RunTime:0.0000s ]
SQL: SELECT COUNT(*) AS tp_count FROM `cabin` WHERE `shipid` = 85 LIMIT 1   [ RunTime:0.0000s ]
INFO: [ view_parse ] --START--
INFO: [ template_filter ] --START--
INFO: Run Behavior\ContentReplaceBehavior [ RunTime:0.000000s ]
INFO: [ template_filter ] --END-- [ RunTime:0.000000s ]
INFO: Run Behavior\ParseTemplateBehavior [ RunTime:0.051003s ]
INFO: [ view_parse ] --END-- [ RunTime:0.051003s ]
INFO: [ view_filter ] --START--
INFO: Run Behavior\WriteHtmlCacheBehavior [ RunTime:0.001000s ]
INFO: [ view_filter ] --END-- [ RunTime:0.001000s ]
INFO: [ app_end ] --START--
INFO: Run Behavior\ShowPageTraceBehavior [ RunTime:0.002000s ]
INFO: [ app_end ] --END-- [ RunTime:0.002000s ]

[ 2019-07-01T08:50:54+08:00 ] 127.0.0.1 /admin.php?s=/Firm/index
INFO: [ app_init ] --START--
INFO: Run Behavior\BuildLiteBehavior [ RunTime:0.000000s ]
INFO: [ app_init ] --END-- [ RunTime:0.001000s ]
INFO: [ app_begin ] --START--
INFO: Run Behavior\ReadHtmlCacheBehavior [ RunTime:0.002000s ]
INFO: [ app_begin ] --END-- [ RunTime:0.002000s ]
SQL: SHOW COLUMNS FROM `auth_group_access` [ RunTime:0.0050s ]
SQL: SELECT `uid`,`group_id`,`title`,`rules` FROM auth_group_access a INNER JOIN auth_group g on a.group_id=g.id  WHERE ( a.uid='1' and g.status='1' )  [ RunTime:0.0010s ]
SQL: SHOW COLUMNS FROM `auth_rule` [ RunTime:0.0050s ]
SQL: SELECT `condition`,`name` FROM `auth_rule` WHERE `id` IN ('1','7','8','9','10','24','17','18','19','20','21','22','25','26','27','28','29','30','31','81','32','34','33','35','36','37','38','39','40','41','42','43','44','45','82','46','47','48','49','80','50','51','52','53','54','55','56','57','58','59','60','61','62','63','64','65','66','67','68','69','70','71','72','73','74','75','76','77','78','79') AND `type` = 1 AND `status` = 1  [ RunTime:0.0010s ]
SQL: SHOW COLUMNS FROM `admin` [ RunTime:0.0050s ]
SQL: SELECT `name`,`id` FROM `admin` WHERE `id` = 1 LIMIT 1   [ RunTime:0.0000s ]
SQL: SHOW COLUMNS FROM `firm` [ RunTime:0.0060s ]
SQL: SELECT COUNT(*) AS tp_count FROM `firm` LIMIT 1   [ RunTime:0.0000s ]
NOTIC: [8] Undefined index: p D:\phpStudy\PHPTutorial\WWW\shipplatform2\Ship\Admin\Controller\FirmController.class.php 第 22 行.
SQL: SELECT * FROM `firm` ORDER BY id asc LIMIT 0,30   [ RunTime:0.0010s ]
INFO: [ view_parse ] --START--
INFO: [ template_filter ] --START--
INFO: Run Behavior\ContentReplaceBehavior [ RunTime:0.001000s ]
INFO: [ template_filter ] --END-- [ RunTime:0.001000s ]
INFO: Run Behavior\ParseTemplateBehavior [ RunTime:0.052003s ]
INFO: [ view_parse ] --END-- [ RunTime:0.052003s ]
INFO: [ view_filter ] --START--
INFO: Run Behavior\WriteHtmlCacheBehavior [ RunTime:0.001000s ]
INFO: [ view_filter ] --END-- [ RunTime:0.001000s ]
INFO: [ app_end ] --START--
INFO: Run Behavior\ShowPageTraceBehavior [ RunTime:0.001001s ]
INFO: [ app_end ] --END-- [ RunTime:0.002001s ]

[ 2019-07-01T08:50:57+08:00 ] 127.0.0.1 /admin.php?s=/Firm/add
INFO: [ app_init ] --START--
INFO: Run Behavior\BuildLiteBehavior [ RunTime:0.000000s ]
INFO: [ app_init ] --END-- [ RunTime:0.000000s ]
INFO: [ app_begin ] --START--
INFO: Run Behavior\ReadHtmlCacheBehavior [ RunTime:0.000000s ]
INFO: [ app_begin ] --END-- [ RunTime:0.001000s ]
SQL: SHOW COLUMNS FROM `auth_group_access` [ RunTime:0.0050s ]
SQL: SELECT `uid`,`group_id`,`title`,`rules` FROM auth_group_access a INNER JOIN auth_group g on a.group_id=g.id  WHERE ( a.uid='1' and g.status='1' )  [ RunTime:0.0010s ]
SQL: SHOW COLUMNS FROM `auth_rule` [ RunTime:0.0050s ]
SQL: SELECT `condition`,`name` FROM `auth_rule` WHERE `id` IN ('1','7','8','9','10','24','17','18','19','20','21','22','25','26','27','28','29','30','31','81','32','34','33','35','36','37','38','39','40','41','42','43','44','45','82','46','47','48','49','80','50','51','52','53','54','55','56','57','58','59','60','61','62','63','64','65','66','67','68','69','70','71','72','73','74','75','76','77','78','79') AND `type` = 1 AND `status` = 1  [ RunTime:0.0010s ]
SQL: SHOW COLUMNS FROM `admin` [ RunTime:0.0050s ]
SQL: SELECT `name`,`id` FROM `admin` WHERE `id` = 1 LIMIT 1   [ RunTime:0.0000s ]
INFO: [ view_parse ] --START--
INFO: [ template_filter ] --START--
INFO: Run Behavior\ContentReplaceBehavior [ RunTime:0.001000s ]
INFO: [ template_filter ] --END-- [ RunTime:0.001000s ]
NOTIC: [8] Undefined variable: data D:\phpStudy\PHPTutorial\WWW\shipplatform2\Runtime\Cache\Admin\b6a202ca35f3373cd617eb5053ba9247.php 第 517 行.
INFO: Run Behavior\ParseTemplateBehavior [ RunTime:0.046003s ]
INFO: [ view_parse ] --END-- [ RunTime:0.046003s ]
INFO: [ view_filter ] --START--
INFO: Run Behavior\WriteHtmlCacheBehavior [ RunTime:0.001000s ]
INFO: [ view_filter ] --END-- [ RunTime:0.001000s ]
INFO: [ app_end ] --START--
INFO: Run Behavior\ShowPageTraceBehavior [ RunTime:0.001000s ]
INFO: [ app_end ] --END-- [ RunTime:0.002000s ]

[ 2019-07-01T08:51:57+08:00 ] 127.0.0.1 /admin.php
INFO: [ app_init ] --START--
INFO: Run Behavior\BuildLiteBehavior [ RunTime:0.000000s ]
INFO: [ app_init ] --END-- [ RunTime:0.001000s ]
INFO: [ app_begin ] --START--
INFO: Run Behavior\ReadHtmlCacheBehavior [ RunTime:0.001000s ]
INFO: [ app_begin ] --END-- [ RunTime:0.002000s ]
INFO: [ view_parse ] --START--
INFO: [ template_filter ] --START--
INFO: Run Behavior\ContentReplaceBehavior [ RunTime:0.001000s ]
INFO: [ template_filter ] --END-- [ RunTime:0.001000s ]
INFO: Run Behavior\ParseTemplateBehavior [ RunTime:0.009001s ]
INFO: [ view_parse ] --END-- [ RunTime:0.010001s ]
INFO: [ view_filter ] --START--
INFO: Run Behavior\WriteHtmlCacheBehavior [ RunTime:0.000000s ]
INFO: [ view_filter ] --END-- [ RunTime:0.000000s ]

[ 2019-07-01T08:56:06+08:00 ] 127.0.0.1 /admin.php?s=/Firm/index
INFO: [ app_init ] --START--
INFO: Run Behavior\BuildLiteBehavior [ RunTime:0.001000s ]
INFO: [ app_init ] --END-- [ RunTime:0.001000s ]
INFO: [ app_begin ] --START--
INFO: Run Behavior\ReadHtmlCacheBehavior [ RunTime:0.001000s ]
INFO: [ app_begin ] --END-- [ RunTime:0.001000s ]
SQL: SHOW COLUMNS FROM `auth_group_access` [ RunTime:0.0050s ]
SQL: SELECT `uid`,`group_id`,`title`,`rules` FROM auth_group_access a INNER JOIN auth_group g on a.group_id=g.id  WHERE ( a.uid='1' and g.status='1' )  [ RunTime:0.0010s ]
SQL: SHOW COLUMNS FROM `auth_rule` [ RunTime:0.0050s ]
SQL: SELECT `condition`,`name` FROM `auth_rule` WHERE `id` IN ('1','7','8','9','10','24','17','18','19','20','21','22','25','26','27','28','29','30','31','81','32','34','33','35','36','37','38','39','40','41','42','43','44','45','82','46','47','48','49','80','50','51','52','53','54','55','56','57','58','59','60','61','62','63','64','65','66','67','68','69','70','71','72','73','74','75','76','77','78','79') AND `type` = 1 AND `status` = 1  [ RunTime:0.0010s ]
SQL: SHOW COLUMNS FROM `admin` [ RunTime:0.0050s ]
SQL: SELECT `name`,`id` FROM `admin` WHERE `id` = 1 LIMIT 1   [ RunTime:0.0000s ]
SQL: SHOW COLUMNS FROM `firm` [ RunTime:0.0050s ]
SQL: SELECT COUNT(*) AS tp_count FROM `firm` LIMIT 1   [ RunTime:0.0000s ]
NOTIC: [8] Undefined index: p D:\phpStudy\PHPTutorial\WWW\shipplatform2\Ship\Admin\Controller\FirmController.class.php 第 22 行.
SQL: SELECT * FROM `firm` ORDER BY id asc LIMIT 0,30   [ RunTime:0.0010s ]
INFO: [ view_parse ] --START--
INFO: [ template_filter ] --START--
INFO: Run Behavior\ContentReplaceBehavior [ RunTime:0.001000s ]
INFO: [ template_filter ] --END-- [ RunTime:0.001000s ]
INFO: Run Behavior\ParseTemplateBehavior [ RunTime:0.050003s ]
INFO: [ view_parse ] --END-- [ RunTime:0.051003s ]
INFO: [ view_filter ] --START--
INFO: Run Behavior\WriteHtmlCacheBehavior [ RunTime:0.001000s ]
INFO: [ view_filter ] --END-- [ RunTime:0.001000s ]
INFO: [ app_end ] --START--
INFO: Run Behavior\ShowPageTraceBehavior [ RunTime:0.001000s ]
INFO: [ app_end ] --END-- [ RunTime:0.002000s ]

[ 2019-07-01T08:57:24+08:00 ] 127.0.0.1 /admin.php?s=/Firm/add
INFO: [ app_init ] --START--
INFO: Run Behavior\BuildLiteBehavior [ RunTime:0.000000s ]
INFO: [ app_init ] --END-- [ RunTime:0.002000s ]
INFO: [ app_begin ] --START--
INFO: Run Behavior\ReadHtmlCacheBehavior [ RunTime:0.002000s ]
INFO: [ app_begin ] --END-- [ RunTime:0.002000s ]
SQL: SHOW COLUMNS FROM `auth_group_access` [ RunTime:0.0050s ]
SQL: SELECT `uid`,`group_id`,`title`,`rules` FROM auth_group_access a INNER JOIN auth_group g on a.group_id=g.id  WHERE ( a.uid='1' and g.status='1' )  [ RunTime:0.0010s ]
SQL: SHOW COLUMNS FROM `auth_rule` [ RunTime:0.0050s ]
SQL: SELECT `condition`,`name` FROM `auth_rule` WHERE `id` IN ('1','7','8','9','10','24','17','18','19','20','21','22','25','26','27','28','29','30','31','81','32','34','33','35','36','37','38','39','40','41','42','43','44','45','82','46','47','48','49','80','50','51','52','53','54','55','56','57','58','59','60','61','62','63','64','65','66','67','68','69','70','71','72','73','74','75','76','77','78','79') AND `type` = 1 AND `status` = 1  [ RunTime:0.0010s ]
SQL: SHOW COLUMNS FROM `admin` [ RunTime:0.0060s ]
SQL: SELECT `name`,`id` FROM `admin` WHERE `id` = 1 LIMIT 1   [ RunTime:0.0000s ]
INFO: [ view_parse ] --START--
INFO: [ template_filter ] --START--
INFO: Run Behavior\ContentReplaceBehavior [ RunTime:0.001001s ]
INFO: [ template_filter ] --END-- [ RunTime:0.001001s ]
NOTIC: [8] Undefined variable: data D:\phpStudy\PHPTutorial\WWW\shipplatform2\Runtime\Cache\Admin\b6a202ca35f3373cd617eb5053ba9247.php 第 517 行.
INFO: Run Behavior\ParseTemplateBehavior [ RunTime:0.031002s ]
INFO: [ view_parse ] --END-- [ RunTime:0.031002s ]
INFO: [ view_filter ] --START--
INFO: Run Behavior\WriteHtmlCacheBehavior [ RunTime:0.001000s ]
INFO: [ view_filter ] --END-- [ RunTime:0.001000s ]
INFO: [ app_end ] --START--
INFO: Run Behavior\ShowPageTraceBehavior [ RunTime:0.001000s ]
INFO: [ app_end ] --END-- [ RunTime:0.001000s ]

[ 2019-07-01T10:32:15+08:00 ] 127.0.0.1 /admin.php?s=/Ship/index
INFO: [ app_init ] --START--
INFO: Run Behavior\BuildLiteBehavior [ RunTime:0.000000s ]
INFO: [ app_init ] --END-- [ RunTime:0.001000s ]
INFO: [ app_begin ] --START--
INFO: Run Behavior\ReadHtmlCacheBehavior [ RunTime:0.001000s ]
INFO: [ app_begin ] --END-- [ RunTime:0.001000s ]
SQL: SHOW COLUMNS FROM `auth_group_access` [ RunTime:0.0080s ]
SQL: SELECT `uid`,`group_id`,`title`,`rules` FROM auth_group_access a INNER JOIN auth_group g on a.group_id=g.id  WHERE ( a.uid='1' and g.status='1' )  [ RunTime:0.0010s ]
SQL: SHOW COLUMNS FROM `auth_rule` [ RunTime:0.0050s ]
SQL: SELECT `condition`,`name` FROM `auth_rule` WHERE `id` IN ('1','7','8','9','10','24','17','18','19','20','21','22','25','26','27','28','29','30','31','81','32','34','33','35','36','37','38','39','40','41','42','43','44','45','82','46','47','48','49','80','50','51','52','53','54','55','56','57','58','59','60','61','62','63','64','65','66','67','68','69','70','71','72','73','74','75','76','77','78','79') AND `type` = 1 AND `status` = 1  [ RunTime:0.0010s ]
SQL: SHOW COLUMNS FROM `admin` [ RunTime:0.0060s ]
SQL: SELECT `name`,`id` FROM `admin` WHERE `id` = 1 LIMIT 1   [ RunTime:0.0000s ]
SQL: SHOW COLUMNS FROM `ship` [ RunTime:0.0060s ]
SQL: SELECT COUNT(*) AS tp_count FROM `ship` WHERE (  1 ) LIMIT 1   [ RunTime:0.0010s ]
NOTIC: [8] Undefined index: p D:\phpStudy\PHPTutorial\WWW\shipplatform2\Ship\Admin\Controller\ShipController.class.php 第 37 行.
SQL: SELECT s.id,s.shipname,s.number,s.cabinnum,f.firmname FROM ship s left join firm f on f.id=s.firmid  WHERE (  1 ) ORDER BY s.id desc,f.firmname desc LIMIT 0,30   [ RunTime:0.0010s ]
SQL: SHOW COLUMNS FROM `firm` [ RunTime:0.0050s ]
SQL: SELECT `id`,`firmname` FROM `firm`  [ RunTime:0.0010s ]
INFO: [ view_parse ] --START--
INFO: [ template_filter ] --START--
INFO: Run Behavior\ContentReplaceBehavior [ RunTime:0.001000s ]
INFO: [ template_filter ] --END-- [ RunTime:0.001000s ]
INFO: Run Behavior\ParseTemplateBehavior [ RunTime:0.058004s ]
INFO: [ view_parse ] --END-- [ RunTime:0.058004s ]
INFO: [ view_filter ] --START--
INFO: Run Behavior\WriteHtmlCacheBehavior [ RunTime:0.001000s ]
INFO: [ view_filter ] --END-- [ RunTime:0.001000s ]
INFO: [ app_end ] --START--
INFO: Run Behavior\ShowPageTraceBehavior [ RunTime:0.001000s ]
INFO: [ app_end ] --END-- [ RunTime:0.001000s ]

[ 2019-07-01T10:32:16+08:00 ] 127.0.0.1 /admin.php?s=/Ship/index
INFO: [ app_init ] --START--
INFO: Run Behavior\BuildLiteBehavior [ RunTime:0.000000s ]
INFO: [ app_init ] --END-- [ RunTime:0.000000s ]
INFO: [ app_begin ] --START--
INFO: Run Behavior\ReadHtmlCacheBehavior [ RunTime:0.001000s ]
INFO: [ app_begin ] --END-- [ RunTime:0.002000s ]
SQL: SHOW COLUMNS FROM `auth_group_access` [ RunTime:0.0050s ]
SQL: SELECT `uid`,`group_id`,`title`,`rules` FROM auth_group_access a INNER JOIN auth_group g on a.group_id=g.id  WHERE ( a.uid='1' and g.status='1' )  [ RunTime:0.0010s ]
SQL: SHOW COLUMNS FROM `auth_rule` [ RunTime:0.0150s ]
SQL: SELECT `condition`,`name` FROM `auth_rule` WHERE `id` IN ('1','7','8','9','10','24','17','18','19','20','21','22','25','26','27','28','29','30','31','81','32','34','33','35','36','37','38','39','40','41','42','43','44','45','82','46','47','48','49','80','50','51','52','53','54','55','56','57','58','59','60','61','62','63','64','65','66','67','68','69','70','71','72','73','74','75','76','77','78','79') AND `type` = 1 AND `status` = 1  [ RunTime:0.0010s ]
SQL: SHOW COLUMNS FROM `admin` [ RunTime:0.0080s ]
SQL: SELECT `name`,`id` FROM `admin` WHERE `id` = 1 LIMIT 1   [ RunTime:0.0030s ]
SQL: SHOW COLUMNS FROM `ship` [ RunTime:0.0150s ]
SQL: SELECT COUNT(*) AS tp_count FROM `ship` WHERE (  1 ) LIMIT 1   [ RunTime:0.0010s ]
NOTIC: [8] Undefined index: p D:\phpStudy\PHPTutorial\WWW\shipplatform2\Ship\Admin\Controller\ShipController.class.php 第 37 行.
SQL: SELECT s.id,s.shipname,s.number,s.cabinnum,f.firmname FROM ship s left join firm f on f.id=s.firmid  WHERE (  1 ) ORDER BY s.id desc,f.firmname desc LIMIT 0,30   [ RunTime:0.0010s ]
SQL: SHOW COLUMNS FROM `firm` [ RunTime:0.0080s ]
SQL: SELECT `id`,`firmname` FROM `firm`  [ RunTime:0.0010s ]
INFO: [ view_parse ] --START--
INFO: [ template_filter ] --START--
INFO: Run Behavior\ContentReplaceBehavior [ RunTime:0.000000s ]
INFO: [ template_filter ] --END-- [ RunTime:0.001000s ]
INFO: Run Behavior\ParseTemplateBehavior [ RunTime:0.073005s ]
INFO: [ view_parse ] --END-- [ RunTime:0.073005s ]
INFO: [ view_filter ] --START--
INFO: Run Behavior\WriteHtmlCacheBehavior [ RunTime:0.001000s ]
INFO: [ view_filter ] --END-- [ RunTime:0.001000s ]
INFO: [ app_end ] --START--
INFO: Run Behavior\ShowPageTraceBehavior [ RunTime:0.001000s ]
INFO: [ app_end ] --END-- [ RunTime:0.002000s ]

[ 2019-07-01T10:32:16+08:00 ] 127.0.0.1 /admin.php?s=/Cabin/index
INFO: [ app_init ] --START--
INFO: Run Behavior\BuildLiteBehavior [ RunTime:0.000000s ]
INFO: [ app_init ] --END-- [ RunTime:0.000000s ]
INFO: [ app_begin ] --START--
INFO: Run Behavior\ReadHtmlCacheBehavior [ RunTime:0.000000s ]
INFO: [ app_begin ] --END-- [ RunTime:0.001001s ]
SQL: SHOW COLUMNS FROM `auth_group_access` [ RunTime:0.0060s ]
SQL: SELECT `uid`,`group_id`,`title`,`rules` FROM auth_group_access a INNER JOIN auth_group g on a.group_id=g.id  WHERE ( a.uid='1' and g.status='1' )  [ RunTime:0.0000s ]
SQL: SHOW COLUMNS FROM `auth_rule` [ RunTime:0.0050s ]
SQL: SELECT `condition`,`name` FROM `auth_rule` WHERE `id` IN ('1','7','8','9','10','24','17','18','19','20','21','22','25','26','27','28','29','30','31','81','32','34','33','35','36','37','38','39','40','41','42','43','44','45','82','46','47','48','49','80','50','51','52','53','54','55','56','57','58','59','60','61','62','63','64','65','66','67','68','69','70','71','72','73','74','75','76','77','78','79') AND `type` = 1 AND `status` = 1  [ RunTime:0.0010s ]
SQL: SHOW COLUMNS FROM `admin` [ RunTime:0.0060s ]
SQL: SELECT `name`,`id` FROM `admin` WHERE `id` = 1 LIMIT 1   [ RunTime:0.0010s ]
SQL: SHOW COLUMNS FROM `cabin` [ RunTime:0.0060s ]
SQL: SELECT COUNT(*) AS tp_count FROM cabin c WHERE (  1 ) LIMIT 1   [ RunTime:0.0010s ]
NOTIC: [8] Undefined index: p D:\phpStudy\PHPTutorial\WWW\shipplatform2\Ship\Admin\Controller\CabinController.class.php 第 32 行.
SQL: SELECT c.id,c.cabinname,c.altitudeheight,c.bottom_volume,c.pipe_line,c.shipid,s.shipname,s.tankcapacityshipid,s.rongliang,s.rongliang_1,s.zx,s.zx_1 FROM cabin c left join ship s on s.id=c.shipid  WHERE (  1 ) ORDER BY c.shipid desc,c.id asc LIMIT 0,24   [ RunTime:0.0010s ]
SQL: SHOW COLUMNS FROM `ship` [ RunTime:0.0070s ]
SQL: SELECT `id`,`shipname` FROM `ship` ORDER BY shipname desc  [ RunTime:0.0010s ]
INFO: [ view_parse ] --START--
INFO: [ template_filter ] --START--
INFO: Run Behavior\ContentReplaceBehavior [ RunTime:0.001001s ]
INFO: [ template_filter ] --END-- [ RunTime:0.001001s ]
NOTIC: [8] Undefined variable: tname D:\phpStudy\PHPTutorial\WWW\shipplatform2\Runtime\Cache\Admin\a451a99e7a47b93a6683b7ab81bdcb67.php 第 406 行.
NOTIC: [8] Undefined index: bottom_volume_di D:\phpStudy\PHPTutorial\WWW\shipplatform2\Runtime\Cache\Admin\a451a99e7a47b93a6683b7ab81bdcb67.php 第 435 行.
NOTIC: [8] Undefined index: bottom_volume_di D:\phpStudy\PHPTutorial\WWW\shipplatform2\Runtime\Cache\Admin\a451a99e7a47b93a6683b7ab81bdcb67.php 第 435 行.
NOTIC: [8] Undefined index: bottom_volume_di D:\phpStudy\PHPTutorial\WWW\shipplatform2\Runtime\Cache\Admin\a451a99e7a47b93a6683b7ab81bdcb67.php 第 435 行.
NOTIC: [8] Undefined index: bottom_volume_di D:\phpStudy\PHPTutorial\WWW\shipplatform2\Runtime\Cache\Admin\a451a99e7a47b93a6683b7ab81bdcb67.php 第 435 行.
NOTIC: [8] Undefined index: bottom_volume_di D:\phpStudy\PHPTutorial\WWW\shipplatform2\Runtime\Cache\Admin\a451a99e7a47b93a6683b7ab81bdcb67.php 第 435 行.
NOTIC: [8] Undefined index: bottom_volume_di D:\phpStudy\PHPTutorial\WWW\shipplatform2\Runtime\Cache\Admin\a451a99e7a47b93a6683b7ab81bdcb67.php 第 435 行.
NOTIC: [8] Undefined index: bottom_volume_di D:\phpStudy\PHPTutorial\WWW\shipplatform2\Runtime\Cache\Admin\a451a99e7a47b93a6683b7ab81bdcb67.php 第 435 行.
NOTIC: [8] Undefined index: bottom_volume_di D:\phpStudy\PHPTutorial\WWW\shipplatform2\Runtime\Cache\Admin\a451a99e7a47b93a6683b7ab81bdcb67.php 第 435 行.
NOTIC: [8] Undefined index: bottom_volume_di D:\phpStudy\PHPTutorial\WWW\shipplatform2\Runtime\Cache\Admin\a451a99e7a47b93a6683b7ab81bdcb67.php 第 435 行.
NOTIC: [8] Undefined index: bottom_volume_di D:\phpStudy\PHPTutorial\WWW\shipplatform2\Runtime\Cache\Admin\a451a99e7a47b93a6683b7ab81bdcb67.php 第 435 行.
NOTIC: [8] Undefined index: bottom_volume_di D:\phpStudy\PHPTutorial\WWW\shipplatform2\Runtime\Cache\Admin\a451a99e7a47b93a6683b7ab81bdcb67.php 第 435 行.
NOTIC: [8] Undefined index: bottom_volume_di D:\phpStudy\PHPTutorial\WWW\shipplatform2\Runtime\Cache\Admin\a451a99e7a47b93a6683b7ab81bdcb67.php 第 435 行.
NOTIC: [8] Undefined index: bottom_volume_di D:\phpStudy\PHPTutorial\WWW\shipplatform2\Runtime\Cache\Admin\a451a99e7a47b93a6683b7ab81bdcb67.php 第 435 行.
NOTIC: [8] Undefined index: bottom_volume_di D:\phpStudy\PHPTutorial\WWW\shipplatform2\Runtime\Cache\Admin\a451a99e7a47b93a6683b7ab81bdcb67.php 第 435 行.
NOTIC: [8] Undefined index: bottom_volume_di D:\phpStudy\PHPTutorial\WWW\shipplatform2\Runtime\Cache\Admin\a451a99e7a47b93a6683b7ab81bdcb67.php 第 435 行.
NOTIC: [8] Undefined index: bottom_volume_di D:\phpStudy\PHPTutorial\WWW\shipplatform2\Runtime\Cache\Admin\a451a99e7a47b93a6683b7ab81bdcb67.php 第 435 行.
NOTIC: [8] Undefined index: bottom_volume_di D:\phpStudy\PHPTutorial\WWW\shipplatform2\Runtime\Cache\Admin\a451a99e7a47b93a6683b7ab81bdcb67.php 第 435 行.
NOTIC: [8] Undefined index: bottom_volume_di D:\phpStudy\PHPTutorial\WWW\shipplatform2\Runtime\Cache\Admin\a451a99e7a47b93a6683b7ab81bdcb67.php 第 435 行.
NOTIC: [8] Undefined index: bottom_volume_di D:\phpStudy\PHPTutorial\WWW\shipplatform2\Runtime\Cache\Admin\a451a99e7a47b93a6683b7ab81bdcb67.php 第 435 行.
NOTIC: [8] Undefined index: bottom_volume_di D:\phpStudy\PHPTutorial\WWW\shipplatform2\Runtime\Cache\Admin\a451a99e7a47b93a6683b7ab81bdcb67.php 第 435 行.
NOTIC: [8] Undefined index: bottom_volume_di D:\phpStudy\PHPTutorial\WWW\shipplatform2\Runtime\Cache\Admin\a451a99e7a47b93a6683b7ab81bdcb67.php 第 435 行.
NOTIC: [8] Undefined index: bottom_volume_di D:\phpStudy\PHPTutorial\WWW\shipplatform2\Runtime\Cache\Admin\a451a99e7a47b93a6683b7ab81bdcb67.php 第 435 行.
NOTIC: [8] Undefined index: bottom_volume_di D:\phpStudy\PHPTutorial\WWW\shipplatform2\Runtime\Cache\Admin\a451a99e7a47b93a6683b7ab81bdcb67.php 第 435 行.
NOTIC: [8] Undefined index: bottom_volume_di D:\phpStudy\PHPTutorial\WWW\shipplatform2\Runtime\Cache\Admin\a451a99e7a47b93a6683b7ab81bdcb67.php 第 435 行.
INFO: Run Behavior\ParseTemplateBehavior [ RunTime:0.069004s ]
INFO: [ view_parse ] --END-- [ RunTime:0.069004s ]
INFO: [ view_filter ] --START--
INFO: Run Behavior\WriteHtmlCacheBehavior [ RunTime:0.000000s ]
INFO: [ view_filter ] --END-- [ RunTime:0.000000s ]
INFO: [ app_end ] --START--
INFO: Run Behavior\ShowPageTraceBehavior [ RunTime:0.001000s ]
INFO: [ app_end ] --END-- [ RunTime:0.001000s ]

[ 2019-07-01T10:32:17+08:00 ] 127.0.0.1 /admin.php?s=/Cabin/add
INFO: [ app_init ] --START--
INFO: Run Behavior\BuildLiteBehavior [ RunTime:0.001000s ]
INFO: [ app_init ] --END-- [ RunTime:0.001000s ]
INFO: [ app_begin ] --START--
INFO: Run Behavior\ReadHtmlCacheBehavior [ RunTime:0.001001s ]
INFO: [ app_begin ] --END-- [ RunTime:0.001001s ]
SQL: SHOW COLUMNS FROM `auth_group_access` [ RunTime:0.0050s ]
SQL: SELECT `uid`,`group_id`,`title`,`rules` FROM auth_group_access a INNER JOIN auth_group g on a.group_id=g.id  WHERE ( a.uid='1' and g.status='1' )  [ RunTime:0.0000s ]
SQL: SHOW COLUMNS FROM `auth_rule` [ RunTime:0.0040s ]
SQL: SELECT `condition`,`name` FROM `auth_rule` WHERE `id` IN ('1','7','8','9','10','24','17','18','19','20','21','22','25','26','27','28','29','30','31','81','32','34','33','35','36','37','38','39','40','41','42','43','44','45','82','46','47','48','49','80','50','51','52','53','54','55','56','57','58','59','60','61','62','63','64','65','66','67','68','69','70','71','72','73','74','75','76','77','78','79') AND `type` = 1 AND `status` = 1  [ RunTime:0.0010s ]
SQL: SHOW COLUMNS FROM `admin` [ RunTime:0.0050s ]
SQL: SELECT `name`,`id` FROM `admin` WHERE `id` = 1 LIMIT 1   [ RunTime:0.0000s ]
SQL: SHOW COLUMNS FROM `cabin` [ RunTime:0.0050s ]
SQL: SHOW COLUMNS FROM `ship` [ RunTime:0.0050s ]
SQL: SELECT `id`,`shipname`,`cabinnum`,`suanfa` FROM `ship` ORDER BY shipname asc  [ RunTime:0.0010s ]
SQL: SELECT COUNT(*) AS tp_count FROM `cabin` WHERE `shipid` = 10 LIMIT 1   [ RunTime:0.0000s ]
SQL: SELECT COUNT(*) AS tp_count FROM `cabin` WHERE `shipid` = 6 LIMIT 1   [ RunTime:0.0000s ]
SQL: SELECT COUNT(*) AS tp_count FROM `cabin` WHERE `shipid` = 13 LIMIT 1   [ RunTime:0.0000s ]
SQL: SELECT COUNT(*) AS tp_count FROM `cabin` WHERE `shipid` = 7 LIMIT 1   [ RunTime:0.0000s ]
SQL: SELECT COUNT(*) AS tp_count FROM `cabin` WHERE `shipid` = 12 LIMIT 1   [ RunTime:0.0000s ]
SQL: SELECT COUNT(*) AS tp_count FROM `cabin` WHERE `shipid` = 14 LIMIT 1   [ RunTime:0.0010s ]
SQL: SELECT COUNT(*) AS tp_count FROM `cabin` WHERE `shipid` = 11 LIMIT 1   [ RunTime:0.0000s ]
SQL: SELECT COUNT(*) AS tp_count FROM `cabin` WHERE `shipid` = 9 LIMIT 1   [ RunTime:0.0000s ]
SQL: SELECT COUNT(*) AS tp_count FROM `cabin` WHERE `shipid` = 8 LIMIT 1   [ RunTime:0.0000s ]
SQL: SELECT COUNT(*) AS tp_count FROM `cabin` WHERE `shipid` = 75 LIMIT 1   [ RunTime:0.0000s ]
SQL: SELECT COUNT(*) AS tp_count FROM `cabin` WHERE `shipid` = 78 LIMIT 1   [ RunTime:0.0000s ]
SQL: SELECT COUNT(*) AS tp_count FROM `cabin` WHERE `shipid` = 15 LIMIT 1   [ RunTime:0.0000s ]
SQL: SELECT COUNT(*) AS tp_count FROM `cabin` WHERE `shipid` = 84 LIMIT 1   [ RunTime:0.0000s ]
SQL: SELECT COUNT(*) AS tp_count FROM `cabin` WHERE `shipid` = 76 LIMIT 1   [ RunTime:0.0000s ]
SQL: SELECT COUNT(*) AS tp_count FROM `cabin` WHERE `shipid` = 77 LIMIT 1   [ RunTime:0.0000s ]
SQL: SELECT COUNT(*) AS tp_count FROM `cabin` WHERE `shipid` = 16 LIMIT 1   [ RunTime:0.0000s ]
SQL: SELECT COUNT(*) AS tp_count FROM `cabin` WHERE `shipid` = 79 LIMIT 1   [ RunTime:0.0000s ]
SQL: SELECT COUNT(*) AS tp_count FROM `cabin` WHERE `shipid` = 81 LIMIT 1   [ RunTime:0.0000s ]
SQL: SELECT COUNT(*) AS tp_count FROM `cabin` WHERE `shipid` = 86 LIMIT 1   [ RunTime:0.0000s ]
SQL: SELECT COUNT(*) AS tp_count FROM `cabin` WHERE `shipid` = 82 LIMIT 1   [ RunTime:0.0000s ]
SQL: SELECT COUNT(*) AS tp_count FROM `cabin` WHERE `shipid` = 89 LIMIT 1   [ RunTime:0.0000s ]
SQL: SELECT COUNT(*) AS tp_count FROM `cabin` WHERE `shipid` = 94 LIMIT 1   [ RunTime:0.0000s ]
SQL: SELECT COUNT(*) AS tp_count FROM `cabin` WHERE `shipid` = 93 LIMIT 1   [ RunTime:0.0000s ]
SQL: SELECT COUNT(*) AS tp_count FROM `cabin` WHERE `shipid` = 92 LIMIT 1   [ RunTime:0.0010s ]
SQL: SELECT COUNT(*) AS tp_count FROM `cabin` WHERE `shipid` = 91 LIMIT 1   [ RunTime:0.0000s ]
SQL: SELECT COUNT(*) AS tp_count FROM `cabin` WHERE `shipid` = 90 LIMIT 1   [ RunTime:0.0000s ]
SQL: SELECT COUNT(*) AS tp_count FROM `cabin` WHERE `shipid` = 83 LIMIT 1   [ RunTime:0.0000s ]
SQL: SELECT COUNT(*) AS tp_count FROM `cabin` WHERE `shipid` = 88 LIMIT 1   [ RunTime:0.0000s ]
SQL: SELECT COUNT(*) AS tp_count FROM `cabin` WHERE `shipid` = 87 LIMIT 1   [ RunTime:0.0000s ]
SQL: SELECT COUNT(*) AS tp_count FROM `cabin` WHERE `shipid` = 85 LIMIT 1   [ RunTime:0.0000s ]
INFO: [ view_parse ] --START--
INFO: [ template_filter ] --START--
INFO: Run Behavior\ContentReplaceBehavior [ RunTime:0.001000s ]
INFO: [ template_filter ] --END-- [ RunTime:0.001000s ]
INFO: Run Behavior\ParseTemplateBehavior [ RunTime:0.032002s ]
INFO: [ view_parse ] --END-- [ RunTime:0.032002s ]
INFO: [ view_filter ] --START--
INFO: Run Behavior\WriteHtmlCacheBehavior [ RunTime:0.000000s ]
INFO: [ view_filter ] --END-- [ RunTime:0.001000s ]
INFO: [ app_end ] --START--
INFO: Run Behavior\ShowPageTraceBehavior [ RunTime:0.001000s ]
INFO: [ app_end ] --END-- [ RunTime:0.001000s ]

[ 2019-07-01T15:17:44+08:00 ] 192.168.1.106 /shipplatform2/admin.php
INFO: [ app_init ] --START--
INFO: Run Behavior\BuildLiteBehavior [ RunTime:0.000000s ]
INFO: [ app_init ] --END-- [ RunTime:0.000000s ]
INFO: [ app_begin ] --START--
INFO: Run Behavior\ReadHtmlCacheBehavior [ RunTime:0.001000s ]
INFO: [ app_begin ] --END-- [ RunTime:0.001000s ]
INFO: [ view_parse ] --START--
INFO: [ template_filter ] --START--
INFO: Run Behavior\ContentReplaceBehavior [ RunTime:0.000000s ]
INFO: [ template_filter ] --END-- [ RunTime:0.000000s ]
INFO: Run Behavior\ParseTemplateBehavior [ RunTime:0.011001s ]
INFO: [ view_parse ] --END-- [ RunTime:0.011001s ]
INFO: [ view_filter ] --START--
INFO: Run Behavior\WriteHtmlCacheBehavior [ RunTime:0.000000s ]
INFO: [ view_filter ] --END-- [ RunTime:0.001000s ]

[ 2019-07-01T15:17:47+08:00 ] 192.168.1.106 /shipplatform2/admin.php?s=/Login/login
INFO: [ app_init ] --START--
INFO: Run Behavior\BuildLiteBehavior [ RunTime:0.000000s ]
INFO: [ app_init ] --END-- [ RunTime:0.001000s ]
INFO: [ app_begin ] --START--
INFO: Run Behavior\ReadHtmlCacheBehavior [ RunTime:0.000000s ]
INFO: [ app_begin ] --END-- [ RunTime:0.001000s ]
INFO: [ view_parse ] --START--
INFO: [ template_filter ] --START--
INFO: Run Behavior\ContentReplaceBehavior [ RunTime:0.000000s ]
INFO: [ template_filter ] --END-- [ RunTime:0.000000s ]
INFO: Run Behavior\ParseTemplateBehavior [ RunTime:0.013000s ]
INFO: [ view_parse ] --END-- [ RunTime:0.013000s ]
INFO: [ view_filter ] --START--
INFO: Run Behavior\WriteHtmlCacheBehavior [ RunTime:0.001001s ]
INFO: [ view_filter ] --END-- [ RunTime:0.001001s ]
INFO: [ app_end ] --START--
INFO: Run Behavior\ShowPageTraceBehavior [ RunTime:0.001000s ]
INFO: [ app_end ] --END-- [ RunTime:0.001000s ]

[ 2019-07-01T15:17:47+08:00 ] 192.168.1.106 /shipplatform2/admin.php?s=/Login/show_verify
INFO: [ app_init ] --START--
INFO: Run Behavior\BuildLiteBehavior [ RunTime:0.000000s ]
INFO: [ app_init ] --END-- [ RunTime:0.001000s ]
INFO: [ app_begin ] --START--
INFO: Run Behavior\ReadHtmlCacheBehavior [ RunTime:0.001000s ]
INFO: [ app_begin ] --END-- [ RunTime:0.002000s ]
INFO: [ app_end ] --START--
INFO: Run Behavior\ShowPageTraceBehavior [ RunTime:0.001000s ]
INFO: [ app_end ] --END-- [ RunTime:0.002000s ]

[ 2019-07-01T15:17:58+08:00 ] 192.168.1.106 /shipplatform2/admin.php?s=/Login/login
INFO: [ app_init ] --START--
INFO: Run Behavior\BuildLiteBehavior [ RunTime:0.000000s ]
INFO: [ app_init ] --END-- [ RunTime:0.001000s ]
INFO: [ app_begin ] --START--
INFO: Run Behavior\ReadHtmlCacheBehavior [ RunTime:0.002000s ]
INFO: [ app_begin ] --END-- [ RunTime:0.003000s ]
SQL: SHOW COLUMNS FROM `admin` [ RunTime:0.0050s ]
SQL: SELECT `id`,`status` FROM `admin` WHERE `title` = 'admin' AND `pwd` = 'efc54d7173925bd1c25f053511c18cb8' LIMIT 1   [ RunTime:0.0010s ]
INFO: [ view_parse ] --START--
INFO: [ template_filter ] --START--
INFO: Run Behavior\ContentReplaceBehavior [ RunTime:0.000000s ]
INFO: [ template_filter ] --END-- [ RunTime:0.000000s ]
INFO: Run Behavior\ParseTemplateBehavior [ RunTime:0.011000s ]
INFO: [ view_parse ] --END-- [ RunTime:0.011000s ]
INFO: [ view_filter ] --START--
INFO: Run Behavior\WriteHtmlCacheBehavior [ RunTime:0.001001s ]
INFO: [ view_filter ] --END-- [ RunTime:0.001001s ]
INFO: [ app_end ] --START--
INFO: Run Behavior\ShowPageTraceBehavior [ RunTime:0.001000s ]
INFO: [ app_end ] --END-- [ RunTime:0.002000s ]

[ 2019-07-01T15:17:59+08:00 ] 192.168.1.106 /shipplatform2/admin.php?s=/Index/index
INFO: [ app_init ] --START--
INFO: Run Behavior\BuildLiteBehavior [ RunTime:0.000000s ]
INFO: [ app_init ] --END-- [ RunTime:0.001000s ]
INFO: [ app_begin ] --START--
INFO: Run Behavior\ReadHtmlCacheBehavior [ RunTime:0.001000s ]
INFO: [ app_begin ] --END-- [ RunTime:0.001000s ]
SQL: SHOW COLUMNS FROM `auth_group_access` [ RunTime:0.0050s ]
SQL: SELECT `uid`,`group_id`,`title`,`rules` FROM auth_group_access a INNER JOIN auth_group g on a.group_id=g.id  WHERE ( a.uid='1' and g.status='1' )  [ RunTime:0.0010s ]
SQL: SHOW COLUMNS FROM `auth_rule` [ RunTime:0.0050s ]
SQL: SELECT `condition`,`name` FROM `auth_rule` WHERE `id` IN ('1','7','8','9','10','24','17','18','19','20','21','22','25','26','27','28','29','30','31','81','32','34','33','35','36','37','38','39','40','41','42','43','44','45','82','46','47','48','49','80','50','51','52','53','54','55','56','57','58','59','60','61','62','63','64','65','66','67','68','69','70','71','72','73','74','75','76','77','78','79') AND `type` = 1 AND `status` = 1  [ RunTime:0.0010s ]
SQL: SHOW COLUMNS FROM `admin` [ RunTime:0.0050s ]
SQL: SELECT `name`,`id` FROM `admin` WHERE `id` = 1 LIMIT 1   [ RunTime:0.0010s ]
INFO: [ view_parse ] --START--
INFO: [ template_filter ] --START--
INFO: Run Behavior\ContentReplaceBehavior [ RunTime:0.000000s ]
INFO: [ template_filter ] --END-- [ RunTime:0.001000s ]
INFO: Run Behavior\ParseTemplateBehavior [ RunTime:0.026001s ]
INFO: [ view_parse ] --END-- [ RunTime:0.026001s ]
INFO: [ view_filter ] --START--
INFO: Run Behavior\WriteHtmlCacheBehavior [ RunTime:0.000000s ]
INFO: [ view_filter ] --END-- [ RunTime:0.001000s ]
INFO: [ app_end ] --START--
INFO: Run Behavior\ShowPageTraceBehavior [ RunTime:0.001000s ]
INFO: [ app_end ] --END-- [ RunTime:0.001000s ]

[ 2019-07-01T15:18:04+08:00 ] 192.168.1.106 /shipplatform2/admin.php?s=/Firm/index
INFO: [ app_init ] --START--
INFO: Run Behavior\BuildLiteBehavior [ RunTime:0.000000s ]
INFO: [ app_init ] --END-- [ RunTime:0.000000s ]
INFO: [ app_begin ] --START--
INFO: Run Behavior\ReadHtmlCacheBehavior [ RunTime:0.000000s ]
INFO: [ app_begin ] --END-- [ RunTime:0.001000s ]
SQL: SHOW COLUMNS FROM `auth_group_access` [ RunTime:0.0040s ]
SQL: SELECT `uid`,`group_id`,`title`,`rules` FROM auth_group_access a INNER JOIN auth_group g on a.group_id=g.id  WHERE ( a.uid='1' and g.status='1' )  [ RunTime:0.0010s ]
SQL: SHOW COLUMNS FROM `auth_rule` [ RunTime:0.0050s ]
SQL: SELECT `condition`,`name` FROM `auth_rule` WHERE `id` IN ('1','7','8','9','10','24','17','18','19','20','21','22','25','26','27','28','29','30','31','81','32','34','33','35','36','37','38','39','40','41','42','43','44','45','82','46','47','48','49','80','50','51','52','53','54','55','56','57','58','59','60','61','62','63','64','65','66','67','68','69','70','71','72','73','74','75','76','77','78','79') AND `type` = 1 AND `status` = 1  [ RunTime:0.0010s ]
SQL: SHOW COLUMNS FROM `admin` [ RunTime:0.0050s ]
SQL: SELECT `name`,`id` FROM `admin` WHERE `id` = 1 LIMIT 1   [ RunTime:0.0000s ]
SQL: SHOW COLUMNS FROM `firm` [ RunTime:0.0050s ]
SQL: SELECT COUNT(*) AS tp_count FROM `firm` LIMIT 1   [ RunTime:0.0010s ]
NOTIC: [8] Undefined index: p D:\phpStudy\PHPTutorial\WWW\shipplatform2\Ship\Admin\Controller\FirmController.class.php 第 22 行.
SQL: SELECT * FROM `firm` ORDER BY id asc LIMIT 0,30   [ RunTime:0.0000s ]
INFO: [ view_parse ] --START--
INFO: [ template_filter ] --START--
INFO: Run Behavior\ContentReplaceBehavior [ RunTime:0.000000s ]
INFO: [ template_filter ] --END-- [ RunTime:0.000000s ]
INFO: Run Behavior\ParseTemplateBehavior [ RunTime:0.056003s ]
INFO: [ view_parse ] --END-- [ RunTime:0.056003s ]
INFO: [ view_filter ] --START--
INFO: Run Behavior\WriteHtmlCacheBehavior [ RunTime:0.001000s ]
INFO: [ view_filter ] --END-- [ RunTime:0.001000s ]
INFO: [ app_end ] --START--
INFO: Run Behavior\ShowPageTraceBehavior [ RunTime:0.001000s ]
INFO: [ app_end ] --END-- [ RunTime:0.001000s ]

[ 2019-07-01T15:18:08+08:00 ] 192.168.1.106 /shipplatform2/admin.php?s=/Firm/add
INFO: [ app_init ] --START--
INFO: Run Behavior\BuildLiteBehavior [ RunTime:0.000000s ]
INFO: [ app_init ] --END-- [ RunTime:0.001000s ]
INFO: [ app_begin ] --START--
INFO: Run Behavior\ReadHtmlCacheBehavior [ RunTime:0.001000s ]
INFO: [ app_begin ] --END-- [ RunTime:0.001000s ]
SQL: SHOW COLUMNS FROM `auth_group_access` [ RunTime:0.0050s ]
SQL: SELECT `uid`,`group_id`,`title`,`rules` FROM auth_group_access a INNER JOIN auth_group g on a.group_id=g.id  WHERE ( a.uid='1' and g.status='1' )  [ RunTime:0.0010s ]
SQL: SHOW COLUMNS FROM `auth_rule` [ RunTime:0.0050s ]
SQL: SELECT `condition`,`name` FROM `auth_rule` WHERE `id` IN ('1','7','8','9','10','24','17','18','19','20','21','22','25','26','27','28','29','30','31','81','32','34','33','35','36','37','38','39','40','41','42','43','44','45','82','46','47','48','49','80','50','51','52','53','54','55','56','57','58','59','60','61','62','63','64','65','66','67','68','69','70','71','72','73','74','75','76','77','78','79') AND `type` = 1 AND `status` = 1  [ RunTime:0.0000s ]
SQL: SHOW COLUMNS FROM `admin` [ RunTime:0.0050s ]
SQL: SELECT `name`,`id` FROM `admin` WHERE `id` = 1 LIMIT 1   [ RunTime:0.0000s ]
INFO: [ view_parse ] --START--
INFO: [ template_filter ] --START--
INFO: Run Behavior\ContentReplaceBehavior [ RunTime:0.001000s ]
INFO: [ template_filter ] --END-- [ RunTime:0.001000s ]
NOTIC: [8] Undefined variable: data D:\phpStudy\PHPTutorial\WWW\shipplatform2\Runtime\Cache\Admin\b6a202ca35f3373cd617eb5053ba9247.php 第 517 行.
INFO: Run Behavior\ParseTemplateBehavior [ RunTime:0.031002s ]
INFO: [ view_parse ] --END-- [ RunTime:0.032002s ]
INFO: [ view_filter ] --START--
INFO: Run Behavior\WriteHtmlCacheBehavior [ RunTime:0.001000s ]
INFO: [ view_filter ] --END-- [ RunTime:0.001000s ]
INFO: [ app_end ] --START--
INFO: Run Behavior\ShowPageTraceBehavior [ RunTime:0.001000s ]
INFO: [ app_end ] --END-- [ RunTime:0.001000s ]

[ 2019-07-01T16:20:26+08:00 ] 127.0.0.1 /admin.php?s=/Ship/index
INFO: [ app_init ] --START--
INFO: Run Behavior\BuildLiteBehavior [ RunTime:0.001000s ]
INFO: [ app_init ] --END-- [ RunTime:0.001000s ]
INFO: [ app_begin ] --START--
INFO: Run Behavior\ReadHtmlCacheBehavior [ RunTime:0.001000s ]
INFO: [ app_begin ] --END-- [ RunTime:0.002000s ]
SQL: SHOW COLUMNS FROM `auth_group_access` [ RunTime:0.0050s ]
SQL: SELECT `uid`,`group_id`,`title`,`rules` FROM auth_group_access a INNER JOIN auth_group g on a.group_id=g.id  WHERE ( a.uid='1' and g.status='1' )  [ RunTime:0.0000s ]
SQL: SHOW COLUMNS FROM `auth_rule` [ RunTime:0.0050s ]
SQL: SELECT `condition`,`name` FROM `auth_rule` WHERE `id` IN ('1','7','8','9','10','24','17','18','19','20','21','22','25','26','27','28','29','30','31','81','32','34','33','35','36','37','38','39','40','41','42','43','44','45','82','46','47','48','49','80','50','51','52','53','54','55','56','57','58','59','60','61','62','63','64','65','66','67','68','69','70','71','72','73','74','75','76','77','78','79') AND `type` = 1 AND `status` = 1  [ RunTime:0.0000s ]
SQL: SHOW COLUMNS FROM `admin` [ RunTime:0.0050s ]
SQL: SELECT `name`,`id` FROM `admin` WHERE `id` = 1 LIMIT 1   [ RunTime:0.0000s ]
SQL: SHOW COLUMNS FROM `ship` [ RunTime:0.0050s ]
SQL: SELECT COUNT(*) AS tp_count FROM `ship` WHERE (  1 ) LIMIT 1   [ RunTime:0.0010s ]
NOTIC: [8] Undefined index: p D:\phpStudy\PHPTutorial\WWW\shipplatform2\Ship\Admin\Controller\ShipController.class.php 第 37 行.
SQL: SELECT s.id,s.shipname,s.number,s.cabinnum,f.firmname FROM ship s left join firm f on f.id=s.firmid  WHERE (  1 ) ORDER BY s.id desc,f.firmname desc LIMIT 0,30   [ RunTime:0.0010s ]
SQL: SHOW COLUMNS FROM `firm` [ RunTime:0.0050s ]
SQL: SELECT `id`,`firmname` FROM `firm`  [ RunTime:0.0000s ]
INFO: [ view_parse ] --START--
INFO: [ template_filter ] --START--
INFO: Run Behavior\ContentReplaceBehavior [ RunTime:0.000000s ]
INFO: [ template_filter ] --END-- [ RunTime:0.000000s ]
INFO: Run Behavior\ParseTemplateBehavior [ RunTime:0.058003s ]
INFO: [ view_parse ] --END-- [ RunTime:0.059003s ]
INFO: [ view_filter ] --START--
INFO: Run Behavior\WriteHtmlCacheBehavior [ RunTime:0.001000s ]
INFO: [ view_filter ] --END-- [ RunTime:0.001000s ]
INFO: [ app_end ] --START--
INFO: Run Behavior\ShowPageTraceBehavior [ RunTime:0.001000s ]
INFO: [ app_end ] --END-- [ RunTime:0.001000s ]

[ 2019-07-01T16:20:28+08:00 ] 127.0.0.1 /admin.php?s=/Ship/index
INFO: [ app_init ] --START--
INFO: Run Behavior\BuildLiteBehavior [ RunTime:0.000000s ]
INFO: [ app_init ] --END-- [ RunTime:0.001000s ]
INFO: [ app_begin ] --START--
INFO: Run Behavior\ReadHtmlCacheBehavior [ RunTime:0.001000s ]
INFO: [ app_begin ] --END-- [ RunTime:0.001000s ]
SQL: SHOW COLUMNS FROM `auth_group_access` [ RunTime:0.0060s ]
SQL: SELECT `uid`,`group_id`,`title`,`rules` FROM auth_group_access a INNER JOIN auth_group g on a.group_id=g.id  WHERE ( a.uid='1' and g.status='1' )  [ RunTime:0.0010s ]
SQL: SHOW COLUMNS FROM `auth_rule` [ RunTime:0.0050s ]
SQL: SELECT `condition`,`name` FROM `auth_rule` WHERE `id` IN ('1','7','8','9','10','24','17','18','19','20','21','22','25','26','27','28','29','30','31','81','32','34','33','35','36','37','38','39','40','41','42','43','44','45','82','46','47','48','49','80','50','51','52','53','54','55','56','57','58','59','60','61','62','63','64','65','66','67','68','69','70','71','72','73','74','75','76','77','78','79') AND `type` = 1 AND `status` = 1  [ RunTime:0.0010s ]
SQL: SHOW COLUMNS FROM `admin` [ RunTime:0.0050s ]
SQL: SELECT `name`,`id` FROM `admin` WHERE `id` = 1 LIMIT 1   [ RunTime:0.0000s ]
SQL: SHOW COLUMNS FROM `ship` [ RunTime:0.0050s ]
SQL: SELECT COUNT(*) AS tp_count FROM `ship` WHERE (  1 ) LIMIT 1   [ RunTime:0.0000s ]
NOTIC: [8] Undefined index: p D:\phpStudy\PHPTutorial\WWW\shipplatform2\Ship\Admin\Controller\ShipController.class.php 第 37 行.
SQL: SELECT s.id,s.shipname,s.number,s.cabinnum,f.firmname FROM ship s left join firm f on f.id=s.firmid  WHERE (  1 ) ORDER BY s.id desc,f.firmname desc LIMIT 0,30   [ RunTime:0.0010s ]
SQL: SHOW COLUMNS FROM `firm` [ RunTime:0.0050s ]
SQL: SELECT `id`,`firmname` FROM `firm`  [ RunTime:0.0010s ]
INFO: [ view_parse ] --START--
INFO: [ template_filter ] --START--
INFO: Run Behavior\ContentReplaceBehavior [ RunTime:0.000000s ]
INFO: [ template_filter ] --END-- [ RunTime:0.001000s ]
INFO: Run Behavior\ParseTemplateBehavior [ RunTime:0.057003s ]
INFO: [ view_parse ] --END-- [ RunTime:0.058003s ]
INFO: [ view_filter ] --START--
INFO: Run Behavior\WriteHtmlCacheBehavior [ RunTime:0.000000s ]
INFO: [ view_filter ] --END-- [ RunTime:0.002001s ]
INFO: [ app_end ] --START--
INFO: Run Behavior\ShowPageTraceBehavior [ RunTime:0.001000s ]
INFO: [ app_end ] --END-- [ RunTime:0.002000s ]

[ 2019-07-01T17:22:39+08:00 ] 192.168.1.106 /shipplatform2/admin.php?s=/Firm/index
INFO: [ app_init ] --START--
INFO: Run Behavior\BuildLiteBehavior [ RunTime:0.000000s ]
INFO: [ app_init ] --END-- [ RunTime:0.001000s ]
INFO: [ app_begin ] --START--
INFO: Run Behavior\ReadHtmlCacheBehavior [ RunTime:0.002000s ]
INFO: [ app_begin ] --END-- [ RunTime:0.002000s ]
SQL: SHOW COLUMNS FROM `auth_group_access` [ RunTime:0.0050s ]
SQL: SELECT `uid`,`group_id`,`title`,`rules` FROM auth_group_access a INNER JOIN auth_group g on a.group_id=g.id  WHERE ( a.uid='1' and g.status='1' )  [ RunTime:0.0000s ]
SQL: SHOW COLUMNS FROM `auth_rule` [ RunTime:0.0050s ]
SQL: SELECT `condition`,`name` FROM `auth_rule` WHERE `id` IN ('1','7','8','9','10','24','17','18','19','20','21','22','25','26','27','28','29','30','31','81','32','34','33','35','36','37','38','39','40','41','42','43','44','45','82','46','47','48','49','80','50','51','52','53','54','55','56','57','58','59','60','61','62','63','64','65','66','67','68','69','70','71','72','73','74','75','76','77','78','79') AND `type` = 1 AND `status` = 1  [ RunTime:0.0010s ]
SQL: SHOW COLUMNS FROM `admin` [ RunTime:0.0060s ]
SQL: SELECT `name`,`id` FROM `admin` WHERE `id` = 1 LIMIT 1   [ RunTime:0.0000s ]
SQL: SHOW COLUMNS FROM `firm` [ RunTime:0.0050s ]
SQL: SELECT COUNT(*) AS tp_count FROM `firm` LIMIT 1   [ RunTime:0.0000s ]
NOTIC: [8] Undefined index: p D:\phpStudy\PHPTutorial\WWW\shipplatform2\Ship\Admin\Controller\FirmController.class.php 第 22 行.
SQL: SELECT * FROM `firm` ORDER BY id asc LIMIT 0,30   [ RunTime:0.0010s ]
INFO: [ view_parse ] --START--
INFO: [ template_filter ] --START--
INFO: Run Behavior\ContentReplaceBehavior [ RunTime:0.000000s ]
INFO: [ template_filter ] --END-- [ RunTime:0.000000s ]
INFO: Run Behavior\ParseTemplateBehavior [ RunTime:0.052003s ]
INFO: [ view_parse ] --END-- [ RunTime:0.052003s ]
INFO: [ view_filter ] --START--
INFO: Run Behavior\WriteHtmlCacheBehavior [ RunTime:0.001000s ]
INFO: [ view_filter ] --END-- [ RunTime:0.001000s ]
INFO: [ app_end ] --START--
INFO: Run Behavior\ShowPageTraceBehavior [ RunTime:0.001000s ]
INFO: [ app_end ] --END-- [ RunTime:0.001000s ]

