[ 2019-08-06T15:14:56+08:00 ] 127.0.0.1 /admin.php?s=/Upload/index
INFO: [ app_init ] --START--
INFO: Run Behavior\BuildLiteBehavior [ RunTime:0.000000s ]
INFO: [ app_init ] --END-- [ RunTime:0.001000s ]
INFO: [ app_begin ] --START--
INFO: Run Behavior\ReadHtmlCacheBehavior [ RunTime:0.001000s ]
INFO: [ app_begin ] --END-- [ RunTime:0.001000s ]
INFO: [ view_parse ] --START--
INFO: [ template_filter ] --START--
INFO: Run Behavior\ContentReplaceBehavior [ RunTime:0.001000s ]
INFO: [ template_filter ] --END-- [ RunTime:0.001000s ]
INFO: Run Behavior\ParseTemplateBehavior [ RunTime:0.027001s ]
INFO: [ view_parse ] --END-- [ RunTime:0.027001s ]
INFO: [ view_filter ] --START--
INFO: Run Behavior\WriteHtmlCacheBehavior [ RunTime:0.000000s ]
INFO: [ view_filter ] --END-- [ RunTime:0.001000s ]

[ 2019-08-06T15:14:58+08:00 ] 127.0.0.1 /admin.php?s=/Login/login
INFO: [ app_init ] --START--
INFO: Run Behavior\BuildLiteBehavior [ RunTime:0.000000s ]
INFO: [ app_init ] --END-- [ RunTime:0.000000s ]
INFO: [ app_begin ] --START--
INFO: Run Behavior\ReadHtmlCacheBehavior [ RunTime:0.000000s ]
INFO: [ app_begin ] --END-- [ RunTime:0.002000s ]
INFO: [ view_parse ] --START--
INFO: [ template_filter ] --START--
INFO: Run Behavior\ContentReplaceBehavior [ RunTime:0.000000s ]
INFO: [ template_filter ] --END-- [ RunTime:0.001001s ]
INFO: Run Behavior\ParseTemplateBehavior [ RunTime:0.019001s ]
INFO: [ view_parse ] --END-- [ RunTime:0.019001s ]
INFO: [ view_filter ] --START--
INFO: Run Behavior\WriteHtmlCacheBehavior [ RunTime:0.000000s ]
INFO: [ view_filter ] --END-- [ RunTime:0.000000s ]
INFO: [ app_end ] --START--
INFO: Run Behavior\ShowPageTraceBehavior [ RunTime:0.001000s ]
INFO: [ app_end ] --END-- [ RunTime:0.001000s ]

[ 2019-08-06T15:14:59+08:00 ] 127.0.0.1 /admin.php?s=/Login/show_verify
INFO: [ app_init ] --START--
INFO: Run Behavior\BuildLiteBehavior [ RunTime:0.000000s ]
INFO: [ app_init ] --END-- [ RunTime:0.001000s ]
INFO: [ app_begin ] --START--
INFO: Run Behavior\ReadHtmlCacheBehavior [ RunTime:0.000000s ]
INFO: [ app_begin ] --END-- [ RunTime:0.002000s ]
INFO: [ app_end ] --START--
INFO: Run Behavior\ShowPageTraceBehavior [ RunTime:0.002000s ]
INFO: [ app_end ] --END-- [ RunTime:0.004001s ]

[ 2019-08-06T15:15:36+08:00 ] 127.0.0.1 /admin.php?s=/Login/login
INFO: [ app_init ] --START--
INFO: Run Behavior\BuildLiteBehavior [ RunTime:0.000000s ]
INFO: [ app_init ] --END-- [ RunTime:0.001000s ]
INFO: [ app_begin ] --START--
INFO: Run Behavior\ReadHtmlCacheBehavior [ RunTime:0.001000s ]
INFO: [ app_begin ] --END-- [ RunTime:0.001000s ]
SQL: SHOW COLUMNS FROM `admin` [ RunTime:0.0050s ]
SQL: SELECT `id`,`status` FROM `admin` WHERE `title` = 'admin' AND `pwd` = 'efc54d7173925bd1c25f053511c18cb8' LIMIT 1   [ RunTime:0.0010s ]
INFO: [ view_parse ] --START--
INFO: [ template_filter ] --START--
INFO: Run Behavior\ContentReplaceBehavior [ RunTime:0.001000s ]
INFO: [ template_filter ] --END-- [ RunTime:0.001000s ]
INFO: Run Behavior\ParseTemplateBehavior [ RunTime:0.012000s ]
INFO: [ view_parse ] --END-- [ RunTime:0.012000s ]
INFO: [ view_filter ] --START--
INFO: Run Behavior\WriteHtmlCacheBehavior [ RunTime:0.001000s ]
INFO: [ view_filter ] --END-- [ RunTime:0.001000s ]
INFO: [ app_end ] --START--
INFO: Run Behavior\ShowPageTraceBehavior [ RunTime:0.001000s ]
INFO: [ app_end ] --END-- [ RunTime:0.001000s ]

[ 2019-08-06T15:15:38+08:00 ] 127.0.0.1 /admin.php?s=/Index/index
INFO: [ app_init ] --START--
INFO: Run Behavior\BuildLiteBehavior [ RunTime:0.000000s ]
INFO: [ app_init ] --END-- [ RunTime:0.001000s ]
INFO: [ app_begin ] --START--
INFO: Run Behavior\ReadHtmlCacheBehavior [ RunTime:0.000000s ]
INFO: [ app_begin ] --END-- [ RunTime:0.002000s ]
SQL: SHOW COLUMNS FROM `auth_group_access` [ RunTime:0.0050s ]
SQL: SELECT `uid`,`group_id`,`title`,`rules` FROM auth_group_access a INNER JOIN auth_group g on a.group_id=g.id  WHERE ( a.uid='1' and g.status='1' )  [ RunTime:0.0000s ]
SQL: SHOW COLUMNS FROM `auth_rule` [ RunTime:0.0060s ]
SQL: SELECT `condition`,`name` FROM `auth_rule` WHERE `id` IN ('1','7','8','9','10','24','17','18','19','20','21','22','25','26','27','28','29','30','31','81','32','34','33','35','36','37','38','39','40','41','42','43','44','45','82','46','47','48','49','80','50','51','52','53','54','55','56','57','58','59','60','61','62','63','64','65','66','67','68','69','70','71','72','73','74','75','76','77','78','79') AND `type` = 1 AND `status` = 1  [ RunTime:0.0010s ]
SQL: SHOW COLUMNS FROM `admin` [ RunTime:0.0050s ]
SQL: SELECT `name`,`id` FROM `admin` WHERE `id` = 1 LIMIT 1   [ RunTime:0.0010s ]
INFO: [ view_parse ] --START--
INFO: [ template_filter ] --START--
INFO: Run Behavior\ContentReplaceBehavior [ RunTime:0.000000s ]
INFO: [ template_filter ] --END-- [ RunTime:0.001000s ]
INFO: Run Behavior\ParseTemplateBehavior [ RunTime:0.052002s ]
INFO: [ view_parse ] --END-- [ RunTime:0.052002s ]
INFO: [ view_filter ] --START--
INFO: Run Behavior\WriteHtmlCacheBehavior [ RunTime:0.001000s ]
INFO: [ view_filter ] --END-- [ RunTime:0.001000s ]
INFO: [ app_end ] --START--
INFO: Run Behavior\ShowPageTraceBehavior [ RunTime:0.001000s ]
INFO: [ app_end ] --END-- [ RunTime:0.001000s ]

[ 2019-08-06T15:15:38+08:00 ] 127.0.0.1 /admin.php?s=/Index/index
INFO: [ app_init ] --START--
INFO: Run Behavior\BuildLiteBehavior [ RunTime:0.000000s ]
INFO: [ app_init ] --END-- [ RunTime:0.001000s ]
INFO: [ app_begin ] --START--
INFO: Run Behavior\ReadHtmlCacheBehavior [ RunTime:0.000000s ]
INFO: [ app_begin ] --END-- [ RunTime:0.002000s ]
SQL: SHOW COLUMNS FROM `auth_group_access` [ RunTime:0.0050s ]
SQL: SELECT `uid`,`group_id`,`title`,`rules` FROM auth_group_access a INNER JOIN auth_group g on a.group_id=g.id  WHERE ( a.uid='1' and g.status='1' )  [ RunTime:0.0010s ]
SQL: SHOW COLUMNS FROM `auth_rule` [ RunTime:0.0050s ]
SQL: SELECT `condition`,`name` FROM `auth_rule` WHERE `id` IN ('1','7','8','9','10','24','17','18','19','20','21','22','25','26','27','28','29','30','31','81','32','34','33','35','36','37','38','39','40','41','42','43','44','45','82','46','47','48','49','80','50','51','52','53','54','55','56','57','58','59','60','61','62','63','64','65','66','67','68','69','70','71','72','73','74','75','76','77','78','79') AND `type` = 1 AND `status` = 1  [ RunTime:0.0010s ]
SQL: SHOW COLUMNS FROM `admin` [ RunTime:0.0070s ]
SQL: SELECT `name`,`id` FROM `admin` WHERE `id` = 1 LIMIT 1   [ RunTime:0.0010s ]
INFO: [ view_parse ] --START--
INFO: [ template_filter ] --START--
INFO: Run Behavior\ContentReplaceBehavior [ RunTime:0.000000s ]
INFO: [ template_filter ] --END-- [ RunTime:0.001000s ]
INFO: Run Behavior\ParseTemplateBehavior [ RunTime:0.038002s ]
INFO: [ view_parse ] --END-- [ RunTime:0.038002s ]
INFO: [ view_filter ] --START--
INFO: Run Behavior\WriteHtmlCacheBehavior [ RunTime:0.000000s ]
INFO: [ view_filter ] --END-- [ RunTime:0.001000s ]
INFO: [ app_end ] --START--
INFO: Run Behavior\ShowPageTraceBehavior [ RunTime:0.002000s ]
INFO: [ app_end ] --END-- [ RunTime:0.003000s ]

[ 2019-08-06T15:15:45+08:00 ] 127.0.0.1 /admin.php?s=/Cabin/index
INFO: [ app_init ] --START--
INFO: Run Behavior\BuildLiteBehavior [ RunTime:0.000000s ]
INFO: [ app_init ] --END-- [ RunTime:0.001000s ]
INFO: [ app_begin ] --START--
INFO: Run Behavior\ReadHtmlCacheBehavior [ RunTime:0.001000s ]
INFO: [ app_begin ] --END-- [ RunTime:0.002000s ]
SQL: SHOW COLUMNS FROM `auth_group_access` [ RunTime:0.0050s ]
SQL: SELECT `uid`,`group_id`,`title`,`rules` FROM auth_group_access a INNER JOIN auth_group g on a.group_id=g.id  WHERE ( a.uid='1' and g.status='1' )  [ RunTime:0.0000s ]
SQL: SHOW COLUMNS FROM `auth_rule` [ RunTime:0.0050s ]
SQL: SELECT `condition`,`name` FROM `auth_rule` WHERE `id` IN ('1','7','8','9','10','24','17','18','19','20','21','22','25','26','27','28','29','30','31','81','32','34','33','35','36','37','38','39','40','41','42','43','44','45','82','46','47','48','49','80','50','51','52','53','54','55','56','57','58','59','60','61','62','63','64','65','66','67','68','69','70','71','72','73','74','75','76','77','78','79') AND `type` = 1 AND `status` = 1  [ RunTime:0.0000s ]
SQL: SHOW COLUMNS FROM `admin` [ RunTime:0.0050s ]
SQL: SELECT `name`,`id` FROM `admin` WHERE `id` = 1 LIMIT 1   [ RunTime:0.0010s ]
SQL: SHOW COLUMNS FROM `cabin` [ RunTime:0.0060s ]
SQL: SELECT COUNT(*) AS tp_count FROM cabin c WHERE (  1 ) LIMIT 1   [ RunTime:0.0010s ]
NOTIC: [8] Undefined index: p D:\phpStudy\PHPTutorial\WWW\shipplatform2\Ship\Admin\Controller\CabinController.class.php 第 32 行.
SQL: SELECT c.id,c.cabinname,c.altitudeheight,c.bottom_volume,c.pipe_line,c.shipid,s.shipname,s.tankcapacityshipid,s.rongliang,s.rongliang_1,s.zx,s.zx_1 FROM cabin c left join ship s on s.id=c.shipid  WHERE (  1 ) ORDER BY c.shipid desc,c.id asc LIMIT 0,24   [ RunTime:0.0010s ]
SQL: SHOW COLUMNS FROM `ship` [ RunTime:0.0050s ]
SQL: SELECT `id`,`shipname` FROM `ship` ORDER BY shipname desc  [ RunTime:0.0010s ]
INFO: [ view_parse ] --START--
INFO: [ template_filter ] --START--
INFO: Run Behavior\ContentReplaceBehavior [ RunTime:0.001000s ]
INFO: [ template_filter ] --END-- [ RunTime:0.001000s ]
NOTIC: [8] Undefined variable: tname D:\phpStudy\PHPTutorial\WWW\shipplatform2\Runtime\Cache\Admin\a451a99e7a47b93a6683b7ab81bdcb67.php 第 406 行.
NOTIC: [8] Undefined index: bottom_volume_di D:\phpStudy\PHPTutorial\WWW\shipplatform2\Runtime\Cache\Admin\a451a99e7a47b93a6683b7ab81bdcb67.php 第 435 行.
NOTIC: [8] Undefined index: bottom_volume_di D:\phpStudy\PHPTutorial\WWW\shipplatform2\Runtime\Cache\Admin\a451a99e7a47b93a6683b7ab81bdcb67.php 第 435 行.
NOTIC: [8] Undefined index: bottom_volume_di D:\phpStudy\PHPTutorial\WWW\shipplatform2\Runtime\Cache\Admin\a451a99e7a47b93a6683b7ab81bdcb67.php 第 435 行.
NOTIC: [8] Undefined index: bottom_volume_di D:\phpStudy\PHPTutorial\WWW\shipplatform2\Runtime\Cache\Admin\a451a99e7a47b93a6683b7ab81bdcb67.php 第 435 行.
NOTIC: [8] Undefined index: bottom_volume_di D:\phpStudy\PHPTutorial\WWW\shipplatform2\Runtime\Cache\Admin\a451a99e7a47b93a6683b7ab81bdcb67.php 第 435 行.
NOTIC: [8] Undefined index: bottom_volume_di D:\phpStudy\PHPTutorial\WWW\shipplatform2\Runtime\Cache\Admin\a451a99e7a47b93a6683b7ab81bdcb67.php 第 435 行.
NOTIC: [8] Undefined index: bottom_volume_di D:\phpStudy\PHPTutorial\WWW\shipplatform2\Runtime\Cache\Admin\a451a99e7a47b93a6683b7ab81bdcb67.php 第 435 行.
NOTIC: [8] Undefined index: bottom_volume_di D:\phpStudy\PHPTutorial\WWW\shipplatform2\Runtime\Cache\Admin\a451a99e7a47b93a6683b7ab81bdcb67.php 第 435 行.
NOTIC: [8] Undefined index: bottom_volume_di D:\phpStudy\PHPTutorial\WWW\shipplatform2\Runtime\Cache\Admin\a451a99e7a47b93a6683b7ab81bdcb67.php 第 435 行.
NOTIC: [8] Undefined index: bottom_volume_di D:\phpStudy\PHPTutorial\WWW\shipplatform2\Runtime\Cache\Admin\a451a99e7a47b93a6683b7ab81bdcb67.php 第 435 行.
NOTIC: [8] Undefined index: bottom_volume_di D:\phpStudy\PHPTutorial\WWW\shipplatform2\Runtime\Cache\Admin\a451a99e7a47b93a6683b7ab81bdcb67.php 第 435 行.
NOTIC: [8] Undefined index: bottom_volume_di D:\phpStudy\PHPTutorial\WWW\shipplatform2\Runtime\Cache\Admin\a451a99e7a47b93a6683b7ab81bdcb67.php 第 435 行.
NOTIC: [8] Undefined index: bottom_volume_di D:\phpStudy\PHPTutorial\WWW\shipplatform2\Runtime\Cache\Admin\a451a99e7a47b93a6683b7ab81bdcb67.php 第 435 行.
NOTIC: [8] Undefined index: bottom_volume_di D:\phpStudy\PHPTutorial\WWW\shipplatform2\Runtime\Cache\Admin\a451a99e7a47b93a6683b7ab81bdcb67.php 第 435 行.
NOTIC: [8] Undefined index: bottom_volume_di D:\phpStudy\PHPTutorial\WWW\shipplatform2\Runtime\Cache\Admin\a451a99e7a47b93a6683b7ab81bdcb67.php 第 435 行.
NOTIC: [8] Undefined index: bottom_volume_di D:\phpStudy\PHPTutorial\WWW\shipplatform2\Runtime\Cache\Admin\a451a99e7a47b93a6683b7ab81bdcb67.php 第 435 行.
NOTIC: [8] Undefined index: bottom_volume_di D:\phpStudy\PHPTutorial\WWW\shipplatform2\Runtime\Cache\Admin\a451a99e7a47b93a6683b7ab81bdcb67.php 第 435 行.
NOTIC: [8] Undefined index: bottom_volume_di D:\phpStudy\PHPTutorial\WWW\shipplatform2\Runtime\Cache\Admin\a451a99e7a47b93a6683b7ab81bdcb67.php 第 435 行.
NOTIC: [8] Undefined index: bottom_volume_di D:\phpStudy\PHPTutorial\WWW\shipplatform2\Runtime\Cache\Admin\a451a99e7a47b93a6683b7ab81bdcb67.php 第 435 行.
NOTIC: [8] Undefined index: bottom_volume_di D:\phpStudy\PHPTutorial\WWW\shipplatform2\Runtime\Cache\Admin\a451a99e7a47b93a6683b7ab81bdcb67.php 第 435 行.
NOTIC: [8] Undefined index: bottom_volume_di D:\phpStudy\PHPTutorial\WWW\shipplatform2\Runtime\Cache\Admin\a451a99e7a47b93a6683b7ab81bdcb67.php 第 435 行.
NOTIC: [8] Undefined index: bottom_volume_di D:\phpStudy\PHPTutorial\WWW\shipplatform2\Runtime\Cache\Admin\a451a99e7a47b93a6683b7ab81bdcb67.php 第 435 行.
NOTIC: [8] Undefined index: bottom_volume_di D:\phpStudy\PHPTutorial\WWW\shipplatform2\Runtime\Cache\Admin\a451a99e7a47b93a6683b7ab81bdcb67.php 第 435 行.
NOTIC: [8] Undefined index: bottom_volume_di D:\phpStudy\PHPTutorial\WWW\shipplatform2\Runtime\Cache\Admin\a451a99e7a47b93a6683b7ab81bdcb67.php 第 435 行.
INFO: Run Behavior\ParseTemplateBehavior [ RunTime:0.103006s ]
INFO: [ view_parse ] --END-- [ RunTime:0.104006s ]
INFO: [ view_filter ] --START--
INFO: Run Behavior\WriteHtmlCacheBehavior [ RunTime:0.001000s ]
INFO: [ view_filter ] --END-- [ RunTime:0.001000s ]
INFO: [ app_end ] --START--
INFO: Run Behavior\ShowPageTraceBehavior [ RunTime:0.001000s ]
INFO: [ app_end ] --END-- [ RunTime:0.001000s ]

[ 2019-08-06T15:15:55+08:00 ] 127.0.0.1 /admin.php?tname=&c=Cabin&a=index&shipid=83
INFO: [ app_init ] --START--
INFO: Run Behavior\BuildLiteBehavior [ RunTime:0.000000s ]
INFO: [ app_init ] --END-- [ RunTime:0.000000s ]
INFO: [ app_begin ] --START--
INFO: Run Behavior\ReadHtmlCacheBehavior [ RunTime:0.001000s ]
INFO: [ app_begin ] --END-- [ RunTime:0.001000s ]
SQL: SHOW COLUMNS FROM `auth_group_access` [ RunTime:0.0050s ]
SQL: SELECT `uid`,`group_id`,`title`,`rules` FROM auth_group_access a INNER JOIN auth_group g on a.group_id=g.id  WHERE ( a.uid='1' and g.status='1' )  [ RunTime:0.0000s ]
SQL: SHOW COLUMNS FROM `auth_rule` [ RunTime:0.0050s ]
SQL: SELECT `condition`,`name` FROM `auth_rule` WHERE `id` IN ('1','7','8','9','10','24','17','18','19','20','21','22','25','26','27','28','29','30','31','81','32','34','33','35','36','37','38','39','40','41','42','43','44','45','82','46','47','48','49','80','50','51','52','53','54','55','56','57','58','59','60','61','62','63','64','65','66','67','68','69','70','71','72','73','74','75','76','77','78','79') AND `type` = 1 AND `status` = 1  [ RunTime:0.0010s ]
SQL: SHOW COLUMNS FROM `admin` [ RunTime:0.0050s ]
SQL: SELECT `name`,`id` FROM `admin` WHERE `id` = 1 LIMIT 1   [ RunTime:0.0000s ]
SQL: SHOW COLUMNS FROM `cabin` [ RunTime:0.0050s ]
SQL: SELECT COUNT(*) AS tp_count FROM cabin c WHERE (  1 ) AND c.shipid = '83' LIMIT 1   [ RunTime:0.0000s ]
NOTIC: [8] Undefined index: p D:\phpStudy\PHPTutorial\WWW\shipplatform2\Ship\Admin\Controller\CabinController.class.php 第 32 行.
SQL: SELECT c.id,c.cabinname,c.altitudeheight,c.bottom_volume,c.pipe_line,c.shipid,s.shipname,s.tankcapacityshipid,s.rongliang,s.rongliang_1,s.zx,s.zx_1 FROM cabin c left join ship s on s.id=c.shipid  WHERE (  1 ) AND c.shipid = '83' ORDER BY c.shipid desc,c.id asc LIMIT 0,24   [ RunTime:0.0010s ]
SQL: SHOW COLUMNS FROM `ship` [ RunTime:0.0050s ]
SQL: SELECT `id`,`shipname` FROM `ship` ORDER BY shipname desc  [ RunTime:0.0000s ]
INFO: [ view_parse ] --START--
INFO: [ template_filter ] --START--
INFO: Run Behavior\ContentReplaceBehavior [ RunTime:0.001000s ]
INFO: [ template_filter ] --END-- [ RunTime:0.001000s ]
NOTIC: [8] Undefined variable: tname D:\phpStudy\PHPTutorial\WWW\shipplatform2\Runtime\Cache\Admin\a451a99e7a47b93a6683b7ab81bdcb67.php 第 406 行.
NOTIC: [8] Undefined index: bottom_volume_di D:\phpStudy\PHPTutorial\WWW\shipplatform2\Runtime\Cache\Admin\a451a99e7a47b93a6683b7ab81bdcb67.php 第 435 行.
NOTIC: [8] Undefined index: bottom_volume_di D:\phpStudy\PHPTutorial\WWW\shipplatform2\Runtime\Cache\Admin\a451a99e7a47b93a6683b7ab81bdcb67.php 第 435 行.
NOTIC: [8] Undefined index: bottom_volume_di D:\phpStudy\PHPTutorial\WWW\shipplatform2\Runtime\Cache\Admin\a451a99e7a47b93a6683b7ab81bdcb67.php 第 435 行.
NOTIC: [8] Undefined index: bottom_volume_di D:\phpStudy\PHPTutorial\WWW\shipplatform2\Runtime\Cache\Admin\a451a99e7a47b93a6683b7ab81bdcb67.php 第 435 行.
NOTIC: [8] Undefined index: bottom_volume_di D:\phpStudy\PHPTutorial\WWW\shipplatform2\Runtime\Cache\Admin\a451a99e7a47b93a6683b7ab81bdcb67.php 第 435 行.
NOTIC: [8] Undefined index: bottom_volume_di D:\phpStudy\PHPTutorial\WWW\shipplatform2\Runtime\Cache\Admin\a451a99e7a47b93a6683b7ab81bdcb67.php 第 435 行.
NOTIC: [8] Undefined index: bottom_volume_di D:\phpStudy\PHPTutorial\WWW\shipplatform2\Runtime\Cache\Admin\a451a99e7a47b93a6683b7ab81bdcb67.php 第 435 行.
NOTIC: [8] Undefined index: bottom_volume_di D:\phpStudy\PHPTutorial\WWW\shipplatform2\Runtime\Cache\Admin\a451a99e7a47b93a6683b7ab81bdcb67.php 第 435 行.
NOTIC: [8] Undefined index: bottom_volume_di D:\phpStudy\PHPTutorial\WWW\shipplatform2\Runtime\Cache\Admin\a451a99e7a47b93a6683b7ab81bdcb67.php 第 435 行.
NOTIC: [8] Undefined index: bottom_volume_di D:\phpStudy\PHPTutorial\WWW\shipplatform2\Runtime\Cache\Admin\a451a99e7a47b93a6683b7ab81bdcb67.php 第 435 行.
INFO: Run Behavior\ParseTemplateBehavior [ RunTime:0.066003s ]
INFO: [ view_parse ] --END-- [ RunTime:0.067003s ]
INFO: [ view_filter ] --START--
INFO: Run Behavior\WriteHtmlCacheBehavior [ RunTime:0.001001s ]
INFO: [ view_filter ] --END-- [ RunTime:0.001001s ]
INFO: [ app_end ] --START--
INFO: Run Behavior\ShowPageTraceBehavior [ RunTime:0.001000s ]
INFO: [ app_end ] --END-- [ RunTime:0.001000s ]

[ 2019-08-06T15:16:10+08:00 ] 127.0.0.1 /admin.php?s=/Firm/index
INFO: [ app_init ] --START--
INFO: Run Behavior\BuildLiteBehavior [ RunTime:0.000000s ]
INFO: [ app_init ] --END-- [ RunTime:0.002000s ]
INFO: [ app_begin ] --START--
INFO: Run Behavior\ReadHtmlCacheBehavior [ RunTime:0.001000s ]
INFO: [ app_begin ] --END-- [ RunTime:0.002000s ]
SQL: SHOW COLUMNS FROM `auth_group_access` [ RunTime:0.0050s ]
SQL: SELECT `uid`,`group_id`,`title`,`rules` FROM auth_group_access a INNER JOIN auth_group g on a.group_id=g.id  WHERE ( a.uid='1' and g.status='1' )  [ RunTime:0.0000s ]
SQL: SHOW COLUMNS FROM `auth_rule` [ RunTime:0.0050s ]
SQL: SELECT `condition`,`name` FROM `auth_rule` WHERE `id` IN ('1','7','8','9','10','24','17','18','19','20','21','22','25','26','27','28','29','30','31','81','32','34','33','35','36','37','38','39','40','41','42','43','44','45','82','46','47','48','49','80','50','51','52','53','54','55','56','57','58','59','60','61','62','63','64','65','66','67','68','69','70','71','72','73','74','75','76','77','78','79') AND `type` = 1 AND `status` = 1  [ RunTime:0.0010s ]
SQL: SHOW COLUMNS FROM `admin` [ RunTime:0.0050s ]
SQL: SELECT `name`,`id` FROM `admin` WHERE `id` = 1 LIMIT 1   [ RunTime:0.0010s ]
SQL: SHOW COLUMNS FROM `firm` [ RunTime:0.0050s ]
SQL: SELECT COUNT(*) AS tp_count FROM `firm` LIMIT 1   [ RunTime:0.0000s ]
NOTIC: [8] Undefined index: p D:\phpStudy\PHPTutorial\WWW\shipplatform2\Ship\Admin\Controller\FirmController.class.php 第 22 行.
SQL: SELECT * FROM `firm` ORDER BY id asc LIMIT 0,30   [ RunTime:0.0000s ]
INFO: [ view_parse ] --START--
INFO: [ template_filter ] --START--
INFO: Run Behavior\ContentReplaceBehavior [ RunTime:0.000000s ]
INFO: [ template_filter ] --END-- [ RunTime:0.001000s ]
INFO: Run Behavior\ParseTemplateBehavior [ RunTime:0.090005s ]
INFO: [ view_parse ] --END-- [ RunTime:0.090005s ]
INFO: [ view_filter ] --START--
INFO: Run Behavior\WriteHtmlCacheBehavior [ RunTime:0.000000s ]
INFO: [ view_filter ] --END-- [ RunTime:0.001000s ]
INFO: [ app_end ] --START--
INFO: Run Behavior\ShowPageTraceBehavior [ RunTime:0.001000s ]
INFO: [ app_end ] --END-- [ RunTime:0.001000s ]

[ 2019-08-06T15:16:12+08:00 ] 127.0.0.1 /admin.php?s=/Ship/index
INFO: [ app_init ] --START--
INFO: Run Behavior\BuildLiteBehavior [ RunTime:0.001000s ]
INFO: [ app_init ] --END-- [ RunTime:0.001000s ]
INFO: [ app_begin ] --START--
INFO: Run Behavior\ReadHtmlCacheBehavior [ RunTime:0.000000s ]
INFO: [ app_begin ] --END-- [ RunTime:0.002001s ]
SQL: SHOW COLUMNS FROM `auth_group_access` [ RunTime:0.0060s ]
SQL: SELECT `uid`,`group_id`,`title`,`rules` FROM auth_group_access a INNER JOIN auth_group g on a.group_id=g.id  WHERE ( a.uid='1' and g.status='1' )  [ RunTime:0.0010s ]
SQL: SHOW COLUMNS FROM `auth_rule` [ RunTime:0.0070s ]
SQL: SELECT `condition`,`name` FROM `auth_rule` WHERE `id` IN ('1','7','8','9','10','24','17','18','19','20','21','22','25','26','27','28','29','30','31','81','32','34','33','35','36','37','38','39','40','41','42','43','44','45','82','46','47','48','49','80','50','51','52','53','54','55','56','57','58','59','60','61','62','63','64','65','66','67','68','69','70','71','72','73','74','75','76','77','78','79') AND `type` = 1 AND `status` = 1  [ RunTime:0.0010s ]
SQL: SHOW COLUMNS FROM `admin` [ RunTime:0.0050s ]
SQL: SELECT `name`,`id` FROM `admin` WHERE `id` = 1 LIMIT 1   [ RunTime:0.0010s ]
SQL: SHOW COLUMNS FROM `ship` [ RunTime:0.0050s ]
SQL: SELECT COUNT(*) AS tp_count FROM `ship` WHERE (  1 ) LIMIT 1   [ RunTime:0.0000s ]
NOTIC: [8] Undefined index: p D:\phpStudy\PHPTutorial\WWW\shipplatform2\Ship\Admin\Controller\ShipController.class.php 第 37 行.
SQL: SELECT s.id,s.shipname,s.number,s.cabinnum,f.firmname FROM ship s left join firm f on f.id=s.firmid  WHERE (  1 ) ORDER BY s.id desc,f.firmname desc LIMIT 0,30   [ RunTime:0.0010s ]
SQL: SHOW COLUMNS FROM `firm` [ RunTime:0.0050s ]
SQL: SELECT `id`,`firmname` FROM `firm`  [ RunTime:0.0000s ]
INFO: [ view_parse ] --START--
INFO: [ template_filter ] --START--
INFO: Run Behavior\ContentReplaceBehavior [ RunTime:0.000000s ]
INFO: [ template_filter ] --END-- [ RunTime:0.001000s ]
INFO: Run Behavior\ParseTemplateBehavior [ RunTime:0.088005s ]
INFO: [ view_parse ] --END-- [ RunTime:0.088005s ]
INFO: [ view_filter ] --START--
INFO: Run Behavior\WriteHtmlCacheBehavior [ RunTime:0.001000s ]
INFO: [ view_filter ] --END-- [ RunTime:0.001000s ]
INFO: [ app_end ] --START--
INFO: Run Behavior\ShowPageTraceBehavior [ RunTime:0.002000s ]
INFO: [ app_end ] --END-- [ RunTime:0.002000s ]

[ 2019-08-06T15:16:15+08:00 ] 127.0.0.1 /admin.php?s=/Cabin/index
INFO: [ app_init ] --START--
INFO: Run Behavior\BuildLiteBehavior [ RunTime:0.000000s ]
INFO: [ app_init ] --END-- [ RunTime:0.001000s ]
INFO: [ app_begin ] --START--
INFO: Run Behavior\ReadHtmlCacheBehavior [ RunTime:0.001000s ]
INFO: [ app_begin ] --END-- [ RunTime:0.001000s ]
SQL: SHOW COLUMNS FROM `auth_group_access` [ RunTime:0.0050s ]
SQL: SELECT `uid`,`group_id`,`title`,`rules` FROM auth_group_access a INNER JOIN auth_group g on a.group_id=g.id  WHERE ( a.uid='1' and g.status='1' )  [ RunTime:0.0010s ]
SQL: SHOW COLUMNS FROM `auth_rule` [ RunTime:0.0050s ]
SQL: SELECT `condition`,`name` FROM `auth_rule` WHERE `id` IN ('1','7','8','9','10','24','17','18','19','20','21','22','25','26','27','28','29','30','31','81','32','34','33','35','36','37','38','39','40','41','42','43','44','45','82','46','47','48','49','80','50','51','52','53','54','55','56','57','58','59','60','61','62','63','64','65','66','67','68','69','70','71','72','73','74','75','76','77','78','79') AND `type` = 1 AND `status` = 1  [ RunTime:0.0000s ]
SQL: SHOW COLUMNS FROM `admin` [ RunTime:0.0050s ]
SQL: SELECT `name`,`id` FROM `admin` WHERE `id` = 1 LIMIT 1   [ RunTime:0.0000s ]
SQL: SHOW COLUMNS FROM `cabin` [ RunTime:0.0050s ]
SQL: SELECT COUNT(*) AS tp_count FROM cabin c WHERE (  1 ) LIMIT 1   [ RunTime:0.0000s ]
NOTIC: [8] Undefined index: p D:\phpStudy\PHPTutorial\WWW\shipplatform2\Ship\Admin\Controller\CabinController.class.php 第 32 行.
SQL: SELECT c.id,c.cabinname,c.altitudeheight,c.bottom_volume,c.pipe_line,c.shipid,s.shipname,s.tankcapacityshipid,s.rongliang,s.rongliang_1,s.zx,s.zx_1 FROM cabin c left join ship s on s.id=c.shipid  WHERE (  1 ) ORDER BY c.shipid desc,c.id asc LIMIT 0,24   [ RunTime:0.0010s ]
SQL: SHOW COLUMNS FROM `ship` [ RunTime:0.0050s ]
SQL: SELECT `id`,`shipname` FROM `ship` ORDER BY shipname desc  [ RunTime:0.0010s ]
INFO: [ view_parse ] --START--
INFO: [ template_filter ] --START--
INFO: Run Behavior\ContentReplaceBehavior [ RunTime:0.001000s ]
INFO: [ template_filter ] --END-- [ RunTime:0.001000s ]
NOTIC: [8] Undefined variable: tname D:\phpStudy\PHPTutorial\WWW\shipplatform2\Runtime\Cache\Admin\a451a99e7a47b93a6683b7ab81bdcb67.php 第 406 行.
NOTIC: [8] Undefined index: bottom_volume_di D:\phpStudy\PHPTutorial\WWW\shipplatform2\Runtime\Cache\Admin\a451a99e7a47b93a6683b7ab81bdcb67.php 第 435 行.
NOTIC: [8] Undefined index: bottom_volume_di D:\phpStudy\PHPTutorial\WWW\shipplatform2\Runtime\Cache\Admin\a451a99e7a47b93a6683b7ab81bdcb67.php 第 435 行.
NOTIC: [8] Undefined index: bottom_volume_di D:\phpStudy\PHPTutorial\WWW\shipplatform2\Runtime\Cache\Admin\a451a99e7a47b93a6683b7ab81bdcb67.php 第 435 行.
NOTIC: [8] Undefined index: bottom_volume_di D:\phpStudy\PHPTutorial\WWW\shipplatform2\Runtime\Cache\Admin\a451a99e7a47b93a6683b7ab81bdcb67.php 第 435 行.
NOTIC: [8] Undefined index: bottom_volume_di D:\phpStudy\PHPTutorial\WWW\shipplatform2\Runtime\Cache\Admin\a451a99e7a47b93a6683b7ab81bdcb67.php 第 435 行.
NOTIC: [8] Undefined index: bottom_volume_di D:\phpStudy\PHPTutorial\WWW\shipplatform2\Runtime\Cache\Admin\a451a99e7a47b93a6683b7ab81bdcb67.php 第 435 行.
NOTIC: [8] Undefined index: bottom_volume_di D:\phpStudy\PHPTutorial\WWW\shipplatform2\Runtime\Cache\Admin\a451a99e7a47b93a6683b7ab81bdcb67.php 第 435 行.
NOTIC: [8] Undefined index: bottom_volume_di D:\phpStudy\PHPTutorial\WWW\shipplatform2\Runtime\Cache\Admin\a451a99e7a47b93a6683b7ab81bdcb67.php 第 435 行.
NOTIC: [8] Undefined index: bottom_volume_di D:\phpStudy\PHPTutorial\WWW\shipplatform2\Runtime\Cache\Admin\a451a99e7a47b93a6683b7ab81bdcb67.php 第 435 行.
NOTIC: [8] Undefined index: bottom_volume_di D:\phpStudy\PHPTutorial\WWW\shipplatform2\Runtime\Cache\Admin\a451a99e7a47b93a6683b7ab81bdcb67.php 第 435 行.
NOTIC: [8] Undefined index: bottom_volume_di D:\phpStudy\PHPTutorial\WWW\shipplatform2\Runtime\Cache\Admin\a451a99e7a47b93a6683b7ab81bdcb67.php 第 435 行.
NOTIC: [8] Undefined index: bottom_volume_di D:\phpStudy\PHPTutorial\WWW\shipplatform2\Runtime\Cache\Admin\a451a99e7a47b93a6683b7ab81bdcb67.php 第 435 行.
NOTIC: [8] Undefined index: bottom_volume_di D:\phpStudy\PHPTutorial\WWW\shipplatform2\Runtime\Cache\Admin\a451a99e7a47b93a6683b7ab81bdcb67.php 第 435 行.
NOTIC: [8] Undefined index: bottom_volume_di D:\phpStudy\PHPTutorial\WWW\shipplatform2\Runtime\Cache\Admin\a451a99e7a47b93a6683b7ab81bdcb67.php 第 435 行.
NOTIC: [8] Undefined index: bottom_volume_di D:\phpStudy\PHPTutorial\WWW\shipplatform2\Runtime\Cache\Admin\a451a99e7a47b93a6683b7ab81bdcb67.php 第 435 行.
NOTIC: [8] Undefined index: bottom_volume_di D:\phpStudy\PHPTutorial\WWW\shipplatform2\Runtime\Cache\Admin\a451a99e7a47b93a6683b7ab81bdcb67.php 第 435 行.
NOTIC: [8] Undefined index: bottom_volume_di D:\phpStudy\PHPTutorial\WWW\shipplatform2\Runtime\Cache\Admin\a451a99e7a47b93a6683b7ab81bdcb67.php 第 435 行.
NOTIC: [8] Undefined index: bottom_volume_di D:\phpStudy\PHPTutorial\WWW\shipplatform2\Runtime\Cache\Admin\a451a99e7a47b93a6683b7ab81bdcb67.php 第 435 行.
NOTIC: [8] Undefined index: bottom_volume_di D:\phpStudy\PHPTutorial\WWW\shipplatform2\Runtime\Cache\Admin\a451a99e7a47b93a6683b7ab81bdcb67.php 第 435 行.
NOTIC: [8] Undefined index: bottom_volume_di D:\phpStudy\PHPTutorial\WWW\shipplatform2\Runtime\Cache\Admin\a451a99e7a47b93a6683b7ab81bdcb67.php 第 435 行.
NOTIC: [8] Undefined index: bottom_volume_di D:\phpStudy\PHPTutorial\WWW\shipplatform2\Runtime\Cache\Admin\a451a99e7a47b93a6683b7ab81bdcb67.php 第 435 行.
NOTIC: [8] Undefined index: bottom_volume_di D:\phpStudy\PHPTutorial\WWW\shipplatform2\Runtime\Cache\Admin\a451a99e7a47b93a6683b7ab81bdcb67.php 第 435 行.
NOTIC: [8] Undefined index: bottom_volume_di D:\phpStudy\PHPTutorial\WWW\shipplatform2\Runtime\Cache\Admin\a451a99e7a47b93a6683b7ab81bdcb67.php 第 435 行.
NOTIC: [8] Undefined index: bottom_volume_di D:\phpStudy\PHPTutorial\WWW\shipplatform2\Runtime\Cache\Admin\a451a99e7a47b93a6683b7ab81bdcb67.php 第 435 行.
INFO: Run Behavior\ParseTemplateBehavior [ RunTime:0.086005s ]
INFO: [ view_parse ] --END-- [ RunTime:0.087005s ]
INFO: [ view_filter ] --START--
INFO: Run Behavior\WriteHtmlCacheBehavior [ RunTime:0.001000s ]
INFO: [ view_filter ] --END-- [ RunTime:0.001000s ]
INFO: [ app_end ] --START--
INFO: Run Behavior\ShowPageTraceBehavior [ RunTime:0.001000s ]
INFO: [ app_end ] --END-- [ RunTime:0.002000s ]

[ 2019-08-06T15:16:17+08:00 ] 127.0.0.1 /admin.php?s=/Cabin/add
INFO: [ app_init ] --START--
INFO: Run Behavior\BuildLiteBehavior [ RunTime:0.000000s ]
INFO: [ app_init ] --END-- [ RunTime:0.001001s ]
INFO: [ app_begin ] --START--
INFO: Run Behavior\ReadHtmlCacheBehavior [ RunTime:0.000000s ]
INFO: [ app_begin ] --END-- [ RunTime:0.002000s ]
SQL: SHOW COLUMNS FROM `auth_group_access` [ RunTime:0.0040s ]
SQL: SELECT `uid`,`group_id`,`title`,`rules` FROM auth_group_access a INNER JOIN auth_group g on a.group_id=g.id  WHERE ( a.uid='1' and g.status='1' )  [ RunTime:0.0010s ]
SQL: SHOW COLUMNS FROM `auth_rule` [ RunTime:0.0050s ]
SQL: SELECT `condition`,`name` FROM `auth_rule` WHERE `id` IN ('1','7','8','9','10','24','17','18','19','20','21','22','25','26','27','28','29','30','31','81','32','34','33','35','36','37','38','39','40','41','42','43','44','45','82','46','47','48','49','80','50','51','52','53','54','55','56','57','58','59','60','61','62','63','64','65','66','67','68','69','70','71','72','73','74','75','76','77','78','79') AND `type` = 1 AND `status` = 1  [ RunTime:0.0000s ]
SQL: SHOW COLUMNS FROM `admin` [ RunTime:0.0040s ]
SQL: SELECT `name`,`id` FROM `admin` WHERE `id` = 1 LIMIT 1   [ RunTime:0.0000s ]
SQL: SHOW COLUMNS FROM `cabin` [ RunTime:0.0050s ]
SQL: SHOW COLUMNS FROM `ship` [ RunTime:0.0050s ]
SQL: SELECT `id`,`shipname`,`cabinnum`,`suanfa` FROM `ship` ORDER BY shipname asc  [ RunTime:0.0000s ]
SQL: SELECT COUNT(*) AS tp_count FROM `cabin` WHERE `shipid` = 10 LIMIT 1   [ RunTime:0.0010s ]
SQL: SELECT COUNT(*) AS tp_count FROM `cabin` WHERE `shipid` = 6 LIMIT 1   [ RunTime:0.0000s ]
SQL: SELECT COUNT(*) AS tp_count FROM `cabin` WHERE `shipid` = 13 LIMIT 1   [ RunTime:0.0010s ]
SQL: SELECT COUNT(*) AS tp_count FROM `cabin` WHERE `shipid` = 7 LIMIT 1   [ RunTime:0.0000s ]
SQL: SELECT COUNT(*) AS tp_count FROM `cabin` WHERE `shipid` = 12 LIMIT 1   [ RunTime:0.0000s ]
SQL: SELECT COUNT(*) AS tp_count FROM `cabin` WHERE `shipid` = 14 LIMIT 1   [ RunTime:0.0010s ]
SQL: SELECT COUNT(*) AS tp_count FROM `cabin` WHERE `shipid` = 11 LIMIT 1   [ RunTime:0.0000s ]
SQL: SELECT COUNT(*) AS tp_count FROM `cabin` WHERE `shipid` = 9 LIMIT 1   [ RunTime:0.0000s ]
SQL: SELECT COUNT(*) AS tp_count FROM `cabin` WHERE `shipid` = 8 LIMIT 1   [ RunTime:0.0000s ]
SQL: SELECT COUNT(*) AS tp_count FROM `cabin` WHERE `shipid` = 75 LIMIT 1   [ RunTime:0.0000s ]
SQL: SELECT COUNT(*) AS tp_count FROM `cabin` WHERE `shipid` = 78 LIMIT 1   [ RunTime:0.0010s ]
SQL: SELECT COUNT(*) AS tp_count FROM `cabin` WHERE `shipid` = 15 LIMIT 1   [ RunTime:0.0000s ]
SQL: SELECT COUNT(*) AS tp_count FROM `cabin` WHERE `shipid` = 84 LIMIT 1   [ RunTime:0.0000s ]
SQL: SELECT COUNT(*) AS tp_count FROM `cabin` WHERE `shipid` = 76 LIMIT 1   [ RunTime:0.0010s ]
SQL: SELECT COUNT(*) AS tp_count FROM `cabin` WHERE `shipid` = 77 LIMIT 1   [ RunTime:0.0000s ]
SQL: SELECT COUNT(*) AS tp_count FROM `cabin` WHERE `shipid` = 16 LIMIT 1   [ RunTime:0.0000s ]
SQL: SELECT COUNT(*) AS tp_count FROM `cabin` WHERE `shipid` = 79 LIMIT 1   [ RunTime:0.0010s ]
SQL: SELECT COUNT(*) AS tp_count FROM `cabin` WHERE `shipid` = 81 LIMIT 1   [ RunTime:0.0000s ]
SQL: SELECT COUNT(*) AS tp_count FROM `cabin` WHERE `shipid` = 86 LIMIT 1   [ RunTime:0.0000s ]
SQL: SELECT COUNT(*) AS tp_count FROM `cabin` WHERE `shipid` = 82 LIMIT 1   [ RunTime:0.0010s ]
SQL: SELECT COUNT(*) AS tp_count FROM `cabin` WHERE `shipid` = 89 LIMIT 1   [ RunTime:0.0000s ]
SQL: SELECT COUNT(*) AS tp_count FROM `cabin` WHERE `shipid` = 94 LIMIT 1   [ RunTime:0.0010s ]
SQL: SELECT COUNT(*) AS tp_count FROM `cabin` WHERE `shipid` = 93 LIMIT 1   [ RunTime:0.0000s ]
SQL: SELECT COUNT(*) AS tp_count FROM `cabin` WHERE `shipid` = 92 LIMIT 1   [ RunTime:0.0000s ]
SQL: SELECT COUNT(*) AS tp_count FROM `cabin` WHERE `shipid` = 91 LIMIT 1   [ RunTime:0.0000s ]
SQL: SELECT COUNT(*) AS tp_count FROM `cabin` WHERE `shipid` = 90 LIMIT 1   [ RunTime:0.0000s ]
SQL: SELECT COUNT(*) AS tp_count FROM `cabin` WHERE `shipid` = 83 LIMIT 1   [ RunTime:0.0000s ]
SQL: SELECT COUNT(*) AS tp_count FROM `cabin` WHERE `shipid` = 88 LIMIT 1   [ RunTime:0.0000s ]
SQL: SELECT COUNT(*) AS tp_count FROM `cabin` WHERE `shipid` = 87 LIMIT 1   [ RunTime:0.0000s ]
SQL: SELECT COUNT(*) AS tp_count FROM `cabin` WHERE `shipid` = 85 LIMIT 1   [ RunTime:0.0010s ]
INFO: [ view_parse ] --START--
INFO: [ template_filter ] --START--
INFO: Run Behavior\ContentReplaceBehavior [ RunTime:0.001000s ]
INFO: [ template_filter ] --END-- [ RunTime:0.001000s ]
INFO: Run Behavior\ParseTemplateBehavior [ RunTime:0.043002s ]
INFO: [ view_parse ] --END-- [ RunTime:0.044002s ]
INFO: [ view_filter ] --START--
INFO: Run Behavior\WriteHtmlCacheBehavior [ RunTime:0.001000s ]
INFO: [ view_filter ] --END-- [ RunTime:0.001000s ]
INFO: [ app_end ] --START--
INFO: Run Behavior\ShowPageTraceBehavior [ RunTime:0.001001s ]
INFO: [ app_end ] --END-- [ RunTime:0.001001s ]

