[ 2019-07-19T08:58:09+08:00 ] 192.168.1.195 /shipplatform2/app.php?c=ShResult&a=forntsearch
INFO: [ app_init ] --START--
INFO: Run Behavior\BuildLiteBehavior [ RunTime:0.000000s ]
INFO: [ app_init ] --END-- [ RunTime:0.000000s ]
INFO: [ app_begin ] --START--
INFO: Run Behavior\ReadHtmlCacheBehavior [ RunTime:0.000000s ]
INFO: [ app_begin ] --END-- [ RunTime:0.002000s ]
SQL: SHOW COLUMNS FROM `user` [ RunTime:0.0330s ]
SQL: SELECT `status`,`imei`,`firmid` FROM `user` WHERE `id` = 9 LIMIT 1   [ RunTime:0.0000s ]
SQL: SHOW COLUMNS FROM `firm` [ RunTime:0.0410s ]
SQL: SELECT `expire_time`,`creditline`,`balance`,`membertype` FROM `firm` WHERE `id` = 21 LIMIT 1   [ RunTime:0.0000s ]
SQL: SHOW COLUMNS FROM `sh_result` [ RunTime:0.0260s ]
SQL: SHOW COLUMNS FROM `sh_forntrecord` [ RunTime:0.0230s ]
SQL: SELECT `forntleft`,`forntright`,`centerleft`,`centerright`,`afterleft`,`afterright`,`fornt`,`center`,`after`,`solt` FROM `sh_forntrecord` WHERE `resultid` = 1  [ RunTime:0.0010s ]
SQL: SELECT `hou_fwater_weight`,`hou_sewage_weight`,`hou_fuel_weight`,`hou_other_weight`,`qian_fwater_weight`,`qian_sewage_weight`,`qian_fuel_weight`,`qian_other_weight` FROM `sh_result` LIMIT 1   [ RunTime:0.0010s ]
INFO: [ app_end ] --START--
INFO: Run Behavior\ShowPageTraceBehavior [ RunTime:0.001000s ]
INFO: [ app_end ] --END-- [ RunTime:0.001000s ]

[ 2019-07-19T11:20:17+08:00 ] 192.168.1.195 /shipplatform2/app.php?c=ShResult&a=forntsearch
INFO: [ app_init ] --START--
INFO: Run Behavior\BuildLiteBehavior [ RunTime:0.001000s ]
INFO: [ app_init ] --END-- [ RunTime:0.001000s ]
INFO: [ app_begin ] --START--
INFO: Run Behavior\ReadHtmlCacheBehavior [ RunTime:0.002000s ]
INFO: [ app_begin ] --END-- [ RunTime:0.002000s ]
SQL: SHOW COLUMNS FROM `user` [ RunTime:0.0060s ]
SQL: SELECT `status`,`imei`,`firmid` FROM `user` WHERE `id` = 9 LIMIT 1   [ RunTime:0.0010s ]
SQL: SHOW COLUMNS FROM `firm` [ RunTime:0.0050s ]
SQL: SELECT `expire_time`,`creditline`,`balance`,`membertype` FROM `firm` WHERE `id` = 21 LIMIT 1   [ RunTime:0.0010s ]
SQL: SHOW COLUMNS FROM `sh_result` [ RunTime:0.0060s ]
SQL: SHOW COLUMNS FROM `sh_forntrecord` [ RunTime:0.0060s ]
SQL: SELECT `forntleft`,`forntright`,`centerleft`,`centerright`,`afterleft`,`afterright`,`fornt`,`center`,`after`,`solt` FROM `sh_forntrecord` WHERE `resultid` = 1  [ RunTime:0.0000s ]
SQL: SELECT `hou_fwater_weight`,`hou_sewage_weight`,`hou_fuel_weight`,`hou_other_weight`,`qian_fwater_weight`,`qian_sewage_weight`,`qian_fuel_weight`,`qian_other_weight`,`qian_pwd`,`hou_pwd` FROM `sh_result` WHERE `id` = 1 LIMIT 1   [ RunTime:0.0000s ]
INFO: [ app_end ] --START--
INFO: Run Behavior\ShowPageTraceBehavior [ RunTime:0.001000s ]
INFO: [ app_end ] --END-- [ RunTime:0.002000s ]

[ 2019-07-19T11:20:25+08:00 ] 192.168.1.195 /shipplatform2/app.php?c=ShResult&a=forntsearch
INFO: [ app_init ] --START--
INFO: Run Behavior\BuildLiteBehavior [ RunTime:0.000000s ]
INFO: [ app_init ] --END-- [ RunTime:0.000000s ]
INFO: [ app_begin ] --START--
INFO: Run Behavior\ReadHtmlCacheBehavior [ RunTime:0.001000s ]
INFO: [ app_begin ] --END-- [ RunTime:0.001000s ]
SQL: SHOW COLUMNS FROM `user` [ RunTime:0.0060s ]
SQL: SELECT `status`,`imei`,`firmid` FROM `user` WHERE `id` = 9 LIMIT 1   [ RunTime:0.0010s ]
SQL: SHOW COLUMNS FROM `firm` [ RunTime:0.0060s ]
SQL: SELECT `expire_time`,`creditline`,`balance`,`membertype` FROM `firm` WHERE `id` = 21 LIMIT 1   [ RunTime:0.0010s ]
SQL: SHOW COLUMNS FROM `sh_result` [ RunTime:0.0070s ]
SQL: SHOW COLUMNS FROM `sh_forntrecord` [ RunTime:0.0070s ]
SQL: SELECT `forntleft`,`forntright`,`centerleft`,`centerright`,`afterleft`,`afterright`,`fornt`,`center`,`after`,`solt` FROM `sh_forntrecord` WHERE `resultid` = 1  [ RunTime:0.0000s ]
SQL: SELECT `hou_fwater_weight`,`hou_sewage_weight`,`hou_fuel_weight`,`hou_other_weight`,`qian_fwater_weight`,`qian_sewage_weight`,`qian_fuel_weight`,`qian_other_weight`,`qian_pwd`,`hou_pwd` FROM `sh_result` WHERE `id` = 1 LIMIT 1   [ RunTime:0.0000s ]
INFO: [ app_end ] --START--
INFO: Run Behavior\ShowPageTraceBehavior [ RunTime:0.001000s ]
INFO: [ app_end ] --END-- [ RunTime:0.001000s ]

[ 2019-07-19T12:21:27+08:00 ] 192.168.1.111 /shipplatform2/app.php?c=ShResult&a=resultsearch
INFO: [ app_init ] --START--
INFO: Run Behavior\BuildLiteBehavior [ RunTime:0.001000s ]
INFO: [ app_init ] --END-- [ RunTime:0.001000s ]
INFO: [ app_begin ] --START--
INFO: Run Behavior\ReadHtmlCacheBehavior [ RunTime:0.001000s ]
INFO: [ app_begin ] --END-- [ RunTime:0.001000s ]
SQL: SHOW COLUMNS FROM `sh_result` [ RunTime:0.0060s ]
SQL: SHOW COLUMNS FROM `user` [ RunTime:0.0050s ]
SQL: SELECT `status`,`imei`,`firmid` FROM `user` WHERE `id` = 9 LIMIT 1   [ RunTime:0.0000s ]
SQL: SHOW COLUMNS FROM `firm` [ RunTime:0.0050s ]
SQL: SELECT `expire_time`,`creditline`,`balance`,`membertype` FROM `firm` WHERE `id` = 21 LIMIT 1   [ RunTime:0.0000s ]
SQL: SELECT r.*,s.shipname,u.username,f.firmtype as ffirmtype FROM sh_result r left join sh_ship s on s.id=r.shipid left join user u on r.uid = u.id left join firm f on u.firmid = f.id  WHERE r.id = '1' LIMIT 1   [ RunTime:0.0010s ]
SQL: SHOW COLUMNS FROM `sh_resultrecord` [ RunTime:0.0050s ]
SQL: SELECT * FROM `sh_resultrecord` WHERE `resultid` = 1  [ RunTime:0.0000s ]
SQL: SHOW COLUMNS FROM `sh_resultlist` [ RunTime:0.0050s ]
SQL: SELECT * FROM `sh_resultlist` WHERE `resultid` = 1 ORDER BY solt asc  [ RunTime:0.0000s ]
INFO: [ app_end ] --START--
INFO: Run Behavior\ShowPageTraceBehavior [ RunTime:0.001000s ]
INFO: [ app_end ] --END-- [ RunTime:0.001000s ]

[ 2019-07-19T15:46:29+08:00 ] 192.168.1.111 /shipplatform2/app.php?c=Ship&a=index
INFO: [ app_init ] --START--
INFO: Run Behavior\BuildLiteBehavior [ RunTime:0.000000s ]
INFO: [ app_init ] --END-- [ RunTime:0.000000s ]
INFO: [ app_begin ] --START--
INFO: Run Behavior\ReadHtmlCacheBehavior [ RunTime:0.001000s ]
INFO: [ app_begin ] --END-- [ RunTime:0.001000s ]
SQL: SHOW COLUMNS FROM `ship` [ RunTime:0.0060s ]
SQL: SHOW COLUMNS FROM `user` [ RunTime:0.0050s ]
SQL: SELECT `status`,`imei`,`firmid` FROM `user` WHERE `id` = 9 LIMIT 1   [ RunTime:0.0010s ]
SQL: SHOW COLUMNS FROM `firm` [ RunTime:0.0060s ]
SQL: SELECT `expire_time`,`creditline`,`balance`,`membertype` FROM `firm` WHERE `id` = 21 LIMIT 1   [ RunTime:0.0000s ]
SQL: SELECT * FROM `user` WHERE `id` = 9 LIMIT 1   [ RunTime:0.0000s ]
SQL: SHOW COLUMNS FROM `firm` [ RunTime:0.0070s ]
SQL: SELECT * FROM `firm` WHERE `id` = 21 LIMIT 1   [ RunTime:0.0010s ]
SQL: SELECT `id`,`shipname`,`coefficient`,`cabinnum`,`number`,`is_guanxian`,`is_diliang`,`suanfa`,`goodsname`,`firmid`,`expire_time`,`img` FROM `ship` WHERE `id` IN ('6','7','8','9','10','11','12','13','14','75','76','77','78','79','81','15','16','82','83','86','87','88','89','90','91','92','93','94','84','85') AND `shipname` LIKE '%三%' ORDER BY id desc  [ RunTime:0.0010s ]
SQL: SELECT `id`,`firmname` FROM `firm` WHERE `firmtype` = 2  [ RunTime:0.0010s ]
INFO: [ app_end ] --START--
INFO: Run Behavior\ShowPageTraceBehavior [ RunTime:0.001000s ]
INFO: [ app_end ] --END-- [ RunTime:0.002000s ]

