[ 2019-07-31T17:22:03+08:00 ] 192.168.1.106 /shipplatform2/app.php?c=Ship&a=index
INFO: [ app_init ] --START--
INFO: Run Behavior\BuildLiteBehavior [ RunTime:0.000000s ]
INFO: [ app_init ] --END-- [ RunTime:0.000000s ]
INFO: [ app_begin ] --START--
INFO: Run Behavior\ReadHtmlCacheBehavior [ RunTime:0.068004s ]
INFO: [ app_begin ] --END-- [ RunTime:0.068004s ]
SQL: SHOW COLUMNS FROM `ship` [ RunTime:0.0640s ]
SQL: SHOW COLUMNS FROM `user` [ RunTime:0.0400s ]
SQL: SELECT `status`,`imei`,`firmid` FROM `user` WHERE `id` = 9 LIMIT 1   [ RunTime:0.0010s ]
SQL: SHOW COLUMNS FROM `firm` [ RunTime:0.0660s ]
SQL: SELECT `expire_time`,`creditline`,`balance`,`membertype` FROM `firm` WHERE `id` = 21 LIMIT 1   [ RunTime:0.0000s ]
SQL: SELECT * FROM `user` WHERE `id` = 9 LIMIT 1   [ RunTime:0.0000s ]
SQL: SHOW COLUMNS FROM `firm` [ RunTime:0.0070s ]
SQL: SELECT * FROM `firm` WHERE `id` = 21 LIMIT 1   [ RunTime:0.0000s ]
SQL: SELECT `id`,`shipname`,`coefficient`,`cabinnum`,`number`,`is_guanxian`,`is_diliang`,`suanfa`,`goodsname`,`firmid`,`expire_time`,`img` FROM `ship` WHERE `id` = 91 ORDER BY id desc  [ RunTime:0.0010s ]
SQL: SELECT `id`,`firmname` FROM `firm` WHERE `firmtype` = 2  [ RunTime:0.0000s ]
INFO: [ app_end ] --START--
INFO: Run Behavior\ShowPageTraceBehavior [ RunTime:0.039002s ]
INFO: [ app_end ] --END-- [ RunTime:0.039002s ]

[ 2019-07-31T17:22:08+08:00 ] 192.168.1.106 /shipplatform2/app.php?c=Ship&a=index
INFO: [ app_init ] --START--
INFO: Run Behavior\BuildLiteBehavior [ RunTime:0.000000s ]
INFO: [ app_init ] --END-- [ RunTime:0.000000s ]
INFO: [ app_begin ] --START--
INFO: Run Behavior\ReadHtmlCacheBehavior [ RunTime:0.001000s ]
INFO: [ app_begin ] --END-- [ RunTime:0.001000s ]
SQL: SHOW COLUMNS FROM `ship` [ RunTime:0.0060s ]
SQL: SHOW COLUMNS FROM `user` [ RunTime:0.0060s ]
SQL: SELECT `status`,`imei`,`firmid` FROM `user` WHERE `id` = 9 LIMIT 1   [ RunTime:0.0000s ]
SQL: SHOW COLUMNS FROM `firm` [ RunTime:0.0060s ]
SQL: SELECT `expire_time`,`creditline`,`balance`,`membertype` FROM `firm` WHERE `id` = 21 LIMIT 1   [ RunTime:0.0000s ]
SQL: SELECT * FROM `user` WHERE `id` = 9 LIMIT 1   [ RunTime:0.0010s ]
SQL: SHOW COLUMNS FROM `firm` [ RunTime:0.0060s ]
SQL: SELECT * FROM `firm` WHERE `id` = 21 LIMIT 1   [ RunTime:0.0010s ]
SQL: SELECT `id`,`shipname`,`coefficient`,`cabinnum`,`number`,`is_guanxian`,`is_diliang`,`suanfa`,`goodsname`,`firmid`,`expire_time`,`img` FROM `ship` WHERE `id` IN ('6','7','8','9','10','11','12','13','14','75','76','77','78','79','81','15','16','82','83','86','87','88','89','90','91','92','93','94','84','85') AND `firmid` = 6 AND `shipname` LIKE '%通%' ORDER BY id desc  [ RunTime:0.0000s ]
SQL: SELECT `id`,`firmname` FROM `firm` WHERE `firmtype` = 2  [ RunTime:0.0000s ]
INFO: [ app_end ] --START--
INFO: Run Behavior\ShowPageTraceBehavior [ RunTime:0.001000s ]
INFO: [ app_end ] --END-- [ RunTime:0.001000s ]

[ 2019-07-31T17:26:56+08:00 ] 192.168.1.106 /shipplatform2/app.php?c=Ship&a=index
INFO: [ app_init ] --START--
INFO: Run Behavior\BuildLiteBehavior [ RunTime:0.000000s ]
INFO: [ app_init ] --END-- [ RunTime:0.000000s ]
INFO: [ app_begin ] --START--
INFO: Run Behavior\ReadHtmlCacheBehavior [ RunTime:0.001000s ]
INFO: [ app_begin ] --END-- [ RunTime:0.001000s ]
SQL: SHOW COLUMNS FROM `ship` [ RunTime:0.0050s ]
SQL: SHOW COLUMNS FROM `user` [ RunTime:0.0050s ]
SQL: SELECT `status`,`imei`,`firmid` FROM `user` WHERE `id` = 9 LIMIT 1   [ RunTime:0.0000s ]
SQL: SHOW COLUMNS FROM `firm` [ RunTime:0.0050s ]
SQL: SELECT `expire_time`,`creditline`,`balance`,`membertype` FROM `firm` WHERE `id` = 21 LIMIT 1   [ RunTime:0.0000s ]
SQL: SELECT * FROM `user` WHERE `id` = 9 LIMIT 1   [ RunTime:0.0010s ]
SQL: SHOW COLUMNS FROM `firm` [ RunTime:0.0050s ]
SQL: SELECT * FROM `firm` WHERE `id` = 21 LIMIT 1   [ RunTime:0.0000s ]
SQL: SELECT `id`,`shipname`,`coefficient`,`cabinnum`,`number`,`is_guanxian`,`is_diliang`,`suanfa`,`goodsname`,`firmid`,`expire_time`,`img` FROM `ship` WHERE `id` IN ('6','7','8','9','10','11','12','13','14','75','76','77','78','79','81','15','16','82','83','86','87','88','89','90','91','92','93','94','84','85') AND `firmid` = 6 AND `shipname` LIKE '%8%' ORDER BY id desc  [ RunTime:0.0000s ]
SQL: SELECT `id`,`firmname` FROM `firm` WHERE `firmtype` = 2  [ RunTime:0.0000s ]
INFO: [ app_end ] --START--
INFO: Run Behavior\ShowPageTraceBehavior [ RunTime:0.000000s ]
INFO: [ app_end ] --END-- [ RunTime:0.000000s ]

