[ 2019-08-16T16:07:46+08:00 ] 192.168.1.195 /shipplatform2/app.php?c=Result&a=resultlist
INFO: [ app_init ] --START--
INFO: Run Behavior\BuildLiteBehavior [ RunTime:0.000000s ]
INFO: [ app_init ] --END-- [ RunTime:0.001000s ]
INFO: [ app_begin ] --START--
INFO: Run Behavior\ReadHtmlCacheBehavior [ RunTime:0.001000s ]
INFO: [ app_begin ] --END-- [ RunTime:0.001000s ]
DEBUG: 
 
 [ trans!!! ] This process is transferred to the work controller! 
 
 
SQL: SHOW COLUMNS FROM `user` [ RunTime:0.0060s ]
SQL: SELECT `status`,`imei`,`firmid` FROM `user` WHERE `id` = 9 LIMIT 1   [ RunTime:0.0000s ]
INFO: [ app_end ] --START--
INFO: Run Behavior\ShowPageTraceBehavior [ RunTime:0.001000s ]
INFO: [ app_end ] --END-- [ RunTime:0.002000s ]

[ 2019-08-16T16:07:58+08:00 ] 192.168.1.195 /shipplatform2/app.php?c=Result&a=resultlist
INFO: [ app_init ] --START--
INFO: Run Behavior\BuildLiteBehavior [ RunTime:0.000000s ]
INFO: [ app_init ] --END-- [ RunTime:0.000000s ]
INFO: [ app_begin ] --START--
INFO: Run Behavior\ReadHtmlCacheBehavior [ RunTime:0.001000s ]
INFO: [ app_begin ] --END-- [ RunTime:0.001000s ]
DEBUG: 
 
 [ trans!!! ] This process is transferred to the work controller! 
 
 
SQL: SHOW COLUMNS FROM `user` [ RunTime:0.0050s ]
SQL: SELECT `status`,`imei`,`firmid` FROM `user` WHERE `id` = 9 LIMIT 1   [ RunTime:0.0000s ]
INFO: [ app_end ] --START--
INFO: Run Behavior\ShowPageTraceBehavior [ RunTime:0.002000s ]
INFO: [ app_end ] --END-- [ RunTime:0.002000s ]

[ 2019-08-16T16:08:21+08:00 ] 192.168.1.195 /shipplatform2/app.php?c=Result&a=resultlist
INFO: [ app_init ] --START--
INFO: Run Behavior\BuildLiteBehavior [ RunTime:0.000000s ]
INFO: [ app_init ] --END-- [ RunTime:0.000000s ]
INFO: [ app_begin ] --START--
INFO: Run Behavior\ReadHtmlCacheBehavior [ RunTime:0.001000s ]
INFO: [ app_begin ] --END-- [ RunTime:0.001000s ]
DEBUG: 
 
 [ trans!!! ] This process is transferred to the work controller! 
 
 
SQL: SHOW COLUMNS FROM `user` [ RunTime:0.0090s ]
SQL: SELECT `status`,`imei`,`firmid` FROM `user` WHERE `id` = 9 LIMIT 1   [ RunTime:0.0000s ]
SQL: SHOW COLUMNS FROM `firm` [ RunTime:0.0070s ]
SQL: SELECT `expire_time`,`creditline`,`balance`,`membertype` FROM `firm` WHERE `id` = 21 LIMIT 1   [ RunTime:0.0010s ]
SQL: SELECT `id`,`operation_jur`,`search_jur`,`look_other`,`firmid` FROM `user` WHERE `id` = 9 LIMIT 1   [ RunTime:0.0000s ]
SQL: SHOW COLUMNS FROM `result` [ RunTime:0.0150s ]
ERR: 1052:Column 'del_sign' in where clause is ambiguous
 [ SQL语句 ] : SELECT COUNT(*) AS tp_count FROM result r left join ship s on r.shipid=s.id left join user u on r.uid = u.id left join firm f on f.id = u.firmid  WHERE ( 1 and del_sign = 1 and r.uid ='9'  and r.shipid in (6,7,8,9,10,11,12,13,14,75,76,77,78,79,81,15,16,82,83,86,87,88,89,90,91,92,93,94,84,85) ) LIMIT 1  
ERR: 1052:Column 'del_sign' in where clause is ambiguous
 [ SQL语句 ] : SELECT COUNT(*) AS tp_count FROM result r left join ship s on r.shipid=s.id left join user u on r.uid = u.id left join firm f on f.id = u.firmid  WHERE ( 1 and del_sign = 1 and r.uid ='9'  and r.shipid in (6,7,8,9,10,11,12,13,14,75,76,77,78,79,81,15,16,82,83,86,87,88,89,90,91,92,93,94,84,85) ) LIMIT 1  

[ 2019-08-16T16:08:44+08:00 ] 192.168.1.195 /shipplatform2/app.php?c=Result&a=resultlist
INFO: [ app_init ] --START--
INFO: Run Behavior\BuildLiteBehavior [ RunTime:0.001000s ]
INFO: [ app_init ] --END-- [ RunTime:0.001000s ]
INFO: [ app_begin ] --START--
INFO: Run Behavior\ReadHtmlCacheBehavior [ RunTime:0.001000s ]
INFO: [ app_begin ] --END-- [ RunTime:0.001000s ]
DEBUG: 
 
 [ trans!!! ] This process is transferred to the work controller! 
 
 
SQL: SHOW COLUMNS FROM `user` [ RunTime:0.0060s ]
SQL: SELECT `status`,`imei`,`firmid` FROM `user` WHERE `id` = 9 LIMIT 1   [ RunTime:0.0000s ]
SQL: SHOW COLUMNS FROM `firm` [ RunTime:0.0070s ]
SQL: SELECT `expire_time`,`creditline`,`balance`,`membertype` FROM `firm` WHERE `id` = 21 LIMIT 1   [ RunTime:0.0000s ]
SQL: SELECT `id`,`operation_jur`,`search_jur`,`look_other`,`firmid` FROM `user` WHERE `id` = 9 LIMIT 1   [ RunTime:0.0010s ]
SQL: SHOW COLUMNS FROM `result` [ RunTime:0.0080s ]
SQL: SELECT COUNT(*) AS tp_count FROM result r left join ship s on r.shipid=s.id left join user u on r.uid = u.id left join firm f on f.id = u.firmid  WHERE ( 1 and r.del_sign = 1 and r.uid ='9'  and r.shipid in (6,7,8,9,10,11,12,13,14,75,76,77,78,79,81,15,16,82,83,86,87,88,89,90,91,92,93,94,84,85) ) LIMIT 1   [ RunTime:0.0010s ]
NOTIC: [8] Undefined index: p D:\phpStudy\PHPTutorial\WWW\shipplatform2\Ship\App\Controller\WorkController.class.php 第 136 行.
SQL: SELECT r.id,r.uid,r.shipid,r.weight,r.solt,r.remark,r.personality,s.shipname,u.username,s.is_guanxian,s.is_diliang,s.suanfa,f.firmtype,r.grade1,r.grade2 FROM result r left join ship s on r.shipid=s.id left join user u on r.uid = u.id left join firm f on f.id = u.firmid  WHERE ( 1 and r.del_sign = 1 and r.uid ='9'  and r.shipid in (6,7,8,9,10,11,12,13,14,75,76,77,78,79,81,15,16,82,83,86,87,88,89,90,91,92,93,94,84,85) ) ORDER BY r.id desc LIMIT 0,5   [ RunTime:0.0010s ]
SQL: SELECT f.firmtype,f.id FROM user u left join firm f on u.firmid = f.id  WHERE u.id = '9' LIMIT 1   [ RunTime:0.0000s ]
SQL: SHOW COLUMNS FROM `resultlist` [ RunTime:0.0060s ]
SQL: SHOW COLUMNS FROM `ship` [ RunTime:0.0070s ]
SQL: SELECT `cabinid` FROM `resultlist` WHERE `resultid` = 161  [ RunTime:0.0020s ]
SQL: SELECT `tankcapacityshipid`,`zx`,`rongliang`,`zx_1`,`rongliang_1`,`suanfa` FROM `ship` WHERE `id` = 84 LIMIT 1   [ RunTime:0.0000s ]
SQL: SHOW COLUMNS FROM `trimcorrectionzi1552963684j_2` [ RunTime:0.0130s ]
SQL: SHOW COLUMNS FROM `tankcapacityzi1552963684j_2` [ RunTime:0.0060s ]
SQL: SELECT COUNT(*) AS tp_count FROM `trimcorrectionzi1552963684j_2` LIMIT 1   [ RunTime:0.0010s ]
SQL: SELECT COUNT(*) AS tp_count FROM `tankcapacityzi1552963684j_2` LIMIT 1   [ RunTime:0.0010s ]
SQL: SHOW COLUMNS FROM `electronic_visa` [ RunTime:0.0050s ]
SQL: SELECT COUNT(*) AS tp_count FROM `electronic_visa` WHERE `resultid` = 161 LIMIT 1   [ RunTime:0.0000s ]
SQL: SELECT `cabinid` FROM `resultlist` WHERE `resultid` = 158  [ RunTime:0.0010s ]
SQL: SELECT `tankcapacityshipid`,`zx`,`rongliang`,`zx_1`,`rongliang_1`,`suanfa` FROM `ship` WHERE `id` = 83 LIMIT 1   [ RunTime:0.0000s ]
SQL: SHOW COLUMNS FROM `trimcorrectionzi1547024698h` [ RunTime:0.0060s ]
SQL: SHOW COLUMNS FROM `tankcapacityzi1547024698j` [ RunTime:0.0050s ]
SQL: SELECT COUNT(*) AS tp_count FROM `trimcorrectionzi1547024698h` LIMIT 1   [ RunTime:0.0040s ]
SQL: SELECT COUNT(*) AS tp_count FROM `tankcapacityzi1547024698j` LIMIT 1   [ RunTime:0.0030s ]
SQL: SELECT COUNT(*) AS tp_count FROM `electronic_visa` WHERE `resultid` = 158 LIMIT 1   [ RunTime:0.0010s ]
SQL: SELECT `cabinid` FROM `resultlist` WHERE `resultid` = 141  [ RunTime:0.0020s ]
SQL: SELECT `tankcapacityshipid`,`zx`,`rongliang`,`zx_1`,`rongliang_1`,`suanfa` FROM `ship` WHERE `id` = 79 LIMIT 1   [ RunTime:0.0010s ]
SQL: SHOW COLUMNS FROM `trimcorrectionzi1542247945m_2` [ RunTime:0.0140s ]
SQL: SHOW COLUMNS FROM `tankcapacityzi1542247945m_2` [ RunTime:0.0060s ]
SQL: SELECT COUNT(*) AS tp_count FROM `trimcorrectionzi1542247945m_2` LIMIT 1   [ RunTime:0.0010s ]
SQL: SELECT COUNT(*) AS tp_count FROM `tankcapacityzi1542247945m_2` LIMIT 1   [ RunTime:0.0010s ]
SQL: SELECT COUNT(*) AS tp_count FROM `electronic_visa` WHERE `resultid` = 141 LIMIT 1   [ RunTime:0.0000s ]
SQL: SELECT `cabinid` FROM `resultlist` WHERE `resultid` = 120  [ RunTime:0.0010s ]
SQL: SELECT `tankcapacityshipid`,`zx`,`rongliang`,`zx_1`,`rongliang_1`,`suanfa` FROM `ship` WHERE `id` = 76 LIMIT 1   [ RunTime:0.0000s ]
SQL: SHOW COLUMNS FROM `trimcorrectionzi1537421365i_2` [ RunTime:0.0060s ]
SQL: SHOW COLUMNS FROM `tankcapacityzi1537421365i_2` [ RunTime:0.0100s ]
SQL: SELECT COUNT(*) AS tp_count FROM `trimcorrectionzi1537421365i_2` LIMIT 1   [ RunTime:0.0000s ]
SQL: SELECT COUNT(*) AS tp_count FROM `tankcapacityzi1537421365i_2` LIMIT 1   [ RunTime:0.0070s ]
SQL: SELECT COUNT(*) AS tp_count FROM `electronic_visa` WHERE `resultid` = 120 LIMIT 1   [ RunTime:0.0050s ]
SQL: SELECT `cabinid` FROM `resultlist` WHERE `resultid` = 94  [ RunTime:0.0020s ]
SQL: SELECT `tankcapacityshipid`,`zx`,`rongliang`,`zx_1`,`rongliang_1`,`suanfa` FROM `ship` WHERE `id` = 81 LIMIT 1   [ RunTime:0.0010s ]
SQL: SHOW COLUMNS FROM `trimcorrectionzi1547003795e_2` [ RunTime:0.0070s ]
SQL: SHOW COLUMNS FROM `tankcapacityzi1547003795e_2` [ RunTime:0.0200s ]
SQL: SELECT COUNT(*) AS tp_count FROM `trimcorrectionzi1547003795e_2` LIMIT 1   [ RunTime:0.0050s ]
SQL: SELECT COUNT(*) AS tp_count FROM `tankcapacityzi1547003795e_2` LIMIT 1   [ RunTime:0.0020s ]
SQL: SELECT COUNT(*) AS tp_count FROM `electronic_visa` WHERE `resultid` = 94 LIMIT 1   [ RunTime:0.0020s ]
INFO: [ app_end ] --START--
INFO: Run Behavior\ShowPageTraceBehavior [ RunTime:0.001000s ]
INFO: [ app_end ] --END-- [ RunTime:0.002000s ]

[ 2019-08-16T16:44:54+08:00 ] 192.168.1.195 /shipplatform2/app.php?c=Result&a=resultlist
INFO: [ app_init ] --START--
INFO: Run Behavior\BuildLiteBehavior [ RunTime:0.000000s ]
INFO: [ app_init ] --END-- [ RunTime:0.000000s ]
INFO: [ app_begin ] --START--
INFO: Run Behavior\ReadHtmlCacheBehavior [ RunTime:0.001000s ]
INFO: [ app_begin ] --END-- [ RunTime:0.001000s ]
DEBUG: 
 
 [ trans!!! ] This process is transferred to the work controller! 
 
 
SQL: SHOW COLUMNS FROM `user` [ RunTime:0.0060s ]
SQL: SELECT `status`,`imei`,`firmid` FROM `user` WHERE `id` = 9 LIMIT 1   [ RunTime:0.0010s ]
SQL: SHOW COLUMNS FROM `firm` [ RunTime:0.0060s ]
SQL: SELECT `expire_time`,`creditline`,`balance`,`membertype` FROM `firm` WHERE `id` = 21 LIMIT 1   [ RunTime:0.0000s ]
SQL: SELECT `id`,`operation_jur`,`search_jur`,`look_other`,`firmid` FROM `user` WHERE `id` = 9 LIMIT 1   [ RunTime:0.0000s ]
SQL: SHOW COLUMNS FROM `result` [ RunTime:0.0180s ]
SQL: SELECT COUNT(*) AS tp_count FROM result r left join ship s on r.shipid=s.id left join user u on r.uid = u.id left join firm f on f.id = u.firmid  WHERE ( 1 and r.del_sign = 1 and r.uid ='9'  and r.shipid in (6,7,8,9,10,11,12,13,14,75,76,77,78,79,81,15,16,82,83,86,87,88,89,90,91,92,93,94,84,85) ) LIMIT 1   [ RunTime:0.0010s ]
NOTIC: [8] Undefined index: p D:\phpStudy\PHPTutorial\WWW\shipplatform2\Ship\App\Controller\WorkController.class.php 第 136 行.
SQL: SELECT r.id,r.uid,r.shipid,r.weight,r.solt,r.remark,r.personality,s.shipname,u.username,s.is_guanxian,s.is_diliang,s.suanfa,f.firmtype,r.grade1,r.grade2 FROM result r left join ship s on r.shipid=s.id left join user u on r.uid = u.id left join firm f on f.id = u.firmid  WHERE ( 1 and r.del_sign = 1 and r.uid ='9'  and r.shipid in (6,7,8,9,10,11,12,13,14,75,76,77,78,79,81,15,16,82,83,86,87,88,89,90,91,92,93,94,84,85) ) ORDER BY r.id desc LIMIT 0,5   [ RunTime:0.0010s ]
SQL: SELECT f.firmtype,f.id FROM user u left join firm f on u.firmid = f.id  WHERE u.id = '9' LIMIT 1   [ RunTime:0.0000s ]
SQL: SHOW COLUMNS FROM `resultlist` [ RunTime:0.0070s ]
SQL: SHOW COLUMNS FROM `ship` [ RunTime:0.0060s ]
SQL: SELECT `cabinid` FROM `resultlist` WHERE `resultid` = 161  [ RunTime:0.0010s ]
SQL: SELECT `tankcapacityshipid`,`zx`,`rongliang`,`zx_1`,`rongliang_1`,`suanfa` FROM `ship` WHERE `id` = 84 LIMIT 1   [ RunTime:0.0010s ]
SQL: SHOW COLUMNS FROM `trimcorrectionzi1552963684j_2` [ RunTime:0.0090s ]
SQL: SHOW COLUMNS FROM `tankcapacityzi1552963684j_2` [ RunTime:0.0050s ]
SQL: SELECT COUNT(*) AS tp_count FROM `trimcorrectionzi1552963684j_2` LIMIT 1   [ RunTime:0.0000s ]
SQL: SELECT COUNT(*) AS tp_count FROM `tankcapacityzi1552963684j_2` LIMIT 1   [ RunTime:0.0020s ]
SQL: SHOW COLUMNS FROM `electronic_visa` [ RunTime:0.0060s ]
SQL: SELECT COUNT(*) AS tp_count FROM `electronic_visa` WHERE `resultid` = 161 LIMIT 1   [ RunTime:0.0000s ]
SQL: SELECT `cabinid` FROM `resultlist` WHERE `resultid` = 158  [ RunTime:0.0010s ]
SQL: SELECT `tankcapacityshipid`,`zx`,`rongliang`,`zx_1`,`rongliang_1`,`suanfa` FROM `ship` WHERE `id` = 83 LIMIT 1   [ RunTime:0.0010s ]
SQL: SHOW COLUMNS FROM `trimcorrectionzi1547024698h` [ RunTime:0.0060s ]
SQL: SHOW COLUMNS FROM `tankcapacityzi1547024698j` [ RunTime:0.0070s ]
SQL: SELECT COUNT(*) AS tp_count FROM `trimcorrectionzi1547024698h` LIMIT 1   [ RunTime:0.0010s ]
SQL: SELECT COUNT(*) AS tp_count FROM `tankcapacityzi1547024698j` LIMIT 1   [ RunTime:0.0050s ]
SQL: SELECT COUNT(*) AS tp_count FROM `electronic_visa` WHERE `resultid` = 158 LIMIT 1   [ RunTime:0.0000s ]
SQL: SELECT `cabinid` FROM `resultlist` WHERE `resultid` = 141  [ RunTime:0.0020s ]
SQL: SELECT `tankcapacityshipid`,`zx`,`rongliang`,`zx_1`,`rongliang_1`,`suanfa` FROM `ship` WHERE `id` = 79 LIMIT 1   [ RunTime:0.0010s ]
SQL: SHOW COLUMNS FROM `trimcorrectionzi1542247945m_2` [ RunTime:0.0060s ]
SQL: SHOW COLUMNS FROM `tankcapacityzi1542247945m_2` [ RunTime:0.0060s ]
SQL: SELECT COUNT(*) AS tp_count FROM `trimcorrectionzi1542247945m_2` LIMIT 1   [ RunTime:0.0000s ]
SQL: SELECT COUNT(*) AS tp_count FROM `tankcapacityzi1542247945m_2` LIMIT 1   [ RunTime:0.0010s ]
SQL: SELECT COUNT(*) AS tp_count FROM `electronic_visa` WHERE `resultid` = 141 LIMIT 1   [ RunTime:0.0010s ]
SQL: SELECT `cabinid` FROM `resultlist` WHERE `resultid` = 120  [ RunTime:0.0010s ]
SQL: SELECT `tankcapacityshipid`,`zx`,`rongliang`,`zx_1`,`rongliang_1`,`suanfa` FROM `ship` WHERE `id` = 76 LIMIT 1   [ RunTime:0.0010s ]
SQL: SHOW COLUMNS FROM `trimcorrectionzi1537421365i_2` [ RunTime:0.0060s ]
SQL: SHOW COLUMNS FROM `tankcapacityzi1537421365i_2` [ RunTime:0.0060s ]
SQL: SELECT COUNT(*) AS tp_count FROM `trimcorrectionzi1537421365i_2` LIMIT 1   [ RunTime:0.0010s ]
SQL: SELECT COUNT(*) AS tp_count FROM `tankcapacityzi1537421365i_2` LIMIT 1   [ RunTime:0.0000s ]
SQL: SELECT COUNT(*) AS tp_count FROM `electronic_visa` WHERE `resultid` = 120 LIMIT 1   [ RunTime:0.0000s ]
SQL: SELECT `cabinid` FROM `resultlist` WHERE `resultid` = 94  [ RunTime:0.0010s ]
SQL: SELECT `tankcapacityshipid`,`zx`,`rongliang`,`zx_1`,`rongliang_1`,`suanfa` FROM `ship` WHERE `id` = 81 LIMIT 1   [ RunTime:0.0010s ]
SQL: SHOW COLUMNS FROM `trimcorrectionzi1547003795e_2` [ RunTime:0.0060s ]
SQL: SHOW COLUMNS FROM `tankcapacityzi1547003795e_2` [ RunTime:0.0050s ]
SQL: SELECT COUNT(*) AS tp_count FROM `trimcorrectionzi1547003795e_2` LIMIT 1   [ RunTime:0.0010s ]
SQL: SELECT COUNT(*) AS tp_count FROM `tankcapacityzi1547003795e_2` LIMIT 1   [ RunTime:0.0010s ]
SQL: SELECT COUNT(*) AS tp_count FROM `electronic_visa` WHERE `resultid` = 94 LIMIT 1   [ RunTime:0.0010s ]
INFO: [ app_end ] --START--
INFO: Run Behavior\ShowPageTraceBehavior [ RunTime:0.002000s ]
INFO: [ app_end ] --END-- [ RunTime:0.002000s ]

[ 2019-08-16T16:45:04+08:00 ] 192.168.1.195 /shipplatform2/app.php?c=Result&a=resultlist
INFO: [ app_init ] --START--
INFO: Run Behavior\BuildLiteBehavior [ RunTime:0.000000s ]
INFO: [ app_init ] --END-- [ RunTime:0.000000s ]
INFO: [ app_begin ] --START--
INFO: Run Behavior\ReadHtmlCacheBehavior [ RunTime:0.001000s ]
INFO: [ app_begin ] --END-- [ RunTime:0.001000s ]
DEBUG: 
 
 [ trans!!! ] This process is transferred to the work controller! 
 
 
SQL: SHOW COLUMNS FROM `user` [ RunTime:0.0050s ]
SQL: SELECT `status`,`imei`,`firmid` FROM `user` WHERE `id` = 9 LIMIT 1   [ RunTime:0.0000s ]
SQL: SHOW COLUMNS FROM `firm` [ RunTime:0.0080s ]
SQL: SELECT `expire_time`,`creditline`,`balance`,`membertype` FROM `firm` WHERE `id` = 21 LIMIT 1   [ RunTime:0.0000s ]
SQL: SELECT `id`,`operation_jur`,`search_jur`,`look_other`,`firmid` FROM `user` WHERE `id` = 9 LIMIT 1   [ RunTime:0.0000s ]
SQL: SHOW COLUMNS FROM `result` [ RunTime:0.0070s ]
SQL: SELECT COUNT(*) AS tp_count FROM result r left join ship s on r.shipid=s.id left join user u on r.uid = u.id left join firm f on f.id = u.firmid  WHERE ( 1 and r.del_sign = 1 and r.uid ='9'  and r.shipid in (6,7,8,9,10,11,12,13,14,75,76,77,78,79,81,15,16,82,83,86,87,88,89,90,91,92,93,94,84,85) ) LIMIT 1   [ RunTime:0.0010s ]
NOTIC: [8] Undefined index: p D:\phpStudy\PHPTutorial\WWW\shipplatform2\Ship\App\Controller\WorkController.class.php 第 136 行.
SQL: SELECT r.id,r.uid,r.shipid,r.weight,r.solt,r.remark,r.personality,s.shipname,u.username,s.is_guanxian,s.is_diliang,s.suanfa,f.firmtype,r.grade1,r.grade2 FROM result r left join ship s on r.shipid=s.id left join user u on r.uid = u.id left join firm f on f.id = u.firmid  WHERE ( 1 and r.del_sign = 1 and r.uid ='9'  and r.shipid in (6,7,8,9,10,11,12,13,14,75,76,77,78,79,81,15,16,82,83,86,87,88,89,90,91,92,93,94,84,85) ) ORDER BY r.id desc LIMIT 0,5   [ RunTime:0.0010s ]
SQL: SELECT f.firmtype,f.id FROM user u left join firm f on u.firmid = f.id  WHERE u.id = '9' LIMIT 1   [ RunTime:0.0000s ]
SQL: SHOW COLUMNS FROM `resultlist` [ RunTime:0.0060s ]
SQL: SHOW COLUMNS FROM `ship` [ RunTime:0.0060s ]
SQL: SELECT `cabinid` FROM `resultlist` WHERE `resultid` = 158  [ RunTime:0.0010s ]
SQL: SELECT `tankcapacityshipid`,`zx`,`rongliang`,`zx_1`,`rongliang_1`,`suanfa` FROM `ship` WHERE `id` = 83 LIMIT 1   [ RunTime:0.0000s ]
SQL: SHOW COLUMNS FROM `trimcorrectionzi1547024698h` [ RunTime:0.0270s ]
SQL: SHOW COLUMNS FROM `tankcapacityzi1547024698j` [ RunTime:0.0050s ]
SQL: SELECT COUNT(*) AS tp_count FROM `trimcorrectionzi1547024698h` LIMIT 1   [ RunTime:0.0010s ]
SQL: SELECT COUNT(*) AS tp_count FROM `tankcapacityzi1547024698j` LIMIT 1   [ RunTime:0.0030s ]
SQL: SHOW COLUMNS FROM `electronic_visa` [ RunTime:0.0050s ]
SQL: SELECT COUNT(*) AS tp_count FROM `electronic_visa` WHERE `resultid` = 158 LIMIT 1   [ RunTime:0.0000s ]
SQL: SELECT `cabinid` FROM `resultlist` WHERE `resultid` = 141  [ RunTime:0.0010s ]
SQL: SELECT `tankcapacityshipid`,`zx`,`rongliang`,`zx_1`,`rongliang_1`,`suanfa` FROM `ship` WHERE `id` = 79 LIMIT 1   [ RunTime:0.0000s ]
SQL: SHOW COLUMNS FROM `trimcorrectionzi1542247945m_2` [ RunTime:0.0050s ]
SQL: SHOW COLUMNS FROM `tankcapacityzi1542247945m_2` [ RunTime:0.0070s ]
SQL: SELECT COUNT(*) AS tp_count FROM `trimcorrectionzi1542247945m_2` LIMIT 1   [ RunTime:0.0010s ]
SQL: SELECT COUNT(*) AS tp_count FROM `tankcapacityzi1542247945m_2` LIMIT 1   [ RunTime:0.0010s ]
SQL: SELECT COUNT(*) AS tp_count FROM `electronic_visa` WHERE `resultid` = 141 LIMIT 1   [ RunTime:0.0000s ]
SQL: SELECT `cabinid` FROM `resultlist` WHERE `resultid` = 120  [ RunTime:0.0010s ]
SQL: SELECT `tankcapacityshipid`,`zx`,`rongliang`,`zx_1`,`rongliang_1`,`suanfa` FROM `ship` WHERE `id` = 76 LIMIT 1   [ RunTime:0.0000s ]
SQL: SHOW COLUMNS FROM `trimcorrectionzi1537421365i_2` [ RunTime:0.0080s ]
SQL: SHOW COLUMNS FROM `tankcapacityzi1537421365i_2` [ RunTime:0.0050s ]
SQL: SELECT COUNT(*) AS tp_count FROM `trimcorrectionzi1537421365i_2` LIMIT 1   [ RunTime:0.0000s ]
SQL: SELECT COUNT(*) AS tp_count FROM `tankcapacityzi1537421365i_2` LIMIT 1   [ RunTime:0.0000s ]
SQL: SELECT COUNT(*) AS tp_count FROM `electronic_visa` WHERE `resultid` = 120 LIMIT 1   [ RunTime:0.0000s ]
SQL: SELECT `cabinid` FROM `resultlist` WHERE `resultid` = 94  [ RunTime:0.0010s ]
SQL: SELECT `tankcapacityshipid`,`zx`,`rongliang`,`zx_1`,`rongliang_1`,`suanfa` FROM `ship` WHERE `id` = 81 LIMIT 1   [ RunTime:0.0000s ]
SQL: SHOW COLUMNS FROM `trimcorrectionzi1547003795e_2` [ RunTime:0.0050s ]
SQL: SHOW COLUMNS FROM `tankcapacityzi1547003795e_2` [ RunTime:0.0050s ]
SQL: SELECT COUNT(*) AS tp_count FROM `trimcorrectionzi1547003795e_2` LIMIT 1   [ RunTime:0.0010s ]
SQL: SELECT COUNT(*) AS tp_count FROM `tankcapacityzi1547003795e_2` LIMIT 1   [ RunTime:0.0010s ]
SQL: SELECT COUNT(*) AS tp_count FROM `electronic_visa` WHERE `resultid` = 94 LIMIT 1   [ RunTime:0.0000s ]
SQL: SELECT `cabinid` FROM `resultlist` WHERE `resultid` = 93  [ RunTime:0.0010s ]
SQL: SELECT `tankcapacityshipid`,`zx`,`rongliang`,`zx_1`,`rongliang_1`,`suanfa` FROM `ship` WHERE `id` = 78 LIMIT 1   [ RunTime:0.0000s ]
SQL: SHOW COLUMNS FROM `trimcorrectionzi1540951578i` [ RunTime:0.0060s ]
SQL: SHOW COLUMNS FROM `tankcapacityzi1540951578p` [ RunTime:0.0070s ]
SQL: SELECT COUNT(*) AS tp_count FROM `trimcorrectionzi1540951578i` LIMIT 1   [ RunTime:0.0010s ]
SQL: SELECT COUNT(*) AS tp_count FROM `tankcapacityzi1540951578p` LIMIT 1   [ RunTime:0.0030s ]
SQL: SELECT COUNT(*) AS tp_count FROM `electronic_visa` WHERE `resultid` = 93 LIMIT 1   [ RunTime:0.0010s ]
INFO: [ app_end ] --START--
INFO: Run Behavior\ShowPageTraceBehavior [ RunTime:0.002000s ]
INFO: [ app_end ] --END-- [ RunTime:0.002000s ]

