[ 2019-07-01T09:01:45+08:00 ] 192.168.1.107 /shipplatform2/app.php?c=Firm&a=index
INFO: [ app_init ] --START--
INFO: Run Behavior\BuildLiteBehavior [ RunTime:0.000000s ]
INFO: [ app_init ] --END-- [ RunTime:0.000000s ]
INFO: [ app_begin ] --START--
INFO: Run Behavior\ReadHtmlCacheBehavior [ RunTime:0.001000s ]
INFO: [ app_begin ] --END-- [ RunTime:0.001000s ]
SQL: SHOW COLUMNS FROM `user` [ RunTime:0.0050s ]
SQL: SELECT `status`,`imei`,`firmid` FROM `user` WHERE `id` = 9 LIMIT 1   [ RunTime:0.0000s ]
SQL: SHOW COLUMNS FROM `firm` [ RunTime:0.0050s ]
SQL: SELECT `expire_time`,`creditline`,`balance`,`membertype` FROM `firm` WHERE `id` = 21 LIMIT 1   [ RunTime:0.0000s ]
SQL: SHOW COLUMNS FROM `firm` [ RunTime:0.0060s ]
SQL: SELECT `firm_jur`,`firmtype` FROM `firm` WHERE `id` = 21 LIMIT 1   [ RunTime:0.0000s ]
INFO: [ app_end ] --START--
INFO: Run Behavior\ShowPageTraceBehavior [ RunTime:0.001000s ]
INFO: [ app_end ] --END-- [ RunTime:0.001000s ]

[ 2019-07-01T09:04:59+08:00 ] 192.168.1.107 /shipplatform2/app.php?c=Firm&a=index
INFO: [ app_init ] --START--
INFO: Run Behavior\BuildLiteBehavior [ RunTime:0.000000s ]
INFO: [ app_init ] --END-- [ RunTime:0.000000s ]
INFO: [ app_begin ] --START--
INFO: Run Behavior\ReadHtmlCacheBehavior [ RunTime:0.001000s ]
INFO: [ app_begin ] --END-- [ RunTime:0.001000s ]
SQL: SHOW COLUMNS FROM `user` [ RunTime:0.0050s ]
SQL: SELECT `status`,`imei`,`firmid` FROM `user` WHERE `id` = 9 LIMIT 1   [ RunTime:0.0010s ]
INFO: [ app_end ] --START--
INFO: Run Behavior\ShowPageTraceBehavior [ RunTime:0.001000s ]
INFO: [ app_end ] --END-- [ RunTime:0.001000s ]

[ 2019-07-01T09:07:05+08:00 ] 192.168.1.107 /shipplatform2/app.php?c=User&a=login
INFO: [ app_init ] --START--
INFO: Run Behavior\BuildLiteBehavior [ RunTime:0.000000s ]
INFO: [ app_init ] --END-- [ RunTime:0.000000s ]
INFO: [ app_begin ] --START--
INFO: Run Behavior\ReadHtmlCacheBehavior [ RunTime:0.002001s ]
INFO: [ app_begin ] --END-- [ RunTime:0.002001s ]
SQL: SHOW COLUMNS FROM `user` [ RunTime:0.0050s ]
SQL: SELECT u.id,u.title,u.username,u.status,u.firmid,f.firmtype FROM user u left join firm f on f.id = u.firmid  WHERE `title` = 'xie01' AND `pwd` = 'efc54d7173925bd1c25f053511c18cb8' LIMIT 1   [ RunTime:0.0010s ]
SQL: SHOW COLUMNS FROM `firm` [ RunTime:0.0050s ]
SQL: SELECT `expire_time`,`creditline`,`balance`,`membertype` FROM `firm` WHERE `id` = 21 LIMIT 1   [ RunTime:0.0000s ]
SQL: UPDATE `user` SET `imei`='12345678123456781234567812345678' WHERE `id` = 9 [ RunTime:0.0140s ]
INFO: [ app_end ] --START--
INFO: Run Behavior\ShowPageTraceBehavior [ RunTime:0.001001s ]
INFO: [ app_end ] --END-- [ RunTime:0.001001s ]

[ 2019-07-01T09:07:25+08:00 ] 192.168.1.107 /shipplatform2/app.php?c=Firm&a=index
INFO: [ app_init ] --START--
INFO: Run Behavior\BuildLiteBehavior [ RunTime:0.000000s ]
INFO: [ app_init ] --END-- [ RunTime:0.001000s ]
INFO: [ app_begin ] --START--
INFO: Run Behavior\ReadHtmlCacheBehavior [ RunTime:0.001000s ]
INFO: [ app_begin ] --END-- [ RunTime:0.001000s ]
SQL: SHOW COLUMNS FROM `user` [ RunTime:0.0050s ]
SQL: SELECT `status`,`imei`,`firmid` FROM `user` WHERE `id` = 9 LIMIT 1   [ RunTime:0.0010s ]
SQL: SHOW COLUMNS FROM `firm` [ RunTime:0.0060s ]
SQL: SELECT `expire_time`,`creditline`,`balance`,`membertype` FROM `firm` WHERE `id` = 21 LIMIT 1   [ RunTime:0.0000s ]
SQL: SHOW COLUMNS FROM `firm` [ RunTime:0.0050s ]
SQL: SELECT `firm_jur`,`firmtype` FROM `firm` WHERE `id` = 21 LIMIT 1   [ RunTime:0.0010s ]
INFO: [ app_end ] --START--
INFO: Run Behavior\ShowPageTraceBehavior [ RunTime:0.001000s ]
INFO: [ app_end ] --END-- [ RunTime:0.001000s ]

[ 2019-07-01T09:09:53+08:00 ] 192.168.1.107 /shipplatform2/app.php?c=Firm&a=index
INFO: [ app_init ] --START--
INFO: Run Behavior\BuildLiteBehavior [ RunTime:0.000000s ]
INFO: [ app_init ] --END-- [ RunTime:0.000000s ]
INFO: [ app_begin ] --START--
INFO: Run Behavior\ReadHtmlCacheBehavior [ RunTime:0.001000s ]
INFO: [ app_begin ] --END-- [ RunTime:0.001000s ]
SQL: SHOW COLUMNS FROM `user` [ RunTime:0.0050s ]
SQL: SELECT `status`,`imei`,`firmid` FROM `user` WHERE `id` = 9 LIMIT 1   [ RunTime:0.0010s ]
SQL: SHOW COLUMNS FROM `firm` [ RunTime:0.0050s ]
SQL: SELECT `expire_time`,`creditline`,`balance`,`membertype` FROM `firm` WHERE `id` = 21 LIMIT 1   [ RunTime:0.0000s ]
SQL: SHOW COLUMNS FROM `firm` [ RunTime:0.0050s ]
SQL: SELECT `firm_jur`,`firmtype` FROM `firm` WHERE `id` = 21 LIMIT 1   [ RunTime:0.0000s ]
SQL: SELECT * FROM `firm` WHERE `id` IN ('6','20','22','23','24','25','26','27','28') ORDER BY id asc  [ RunTime:0.0010s ]
INFO: [ app_end ] --START--
INFO: Run Behavior\ShowPageTraceBehavior [ RunTime:0.001000s ]
INFO: [ app_end ] --END-- [ RunTime:0.002000s ]

[ 2019-07-01T09:14:20+08:00 ] 192.168.1.107 /shipplatform2/app.php?c=Ship&a=index
INFO: [ app_init ] --START--
INFO: Run Behavior\BuildLiteBehavior [ RunTime:0.000000s ]
INFO: [ app_init ] --END-- [ RunTime:0.000000s ]
INFO: [ app_begin ] --START--
INFO: Run Behavior\ReadHtmlCacheBehavior [ RunTime:0.002000s ]
INFO: [ app_begin ] --END-- [ RunTime:0.002000s ]
SQL: SHOW COLUMNS FROM `ship` [ RunTime:0.0060s ]
SQL: SHOW COLUMNS FROM `user` [ RunTime:0.0040s ]
SQL: SELECT `status`,`imei`,`firmid` FROM `user` WHERE `id` = 9 LIMIT 1   [ RunTime:0.0000s ]
SQL: SHOW COLUMNS FROM `firm` [ RunTime:0.0050s ]
SQL: SELECT `expire_time`,`creditline`,`balance`,`membertype` FROM `firm` WHERE `id` = 21 LIMIT 1   [ RunTime:0.0000s ]
SQL: SELECT * FROM `user` WHERE `id` = 9 LIMIT 1   [ RunTime:0.0010s ]
SQL: SHOW COLUMNS FROM `firm` [ RunTime:0.0050s ]
SQL: SELECT * FROM `firm` WHERE `id` = 21 LIMIT 1   [ RunTime:0.0010s ]
SQL: SELECT `id`,`shipname`,`coefficient`,`cabinnum`,`number`,`is_guanxian`,`is_diliang`,`suanfa`,`goodsname`,`firmid`,`expire_time`,`img` FROM `ship` WHERE `id` IN ('6','7','8','9','10','11','12','13','14','75','76','77','78','79','81','15','16','82','83','86','87','88','89','90','91','92','84','85','93','94') ORDER BY id desc  [ RunTime:0.0000s ]
SQL: SELECT `id`,`firmname` FROM `firm` WHERE `firmtype` = 2  [ RunTime:0.0010s ]
INFO: [ app_end ] --START--
INFO: Run Behavior\ShowPageTraceBehavior [ RunTime:0.002000s ]
INFO: [ app_end ] --END-- [ RunTime:0.002000s ]

[ 2019-07-01T10:52:59+08:00 ] 192.168.1.107 /shipplatform2/app.php?c=Ship&a=index
INFO: [ app_init ] --START--
INFO: Run Behavior\BuildLiteBehavior [ RunTime:0.000000s ]
INFO: [ app_init ] --END-- [ RunTime:0.001000s ]
INFO: [ app_begin ] --START--
INFO: Run Behavior\ReadHtmlCacheBehavior [ RunTime:0.001000s ]
INFO: [ app_begin ] --END-- [ RunTime:0.001000s ]
SQL: SHOW COLUMNS FROM `ship` [ RunTime:0.0050s ]
SQL: SHOW COLUMNS FROM `user` [ RunTime:0.0050s ]
SQL: SELECT `status`,`imei`,`firmid` FROM `user` WHERE `id` = 9 LIMIT 1   [ RunTime:0.0000s ]
SQL: SHOW COLUMNS FROM `firm` [ RunTime:0.0050s ]
SQL: SELECT `expire_time`,`creditline`,`balance`,`membertype` FROM `firm` WHERE `id` = 21 LIMIT 1   [ RunTime:0.0010s ]
SQL: SELECT * FROM `user` WHERE `id` = 9 LIMIT 1   [ RunTime:0.0000s ]
SQL: SHOW COLUMNS FROM `firm` [ RunTime:0.0050s ]
SQL: SELECT * FROM `firm` WHERE `id` = 21 LIMIT 1   [ RunTime:0.0010s ]
SQL: SELECT `id`,`shipname`,`coefficient`,`cabinnum`,`number`,`is_guanxian`,`is_diliang`,`suanfa`,`goodsname`,`firmid`,`expire_time`,`img` FROM `ship` WHERE `id` IN ('6','7','8','9','10','11','12','13','14','75','76','77','78','79','81','15','16','82','83','86','87','88','89','90','91','92','84','85','93','94') AND `firmid` = 6 ORDER BY id desc  [ RunTime:0.0000s ]
SQL: SELECT `id`,`firmname` FROM `firm` WHERE `firmtype` = 2  [ RunTime:0.0000s ]
INFO: [ app_end ] --START--
INFO: Run Behavior\ShowPageTraceBehavior [ RunTime:0.001000s ]
INFO: [ app_end ] --END-- [ RunTime:0.001000s ]

[ 2019-07-01T10:58:00+08:00 ] 192.168.1.107 /shipplatform2/app.php?c=Ship&a=index
INFO: [ app_init ] --START--
INFO: Run Behavior\BuildLiteBehavior [ RunTime:0.000000s ]
INFO: [ app_init ] --END-- [ RunTime:0.001000s ]
INFO: [ app_begin ] --START--
INFO: Run Behavior\ReadHtmlCacheBehavior [ RunTime:0.001000s ]
INFO: [ app_begin ] --END-- [ RunTime:0.001000s ]
SQL: SHOW COLUMNS FROM `ship` [ RunTime:0.0050s ]
SQL: SHOW COLUMNS FROM `user` [ RunTime:0.0050s ]
SQL: SELECT `status`,`imei`,`firmid` FROM `user` WHERE `id` = 9 LIMIT 1   [ RunTime:0.0010s ]
SQL: SHOW COLUMNS FROM `firm` [ RunTime:0.0060s ]
SQL: SELECT `expire_time`,`creditline`,`balance`,`membertype` FROM `firm` WHERE `id` = 21 LIMIT 1   [ RunTime:0.0000s ]
SQL: SELECT * FROM `user` WHERE `id` = 9 LIMIT 1   [ RunTime:0.0000s ]
SQL: SHOW COLUMNS FROM `firm` [ RunTime:0.0050s ]
SQL: SELECT * FROM `firm` WHERE `id` = 21 LIMIT 1   [ RunTime:0.0000s ]
SQL: SELECT `id`,`shipname`,`coefficient`,`cabinnum`,`number`,`is_guanxian`,`is_diliang`,`suanfa`,`goodsname`,`firmid`,`expire_time`,`img` FROM `ship` WHERE `id` IN ('6','7','8','9','10','11','12','13','14','75','76','77','78','79','81','15','16','82','83','86','87','88','89','90','91','92','84','85','93','94') ORDER BY id desc  [ RunTime:0.0000s ]
SQL: SELECT `id`,`firmname` FROM `firm` WHERE `firmtype` = 2  [ RunTime:0.0000s ]
INFO: [ app_end ] --START--
INFO: Run Behavior\ShowPageTraceBehavior [ RunTime:0.001000s ]
INFO: [ app_end ] --END-- [ RunTime:0.001000s ]

[ 2019-07-01T13:31:37+08:00 ] 192.168.1.195 /shipplatform2/app.php?c=Cabin&a=index
INFO: [ app_init ] --START--
INFO: Run Behavior\BuildLiteBehavior [ RunTime:0.000000s ]
INFO: [ app_init ] --END-- [ RunTime:0.000000s ]
INFO: [ app_begin ] --START--
INFO: Run Behavior\ReadHtmlCacheBehavior [ RunTime:0.001000s ]
INFO: [ app_begin ] --END-- [ RunTime:0.001000s ]
SQL: SHOW COLUMNS FROM `cabin` [ RunTime:0.0060s ]
SQL: SHOW COLUMNS FROM `user` [ RunTime:0.0050s ]
SQL: SELECT `status`,`imei`,`firmid` FROM `user` WHERE `id` = 9 LIMIT 1   [ RunTime:0.0010s ]
SQL: SHOW COLUMNS FROM `firm` [ RunTime:0.0050s ]
SQL: SELECT `expire_time`,`creditline`,`balance`,`membertype` FROM `firm` WHERE `id` = 21 LIMIT 1   [ RunTime:0.0000s ]
SQL: SELECT * FROM `user` WHERE `id` = 9 LIMIT 1   [ RunTime:0.0000s ]
SQL: SHOW COLUMNS FROM `firm` [ RunTime:0.0050s ]
SQL: SELECT `firmtype`,`operation_jur` FROM `firm` WHERE `id` = 21 LIMIT 1   [ RunTime:0.0010s ]
SQL: SHOW COLUMNS FROM `ship` [ RunTime:0.0060s ]
SQL: SELECT `cabinnum`,`suanfa` FROM `ship` WHERE `id` = 94 LIMIT 1   [ RunTime:0.0010s ]
SQL: SELECT COUNT(*) AS tp_count FROM `cabin` WHERE `shipid` = 94 LIMIT 1   [ RunTime:0.0010s ]
INFO: [ app_end ] --START--
INFO: Run Behavior\ShowPageTraceBehavior [ RunTime:0.001000s ]
INFO: [ app_end ] --END-- [ RunTime:0.001000s ]

[ 2019-07-01T13:32:00+08:00 ] 192.168.1.195 /shipplatform2/app.php?c=Cabin&a=index
INFO: [ app_init ] --START--
INFO: Run Behavior\BuildLiteBehavior [ RunTime:0.000000s ]
INFO: [ app_init ] --END-- [ RunTime:0.000000s ]
INFO: [ app_begin ] --START--
INFO: Run Behavior\ReadHtmlCacheBehavior [ RunTime:0.001000s ]
INFO: [ app_begin ] --END-- [ RunTime:0.001000s ]
SQL: SHOW COLUMNS FROM `cabin` [ RunTime:0.0050s ]
SQL: SHOW COLUMNS FROM `user` [ RunTime:0.0060s ]
SQL: SELECT `status`,`imei`,`firmid` FROM `user` WHERE `id` = 9 LIMIT 1   [ RunTime:0.0000s ]
SQL: SHOW COLUMNS FROM `firm` [ RunTime:0.0050s ]
SQL: SELECT `expire_time`,`creditline`,`balance`,`membertype` FROM `firm` WHERE `id` = 21 LIMIT 1   [ RunTime:0.0010s ]
SQL: SELECT * FROM `user` WHERE `id` = 9 LIMIT 1   [ RunTime:0.0010s ]
SQL: SHOW COLUMNS FROM `firm` [ RunTime:0.0050s ]
SQL: SELECT `firmtype`,`operation_jur` FROM `firm` WHERE `id` = 21 LIMIT 1   [ RunTime:0.0000s ]
SQL: SHOW COLUMNS FROM `ship` [ RunTime:0.0060s ]
SQL: SELECT `cabinnum`,`suanfa` FROM `ship` WHERE `id` = 6 LIMIT 1   [ RunTime:0.0000s ]
SQL: SELECT COUNT(*) AS tp_count FROM `cabin` WHERE `shipid` = 6 LIMIT 1   [ RunTime:0.0000s ]
SQL: SELECT * FROM `cabin` WHERE `shipid` = 6 ORDER BY order_number asc,id asc  [ RunTime:0.0000s ]
INFO: [ app_end ] --START--
INFO: Run Behavior\ShowPageTraceBehavior [ RunTime:0.001000s ]
INFO: [ app_end ] --END-- [ RunTime:0.002000s ]

[ 2019-07-01T13:45:54+08:00 ] 192.168.1.195 /shipplatform2/app.php?c=Cabin&a=index
INFO: [ app_init ] --START--
INFO: Run Behavior\BuildLiteBehavior [ RunTime:0.000000s ]
INFO: [ app_init ] --END-- [ RunTime:0.000000s ]
INFO: [ app_begin ] --START--
INFO: Run Behavior\ReadHtmlCacheBehavior [ RunTime:0.001000s ]
INFO: [ app_begin ] --END-- [ RunTime:0.002000s ]
SQL: SHOW COLUMNS FROM `cabin` [ RunTime:0.0050s ]
SQL: SHOW COLUMNS FROM `user` [ RunTime:0.0050s ]
SQL: SELECT `status`,`imei`,`firmid` FROM `user` WHERE `id` = 9 LIMIT 1   [ RunTime:0.0010s ]
SQL: SHOW COLUMNS FROM `firm` [ RunTime:0.0050s ]
SQL: SELECT `expire_time`,`creditline`,`balance`,`membertype` FROM `firm` WHERE `id` = 21 LIMIT 1   [ RunTime:0.0010s ]
SQL: SELECT * FROM `user` WHERE `id` = 9 LIMIT 1   [ RunTime:0.0000s ]
SQL: SHOW COLUMNS FROM `firm` [ RunTime:0.0050s ]
SQL: SELECT `firmtype`,`operation_jur` FROM `firm` WHERE `id` = 21 LIMIT 1   [ RunTime:0.0010s ]
SQL: SHOW COLUMNS FROM `ship` [ RunTime:0.0050s ]
SQL: SELECT `cabinnum`,`suanfa` FROM `ship` WHERE `id` = 90 LIMIT 1   [ RunTime:0.0000s ]
SQL: SELECT COUNT(*) AS tp_count FROM `cabin` WHERE `shipid` = 90 LIMIT 1   [ RunTime:0.0000s ]
SQL: SELECT * FROM `cabin` WHERE `shipid` = 90 ORDER BY order_number asc,id asc  [ RunTime:0.0000s ]
INFO: [ app_end ] --START--
INFO: Run Behavior\ShowPageTraceBehavior [ RunTime:0.001000s ]
INFO: [ app_end ] --END-- [ RunTime:0.001000s ]

[ 2019-07-01T13:54:53+08:00 ] 192.168.1.195 /shipplatform2/app.php?c=Cabin&a=addcabin
INFO: [ app_init ] --START--
INFO: Run Behavior\BuildLiteBehavior [ RunTime:0.000000s ]
INFO: [ app_init ] --END-- [ RunTime:0.001000s ]
INFO: [ app_begin ] --START--
INFO: Run Behavior\ReadHtmlCacheBehavior [ RunTime:0.001000s ]
INFO: [ app_begin ] --END-- [ RunTime:0.001000s ]
SQL: SHOW COLUMNS FROM `cabin` [ RunTime:0.0060s ]
SQL: SHOW COLUMNS FROM `user` [ RunTime:0.0170s ]
SQL: SELECT `status`,`imei`,`firmid` FROM `user` WHERE `id` = 9 LIMIT 1   [ RunTime:0.0010s ]
SQL: SHOW COLUMNS FROM `firm` [ RunTime:0.0060s ]
SQL: SELECT `expire_time`,`creditline`,`balance`,`membertype` FROM `firm` WHERE `id` = 21 LIMIT 1   [ RunTime:0.0000s ]
SQL: SHOW COLUMNS FROM `firm` [ RunTime:0.0050s ]
NOTIC: [8] Undefined index: firmid D:\phpStudy\PHPTutorial\WWW\shipplatform2\Ship\App\Controller\CabinController.class.php 第 127 行.
SQL: SELECT `firmtype`,`operation_jur` FROM `firm` WHERE `id` = null LIMIT 1   [ RunTime:0.0010s ]
INFO: [ app_end ] --START--
INFO: Run Behavior\ShowPageTraceBehavior [ RunTime:0.002000s ]
INFO: [ app_end ] --END-- [ RunTime:0.002000s ]

[ 2019-07-01T13:55:31+08:00 ] 192.168.1.195 /shipplatform2/app.php?c=Cabin&a=addcabin
INFO: [ app_init ] --START--
INFO: Run Behavior\BuildLiteBehavior [ RunTime:0.000000s ]
INFO: [ app_init ] --END-- [ RunTime:0.001000s ]
INFO: [ app_begin ] --START--
INFO: Run Behavior\ReadHtmlCacheBehavior [ RunTime:0.001000s ]
INFO: [ app_begin ] --END-- [ RunTime:0.001000s ]
SQL: SHOW COLUMNS FROM `cabin` [ RunTime:0.0050s ]
SQL: SHOW COLUMNS FROM `user` [ RunTime:0.0050s ]
SQL: SELECT `status`,`imei`,`firmid` FROM `user` WHERE `id` = 9 LIMIT 1   [ RunTime:0.0000s ]
SQL: SHOW COLUMNS FROM `firm` [ RunTime:0.0050s ]
SQL: SELECT `expire_time`,`creditline`,`balance`,`membertype` FROM `firm` WHERE `id` = 21 LIMIT 1   [ RunTime:0.0000s ]
SQL: SHOW COLUMNS FROM `firm` [ RunTime:0.0050s ]
NOTIC: [8] Undefined index: firmid D:\phpStudy\PHPTutorial\WWW\shipplatform2\Ship\App\Controller\CabinController.class.php 第 127 行.
SQL: SELECT `firmtype`,`operation_jur` FROM `firm` WHERE `id` = null LIMIT 1   [ RunTime:0.0000s ]
INFO: [ app_end ] --START--
INFO: Run Behavior\ShowPageTraceBehavior [ RunTime:0.002001s ]
INFO: [ app_end ] --END-- [ RunTime:0.002001s ]

[ 2019-07-01T13:56:33+08:00 ] 192.168.1.195 /shipplatform2/app.php?c=Cabin&a=addcabin
INFO: [ app_init ] --START--
INFO: Run Behavior\BuildLiteBehavior [ RunTime:0.000000s ]
INFO: [ app_init ] --END-- [ RunTime:0.001000s ]
INFO: [ app_begin ] --START--
INFO: Run Behavior\ReadHtmlCacheBehavior [ RunTime:0.001000s ]
INFO: [ app_begin ] --END-- [ RunTime:0.001000s ]
SQL: SHOW COLUMNS FROM `cabin` [ RunTime:0.0050s ]
SQL: SHOW COLUMNS FROM `user` [ RunTime:0.0040s ]
SQL: SELECT `status`,`imei`,`firmid` FROM `user` WHERE `id` = 9 LIMIT 1   [ RunTime:0.0000s ]
SQL: SHOW COLUMNS FROM `firm` [ RunTime:0.0050s ]
SQL: SELECT `expire_time`,`creditline`,`balance`,`membertype` FROM `firm` WHERE `id` = 21 LIMIT 1   [ RunTime:0.0010s ]
SQL: SHOW COLUMNS FROM `firm` [ RunTime:0.0050s ]
NOTIC: [8] Undefined index: firmid D:\phpStudy\PHPTutorial\WWW\shipplatform2\Ship\App\Controller\CabinController.class.php 第 127 行.
SQL: SELECT `firmtype`,`operation_jur` FROM `firm` WHERE `id` = null LIMIT 1   [ RunTime:0.0000s ]
INFO: [ app_end ] --START--
INFO: Run Behavior\ShowPageTraceBehavior [ RunTime:0.001000s ]
INFO: [ app_end ] --END-- [ RunTime:0.001000s ]

[ 2019-07-01T13:58:04+08:00 ] 192.168.1.195 /shipplatform2/app.php?c=Cabin&a=addcabin
INFO: [ app_init ] --START--
INFO: Run Behavior\BuildLiteBehavior [ RunTime:0.001000s ]
INFO: [ app_init ] --END-- [ RunTime:0.001000s ]
INFO: [ app_begin ] --START--
INFO: Run Behavior\ReadHtmlCacheBehavior [ RunTime:0.001000s ]
INFO: [ app_begin ] --END-- [ RunTime:0.002000s ]
SQL: SHOW COLUMNS FROM `cabin` [ RunTime:0.0050s ]
SQL: SHOW COLUMNS FROM `user` [ RunTime:0.0050s ]
SQL: SELECT `status`,`imei`,`firmid` FROM `user` WHERE `id` = 9 LIMIT 1   [ RunTime:0.0000s ]
SQL: SHOW COLUMNS FROM `firm` [ RunTime:0.0050s ]
SQL: SELECT `expire_time`,`creditline`,`balance`,`membertype` FROM `firm` WHERE `id` = 21 LIMIT 1   [ RunTime:0.0000s ]
SQL: SHOW COLUMNS FROM `firm` [ RunTime:0.0050s ]
NOTIC: [8] Undefined index: firmid D:\phpStudy\PHPTutorial\WWW\shipplatform2\Ship\App\Controller\CabinController.class.php 第 129 行.
SQL: SELECT `firmtype`,`operation_jur` FROM `firm` WHERE `id` = null LIMIT 1   [ RunTime:0.0000s ]
INFO: [ app_end ] --START--
INFO: Run Behavior\ShowPageTraceBehavior [ RunTime:0.001000s ]
INFO: [ app_end ] --END-- [ RunTime:0.002000s ]

[ 2019-07-01T13:58:39+08:00 ] 192.168.1.195 /shipplatform2/app.php?c=Cabin&a=addcabin
INFO: [ app_init ] --START--
INFO: Run Behavior\BuildLiteBehavior [ RunTime:0.000000s ]
INFO: [ app_init ] --END-- [ RunTime:0.000000s ]
INFO: [ app_begin ] --START--
INFO: Run Behavior\ReadHtmlCacheBehavior [ RunTime:0.001000s ]
INFO: [ app_begin ] --END-- [ RunTime:0.001000s ]
SQL: SHOW COLUMNS FROM `cabin` [ RunTime:0.0050s ]
SQL: SHOW COLUMNS FROM `user` [ RunTime:0.0060s ]
SQL: SELECT `status`,`imei`,`firmid` FROM `user` WHERE `id` = 9 LIMIT 1   [ RunTime:0.0010s ]
SQL: SHOW COLUMNS FROM `firm` [ RunTime:0.0060s ]
SQL: SELECT `expire_time`,`creditline`,`balance`,`membertype` FROM `firm` WHERE `id` = 21 LIMIT 1   [ RunTime:0.0010s ]
SQL: SHOW COLUMNS FROM `firm` [ RunTime:0.0070s ]
NOTIC: [8] Undefined index: firmid D:\phpStudy\PHPTutorial\WWW\shipplatform2\Ship\App\Controller\CabinController.class.php 第 127 行.
SQL: SELECT `firmtype`,`operation_jur` FROM `firm` WHERE `id` = null LIMIT 1   [ RunTime:0.0010s ]
INFO: [ app_end ] --START--
INFO: Run Behavior\ShowPageTraceBehavior [ RunTime:0.001000s ]
INFO: [ app_end ] --END-- [ RunTime:0.001000s ]

[ 2019-07-01T14:00:43+08:00 ] 192.168.1.195 /shipplatform2/app.php?c=Cabin&a=addcabin
INFO: [ app_init ] --START--
INFO: Run Behavior\BuildLiteBehavior [ RunTime:0.000000s ]
INFO: [ app_init ] --END-- [ RunTime:0.001000s ]
INFO: [ app_begin ] --START--
INFO: Run Behavior\ReadHtmlCacheBehavior [ RunTime:0.001000s ]
INFO: [ app_begin ] --END-- [ RunTime:0.001000s ]
SQL: SHOW COLUMNS FROM `cabin` [ RunTime:0.0060s ]
SQL: SHOW COLUMNS FROM `user` [ RunTime:0.0110s ]
SQL: SELECT `status`,`imei`,`firmid` FROM `user` WHERE `id` = 9 LIMIT 1   [ RunTime:0.0010s ]
SQL: SHOW COLUMNS FROM `firm` [ RunTime:0.0060s ]
SQL: SELECT `expire_time`,`creditline`,`balance`,`membertype` FROM `firm` WHERE `id` = 21 LIMIT 1   [ RunTime:0.0010s ]
SQL: SHOW COLUMNS FROM `firm` [ RunTime:0.0060s ]
NOTIC: [8] Undefined index: firmid D:\phpStudy\PHPTutorial\WWW\shipplatform2\Ship\App\Controller\CabinController.class.php 第 127 行.
SQL: SELECT `firmtype`,`operation_jur` FROM `firm` WHERE `id` = null LIMIT 1   [ RunTime:0.0010s ]
INFO: [ app_end ] --START--
INFO: Run Behavior\ShowPageTraceBehavior [ RunTime:0.001000s ]
INFO: [ app_end ] --END-- [ RunTime:0.002000s ]

[ 2019-07-01T14:01:33+08:00 ] 192.168.1.195 /shipplatform2/app.php?c=Cabin&a=addcabin
INFO: [ app_init ] --START--
INFO: Run Behavior\BuildLiteBehavior [ RunTime:0.000000s ]
INFO: [ app_init ] --END-- [ RunTime:0.000000s ]
INFO: [ app_begin ] --START--
INFO: Run Behavior\ReadHtmlCacheBehavior [ RunTime:0.000000s ]
INFO: [ app_begin ] --END-- [ RunTime:0.001000s ]
SQL: SHOW COLUMNS FROM `cabin` [ RunTime:0.0050s ]
SQL: SHOW COLUMNS FROM `user` [ RunTime:0.0060s ]
SQL: SELECT `status`,`imei`,`firmid` FROM `user` WHERE `id` = 9 LIMIT 1   [ RunTime:0.0010s ]
SQL: SHOW COLUMNS FROM `firm` [ RunTime:0.0050s ]
SQL: SELECT `expire_time`,`creditline`,`balance`,`membertype` FROM `firm` WHERE `id` = 21 LIMIT 1   [ RunTime:0.0000s ]
SQL: SHOW COLUMNS FROM `firm` [ RunTime:0.0050s ]
NOTIC: [8] Undefined index: firmid D:\phpStudy\PHPTutorial\WWW\shipplatform2\Ship\App\Controller\CabinController.class.php 第 127 行.
SQL: SELECT `firmtype`,`operation_jur` FROM `firm` WHERE `id` = null LIMIT 1   [ RunTime:0.0000s ]
NOTIC: [8] Undefined index: firmid D:\phpStudy\PHPTutorial\WWW\shipplatform2\Ship\App\Controller\CabinController.class.php 第 208 行.
INFO: [ app_end ] --START--
INFO: Run Behavior\ShowPageTraceBehavior [ RunTime:0.001000s ]
INFO: [ app_end ] --END-- [ RunTime:0.001000s ]

[ 2019-07-01T14:01:57+08:00 ] 192.168.1.195 /shipplatform2/app.php?c=User&a=login
INFO: [ app_init ] --START--
INFO: Run Behavior\BuildLiteBehavior [ RunTime:0.000000s ]
INFO: [ app_init ] --END-- [ RunTime:0.000000s ]
INFO: [ app_begin ] --START--
INFO: Run Behavior\ReadHtmlCacheBehavior [ RunTime:0.001000s ]
INFO: [ app_begin ] --END-- [ RunTime:0.001000s ]
SQL: SHOW COLUMNS FROM `user` [ RunTime:0.0050s ]
SQL: SELECT u.id,u.title,u.username,u.status,u.firmid,f.firmtype FROM user u left join firm f on f.id = u.firmid  WHERE `title` = 'xie01' AND `pwd` = 'efc54d7173925bd1c25f053511c18cb8' LIMIT 1   [ RunTime:0.0010s ]
SQL: SHOW COLUMNS FROM `firm` [ RunTime:0.0060s ]
SQL: SELECT `expire_time`,`creditline`,`balance`,`membertype` FROM `firm` WHERE `id` = 21 LIMIT 1   [ RunTime:0.0010s ]
SQL: UPDATE `user` SET `imei`='12345678123456781234567812345678' WHERE `id` = 9 [ RunTime:0.0430s ]
INFO: [ app_end ] --START--
INFO: Run Behavior\ShowPageTraceBehavior [ RunTime:0.001000s ]
INFO: [ app_end ] --END-- [ RunTime:0.002000s ]

[ 2019-07-01T14:01:59+08:00 ] 192.168.1.195 /shipplatform2/app.php?c=Cabin&a=addcabin
INFO: [ app_init ] --START--
INFO: Run Behavior\BuildLiteBehavior [ RunTime:0.000000s ]
INFO: [ app_init ] --END-- [ RunTime:0.001000s ]
INFO: [ app_begin ] --START--
INFO: Run Behavior\ReadHtmlCacheBehavior [ RunTime:0.001000s ]
INFO: [ app_begin ] --END-- [ RunTime:0.001000s ]
SQL: SHOW COLUMNS FROM `cabin` [ RunTime:0.0050s ]
SQL: SHOW COLUMNS FROM `user` [ RunTime:0.0050s ]
SQL: SELECT `status`,`imei`,`firmid` FROM `user` WHERE `id` = 9 LIMIT 1   [ RunTime:0.0000s ]
SQL: SHOW COLUMNS FROM `firm` [ RunTime:0.0100s ]
SQL: SELECT `expire_time`,`creditline`,`balance`,`membertype` FROM `firm` WHERE `id` = 21 LIMIT 1   [ RunTime:0.0000s ]
SQL: SHOW COLUMNS FROM `firm` [ RunTime:0.0080s ]
NOTIC: [8] Undefined index: firmid D:\phpStudy\PHPTutorial\WWW\shipplatform2\Ship\App\Controller\CabinController.class.php 第 127 行.
SQL: SELECT `firmtype`,`operation_jur` FROM `firm` WHERE `id` = null LIMIT 1   [ RunTime:0.0000s ]
NOTIC: [8] Undefined index: firmid D:\phpStudy\PHPTutorial\WWW\shipplatform2\Ship\App\Controller\CabinController.class.php 第 208 行.
INFO: [ app_end ] --START--
INFO: Run Behavior\ShowPageTraceBehavior [ RunTime:0.001000s ]
INFO: [ app_end ] --END-- [ RunTime:0.001000s ]

[ 2019-07-01T14:06:26+08:00 ] 192.168.1.195 /shipplatform2/app.php?c=Cabin&a=addcabin
INFO: [ app_init ] --START--
INFO: Run Behavior\BuildLiteBehavior [ RunTime:0.000000s ]
INFO: [ app_init ] --END-- [ RunTime:0.000000s ]
INFO: [ app_begin ] --START--
INFO: Run Behavior\ReadHtmlCacheBehavior [ RunTime:0.001000s ]
INFO: [ app_begin ] --END-- [ RunTime:0.001000s ]
SQL: SHOW COLUMNS FROM `cabin` [ RunTime:0.0050s ]
SQL: SHOW COLUMNS FROM `user` [ RunTime:0.0040s ]
SQL: SELECT `status`,`imei`,`firmid` FROM `user` WHERE `id` = 9 LIMIT 1   [ RunTime:0.0000s ]
SQL: SHOW COLUMNS FROM `firm` [ RunTime:0.0060s ]
SQL: SELECT `expire_time`,`creditline`,`balance`,`membertype` FROM `firm` WHERE `id` = 21 LIMIT 1   [ RunTime:0.0000s ]
SQL: SHOW COLUMNS FROM `firm` [ RunTime:0.0050s ]
NOTIC: [8] Undefined index: firmid D:\phpStudy\PHPTutorial\WWW\shipplatform2\Ship\App\Controller\CabinController.class.php 第 127 行.
SQL: SELECT `firmtype`,`operation_jur` FROM `firm` WHERE `id` = null LIMIT 1   [ RunTime:0.0000s ]
INFO: [ app_end ] --START--
INFO: Run Behavior\ShowPageTraceBehavior [ RunTime:0.001000s ]
INFO: [ app_end ] --END-- [ RunTime:0.001000s ]

[ 2019-07-01T14:06:47+08:00 ] 192.168.1.195 /shipplatform2/app.php?c=Cabin&a=addcabin
INFO: [ app_init ] --START--
INFO: Run Behavior\BuildLiteBehavior [ RunTime:0.000000s ]
INFO: [ app_init ] --END-- [ RunTime:0.000000s ]
INFO: [ app_begin ] --START--
INFO: Run Behavior\ReadHtmlCacheBehavior [ RunTime:0.001000s ]
INFO: [ app_begin ] --END-- [ RunTime:0.001000s ]
SQL: SHOW COLUMNS FROM `cabin` [ RunTime:0.0050s ]
SQL: SHOW COLUMNS FROM `user` [ RunTime:0.0050s ]
SQL: SELECT `status`,`imei`,`firmid` FROM `user` WHERE `id` = 9 LIMIT 1   [ RunTime:0.0010s ]
SQL: SHOW COLUMNS FROM `firm` [ RunTime:0.0060s ]
SQL: SELECT `expire_time`,`creditline`,`balance`,`membertype` FROM `firm` WHERE `id` = 21 LIMIT 1   [ RunTime:0.0010s ]
SQL: SHOW COLUMNS FROM `firm` [ RunTime:0.0060s ]
SQL: SELECT `firmtype`,`operation_jur` FROM `firm` WHERE `id` = 21 LIMIT 1   [ RunTime:0.0000s ]
SQL: SHOW COLUMNS FROM `ship` [ RunTime:0.0050s ]
SQL: SELECT `cabinnum` FROM `ship` WHERE `id` = 90 LIMIT 1   [ RunTime:0.0000s ]
NOTIC: [8] Undefined variable: res D:\phpStudy\PHPTutorial\WWW\shipplatform2\Ship\App\Controller\CabinController.class.php 第 222 行.
INFO: [ app_end ] --START--
INFO: Run Behavior\ShowPageTraceBehavior [ RunTime:0.001000s ]
INFO: [ app_end ] --END-- [ RunTime:0.001000s ]

[ 2019-07-01T14:11:27+08:00 ] 192.168.1.195 /shipplatform2/app.php?c=Cabin&a=addcabin
INFO: [ app_init ] --START--
INFO: Run Behavior\BuildLiteBehavior [ RunTime:0.000000s ]
INFO: [ app_init ] --END-- [ RunTime:0.000000s ]
INFO: [ app_begin ] --START--
INFO: Run Behavior\ReadHtmlCacheBehavior [ RunTime:0.001000s ]
INFO: [ app_begin ] --END-- [ RunTime:0.002000s ]
SQL: SHOW COLUMNS FROM `cabin` [ RunTime:0.0060s ]
SQL: SHOW COLUMNS FROM `user` [ RunTime:0.0060s ]
SQL: SELECT `status`,`imei`,`firmid` FROM `user` WHERE `id` = 9 LIMIT 1   [ RunTime:0.0000s ]
SQL: SHOW COLUMNS FROM `firm` [ RunTime:0.0060s ]
SQL: SELECT `expire_time`,`creditline`,`balance`,`membertype` FROM `firm` WHERE `id` = 21 LIMIT 1   [ RunTime:0.0000s ]
SQL: SHOW COLUMNS FROM `firm` [ RunTime:0.0050s ]
SQL: SELECT `firmtype`,`operation_jur` FROM `firm` WHERE `id` = 21 LIMIT 1   [ RunTime:0.0000s ]
SQL: SHOW COLUMNS FROM `ship` [ RunTime:0.0050s ]
SQL: SELECT `cabinnum` FROM `ship` WHERE `id` = 90 LIMIT 1   [ RunTime:0.0000s ]
INFO: [ app_end ] --START--
INFO: Run Behavior\ShowPageTraceBehavior [ RunTime:0.001000s ]
INFO: [ app_end ] --END-- [ RunTime:0.001000s ]

[ 2019-07-01T14:16:18+08:00 ] 192.168.1.195 /shipplatform2/app.php?c=Cabin&a=addcabin
INFO: [ app_init ] --START--
INFO: Run Behavior\BuildLiteBehavior [ RunTime:0.001000s ]
INFO: [ app_init ] --END-- [ RunTime:0.001000s ]
INFO: [ app_begin ] --START--
INFO: Run Behavior\ReadHtmlCacheBehavior [ RunTime:0.001000s ]
INFO: [ app_begin ] --END-- [ RunTime:0.001000s ]
SQL: SHOW COLUMNS FROM `cabin` [ RunTime:0.0330s ]
SQL: SHOW COLUMNS FROM `user` [ RunTime:0.0080s ]
SQL: SELECT `status`,`imei`,`firmid` FROM `user` WHERE `id` = 9 LIMIT 1   [ RunTime:0.0010s ]
SQL: SHOW COLUMNS FROM `firm` [ RunTime:0.0070s ]
SQL: SELECT `expire_time`,`creditline`,`balance`,`membertype` FROM `firm` WHERE `id` = 21 LIMIT 1   [ RunTime:0.0000s ]
SQL: SHOW COLUMNS FROM `firm` [ RunTime:0.0060s ]
SQL: SELECT `firmtype`,`operation_jur` FROM `firm` WHERE `id` = 21 LIMIT 1   [ RunTime:0.0000s ]
SQL: SHOW COLUMNS FROM `ship` [ RunTime:0.0060s ]
SQL: SELECT `cabinnum` FROM `ship` WHERE `id` = 90 LIMIT 1   [ RunTime:0.0060s ]
SQL: SELECT COUNT(*) AS tp_count FROM `cabin` WHERE `shipid` = 90 LIMIT 1   [ RunTime:0.0010s ]
SQL: SELECT COUNT(*) AS tp_count FROM `cabin` WHERE `shipid` = 90 AND `cabinname` = '左一' LIMIT 1   [ RunTime:0.0010s ]
SQL: SELECT COUNT(*) AS tp_count FROM `cabin` WHERE `shipid` = 90 AND `cabinname` = '右一' LIMIT 1   [ RunTime:0.0000s ]
SQL: SELECT COUNT(*) AS tp_count FROM `cabin` WHERE `shipid` = 90 AND `cabinname` = '左二' LIMIT 1   [ RunTime:0.0010s ]
SQL: SELECT COUNT(*) AS tp_count FROM `cabin` WHERE `shipid` = 90 AND `cabinname` = '右二' LIMIT 1   [ RunTime:0.0000s ]
SQL: INSERT INTO `cabin` (`cabinname`,`altitudeheight`,`bottom_volume`,`pipe_line`,`shipid`) VALUES ('左一','6.020','0.946','0.075','90') [ RunTime:0.0000s ]
SQL: INSERT INTO `cabin` (`cabinname`,`altitudeheight`,`bottom_volume`,`pipe_line`,`shipid`) VALUES ('右一','6.020','0.946','0.075','90') [ RunTime:0.0000s ]
SQL: INSERT INTO `cabin` (`cabinname`,`altitudeheight`,`bottom_volume`,`pipe_line`,`shipid`) VALUES ('左二','6.020','0.946','0.075','90') [ RunTime:0.0000s ]
SQL: INSERT INTO `cabin` (`cabinname`,`altitudeheight`,`bottom_volume`,`pipe_line`,`shipid`) VALUES ('右二','6.020','0.946','0.075','90') [ RunTime:0.0000s ]
INFO: [ app_end ] --START--
INFO: Run Behavior\ShowPageTraceBehavior [ RunTime:0.001000s ]
INFO: [ app_end ] --END-- [ RunTime:0.002000s ]

[ 2019-07-01T14:22:37+08:00 ] 192.168.1.195 /shipplatform2/app.php?c=Cabin&a=editcabin
INFO: [ app_init ] --START--
INFO: Run Behavior\BuildLiteBehavior [ RunTime:0.000000s ]
INFO: [ app_init ] --END-- [ RunTime:0.001000s ]
INFO: [ app_begin ] --START--
INFO: Run Behavior\ReadHtmlCacheBehavior [ RunTime:0.001000s ]
INFO: [ app_begin ] --END-- [ RunTime:0.001000s ]
SQL: SHOW COLUMNS FROM `cabin` [ RunTime:0.0060s ]
SQL: SHOW COLUMNS FROM `user` [ RunTime:0.0050s ]
SQL: SELECT `status`,`imei`,`firmid` FROM `user` WHERE `id` = 9 LIMIT 1   [ RunTime:0.0000s ]
SQL: SHOW COLUMNS FROM `firm` [ RunTime:0.0070s ]
SQL: SELECT `expire_time`,`creditline`,`balance`,`membertype` FROM `firm` WHERE `id` = 21 LIMIT 1   [ RunTime:0.0000s ]
SQL: SHOW COLUMNS FROM `firm` [ RunTime:0.0050s ]
SQL: SELECT `firmtype`,`operation_jur` FROM `firm` WHERE `id` = 21 LIMIT 1   [ RunTime:0.0010s ]
INFO: [ app_end ] --START--
INFO: Run Behavior\ShowPageTraceBehavior [ RunTime:0.002000s ]
INFO: [ app_end ] --END-- [ RunTime:0.002000s ]

[ 2019-07-01T14:22:47+08:00 ] 192.168.1.195 /shipplatform2/app.php?c=Cabin&a=editcabin
INFO: [ app_init ] --START--
INFO: Run Behavior\BuildLiteBehavior [ RunTime:0.000000s ]
INFO: [ app_init ] --END-- [ RunTime:0.000000s ]
INFO: [ app_begin ] --START--
INFO: Run Behavior\ReadHtmlCacheBehavior [ RunTime:0.001000s ]
INFO: [ app_begin ] --END-- [ RunTime:0.001000s ]
SQL: SHOW COLUMNS FROM `cabin` [ RunTime:0.0050s ]
SQL: SHOW COLUMNS FROM `user` [ RunTime:0.0060s ]
SQL: SELECT `status`,`imei`,`firmid` FROM `user` WHERE `id` = 9 LIMIT 1   [ RunTime:0.0000s ]
SQL: SHOW COLUMNS FROM `firm` [ RunTime:0.0050s ]
SQL: SELECT `expire_time`,`creditline`,`balance`,`membertype` FROM `firm` WHERE `id` = 21 LIMIT 1   [ RunTime:0.0010s ]
SQL: SHOW COLUMNS FROM `firm` [ RunTime:0.0060s ]
SQL: SELECT `firmtype`,`operation_jur` FROM `firm` WHERE `id` = 21 LIMIT 1   [ RunTime:0.0010s ]
INFO: [ app_end ] --START--
INFO: Run Behavior\ShowPageTraceBehavior [ RunTime:0.001000s ]
INFO: [ app_end ] --END-- [ RunTime:0.002000s ]

[ 2019-07-01T14:24:00+08:00 ] 192.168.1.195 /shipplatform2/app.php?c=Cabin&a=editcabin
INFO: [ app_init ] --START--
INFO: Run Behavior\BuildLiteBehavior [ RunTime:0.000000s ]
INFO: [ app_init ] --END-- [ RunTime:0.001000s ]
INFO: [ app_begin ] --START--
INFO: Run Behavior\ReadHtmlCacheBehavior [ RunTime:0.001000s ]
INFO: [ app_begin ] --END-- [ RunTime:0.002000s ]
SQL: SHOW COLUMNS FROM `cabin` [ RunTime:0.0060s ]
SQL: SHOW COLUMNS FROM `user` [ RunTime:0.0070s ]
SQL: SELECT `status`,`imei`,`firmid` FROM `user` WHERE `id` = 9 LIMIT 1   [ RunTime:0.0000s ]
SQL: SHOW COLUMNS FROM `firm` [ RunTime:0.0070s ]
SQL: SELECT `expire_time`,`creditline`,`balance`,`membertype` FROM `firm` WHERE `id` = 21 LIMIT 1   [ RunTime:0.0000s ]
SQL: SHOW COLUMNS FROM `firm` [ RunTime:0.0050s ]
SQL: SELECT `firmtype`,`operation_jur` FROM `firm` WHERE `id` = 21 LIMIT 1   [ RunTime:0.0010s ]
INFO: [ app_end ] --START--
INFO: Run Behavior\ShowPageTraceBehavior [ RunTime:0.002000s ]
INFO: [ app_end ] --END-- [ RunTime:0.003000s ]

[ 2019-07-01T14:31:11+08:00 ] 192.168.1.195 /shipplatform2/app.php?c=Cabin&a=editcabin
INFO: [ app_init ] --START--
INFO: Run Behavior\BuildLiteBehavior [ RunTime:0.000000s ]
INFO: [ app_init ] --END-- [ RunTime:0.000000s ]
INFO: [ app_begin ] --START--
INFO: Run Behavior\ReadHtmlCacheBehavior [ RunTime:0.001000s ]
INFO: [ app_begin ] --END-- [ RunTime:0.001000s ]
SQL: SHOW COLUMNS FROM `cabin` [ RunTime:0.0070s ]
SQL: SHOW COLUMNS FROM `user` [ RunTime:0.0060s ]
SQL: SELECT `status`,`imei`,`firmid` FROM `user` WHERE `id` = 9 LIMIT 1   [ RunTime:0.0010s ]
SQL: SHOW COLUMNS FROM `firm` [ RunTime:0.0060s ]
SQL: SELECT `expire_time`,`creditline`,`balance`,`membertype` FROM `firm` WHERE `id` = 21 LIMIT 1   [ RunTime:0.0010s ]
SQL: SHOW COLUMNS FROM `firm` [ RunTime:0.0060s ]
SQL: SELECT `firmtype`,`operation_jur` FROM `firm` WHERE `id` = 21 LIMIT 1   [ RunTime:0.0010s ]
INFO: [ app_end ] --START--
INFO: Run Behavior\ShowPageTraceBehavior [ RunTime:0.001000s ]
INFO: [ app_end ] --END-- [ RunTime:0.001000s ]

[ 2019-07-01T14:32:53+08:00 ] 192.168.1.195 /shipplatform2/app.php?c=Cabin&a=editcabin
INFO: [ app_init ] --START--
INFO: Run Behavior\BuildLiteBehavior [ RunTime:0.001000s ]
INFO: [ app_init ] --END-- [ RunTime:0.001000s ]
INFO: [ app_begin ] --START--
INFO: Run Behavior\ReadHtmlCacheBehavior [ RunTime:0.001000s ]
INFO: [ app_begin ] --END-- [ RunTime:0.001000s ]
SQL: SHOW COLUMNS FROM `cabin` [ RunTime:0.0060s ]
SQL: SHOW COLUMNS FROM `user` [ RunTime:0.0070s ]

[ 2019-07-01T14:33:26+08:00 ] 192.168.1.195 /shipplatform2/app.php?c=Cabin&a=editcabin
INFO: [ app_init ] --START--
INFO: Run Behavior\BuildLiteBehavior [ RunTime:0.000000s ]
INFO: [ app_init ] --END-- [ RunTime:0.000000s ]
INFO: [ app_begin ] --START--
INFO: Run Behavior\ReadHtmlCacheBehavior [ RunTime:0.001000s ]
INFO: [ app_begin ] --END-- [ RunTime:0.001000s ]
SQL: SHOW COLUMNS FROM `cabin` [ RunTime:0.0060s ]
SQL: SHOW COLUMNS FROM `user` [ RunTime:0.0070s ]

[ 2019-07-01T14:34:25+08:00 ] 192.168.1.195 /shipplatform2/app.php?c=Cabin&a=editcabin
INFO: [ app_init ] --START--
INFO: Run Behavior\BuildLiteBehavior [ RunTime:0.000000s ]
INFO: [ app_init ] --END-- [ RunTime:0.000000s ]
INFO: [ app_begin ] --START--
INFO: Run Behavior\ReadHtmlCacheBehavior [ RunTime:0.002000s ]
INFO: [ app_begin ] --END-- [ RunTime:0.002000s ]
SQL: SHOW COLUMNS FROM `cabin` [ RunTime:0.0050s ]
SQL: SHOW COLUMNS FROM `user` [ RunTime:0.0050s ]
SQL: SELECT `status`,`imei`,`firmid` FROM `user` WHERE `id` = 9 LIMIT 1   [ RunTime:0.0000s ]
SQL: SHOW COLUMNS FROM `firm` [ RunTime:0.0060s ]
SQL: SELECT `expire_time`,`creditline`,`balance`,`membertype` FROM `firm` WHERE `id` = 21 LIMIT 1   [ RunTime:0.0000s ]
SQL: SHOW COLUMNS FROM `firm` [ RunTime:0.0060s ]
SQL: SELECT `firmtype`,`operation_jur` FROM `firm` WHERE `id` = 21 LIMIT 1   [ RunTime:0.0010s ]
INFO: [ app_end ] --START--
INFO: Run Behavior\ShowPageTraceBehavior [ RunTime:0.002000s ]
INFO: [ app_end ] --END-- [ RunTime:0.002000s ]

[ 2019-07-01T14:35:09+08:00 ] 192.168.1.195 /shipplatform2/app.php?c=Cabin&a=editcabin
INFO: [ app_init ] --START--
INFO: Run Behavior\BuildLiteBehavior [ RunTime:0.000000s ]
INFO: [ app_init ] --END-- [ RunTime:0.000000s ]
INFO: [ app_begin ] --START--
INFO: Run Behavior\ReadHtmlCacheBehavior [ RunTime:0.001000s ]
INFO: [ app_begin ] --END-- [ RunTime:0.001000s ]
SQL: SHOW COLUMNS FROM `cabin` [ RunTime:0.0050s ]
SQL: SHOW COLUMNS FROM `user` [ RunTime:0.0060s ]
SQL: SELECT `status`,`imei`,`firmid` FROM `user` WHERE `id` = 9 LIMIT 1   [ RunTime:0.0000s ]
SQL: SHOW COLUMNS FROM `firm` [ RunTime:0.0060s ]
SQL: SELECT `expire_time`,`creditline`,`balance`,`membertype` FROM `firm` WHERE `id` = 21 LIMIT 1   [ RunTime:0.0000s ]
SQL: SHOW COLUMNS FROM `firm` [ RunTime:0.0050s ]
SQL: SELECT `firmtype`,`operation_jur` FROM `firm` WHERE `id` = 21 LIMIT 1   [ RunTime:0.0010s ]
SQL: UPDATE `cabin` SET `cabinname`='左一',`altitudeheight`='6.022',`bottom_volume`='0.946',`pipe_line`='0.075' WHERE `id` = 220 [ RunTime:0.0000s ]
SQL: UPDATE `cabin` SET `cabinname`='右一',`altitudeheight`='6.022',`bottom_volume`='0.946',`pipe_line`='0.075' WHERE `id` = 221 [ RunTime:0.0000s ]
SQL: UPDATE `cabin` SET `cabinname`='左二',`altitudeheight`='6.021',`bottom_volume`='0.946',`pipe_line`='0.075' WHERE `id` = 222 [ RunTime:0.0000s ]
SQL: UPDATE `cabin` SET `cabinname`='右二',`altitudeheight`='6.021',`bottom_volume`='0.946',`pipe_line`='0.075' WHERE `id` = 223 [ RunTime:0.0000s ]
INFO: [ app_end ] --START--
INFO: Run Behavior\ShowPageTraceBehavior [ RunTime:0.001000s ]
INFO: [ app_end ] --END-- [ RunTime:0.001000s ]

