[ 2019-08-28T09:24:47+08:00 ] 192.168.1.195 /shipplatform2/app.php?c=Cabin&a=editcabin
INFO: [ app_init ] --START--
INFO: Run Behavior\BuildLiteBehavior [ RunTime:0.000000s ]
INFO: [ app_init ] --END-- [ RunTime:0.001000s ]
INFO: [ app_begin ] --START--
INFO: Run Behavior\ReadHtmlCacheBehavior [ RunTime:0.000000s ]
INFO: [ app_begin ] --END-- [ RunTime:0.002000s ]
SQL: SHOW COLUMNS FROM `cabin` [ RunTime:0.0320s ]
SQL: SHOW COLUMNS FROM `user` [ RunTime:0.0210s ]
SQL: SELECT `status`,`imei`,`firmid` FROM `user` WHERE `id` = 9 LIMIT 1   [ RunTime:0.0000s ]
SQL: SHOW COLUMNS FROM `firm` [ RunTime:0.0470s ]
SQL: SELECT `expire_time`,`creditline`,`balance`,`membertype` FROM `firm` WHERE `id` = 21 LIMIT 1   [ RunTime:0.0000s ]
SQL: SHOW COLUMNS FROM `firm` [ RunTime:0.0050s ]
SQL: SELECT `firmtype`,`operation_jur` FROM `firm` WHERE `id` = 21 LIMIT 1   [ RunTime:0.0000s ]
SQL: SHOW COLUMNS FROM `ship` [ RunTime:0.0120s ]
SQL: SELECT `suanfa`,`review` FROM `ship` WHERE `id` = 14 LIMIT 1   [ RunTime:0.0010s ]
SQL: SHOW COLUMNS FROM `result` [ RunTime:0.0560s ]
SQL: SELECT COUNT(*) AS tp_count FROM `result` WHERE `shipid` = 14 LIMIT 1   [ RunTime:0.0010s ]
SQL: SHOW COLUMNS FROM `ship_review` [ RunTime:0.0220s ]
SQL: SELECT COUNT(*) AS tp_count FROM `ship_review` WHERE `shipid` = 14 AND `status` = 1 LIMIT 1   [ RunTime:0.0010s ]
SQL: SELECT `id` FROM `ship_review` WHERE `shipid` = 14 AND `status` = 1 LIMIT 1   [ RunTime:0.0010s ]
SQL: SELECT `cabinname`,`altitudeheight`,`dialtitudeheight`,`bottom_volume`,`bottom_volume_di`,`pipe_line` FROM `cabin` WHERE `id` = 77 AND `shipid` = 14 LIMIT 1   [ RunTime:0.0000s ]
SQL: SHOW COLUMNS FROM `cabin_review` [ RunTime:0.0070s ]
SQL: SELECT COUNT(*) AS tp_count FROM `cabin` WHERE `cabinname` = '左二' AND `shipid` = 14 LIMIT 1   [ RunTime:0.0000s ]
SQL: SELECT COUNT(*) AS tp_count FROM cabin_review c right join ship_review as s on c.review_id=s.id  WHERE s.status = 1 AND s.shipid = '14' AND c.cabinname = '左二' AND c.cabinid <> '77' LIMIT 1   [ RunTime:0.0000s ]

[ 2019-08-28T09:25:16+08:00 ] 192.168.1.195 /shipplatform2/app.php?c=Cabin&a=editcabin
INFO: [ app_init ] --START--
INFO: Run Behavior\BuildLiteBehavior [ RunTime:0.001000s ]
INFO: [ app_init ] --END-- [ RunTime:0.001000s ]
INFO: [ app_begin ] --START--
INFO: Run Behavior\ReadHtmlCacheBehavior [ RunTime:0.000000s ]
INFO: [ app_begin ] --END-- [ RunTime:0.001000s ]
SQL: SHOW COLUMNS FROM `cabin` [ RunTime:0.0060s ]
SQL: SHOW COLUMNS FROM `user` [ RunTime:0.0060s ]
SQL: SELECT `status`,`imei`,`firmid` FROM `user` WHERE `id` = 9 LIMIT 1   [ RunTime:0.0010s ]
SQL: SHOW COLUMNS FROM `firm` [ RunTime:0.0110s ]
SQL: SELECT `expire_time`,`creditline`,`balance`,`membertype` FROM `firm` WHERE `id` = 21 LIMIT 1   [ RunTime:0.0000s ]
SQL: SHOW COLUMNS FROM `firm` [ RunTime:0.0050s ]
SQL: SELECT `firmtype`,`operation_jur` FROM `firm` WHERE `id` = 21 LIMIT 1   [ RunTime:0.0000s ]
SQL: SHOW COLUMNS FROM `ship` [ RunTime:0.0050s ]
SQL: SELECT `suanfa`,`review` FROM `ship` WHERE `id` = 14 LIMIT 1   [ RunTime:0.0000s ]
SQL: SHOW COLUMNS FROM `result` [ RunTime:0.0060s ]
SQL: SELECT COUNT(*) AS tp_count FROM `result` WHERE `shipid` = 14 LIMIT 1   [ RunTime:0.0000s ]
SQL: SHOW COLUMNS FROM `ship_review` [ RunTime:0.0050s ]
SQL: SELECT COUNT(*) AS tp_count FROM `ship_review` WHERE `shipid` = 14 AND `status` = 1 LIMIT 1   [ RunTime:0.0000s ]
SQL: SELECT `id` FROM `ship_review` WHERE `shipid` = 14 AND `status` = 1 LIMIT 1   [ RunTime:0.0000s ]
SQL: SELECT `cabinname`,`altitudeheight`,`dialtitudeheight`,`bottom_volume`,`bottom_volume_di`,`pipe_line` FROM `cabin` WHERE `id` = 77 AND `shipid` = 14 LIMIT 1   [ RunTime:0.0010s ]
SQL: SHOW COLUMNS FROM `cabin_review` [ RunTime:0.0050s ]
SQL: SELECT COUNT(*) AS tp_count FROM `cabin` WHERE `cabinname` = '左一' AND `shipid` = 14 LIMIT 1   [ RunTime:0.0000s ]
SQL: SELECT COUNT(*) AS tp_count FROM cabin_review c right join ship_review as s on c.review_id=s.id  WHERE s.status = 1 AND s.shipid = '14' AND c.cabinname = '左一' AND c.cabinid <> '77' LIMIT 1   [ RunTime:0.0000s ]
SQL: SELECT COUNT(*) AS tp_count FROM `cabin_review` WHERE `shipid` = 14 AND `review_id` = 5 AND `cabinid` = 77 LIMIT 1   [ RunTime:0.0010s ]
SQL: UPDATE `cabin_review` SET `cabinname`='左一',`altitudeheight`='6.011',`dialtitudeheight`='7.011',`bottom_volume`='0.946',`bottom_volume_di`='0.021',`pipe_line`='0.075',`shipid`='14',`userid`='9',`create_time`='1566955516',`review_id`='5',`cabinid`='77' WHERE `shipid` = 14 AND `review_id` = 5 AND `cabinid` = 77 [ RunTime:0.0000s ]
SQL: SELECT `cabinname`,`altitudeheight`,`dialtitudeheight`,`bottom_volume`,`bottom_volume_di`,`pipe_line` FROM `cabin` WHERE `id` = 78 AND `shipid` = 14 LIMIT 1   [ RunTime:0.0000s ]
SQL: SELECT COUNT(*) AS tp_count FROM `cabin` WHERE `cabinname` = '右一' AND `shipid` = 14 LIMIT 1   [ RunTime:0.0010s ]
SQL: SELECT COUNT(*) AS tp_count FROM cabin_review c right join ship_review as s on c.review_id=s.id  WHERE s.status = 1 AND s.shipid = '14' AND c.cabinname = '右一' AND c.cabinid <> '78' LIMIT 1   [ RunTime:0.0000s ]
SQL: SELECT COUNT(*) AS tp_count FROM `cabin_review` WHERE `shipid` = 14 AND `review_id` = 5 AND `cabinid` = 78 LIMIT 1   [ RunTime:0.0010s ]
SQL: UPDATE `cabin_review` SET `cabinname`='右一',`altitudeheight`='6.022',`dialtitudeheight`='7.011',`bottom_volume`='0.946',`bottom_volume_di`='0.021',`pipe_line`='0.075',`shipid`='14',`userid`='9',`create_time`='1566955516',`review_id`='5',`cabinid`='78' WHERE `shipid` = 14 AND `review_id` = 5 AND `cabinid` = 78 [ RunTime:0.0000s ]
SQL: SELECT `cabinname`,`altitudeheight`,`dialtitudeheight`,`bottom_volume`,`bottom_volume_di`,`pipe_line` FROM `cabin` WHERE `id` = 79 AND `shipid` = 14 LIMIT 1   [ RunTime:0.0010s ]
SQL: SELECT COUNT(*) AS tp_count FROM `cabin` WHERE `cabinname` = '左二' AND `shipid` = 14 LIMIT 1   [ RunTime:0.0000s ]
SQL: SELECT COUNT(*) AS tp_count FROM cabin_review c right join ship_review as s on c.review_id=s.id  WHERE s.status = 1 AND s.shipid = '14' AND c.cabinname = '左二' AND c.cabinid <> '79' LIMIT 1   [ RunTime:0.0000s ]
SQL: SELECT COUNT(*) AS tp_count FROM `cabin_review` WHERE `shipid` = 14 AND `review_id` = 5 AND `cabinid` = 79 LIMIT 1   [ RunTime:0.0000s ]
SQL: UPDATE `cabin_review` SET `cabinname`='左二',`altitudeheight`='6.021',`dialtitudeheight`='7.011',`bottom_volume`='0.946',`bottom_volume_di`='0.021',`pipe_line`='0.075',`shipid`='14',`userid`='9',`create_time`='1566955516',`review_id`='5',`cabinid`='79' WHERE `shipid` = 14 AND `review_id` = 5 AND `cabinid` = 79 [ RunTime:0.0000s ]
SQL: SELECT `cabinname`,`altitudeheight`,`dialtitudeheight`,`bottom_volume`,`bottom_volume_di`,`pipe_line` FROM `cabin` WHERE `id` = 80 AND `shipid` = 14 LIMIT 1   [ RunTime:0.0000s ]
SQL: SELECT COUNT(*) AS tp_count FROM `cabin` WHERE `cabinname` = '右二' AND `shipid` = 14 LIMIT 1   [ RunTime:0.0000s ]
SQL: SELECT COUNT(*) AS tp_count FROM cabin_review c right join ship_review as s on c.review_id=s.id  WHERE s.status = 1 AND s.shipid = '14' AND c.cabinname = '右二' AND c.cabinid <> '80' LIMIT 1   [ RunTime:0.0010s ]
SQL: SELECT COUNT(*) AS tp_count FROM `cabin_review` WHERE `shipid` = 14 AND `review_id` = 5 AND `cabinid` = 80 LIMIT 1   [ RunTime:0.0000s ]
SQL: UPDATE `cabin_review` SET `cabinname`='右二',`altitudeheight`='6.021',`dialtitudeheight`='7.011',`bottom_volume`='0.946',`bottom_volume_di`='0.021',`pipe_line`='0.075',`shipid`='14',`userid`='9',`create_time`='1566955516',`review_id`='5',`cabinid`='80' WHERE `shipid` = 14 AND `review_id` = 5 AND `cabinid` = 80 [ RunTime:0.0000s ]
INFO: [ app_end ] --START--
INFO: Run Behavior\ShowPageTraceBehavior [ RunTime:0.001000s ]
INFO: [ app_end ] --END-- [ RunTime:0.001000s ]

[ 2019-08-28T09:26:58+08:00 ] 192.168.1.195 /shipplatform2/app.php?c=Cabin&a=editcabin
INFO: [ app_init ] --START--
INFO: Run Behavior\BuildLiteBehavior [ RunTime:0.000000s ]
INFO: [ app_init ] --END-- [ RunTime:0.000000s ]
INFO: [ app_begin ] --START--
INFO: Run Behavior\ReadHtmlCacheBehavior [ RunTime:0.001000s ]
INFO: [ app_begin ] --END-- [ RunTime:0.001000s ]
SQL: SHOW COLUMNS FROM `cabin` [ RunTime:0.0070s ]
SQL: SHOW COLUMNS FROM `user` [ RunTime:0.0080s ]
SQL: SELECT `status`,`imei`,`firmid` FROM `user` WHERE `id` = 9 LIMIT 1   [ RunTime:0.0000s ]
SQL: SHOW COLUMNS FROM `firm` [ RunTime:0.0080s ]
SQL: SELECT `expire_time`,`creditline`,`balance`,`membertype` FROM `firm` WHERE `id` = 21 LIMIT 1   [ RunTime:0.0000s ]
SQL: SHOW COLUMNS FROM `firm` [ RunTime:0.0050s ]
SQL: SELECT `firmtype`,`operation_jur` FROM `firm` WHERE `id` = 21 LIMIT 1   [ RunTime:0.0000s ]
SQL: SHOW COLUMNS FROM `ship` [ RunTime:0.0050s ]
SQL: SELECT `suanfa`,`review` FROM `ship` WHERE `id` = 14 LIMIT 1   [ RunTime:0.0010s ]
SQL: SHOW COLUMNS FROM `result` [ RunTime:0.0070s ]
SQL: SELECT COUNT(*) AS tp_count FROM `result` WHERE `shipid` = 14 LIMIT 1   [ RunTime:0.0010s ]
SQL: SHOW COLUMNS FROM `ship_review` [ RunTime:0.0050s ]
SQL: SELECT COUNT(*) AS tp_count FROM `ship_review` WHERE `shipid` = 14 AND `status` = 1 LIMIT 1   [ RunTime:0.0010s ]
SQL: SELECT `id` FROM `ship_review` WHERE `shipid` = 14 AND `status` = 1 LIMIT 1   [ RunTime:0.0030s ]
SQL: SELECT `cabinname`,`altitudeheight`,`dialtitudeheight`,`bottom_volume`,`bottom_volume_di`,`pipe_line` FROM `cabin` WHERE `id` = 77 AND `shipid` = 14 LIMIT 1   [ RunTime:0.0000s ]
SQL: SHOW COLUMNS FROM `cabin_review` [ RunTime:0.0050s ]
SQL: SELECT COUNT(*) AS tp_count FROM `cabin` WHERE `cabinname` = '左一' AND `shipid` = 14 LIMIT 1   [ RunTime:0.0010s ]
SQL: SELECT COUNT(*) AS tp_count FROM cabin_review c right join ship_review as s on c.review_id=s.id  WHERE s.status = 1 AND s.shipid = '14' AND c.cabinname = '左一' AND c.cabinid <> '77' LIMIT 1   [ RunTime:0.0000s ]
SQL: SELECT COUNT(*) AS tp_count FROM `cabin_review` WHERE `shipid` = 14 AND `review_id` = 5 AND `cabinid` = 77 LIMIT 1   [ RunTime:0.0000s ]
SQL: UPDATE `cabin_review` SET `cabinname`='左一',`altitudeheight`='6.011',`dialtitudeheight`='7.011',`bottom_volume`='0.946',`bottom_volume_di`='0.021',`pipe_line`='0.075',`shipid`='14',`userid`='9',`create_time`='1566955617',`review_id`='5',`cabinid`='77' WHERE `shipid` = 14 AND `review_id` = 5 AND `cabinid` = 77 [ RunTime:0.0000s ]
SQL: SELECT `cabinname`,`altitudeheight`,`dialtitudeheight`,`bottom_volume`,`bottom_volume_di`,`pipe_line` FROM `cabin` WHERE `id` = 78 AND `shipid` = 14 LIMIT 1   [ RunTime:0.0000s ]
SQL: SELECT COUNT(*) AS tp_count FROM `cabin` WHERE `cabinname` = '右一' AND `shipid` = 14 LIMIT 1   [ RunTime:0.0000s ]
SQL: SELECT COUNT(*) AS tp_count FROM cabin_review c right join ship_review as s on c.review_id=s.id  WHERE s.status = 1 AND s.shipid = '14' AND c.cabinname = '右一' AND c.cabinid <> '78' LIMIT 1   [ RunTime:0.0010s ]
SQL: SELECT COUNT(*) AS tp_count FROM `cabin_review` WHERE `shipid` = 14 AND `review_id` = 5 AND `cabinid` = 78 LIMIT 1   [ RunTime:0.0000s ]
SQL: UPDATE `cabin_review` SET `cabinname`='右一',`altitudeheight`='6.022',`dialtitudeheight`='7.011',`bottom_volume`='0.946',`bottom_volume_di`='0.021',`pipe_line`='0.075',`shipid`='14',`userid`='9',`create_time`='1566955617',`review_id`='5',`cabinid`='78' WHERE `shipid` = 14 AND `review_id` = 5 AND `cabinid` = 78 [ RunTime:0.0000s ]
SQL: SELECT `cabinname`,`altitudeheight`,`dialtitudeheight`,`bottom_volume`,`bottom_volume_di`,`pipe_line` FROM `cabin` WHERE `id` = 79 AND `shipid` = 14 LIMIT 1   [ RunTime:0.0000s ]
SQL: SELECT COUNT(*) AS tp_count FROM `cabin` WHERE `cabinname` = '左二' AND `shipid` = 14 LIMIT 1   [ RunTime:0.0010s ]
SQL: SELECT COUNT(*) AS tp_count FROM cabin_review c right join ship_review as s on c.review_id=s.id  WHERE s.status = 1 AND s.shipid = '14' AND c.cabinname = '左二' AND c.cabinid <> '79' LIMIT 1   [ RunTime:0.0000s ]
SQL: SELECT COUNT(*) AS tp_count FROM `cabin_review` WHERE `shipid` = 14 AND `review_id` = 5 AND `cabinid` = 79 LIMIT 1   [ RunTime:0.0010s ]
SQL: UPDATE `cabin_review` SET `cabinname`='左二',`altitudeheight`='6.021',`dialtitudeheight`='7.011',`bottom_volume`='0.946',`bottom_volume_di`='0.021',`pipe_line`='0.075',`shipid`='14',`userid`='9',`create_time`='1566955617',`review_id`='5',`cabinid`='79' WHERE `shipid` = 14 AND `review_id` = 5 AND `cabinid` = 79 [ RunTime:0.0010s ]
SQL: SELECT `cabinname`,`altitudeheight`,`dialtitudeheight`,`bottom_volume`,`bottom_volume_di`,`pipe_line` FROM `cabin` WHERE `id` = 80 AND `shipid` = 14 LIMIT 1   [ RunTime:0.0010s ]
SQL: SELECT COUNT(*) AS tp_count FROM `cabin` WHERE `cabinname` = '右二' AND `shipid` = 14 LIMIT 1   [ RunTime:0.0000s ]
SQL: SELECT COUNT(*) AS tp_count FROM cabin_review c right join ship_review as s on c.review_id=s.id  WHERE s.status = 1 AND s.shipid = '14' AND c.cabinname = '右二' AND c.cabinid <> '80' LIMIT 1   [ RunTime:0.0000s ]
SQL: SELECT COUNT(*) AS tp_count FROM `cabin_review` WHERE `shipid` = 14 AND `review_id` = 5 AND `cabinid` = 80 LIMIT 1   [ RunTime:0.0000s ]
SQL: UPDATE `cabin_review` SET `cabinname`='右二',`altitudeheight`='6.022',`dialtitudeheight`='7.011',`bottom_volume`='0.946',`bottom_volume_di`='0.021',`pipe_line`='0.075',`shipid`='14',`userid`='9',`create_time`='1566955617',`review_id`='5',`cabinid`='80' WHERE `shipid` = 14 AND `review_id` = 5 AND `cabinid` = 80 [ RunTime:0.0010s ]
INFO: [ app_end ] --START--
INFO: Run Behavior\ShowPageTraceBehavior [ RunTime:0.001000s ]
INFO: [ app_end ] --END-- [ RunTime:0.001000s ]

[ 2019-08-28T10:21:31+08:00 ] 192.168.1.195 /shipplatform2/app.php?c=Cabin&a=editcabin
INFO: [ app_init ] --START--
INFO: Run Behavior\BuildLiteBehavior [ RunTime:0.000000s ]
INFO: [ app_init ] --END-- [ RunTime:0.000000s ]
INFO: [ app_begin ] --START--
INFO: Run Behavior\ReadHtmlCacheBehavior [ RunTime:0.001000s ]
INFO: [ app_begin ] --END-- [ RunTime:0.001000s ]
SQL: SHOW COLUMNS FROM `cabin` [ RunTime:0.0070s ]
SQL: SHOW COLUMNS FROM `user` [ RunTime:0.0060s ]
SQL: SELECT `status`,cbimei as imei,`firmid` FROM `user` WHERE `id` = 9 LIMIT 1   [ RunTime:0.0000s ]
INFO: [ app_end ] --START--
INFO: Run Behavior\ShowPageTraceBehavior [ RunTime:0.001000s ]
INFO: [ app_end ] --END-- [ RunTime:0.001000s ]

[ 2019-08-28T10:21:45+08:00 ] 192.168.1.195 /shipplatform2/app.php?c=Cabin&a=editcabin&miniprogram=cb
INFO: [ app_init ] --START--
INFO: Run Behavior\BuildLiteBehavior [ RunTime:0.000000s ]
INFO: [ app_init ] --END-- [ RunTime:0.000000s ]
INFO: [ app_begin ] --START--
INFO: Run Behavior\ReadHtmlCacheBehavior [ RunTime:0.001000s ]
INFO: [ app_begin ] --END-- [ RunTime:0.001000s ]
SQL: SHOW COLUMNS FROM `cabin` [ RunTime:0.0070s ]
SQL: SHOW COLUMNS FROM `user` [ RunTime:0.0060s ]
SQL: SELECT `status`,cbimei as imei,`firmid` FROM `user` WHERE `id` = 9 LIMIT 1   [ RunTime:0.0010s ]
INFO: [ app_end ] --START--
INFO: Run Behavior\ShowPageTraceBehavior [ RunTime:0.001000s ]
INFO: [ app_end ] --END-- [ RunTime:0.002001s ]

[ 2019-08-28T10:21:54+08:00 ] 192.168.1.195 /shipplatform2/app.php?c=Cabin&a=editcabin
INFO: [ app_init ] --START--
INFO: Run Behavior\BuildLiteBehavior [ RunTime:0.000000s ]
INFO: [ app_init ] --END-- [ RunTime:0.001000s ]
INFO: [ app_begin ] --START--
INFO: Run Behavior\ReadHtmlCacheBehavior [ RunTime:0.001000s ]
INFO: [ app_begin ] --END-- [ RunTime:0.001000s ]
SQL: SHOW COLUMNS FROM `cabin` [ RunTime:0.0060s ]
SQL: SHOW COLUMNS FROM `user` [ RunTime:0.0060s ]
SQL: SELECT `status`,`imei`,`firmid` FROM `user` WHERE `id` = 9 LIMIT 1   [ RunTime:0.0000s ]
SQL: SHOW COLUMNS FROM `firm` [ RunTime:0.0060s ]
SQL: SELECT `expire_time`,`creditline`,`balance`,`membertype` FROM `firm` WHERE `id` = 21 LIMIT 1   [ RunTime:0.0010s ]
SQL: SHOW COLUMNS FROM `firm` [ RunTime:0.0060s ]
SQL: SELECT `firmtype`,`operation_jur` FROM `firm` WHERE `id` = 21 LIMIT 1   [ RunTime:0.0000s ]
SQL: SHOW COLUMNS FROM `ship` [ RunTime:0.0060s ]
SQL: SELECT `suanfa`,`review` FROM `ship` WHERE `id` = 14 LIMIT 1   [ RunTime:0.0010s ]
SQL: SHOW COLUMNS FROM `result` [ RunTime:0.0060s ]
SQL: SELECT COUNT(*) AS tp_count FROM `result` WHERE `shipid` = 14 LIMIT 1   [ RunTime:0.0000s ]
SQL: SHOW COLUMNS FROM `ship_review` [ RunTime:0.0050s ]
SQL: SELECT COUNT(*) AS tp_count FROM `ship_review` WHERE `shipid` = 14 AND `status` = 1 LIMIT 1   [ RunTime:0.0000s ]
SQL: UPDATE `ship_review` SET `shipid`='14',`userid`='9',`create_time`='1566958914',`data_status`='2' WHERE `shipid` = 14 AND `status` = 1 [ RunTime:0.0010s ]
SQL: SELECT `id` FROM `ship_review` WHERE `shipid` = 14 AND `status` = 1 LIMIT 1   [ RunTime:0.0010s ]
SQL: SELECT `cabinname`,`altitudeheight`,`dialtitudeheight`,`bottom_volume`,`bottom_volume_di`,`pipe_line` FROM `cabin` WHERE `id` = 77 AND `shipid` = 14 LIMIT 1   [ RunTime:0.0000s ]
SQL: SHOW COLUMNS FROM `cabin_review` [ RunTime:0.0070s ]
SQL: SELECT COUNT(*) AS tp_count FROM `cabin` WHERE `cabinname` = '左一' AND `shipid` = 14 LIMIT 1   [ RunTime:0.0000s ]
SQL: SELECT COUNT(*) AS tp_count FROM cabin_review c right join ship_review as s on c.review_id=s.id  WHERE s.status = 1 AND s.shipid = '14' AND c.cabinname = '左一' AND c.cabinid <> '77' LIMIT 1   [ RunTime:0.0000s ]
SQL: SELECT COUNT(*) AS tp_count FROM `cabin_review` WHERE `shipid` = 14 AND `review_id` = 5 AND `cabinid` = 77 LIMIT 1   [ RunTime:0.0000s ]
SQL: UPDATE `cabin_review` SET `cabinname`='左一',`altitudeheight`='6.011',`dialtitudeheight`='7.011',`bottom_volume`='0.946',`bottom_volume_di`='0.021',`pipe_line`='0.075',`shipid`='14',`userid`='9',`create_time`='1566958914',`review_id`='5',`cabinid`='77' WHERE `shipid` = 14 AND `review_id` = 5 AND `cabinid` = 77 [ RunTime:0.0000s ]
SQL: SELECT `cabinname`,`altitudeheight`,`dialtitudeheight`,`bottom_volume`,`bottom_volume_di`,`pipe_line` FROM `cabin` WHERE `id` = 78 AND `shipid` = 14 LIMIT 1   [ RunTime:0.0000s ]
SQL: SELECT COUNT(*) AS tp_count FROM `cabin` WHERE `cabinname` = '右一' AND `shipid` = 14 LIMIT 1   [ RunTime:0.0000s ]
SQL: SELECT COUNT(*) AS tp_count FROM cabin_review c right join ship_review as s on c.review_id=s.id  WHERE s.status = 1 AND s.shipid = '14' AND c.cabinname = '右一' AND c.cabinid <> '78' LIMIT 1   [ RunTime:0.0000s ]
SQL: SELECT COUNT(*) AS tp_count FROM `cabin_review` WHERE `shipid` = 14 AND `review_id` = 5 AND `cabinid` = 78 LIMIT 1   [ RunTime:0.0000s ]
SQL: UPDATE `cabin_review` SET `cabinname`='右一',`altitudeheight`='6.022',`dialtitudeheight`='7.011',`bottom_volume`='0.946',`bottom_volume_di`='0.021',`pipe_line`='0.075',`shipid`='14',`userid`='9',`create_time`='1566958914',`review_id`='5',`cabinid`='78' WHERE `shipid` = 14 AND `review_id` = 5 AND `cabinid` = 78 [ RunTime:0.0000s ]
SQL: SELECT `cabinname`,`altitudeheight`,`dialtitudeheight`,`bottom_volume`,`bottom_volume_di`,`pipe_line` FROM `cabin` WHERE `id` = 79 AND `shipid` = 14 LIMIT 1   [ RunTime:0.0000s ]
SQL: SELECT COUNT(*) AS tp_count FROM `cabin` WHERE `cabinname` = '左二' AND `shipid` = 14 LIMIT 1   [ RunTime:0.0000s ]
SQL: SELECT COUNT(*) AS tp_count FROM cabin_review c right join ship_review as s on c.review_id=s.id  WHERE s.status = 1 AND s.shipid = '14' AND c.cabinname = '左二' AND c.cabinid <> '79' LIMIT 1   [ RunTime:0.0000s ]
SQL: SELECT COUNT(*) AS tp_count FROM `cabin_review` WHERE `shipid` = 14 AND `review_id` = 5 AND `cabinid` = 79 LIMIT 1   [ RunTime:0.0010s ]
SQL: UPDATE `cabin_review` SET `cabinname`='左二',`altitudeheight`='6.021',`dialtitudeheight`='7.011',`bottom_volume`='0.946',`bottom_volume_di`='0.021',`pipe_line`='0.075',`shipid`='14',`userid`='9',`create_time`='1566958914',`review_id`='5',`cabinid`='79' WHERE `shipid` = 14 AND `review_id` = 5 AND `cabinid` = 79 [ RunTime:0.0000s ]
SQL: SELECT `cabinname`,`altitudeheight`,`dialtitudeheight`,`bottom_volume`,`bottom_volume_di`,`pipe_line` FROM `cabin` WHERE `id` = 80 AND `shipid` = 14 LIMIT 1   [ RunTime:0.0000s ]
SQL: SELECT COUNT(*) AS tp_count FROM `cabin` WHERE `cabinname` = '右二' AND `shipid` = 14 LIMIT 1   [ RunTime:0.0000s ]
SQL: SELECT COUNT(*) AS tp_count FROM cabin_review c right join ship_review as s on c.review_id=s.id  WHERE s.status = 1 AND s.shipid = '14' AND c.cabinname = '右二' AND c.cabinid <> '80' LIMIT 1   [ RunTime:0.0010s ]
SQL: SELECT COUNT(*) AS tp_count FROM `cabin_review` WHERE `shipid` = 14 AND `review_id` = 5 AND `cabinid` = 80 LIMIT 1   [ RunTime:0.0000s ]
SQL: UPDATE `cabin_review` SET `cabinname`='右二',`altitudeheight`='6.022',`dialtitudeheight`='7.011',`bottom_volume`='0.946',`bottom_volume_di`='0.021',`pipe_line`='0.075',`shipid`='14',`userid`='9',`create_time`='1566958914',`review_id`='5',`cabinid`='80' WHERE `shipid` = 14 AND `review_id` = 5 AND `cabinid` = 80 [ RunTime:0.0000s ]
INFO: [ app_end ] --START--
INFO: Run Behavior\ShowPageTraceBehavior [ RunTime:0.001000s ]
INFO: [ app_end ] --END-- [ RunTime:0.002000s ]

[ 2019-08-28T12:07:03+08:00 ] 192.168.1.195 /shipplatform2/app.php?c=Cabin&a=editcabin
INFO: [ app_init ] --START--
INFO: Run Behavior\BuildLiteBehavior [ RunTime:0.000000s ]
INFO: [ app_init ] --END-- [ RunTime:0.000000s ]
INFO: [ app_begin ] --START--
INFO: Run Behavior\ReadHtmlCacheBehavior [ RunTime:0.001000s ]
INFO: [ app_begin ] --END-- [ RunTime:0.001000s ]
SQL: SHOW COLUMNS FROM `cabin` [ RunTime:0.0060s ]
SQL: SHOW COLUMNS FROM `user` [ RunTime:0.0310s ]
SQL: SELECT `status`,`imei`,`firmid` FROM `user` WHERE `id` = 9 LIMIT 1   [ RunTime:0.0000s ]
SQL: SHOW COLUMNS FROM `firm` [ RunTime:0.0060s ]
SQL: SELECT `expire_time`,`creditline`,`balance`,`membertype` FROM `firm` WHERE `id` = 21 LIMIT 1   [ RunTime:0.0010s ]
SQL: SHOW COLUMNS FROM `firm` [ RunTime:0.0080s ]
SQL: SELECT `firmtype`,`operation_jur` FROM `firm` WHERE `id` = 21 LIMIT 1   [ RunTime:0.0000s ]
SQL: SHOW COLUMNS FROM `ship` [ RunTime:0.0070s ]
SQL: SELECT `suanfa`,`review` FROM `ship` WHERE `id` = 14 LIMIT 1   [ RunTime:0.0010s ]
SQL: SHOW COLUMNS FROM `result` [ RunTime:0.0070s ]
SQL: SELECT COUNT(*) AS tp_count FROM `result` WHERE `shipid` = 14 LIMIT 1   [ RunTime:0.0010s ]
SQL: SHOW COLUMNS FROM `ship_review` [ RunTime:0.0070s ]
SQL: SELECT COUNT(*) AS tp_count FROM `ship_review` WHERE `shipid` = 14 AND `status` = 1 LIMIT 1   [ RunTime:0.0000s ]
SQL: UPDATE `ship_review` SET `shipid`='14',`userid`='9',`create_time`='1566965223',`data_status`='2' WHERE `shipid` = 14 AND `status` = 1 [ RunTime:0.0000s ]
SQL: SELECT `id` FROM `ship_review` WHERE `shipid` = 14 AND `status` = 1 LIMIT 1   [ RunTime:0.0000s ]
SQL: SELECT `cabinname`,`altitudeheight`,`dialtitudeheight`,`bottom_volume`,`bottom_volume_di`,`pipe_line` FROM `cabin` WHERE `id` = 77 AND `shipid` = 14 LIMIT 1   [ RunTime:0.0010s ]
SQL: SHOW COLUMNS FROM `cabin_review` [ RunTime:0.0070s ]
SQL: SELECT COUNT(*) AS tp_count FROM `cabin` WHERE `cabinname` = '左一' AND `shipid` = 14 LIMIT 1   [ RunTime:0.0000s ]
SQL: SELECT COUNT(*) AS tp_count FROM cabin_review c right join ship_review as s on c.review_id=s.id  WHERE s.status = 1 AND s.shipid = '14' AND c.cabinname = '左一' AND c.cabinid <> '77' LIMIT 1   [ RunTime:0.0060s ]
SQL: SELECT COUNT(*) AS tp_count FROM `cabin_review` WHERE `shipid` = 14 AND `review_id` = 5 AND `cabinid` = 77 LIMIT 1   [ RunTime:0.0010s ]
SQL: UPDATE `cabin_review` SET `cabinname`='左一',`altitudeheight`='6.011',`dialtitudeheight`='7.011',`bottom_volume`='0.946',`bottom_volume_di`='0.021',`pipe_line`='0.075',`shipid`='14',`userid`='9',`create_time`='1566965223',`review_id`='5',`cabinid`='77' WHERE `shipid` = 14 AND `review_id` = 5 AND `cabinid` = 77 [ RunTime:0.0010s ]
SQL: SELECT `cabinname`,`altitudeheight`,`dialtitudeheight`,`bottom_volume`,`bottom_volume_di`,`pipe_line` FROM `cabin` WHERE `id` = 78 AND `shipid` = 14 LIMIT 1   [ RunTime:0.0000s ]
SQL: SELECT COUNT(*) AS tp_count FROM `cabin` WHERE `cabinname` = '右一' AND `shipid` = 14 LIMIT 1   [ RunTime:0.0000s ]
SQL: SELECT COUNT(*) AS tp_count FROM cabin_review c right join ship_review as s on c.review_id=s.id  WHERE s.status = 1 AND s.shipid = '14' AND c.cabinname = '右一' AND c.cabinid <> '78' LIMIT 1   [ RunTime:0.0010s ]
SQL: SELECT COUNT(*) AS tp_count FROM `cabin_review` WHERE `shipid` = 14 AND `review_id` = 5 AND `cabinid` = 78 LIMIT 1   [ RunTime:0.0000s ]
SQL: UPDATE `cabin_review` SET `cabinname`='右一',`altitudeheight`='6.022',`dialtitudeheight`='7.011',`bottom_volume`='0.946',`bottom_volume_di`='0.021',`pipe_line`='0.075',`shipid`='14',`userid`='9',`create_time`='1566965223',`review_id`='5',`cabinid`='78' WHERE `shipid` = 14 AND `review_id` = 5 AND `cabinid` = 78 [ RunTime:0.0010s ]
SQL: SELECT `cabinname`,`altitudeheight`,`dialtitudeheight`,`bottom_volume`,`bottom_volume_di`,`pipe_line` FROM `cabin` WHERE `id` = 79 AND `shipid` = 14 LIMIT 1   [ RunTime:0.0000s ]
SQL: SELECT COUNT(*) AS tp_count FROM `cabin` WHERE `cabinname` = '左二' AND `shipid` = 14 LIMIT 1   [ RunTime:0.0010s ]
SQL: SELECT COUNT(*) AS tp_count FROM cabin_review c right join ship_review as s on c.review_id=s.id  WHERE s.status = 1 AND s.shipid = '14' AND c.cabinname = '左二' AND c.cabinid <> '79' LIMIT 1   [ RunTime:0.0000s ]
SQL: SELECT COUNT(*) AS tp_count FROM `cabin_review` WHERE `shipid` = 14 AND `review_id` = 5 AND `cabinid` = 79 LIMIT 1   [ RunTime:0.0010s ]
SQL: UPDATE `cabin_review` SET `cabinname`='左二',`altitudeheight`='6.021',`dialtitudeheight`='7.011',`bottom_volume`='0.946',`bottom_volume_di`='0.021',`pipe_line`='0.075',`shipid`='14',`userid`='9',`create_time`='1566965223',`review_id`='5',`cabinid`='79' WHERE `shipid` = 14 AND `review_id` = 5 AND `cabinid` = 79 [ RunTime:0.0000s ]
SQL: SELECT `cabinname`,`altitudeheight`,`dialtitudeheight`,`bottom_volume`,`bottom_volume_di`,`pipe_line` FROM `cabin` WHERE `id` = 80 AND `shipid` = 14 LIMIT 1   [ RunTime:0.0000s ]
SQL: SELECT COUNT(*) AS tp_count FROM `cabin` WHERE `cabinname` = '右二' AND `shipid` = 14 LIMIT 1   [ RunTime:0.0010s ]
SQL: SELECT COUNT(*) AS tp_count FROM cabin_review c right join ship_review as s on c.review_id=s.id  WHERE s.status = 1 AND s.shipid = '14' AND c.cabinname = '右二' AND c.cabinid <> '80' LIMIT 1   [ RunTime:0.0000s ]
SQL: SELECT COUNT(*) AS tp_count FROM `cabin_review` WHERE `shipid` = 14 AND `review_id` = 5 AND `cabinid` = 80 LIMIT 1   [ RunTime:0.0000s ]
SQL: UPDATE `cabin_review` SET `cabinname`='右二',`altitudeheight`='6.022',`dialtitudeheight`='7.011',`bottom_volume`='0.946',`bottom_volume_di`='0.021',`pipe_line`='0.075',`shipid`='14',`userid`='9',`create_time`='1566965223',`review_id`='5',`cabinid`='80' WHERE `shipid` = 14 AND `review_id` = 5 AND `cabinid` = 80 [ RunTime:0.0010s ]
INFO: [ app_end ] --START--
INFO: Run Behavior\ShowPageTraceBehavior [ RunTime:0.002000s ]
INFO: [ app_end ] --END-- [ RunTime:0.002000s ]

[ 2019-08-28T13:35:06+08:00 ] 192.168.1.195 /shipplatform2/app.php?c=Cabin&a=editcabin
INFO: [ app_init ] --START--
INFO: Run Behavior\BuildLiteBehavior [ RunTime:0.000000s ]
INFO: [ app_init ] --END-- [ RunTime:0.001000s ]
INFO: [ app_begin ] --START--
INFO: Run Behavior\ReadHtmlCacheBehavior [ RunTime:0.001000s ]
INFO: [ app_begin ] --END-- [ RunTime:0.001000s ]
SQL: SHOW COLUMNS FROM `cabin` [ RunTime:0.0060s ]
SQL: SHOW COLUMNS FROM `user` [ RunTime:0.0060s ]
SQL: SELECT `status`,`imei`,`firmid` FROM `user` WHERE `id` = 9 LIMIT 1   [ RunTime:0.0000s ]
SQL: SHOW COLUMNS FROM `firm` [ RunTime:0.0060s ]
SQL: SELECT `expire_time`,`creditline`,`balance`,`membertype` FROM `firm` WHERE `id` = 21 LIMIT 1   [ RunTime:0.0000s ]
SQL: SHOW COLUMNS FROM `firm` [ RunTime:0.0050s ]
SQL: SELECT `firmtype`,`operation_jur` FROM `firm` WHERE `id` = 21 LIMIT 1   [ RunTime:0.0000s ]
SQL: SHOW COLUMNS FROM `ship` [ RunTime:0.0060s ]
SQL: SELECT `suanfa`,`review` FROM `ship` WHERE `id` = 14 LIMIT 1   [ RunTime:0.0010s ]
SQL: SHOW COLUMNS FROM `result` [ RunTime:0.0060s ]
SQL: SELECT COUNT(*) AS tp_count FROM `result` WHERE `shipid` = 14 LIMIT 1   [ RunTime:0.0010s ]
SQL: SHOW COLUMNS FROM `ship_review` [ RunTime:0.0070s ]
SQL: SELECT COUNT(*) AS tp_count FROM `ship_review` WHERE `shipid` = 14 AND `status` = 1 LIMIT 1   [ RunTime:0.0000s ]
SQL: INSERT INTO `ship_review` (`shipid`,`userid`,`create_time`,`data_status`) VALUES ('14','9','1566970506','3') [ RunTime:0.0000s ]
SQL: SELECT `cabinname`,`altitudeheight`,`dialtitudeheight`,`bottom_volume`,`bottom_volume_di`,`pipe_line` FROM `cabin` WHERE `id` = 77 AND `shipid` = 14 LIMIT 1   [ RunTime:0.0010s ]
SQL: SHOW COLUMNS FROM `cabin_review` [ RunTime:0.0050s ]
SQL: SELECT COUNT(*) AS tp_count FROM `cabin` WHERE `cabinname` = '左一' AND `shipid` = 14 LIMIT 1   [ RunTime:0.0000s ]
SQL: SELECT COUNT(*) AS tp_count FROM cabin_review c right join ship_review as s on c.review_id=s.id  WHERE s.status = 1 AND s.shipid = '14' AND c.cabinname = '左一' AND c.cabinid <> '77' LIMIT 1   [ RunTime:0.0000s ]
SQL: SELECT COUNT(*) AS tp_count FROM `cabin_review` WHERE `shipid` = 14 AND `review_id` = 6 AND `cabinid` = 77 LIMIT 1   [ RunTime:0.0010s ]
SQL: INSERT INTO `cabin_review` (`cabinname`,`altitudeheight`,`dialtitudeheight`,`bottom_volume`,`bottom_volume_di`,`pipe_line`,`shipid`,`userid`,`create_time`,`review_id`,`cabinid`) VALUES ('左一','6.011','7.011','0.946','0.021','0.075','14','9','1566970506','6','77') [ RunTime:0.0010s ]
SQL: SELECT `cabinname`,`altitudeheight`,`dialtitudeheight`,`bottom_volume`,`bottom_volume_di`,`pipe_line` FROM `cabin` WHERE `id` = 78 AND `shipid` = 14 LIMIT 1   [ RunTime:0.0000s ]
SQL: SELECT COUNT(*) AS tp_count FROM `cabin` WHERE `cabinname` = '右一' AND `shipid` = 14 LIMIT 1   [ RunTime:0.0000s ]
SQL: SELECT COUNT(*) AS tp_count FROM cabin_review c right join ship_review as s on c.review_id=s.id  WHERE s.status = 1 AND s.shipid = '14' AND c.cabinname = '右一' AND c.cabinid <> '78' LIMIT 1   [ RunTime:0.0000s ]
SQL: SELECT COUNT(*) AS tp_count FROM `cabin_review` WHERE `shipid` = 14 AND `review_id` = 6 AND `cabinid` = 78 LIMIT 1   [ RunTime:0.0010s ]
SQL: INSERT INTO `cabin_review` (`cabinname`,`altitudeheight`,`dialtitudeheight`,`bottom_volume`,`bottom_volume_di`,`pipe_line`,`shipid`,`userid`,`create_time`,`review_id`,`cabinid`) VALUES ('右一','6.022','7.011','0.946','0.021','0.075','14','9','1566970506','6','78') [ RunTime:0.0010s ]
SQL: SELECT `cabinname`,`altitudeheight`,`dialtitudeheight`,`bottom_volume`,`bottom_volume_di`,`pipe_line` FROM `cabin` WHERE `id` = 79 AND `shipid` = 14 LIMIT 1   [ RunTime:0.0000s ]
SQL: SELECT COUNT(*) AS tp_count FROM `cabin` WHERE `cabinname` = '左二' AND `shipid` = 14 LIMIT 1   [ RunTime:0.0000s ]
SQL: SELECT COUNT(*) AS tp_count FROM cabin_review c right join ship_review as s on c.review_id=s.id  WHERE s.status = 1 AND s.shipid = '14' AND c.cabinname = '左二' AND c.cabinid <> '79' LIMIT 1   [ RunTime:0.0000s ]
SQL: SELECT COUNT(*) AS tp_count FROM `cabin_review` WHERE `shipid` = 14 AND `review_id` = 6 AND `cabinid` = 79 LIMIT 1   [ RunTime:0.0010s ]
SQL: INSERT INTO `cabin_review` (`cabinname`,`altitudeheight`,`dialtitudeheight`,`bottom_volume`,`bottom_volume_di`,`pipe_line`,`shipid`,`userid`,`create_time`,`review_id`,`cabinid`) VALUES ('左二','6.021','7.011','0.946','0.021','0.075','14','9','1566970506','6','79') [ RunTime:0.0010s ]
SQL: SELECT `cabinname`,`altitudeheight`,`dialtitudeheight`,`bottom_volume`,`bottom_volume_di`,`pipe_line` FROM `cabin` WHERE `id` = 80 AND `shipid` = 14 LIMIT 1   [ RunTime:0.0000s ]
SQL: SELECT COUNT(*) AS tp_count FROM `cabin` WHERE `cabinname` = '右二' AND `shipid` = 14 LIMIT 1   [ RunTime:0.0000s ]
SQL: SELECT COUNT(*) AS tp_count FROM cabin_review c right join ship_review as s on c.review_id=s.id  WHERE s.status = 1 AND s.shipid = '14' AND c.cabinname = '右二' AND c.cabinid <> '80' LIMIT 1   [ RunTime:0.0000s ]
SQL: SELECT COUNT(*) AS tp_count FROM `cabin_review` WHERE `shipid` = 14 AND `review_id` = 6 AND `cabinid` = 80 LIMIT 1   [ RunTime:0.0000s ]
SQL: INSERT INTO `cabin_review` (`cabinname`,`altitudeheight`,`dialtitudeheight`,`bottom_volume`,`bottom_volume_di`,`pipe_line`,`shipid`,`userid`,`create_time`,`review_id`,`cabinid`) VALUES ('右二','6.022','7.011','0.946','0.021','0.075','14','9','1566970506','6','80') [ RunTime:0.0000s ]
INFO: [ app_end ] --START--
INFO: Run Behavior\ShowPageTraceBehavior [ RunTime:0.001000s ]
INFO: [ app_end ] --END-- [ RunTime:0.001000s ]

[ 2019-08-28T13:35:45+08:00 ] 192.168.1.195 /shipplatform2/app.php?c=Ship&a=editship
INFO: [ app_init ] --START--
INFO: Run Behavior\BuildLiteBehavior [ RunTime:0.000000s ]
INFO: [ app_init ] --END-- [ RunTime:0.001000s ]
INFO: [ app_begin ] --START--
INFO: Run Behavior\ReadHtmlCacheBehavior [ RunTime:0.000000s ]
INFO: [ app_begin ] --END-- [ RunTime:0.000000s ]
SQL: SHOW COLUMNS FROM `ship` [ RunTime:0.0060s ]
SQL: SHOW COLUMNS FROM `user` [ RunTime:0.0060s ]
SQL: SELECT `status`,`imei`,`firmid` FROM `user` WHERE `id` = 9 LIMIT 1   [ RunTime:0.0000s ]
SQL: SHOW COLUMNS FROM `firm` [ RunTime:0.0050s ]
SQL: SELECT `expire_time`,`creditline`,`balance`,`membertype` FROM `firm` WHERE `id` = 21 LIMIT 1   [ RunTime:0.0000s ]
SQL: SELECT COUNT(*) AS tp_count FROM `ship` WHERE `id` = 14 LIMIT 1   [ RunTime:0.0010s ]
NOTIC: [8] Undefined index: firmid D:\phpStudy\PHPTutorial\WWW\shipplatform2\ThinkPHP\Library\Think\Model.class.php 第 1219 行.
SQL: SHOW COLUMNS FROM `result` [ RunTime:0.0060s ]
SQL: SELECT COUNT(*) AS tp_count FROM `result` WHERE `shipid` = 14 LIMIT 1   [ RunTime:0.0010s ]
SQL: SELECT `shipname`,`cabinnum`,`coefficient`,`is_guanxian`,`is_diliang`,`suanfa`,`expire_time`,`review` FROM `ship` WHERE `id` = 14 LIMIT 1   [ RunTime:0.0000s ]
SQL: SHOW COLUMNS FROM `ship_review` [ RunTime:0.0050s ]
SQL: SELECT COUNT(*) AS tp_count FROM `ship` WHERE `shipname` = '携众001-001' LIMIT 1   [ RunTime:0.0000s ]
SQL: SELECT COUNT(*) AS tp_count FROM `ship_review` WHERE `shipname` = '携众001-001' AND `shipid` <> '14' AND `status` = 1 LIMIT 1   [ RunTime:0.0000s ]
NOTIC: [8] Undefined index: cabinnum D:\phpStudy\PHPTutorial\WWW\shipplatform2\Ship\App\Controller\ShipController.class.php 第 260 行.
SQL: SELECT COUNT(*) AS tp_count FROM `ship_review` WHERE `shipid` = 14 AND `status` = 1 LIMIT 1   [ RunTime:0.0000s ]
SQL: UPDATE `ship_review` SET `shipname`='携众001-001',`cabinnum`=NULL,`coefficient`=NULL,`is_guanxian`='1',`is_diliang`='2',`suanfa`='b',`expire_time`='1593360000',`shipid`='14',`userid`='9',`create_time`='1566970545' WHERE `shipid` = 14 AND `status` = 1 [ RunTime:0.0000s ]
SQL: SELECT `id`,`data_status` FROM `ship_review` WHERE `shipid` = 14 AND `status` = 1 LIMIT 1   [ RunTime:0.0000s ]
SQL: UPDATE `ship_review` SET `data_status`='2' WHERE `shipid` = 14 AND `status` = 1 [ RunTime:0.0010s ]
INFO: [ app_end ] --START--
INFO: Run Behavior\ShowPageTraceBehavior [ RunTime:0.001000s ]
INFO: [ app_end ] --END-- [ RunTime:0.002000s ]

