[ 2019-07-18T08:42:55+08:00 ] 192.168.1.195 /shipplatform2/app.php?c=ShResult&a=bookdata
INFO: [ app_init ] --START--
INFO: Run Behavior\BuildLiteBehavior [ RunTime:0.000000s ]
INFO: [ app_init ] --END-- [ RunTime:0.001000s ]
INFO: [ app_begin ] --START--
INFO: Run Behavior\ReadHtmlCacheBehavior [ RunTime:0.001000s ]
INFO: [ app_begin ] --END-- [ RunTime:0.001000s ]
SQL: SHOW COLUMNS FROM `sh_result` [ RunTime:0.0920s ]
SQL: SHOW COLUMNS FROM `user` [ RunTime:0.0230s ]
SQL: SELECT `status`,`imei`,`firmid` FROM `user` WHERE `id` = 9 LIMIT 1   [ RunTime:0.0000s ]
SQL: SHOW COLUMNS FROM `firm` [ RunTime:0.0340s ]
SQL: SELECT `expire_time`,`creditline`,`balance`,`membertype` FROM `firm` WHERE `id` = 21 LIMIT 1   [ RunTime:0.0000s ]
SQL: SELECT r.qian_tc as tc,r.qian_d_m as d_m,r.qian_pwd as pwd,r.qian_constant as constant,s.lbp FROM sh_result r left join sh_ship s on s.id=r.shipid  WHERE r.id = '1' LIMIT 1   [ RunTime:0.0150s ]
SQL: SHOW COLUMNS FROM `sh_resultrecord` [ RunTime:0.0190s ]
SQL: SELECT COUNT(*) AS tp_count FROM `sh_resultrecord` WHERE `resultid` = 1 AND `solt` = 1 LIMIT 1   [ RunTime:0.0000s ]
SQL: UPDATE `sh_resultrecord` SET `resultid`='1',`shipid`='4',`solt`='1',`d_up`='2.774',`d_down`='2.764',`tpc_up`='24.576',`tpc_down`='24.1',`ds_up`='6364.4',`ds_down`='6339.824',`xf_up`='-0.792',`xf_down`='-0.791',`mtc_up`='22.1',`mtc_down`='21',`ptwd`='1.025',`tpc`='24.2666',`ds`='6348.4256',`xf`='-0.79135',`dmdz`='1.1',`dc1`='0.2771',`dc2`='0.00016',`dc`='0.27726',`dsc`='6348.70286',`dpc`='-173.42798',`process`='Received+table%3A%0D%0A%09Dup%3D2.774%2C+TPCup%3D24.576%2CDSup%3D6364.4%2CXfup%3D-0.792%0D%0A%09Ddown%3D2.764%2C+TPCdown%3D24.1%2CDSdown%3D6339.824%2CXfdown%3D-0.791%0D%0A%09MTCup%3D22.1%2CMTCdown%3D21%0D%0A---------------------------------------%0D%0A+pt%3D1.025%0D%0A+Dup%3C++D_M++%3EDdown%3A+then+%0D%0ATPC%3Dround%28%28%24Cbig+-+%28%24Csmall%29%29%2C+3%29+%2F+%28%24Xbig+-+%28%24Xsmall%29%29+%2A+%28%24X+-+%28%24Xsmall%29%29+%2B+%24Csmall+%3D24.2666%5Cr%5CnDS%3Dround%28%28%24Cbig+-+%28%24Csmall%29%29%2C+3%29+%2F+%28%24Xbig+-+%28%24Xsmall%29%29+%2A+%28%24X+-+%28%24Xsmall%29%29+%2B+%24Csmall+%3D6348.4256%5Cr%5CnXf%3Dround%28%28%24Cbig+-+%28%24Csmall%29%29%2C+3%29+%2F+%28%24Xbig+-+%28%24Xsmall%29%29+%2A+%28%24X+-+%28%24Xsmall%29%29+%2B+%24Csmall+%3D-0.79135%5Cr%5Cndmdz+%3D+22.1+-+21+%3D+1.1Dc1+%3D+100+%2A+TC+%2A+Xf+%2A+TPC+%2F+LBP+%3D+100+%2A+-0.02000+%2A+-0.79135+%2A+24.2666+%2F+138.6000+%3D+0.2771Dc2+%3D+50+%2A+dmdz+%2A+pow%28TC%2C+2%29+%2F+LBP+%3D+50+%2A+1.1+%2A+pow%28-0.02000%2C+2%29+%2F+138.6000+%3D+0.00016Dc+%3D+0.2771+%2B+0.00016+%3D+0.27726Dsc+%3D+6348.4256+%2B+0.27726+%3D+6348.70286Dpc+%3D++Dsc+%2A+%28p+-+pt%29+%2F+pt+%3D+6348.70286+%2A+%280.99700+-+1.025%29+%2F+1.025+%3D+-173.42798Dspc+%3D+6348.70286+%2B+-173.42798+%3D+6175.27488' WHERE `resultid` = 1 AND `solt` = 1 [ RunTime:0.0000s ]
SQL: UPDATE `sh_result` SET `qian_dspc`='6175.27488' WHERE `id` = 1 [ RunTime:0.0000s ]
INFO: [ app_end ] --START--
INFO: Run Behavior\ShowPageTraceBehavior [ RunTime:0.001000s ]
INFO: [ app_end ] --END-- [ RunTime:0.002000s ]

[ 2019-07-18T08:43:42+08:00 ] 192.168.1.195 /shipplatform2/app.php?c=ShResult&a=bookdata
INFO: [ app_init ] --START--
INFO: Run Behavior\BuildLiteBehavior [ RunTime:0.001000s ]
INFO: [ app_init ] --END-- [ RunTime:0.001000s ]
INFO: [ app_begin ] --START--
INFO: Run Behavior\ReadHtmlCacheBehavior [ RunTime:0.000000s ]
INFO: [ app_begin ] --END-- [ RunTime:0.001000s ]
SQL: SHOW COLUMNS FROM `sh_result` [ RunTime:0.0050s ]
SQL: SHOW COLUMNS FROM `user` [ RunTime:0.0050s ]
SQL: SELECT `status`,`imei`,`firmid` FROM `user` WHERE `id` = 9 LIMIT 1   [ RunTime:0.0010s ]
SQL: SHOW COLUMNS FROM `firm` [ RunTime:0.0060s ]
SQL: SELECT `expire_time`,`creditline`,`balance`,`membertype` FROM `firm` WHERE `id` = 21 LIMIT 1   [ RunTime:0.0020s ]
SQL: SELECT r.qian_tc as tc,r.qian_d_m as d_m,r.qian_pwd as pwd,r.qian_constant as constant,s.lbp FROM sh_result r left join sh_ship s on s.id=r.shipid  WHERE r.id = '1' LIMIT 1   [ RunTime:0.0030s ]
SQL: SHOW COLUMNS FROM `sh_resultrecord` [ RunTime:0.0050s ]
SQL: SELECT COUNT(*) AS tp_count FROM `sh_resultrecord` WHERE `resultid` = 1 AND `solt` = 1 LIMIT 1   [ RunTime:0.0000s ]
SQL: UPDATE `sh_resultrecord` SET `resultid`='1',`shipid`='4',`solt`='1',`d_up`='2.774',`d_down`='2.764',`tpc_up`='24.576',`tpc_down`='24.1',`ds_up`='6364.4',`ds_down`='6339.824',`xf_up`='-0.792',`xf_down`='-0.791',`mtc_up`='22.1',`mtc_down`='21',`ptwd`='1.025',`tpc`='24.2666',`ds`='6348.4256',`xf`='-0.79135',`dmdz`='1.1',`dc1`='0.2771',`dc2`='0.00016',`dc`='0.27726',`dsc`='6348.70286',`dpc`='-173.42798',`process`='Received+table%3A%0D%0A%09Dup%3D2.774%2C+TPCup%3D24.576%2CDSup%3D6364.4%2CXfup%3D-0.792%0D%0A%09Ddown%3D2.764%2C+TPCdown%3D24.1%2CDSdown%3D6339.824%2CXfdown%3D-0.791%0D%0A%09MTCup%3D22.1%2CMTCdown%3D21%0D%0A---------------------------------------%0D%0A+pt%3D1.025%0D%0A+Dup%3C++D_M++%3EDdown%3A+then+%0D%0ATPC%3Dround%28%28%24Cbig+-+%28%24Csmall%29%29%2C+3%29+%2F+%28%24Xbig+-+%28%24Xsmall%29%29+%2A+%28%24X+-+%28%24Xsmall%29%29+%2B+%24Csmall+%3D24.2666%5Cr%5CnDS%3Dround%28%28%24Cbig+-+%28%24Csmall%29%29%2C+3%29+%2F+%28%24Xbig+-+%28%24Xsmall%29%29+%2A+%28%24X+-+%28%24Xsmall%29%29+%2B+%24Csmall+%3D6348.4256%5Cr%5CnXf%3Dround%28%28%24Cbig+-+%28%24Csmall%29%29%2C+3%29+%2F+%28%24Xbig+-+%28%24Xsmall%29%29+%2A+%28%24X+-+%28%24Xsmall%29%29+%2B+%24Csmall+%3D-0.79135%5Cr%5Cndmdz+%3D+22.1+-+21+%3D+1.1Dc1+%3D+100+%2A+TC+%2A+Xf+%2A+TPC+%2F+LBP+%3D+100+%2A+-0.02000+%2A+-0.79135+%2A+24.2666+%2F+138.6000+%3D+0.2771Dc2+%3D+50+%2A+dmdz+%2A+pow%28TC%2C+2%29+%2F+LBP+%3D+50+%2A+1.1+%2A+pow%28-0.02000%2C+2%29+%2F+138.6000+%3D+0.00016Dc+%3D+0.2771+%2B+0.00016+%3D+0.27726Dsc+%3D+6348.4256+%2B+0.27726+%3D+6348.70286Dpc+%3D++Dsc+%2A+%28p+-+pt%29+%2F+pt+%3D+6348.70286+%2A+%280.99700+-+1.025%29+%2F+1.025+%3D+-173.42798Dspc+%3D+6348.70286+%2B+-173.42798+%3D+6175.27488' WHERE `resultid` = 1 AND `solt` = 1 [ RunTime:0.0010s ]
SQL: UPDATE `sh_result` SET `qian_dspc`='6175.27488' WHERE `id` = 1 [ RunTime:0.0010s ]
INFO: [ app_end ] --START--
INFO: Run Behavior\ShowPageTraceBehavior [ RunTime:0.001000s ]
INFO: [ app_end ] --END-- [ RunTime:0.001000s ]

[ 2019-07-18T08:46:49+08:00 ] 192.168.1.195 /shipplatform2/app.php?c=ShResult&a=bookdata
INFO: [ app_init ] --START--
INFO: Run Behavior\BuildLiteBehavior [ RunTime:0.000000s ]
INFO: [ app_init ] --END-- [ RunTime:0.001000s ]
INFO: [ app_begin ] --START--
INFO: Run Behavior\ReadHtmlCacheBehavior [ RunTime:0.001000s ]
INFO: [ app_begin ] --END-- [ RunTime:0.002000s ]
SQL: SHOW COLUMNS FROM `sh_result` [ RunTime:0.0060s ]
SQL: SHOW COLUMNS FROM `user` [ RunTime:0.0060s ]
SQL: SELECT `status`,`imei`,`firmid` FROM `user` WHERE `id` = 9 LIMIT 1   [ RunTime:0.0000s ]
SQL: SHOW COLUMNS FROM `firm` [ RunTime:0.0060s ]
SQL: SELECT `expire_time`,`creditline`,`balance`,`membertype` FROM `firm` WHERE `id` = 21 LIMIT 1   [ RunTime:0.0000s ]
SQL: SELECT r.qian_tc as tc,r.qian_d_m as d_m,r.qian_pwd as pwd,r.qian_constant as constant,s.lbp FROM sh_result r left join sh_ship s on s.id=r.shipid  WHERE r.id = '1' LIMIT 1   [ RunTime:0.0000s ]
SQL: SHOW COLUMNS FROM `sh_resultrecord` [ RunTime:0.0060s ]
SQL: SELECT COUNT(*) AS tp_count FROM `sh_resultrecord` WHERE `resultid` = 1 AND `solt` = 1 LIMIT 1   [ RunTime:0.0010s ]
SQL: UPDATE `sh_resultrecord` SET `resultid`='1',`shipid`='4',`solt`='1',`d_up`='2.774',`d_down`='2.764',`tpc_up`='24.576',`tpc_down`='24.1',`ds_up`='6364.4',`ds_down`='6339.824',`xf_up`='-0.792',`xf_down`='-0.791',`mtc_up`='22.1',`mtc_down`='21',`ptwd`='1.025',`tpc`='24.2666',`ds`='6348.4256',`xf`='-0.79135',`dmdz`='1.1',`dc1`='0.2771',`dc2`='0.00016',`dc`='0.27726',`dsc`='6348.70286',`dpc`='-173.42798',`process`='Received+table%3A%0D%0A%09Dup%3D2.774%2C+TPCup%3D24.576%2CDSup%3D6364.4%2CXfup%3D-0.792%0D%0A%09Ddown%3D2.764%2C+TPCdown%3D24.1%2CDSdown%3D6339.824%2CXfdown%3D-0.791%0D%0A%09MTCup%3D22.1%2CMTCdown%3D21%0D%0A---------------------------------------%0D%0A+pt%3D1.025%0D%0A+Dup%3C++D_M++%3EDdown%3A+then+%0D%0ATPC%3Dround%28%28%24Cbig+-+%28%24Csmall%29%29%2C+3%29+%2F+%28%24Xbig+-+%28%24Xsmall%29%29+%2A+%28%24X+-+%28%24Xsmall%29%29+%2B+%24Csmall+%3D24.2666%5Cr%5CnDS%3Dround%28%28%24Cbig+-+%28%24Csmall%29%29%2C+3%29+%2F+%28%24Xbig+-+%28%24Xsmall%29%29+%2A+%28%24X+-+%28%24Xsmall%29%29+%2B+%24Csmall+%3D6348.4256%5Cr%5CnXf%3Dround%28%28%24Cbig+-+%28%24Csmall%29%29%2C+3%29+%2F+%28%24Xbig+-+%28%24Xsmall%29%29+%2A+%28%24X+-+%28%24Xsmall%29%29+%2B+%24Csmall+%3D-0.79135%5Cr%5Cndmdz+%3D+22.1+-+21+%3D+1.1Dc1+%3D+100+%2A+TC+%2A+Xf+%2A+TPC+%2F+LBP+%3D+100+%2A+-0.02000+%2A+-0.79135+%2A+24.2666+%2F+138.6000+%3D+0.2771Dc2+%3D+50+%2A+dmdz+%2A+pow%28TC%2C+2%29+%2F+LBP+%3D+50+%2A+1.1+%2A+pow%28-0.02000%2C+2%29+%2F+138.6000+%3D+0.00016Dc+%3D+0.2771+%2B+0.00016+%3D+0.27726Dsc+%3D+6348.4256+%2B+0.27726+%3D+6348.70286Dpc+%3D++Dsc+%2A+%28p+-+pt%29+%2F+pt+%3D+6348.70286+%2A+%280.99700+-+1.025%29+%2F+1.025+%3D+-173.42798Dspc+%3D+6348.70286+%2B+-173.42798+%3D+6175.27488' WHERE `resultid` = 1 AND `solt` = 1 [ RunTime:0.0000s ]
SQL: UPDATE `sh_result` SET `qian_dspc`='6175.27488' WHERE `id` = 1 [ RunTime:0.0000s ]
SQL: SHOW COLUMNS FROM `sh_resultlist` [ RunTime:0.0060s ]
SQL: SELECT sum(weight) as t_weight FROM `sh_resultlist` WHERE `resultid` = 1 AND `solt` = 1 LIMIT 1   [ RunTime:0.0010s ]
SQL: SELECT `qian_dspc`,`qian_fwater_weight`,`qian_sewage_weight`,`qian_fuel_weight`,`qian_other_weight`,`qian_constant`,`hou_constant` FROM `sh_result` WHERE `id` = 1 LIMIT 1   [ RunTime:0.0000s ]
SQL: UPDATE `sh_result` SET `qian_constant`='5891.88371' WHERE `id` = 1 [ RunTime:0.0000s ]
INFO: [ app_end ] --START--
INFO: Run Behavior\ShowPageTraceBehavior [ RunTime:0.001000s ]
INFO: [ app_end ] --END-- [ RunTime:0.002000s ]

[ 2019-07-18T08:47:34+08:00 ] 192.168.1.195 /shipplatform2/app.php?c=ShResult&a=bookdata
INFO: [ app_init ] --START--
INFO: Run Behavior\BuildLiteBehavior [ RunTime:0.000000s ]
INFO: [ app_init ] --END-- [ RunTime:0.000000s ]
INFO: [ app_begin ] --START--
INFO: Run Behavior\ReadHtmlCacheBehavior [ RunTime:0.001000s ]
INFO: [ app_begin ] --END-- [ RunTime:0.001000s ]
SQL: SHOW COLUMNS FROM `sh_result` [ RunTime:0.0060s ]
SQL: SHOW COLUMNS FROM `user` [ RunTime:0.0060s ]
SQL: SELECT `status`,`imei`,`firmid` FROM `user` WHERE `id` = 9 LIMIT 1   [ RunTime:0.0010s ]
SQL: SHOW COLUMNS FROM `firm` [ RunTime:0.0050s ]
SQL: SELECT `expire_time`,`creditline`,`balance`,`membertype` FROM `firm` WHERE `id` = 21 LIMIT 1   [ RunTime:0.0000s ]
SQL: SELECT r.qian_tc as tc,r.qian_d_m as d_m,r.qian_pwd as pwd,r.qian_constant as constant,s.lbp FROM sh_result r left join sh_ship s on s.id=r.shipid  WHERE r.id = '1' LIMIT 1   [ RunTime:0.0010s ]
SQL: SHOW COLUMNS FROM `sh_resultrecord` [ RunTime:0.0070s ]
SQL: SELECT COUNT(*) AS tp_count FROM `sh_resultrecord` WHERE `resultid` = 1 AND `solt` = 1 LIMIT 1   [ RunTime:0.0000s ]
SQL: UPDATE `sh_resultrecord` SET `resultid`='1',`shipid`='4',`solt`='1',`d_up`='2.774',`d_down`='2.764',`tpc_up`='24.576',`tpc_down`='24.1',`ds_up`='6364.4',`ds_down`='6339.824',`xf_up`='-0.792',`xf_down`='-0.791',`mtc_up`='22.1',`mtc_down`='21',`ptwd`='1.025',`tpc`='24.2666',`ds`='6348.4256',`xf`='-0.79135',`dmdz`='1.1',`dc1`='0.2771',`dc2`='0.00016',`dc`='0.27726',`dsc`='6348.70286',`dpc`='-173.42798',`process`='Received+table%3A%0D%0A%09Dup%3D2.774%2C+TPCup%3D24.576%2CDSup%3D6364.4%2CXfup%3D-0.792%0D%0A%09Ddown%3D2.764%2C+TPCdown%3D24.1%2CDSdown%3D6339.824%2CXfdown%3D-0.791%0D%0A%09MTCup%3D22.1%2CMTCdown%3D21%0D%0A---------------------------------------%0D%0A+pt%3D1.025%0D%0A+Dup%3C++D_M++%3EDdown%3A+then+%0D%0ATPC%3Dround%28%28%24Cbig+-+%28%24Csmall%29%29%2C+3%29+%2F+%28%24Xbig+-+%28%24Xsmall%29%29+%2A+%28%24X+-+%28%24Xsmall%29%29+%2B+%24Csmall+%3D24.2666%5Cr%5CnDS%3Dround%28%28%24Cbig+-+%28%24Csmall%29%29%2C+3%29+%2F+%28%24Xbig+-+%28%24Xsmall%29%29+%2A+%28%24X+-+%28%24Xsmall%29%29+%2B+%24Csmall+%3D6348.4256%5Cr%5CnXf%3Dround%28%28%24Cbig+-+%28%24Csmall%29%29%2C+3%29+%2F+%28%24Xbig+-+%28%24Xsmall%29%29+%2A+%28%24X+-+%28%24Xsmall%29%29+%2B+%24Csmall+%3D-0.79135%5Cr%5Cndmdz+%3D+22.1+-+21+%3D+1.1Dc1+%3D+100+%2A+TC+%2A+Xf+%2A+TPC+%2F+LBP+%3D+100+%2A+-0.02000+%2A+-0.79135+%2A+24.2666+%2F+138.6000+%3D+0.2771Dc2+%3D+50+%2A+dmdz+%2A+pow%28TC%2C+2%29+%2F+LBP+%3D+50+%2A+1.1+%2A+pow%28-0.02000%2C+2%29+%2F+138.6000+%3D+0.00016Dc+%3D+0.2771+%2B+0.00016+%3D+0.27726Dsc+%3D+6348.4256+%2B+0.27726+%3D+6348.70286Dpc+%3D++Dsc+%2A+%28p+-+pt%29+%2F+pt+%3D+6348.70286+%2A+%280.99700+-+1.025%29+%2F+1.025+%3D+-173.42798Dspc+%3D+6348.70286+%2B+-173.42798+%3D+6175.27488' WHERE `resultid` = 1 AND `solt` = 1 [ RunTime:0.0010s ]
SQL: UPDATE `sh_result` SET `qian_dspc`='6175.27488' WHERE `id` = 1 [ RunTime:0.0010s ]
SQL: SHOW COLUMNS FROM `sh_resultlist` [ RunTime:0.0050s ]
SQL: SELECT sum(weight) as t_weight FROM `sh_resultlist` WHERE `resultid` = 1 AND `solt` = 1 LIMIT 1   [ RunTime:0.0000s ]
SQL: SELECT `qian_dspc`,`qian_fwater_weight`,`qian_sewage_weight`,`qian_fuel_weight`,`qian_other_weight`,`qian_constant`,`hou_constant` FROM `sh_result` WHERE `id` = 1 LIMIT 1   [ RunTime:0.0000s ]
SQL: UPDATE `sh_result` SET `qian_constant`='5900.88371' WHERE `id` = 1 [ RunTime:0.0000s ]
INFO: [ app_end ] --START--
INFO: Run Behavior\ShowPageTraceBehavior [ RunTime:0.001000s ]
INFO: [ app_end ] --END-- [ RunTime:0.001000s ]

[ 2019-07-18T08:47:53+08:00 ] 192.168.1.195 /shipplatform2/app.php?c=ShResult&a=bookdata
INFO: [ app_init ] --START--
INFO: Run Behavior\BuildLiteBehavior [ RunTime:0.000000s ]
INFO: [ app_init ] --END-- [ RunTime:0.000000s ]
INFO: [ app_begin ] --START--
INFO: Run Behavior\ReadHtmlCacheBehavior [ RunTime:0.001000s ]
INFO: [ app_begin ] --END-- [ RunTime:0.001000s ]
SQL: SHOW COLUMNS FROM `sh_result` [ RunTime:0.0050s ]
SQL: SHOW COLUMNS FROM `user` [ RunTime:0.0050s ]
SQL: SELECT `status`,`imei`,`firmid` FROM `user` WHERE `id` = 9 LIMIT 1   [ RunTime:0.0000s ]
SQL: SHOW COLUMNS FROM `firm` [ RunTime:0.0050s ]
SQL: SELECT `expire_time`,`creditline`,`balance`,`membertype` FROM `firm` WHERE `id` = 21 LIMIT 1   [ RunTime:0.0000s ]
SQL: SELECT r.qian_tc as tc,r.qian_d_m as d_m,r.qian_pwd as pwd,r.qian_constant as constant,s.lbp FROM sh_result r left join sh_ship s on s.id=r.shipid  WHERE r.id = '1' LIMIT 1   [ RunTime:0.0000s ]
SQL: SHOW COLUMNS FROM `sh_resultrecord` [ RunTime:0.0050s ]
SQL: SELECT COUNT(*) AS tp_count FROM `sh_resultrecord` WHERE `resultid` = 1 AND `solt` = 1 LIMIT 1   [ RunTime:0.0000s ]
SQL: UPDATE `sh_resultrecord` SET `resultid`='1',`shipid`='4',`solt`='1',`d_up`='2.774',`d_down`='2.764',`tpc_up`='24.576',`tpc_down`='24.1',`ds_up`='6364.4',`ds_down`='6339.824',`xf_up`='-0.792',`xf_down`='-0.791',`mtc_up`='22.1',`mtc_down`='21',`ptwd`='1.025',`tpc`='24.2666',`ds`='6348.4256',`xf`='-0.79135',`dmdz`='1.1',`dc1`='0.2771',`dc2`='0.00016',`dc`='0.27726',`dsc`='6348.70286',`dpc`='-173.42798',`process`='Received+table%3A%0D%0A%09Dup%3D2.774%2C+TPCup%3D24.576%2CDSup%3D6364.4%2CXfup%3D-0.792%0D%0A%09Ddown%3D2.764%2C+TPCdown%3D24.1%2CDSdown%3D6339.824%2CXfdown%3D-0.791%0D%0A%09MTCup%3D22.1%2CMTCdown%3D21%0D%0A---------------------------------------%0D%0A+pt%3D1.025%0D%0A+Dup%3C++D_M++%3EDdown%3A+then+%0D%0ATPC%3Dround%28%28%24Cbig+-+%28%24Csmall%29%29%2C+3%29+%2F+%28%24Xbig+-+%28%24Xsmall%29%29+%2A+%28%24X+-+%28%24Xsmall%29%29+%2B+%24Csmall+%3D24.2666%5Cr%5CnDS%3Dround%28%28%24Cbig+-+%28%24Csmall%29%29%2C+3%29+%2F+%28%24Xbig+-+%28%24Xsmall%29%29+%2A+%28%24X+-+%28%24Xsmall%29%29+%2B+%24Csmall+%3D6348.4256%5Cr%5CnXf%3Dround%28%28%24Cbig+-+%28%24Csmall%29%29%2C+3%29+%2F+%28%24Xbig+-+%28%24Xsmall%29%29+%2A+%28%24X+-+%28%24Xsmall%29%29+%2B+%24Csmall+%3D-0.79135%5Cr%5Cndmdz+%3D+22.1+-+21+%3D+1.1Dc1+%3D+100+%2A+TC+%2A+Xf+%2A+TPC+%2F+LBP+%3D+100+%2A+-0.02000+%2A+-0.79135+%2A+24.2666+%2F+138.6000+%3D+0.2771Dc2+%3D+50+%2A+dmdz+%2A+pow%28TC%2C+2%29+%2F+LBP+%3D+50+%2A+1.1+%2A+pow%28-0.02000%2C+2%29+%2F+138.6000+%3D+0.00016Dc+%3D+0.2771+%2B+0.00016+%3D+0.27726Dsc+%3D+6348.4256+%2B+0.27726+%3D+6348.70286Dpc+%3D++Dsc+%2A+%28p+-+pt%29+%2F+pt+%3D+6348.70286+%2A+%280.99700+-+1.025%29+%2F+1.025+%3D+-173.42798Dspc+%3D+6348.70286+%2B+-173.42798+%3D+6175.27488' WHERE `resultid` = 1 AND `solt` = 1 [ RunTime:0.0010s ]
SQL: UPDATE `sh_result` SET `qian_dspc`='6175.27488' WHERE `id` = 1 [ RunTime:0.0000s ]
SQL: SHOW COLUMNS FROM `sh_resultlist` [ RunTime:0.0050s ]
SQL: SELECT sum(weight) as t_weight FROM `sh_resultlist` WHERE `resultid` = 1 AND `solt` = 1 LIMIT 1   [ RunTime:0.0000s ]
SQL: SELECT `qian_dspc`,`qian_fwater_weight`,`qian_sewage_weight`,`qian_fuel_weight`,`qian_other_weight`,`qian_constant`,`hou_constant` FROM `sh_result` WHERE `id` = 1 LIMIT 1   [ RunTime:0.0010s ]
SQL: UPDATE `sh_result` SET `qian_constant`='5891.88371' WHERE `id` = 1 [ RunTime:0.0010s ]
INFO: [ app_end ] --START--
INFO: Run Behavior\ShowPageTraceBehavior [ RunTime:0.001000s ]
INFO: [ app_end ] --END-- [ RunTime:0.001000s ]

[ 2019-07-18T08:50:03+08:00 ] 192.168.1.195 /shipplatform2/app.php?c=ShResult&a=bookdata
INFO: [ app_init ] --START--
INFO: Run Behavior\BuildLiteBehavior [ RunTime:0.000000s ]
INFO: [ app_init ] --END-- [ RunTime:0.003000s ]
INFO: [ app_begin ] --START--
INFO: Run Behavior\ReadHtmlCacheBehavior [ RunTime:0.001000s ]
INFO: [ app_begin ] --END-- [ RunTime:0.001000s ]
SQL: SHOW COLUMNS FROM `sh_result` [ RunTime:0.0060s ]
SQL: SHOW COLUMNS FROM `user` [ RunTime:0.0100s ]
SQL: SELECT `status`,`imei`,`firmid` FROM `user` WHERE `id` = 9 LIMIT 1   [ RunTime:0.0000s ]
SQL: SHOW COLUMNS FROM `firm` [ RunTime:0.0060s ]
SQL: SELECT `expire_time`,`creditline`,`balance`,`membertype` FROM `firm` WHERE `id` = 21 LIMIT 1   [ RunTime:0.0010s ]
SQL: SELECT r.qian_tc as tc,r.qian_d_m as d_m,r.qian_pwd as pwd,r.qian_constant as constant,s.lbp FROM sh_result r left join sh_ship s on s.id=r.shipid  WHERE r.id = '1' LIMIT 1   [ RunTime:0.0000s ]
SQL: SHOW COLUMNS FROM `sh_resultrecord` [ RunTime:0.0050s ]
SQL: SELECT COUNT(*) AS tp_count FROM `sh_resultrecord` WHERE `resultid` = 1 AND `solt` = 1 LIMIT 1   [ RunTime:0.0000s ]
SQL: UPDATE `sh_resultrecord` SET `resultid`='1',`shipid`='4',`solt`='1',`d_up`='2.774',`d_down`='2.764',`tpc_up`='24.576',`tpc_down`='24.1',`ds_up`='6364.4',`ds_down`='6339.824',`xf_up`='-0.792',`xf_down`='-0.791',`mtc_up`='22.1',`mtc_down`='21',`ptwd`='1.025',`tpc`='24.2666',`ds`='6348.4256',`xf`='-0.79135',`dmdz`='1.1',`dc1`='0.2771',`dc2`='0.00016',`dc`='0.27726',`dsc`='6348.70286',`dpc`='-173.42798',`process`='Received+table%3A%0D%0A%09Dup%3D2.774%2C+TPCup%3D24.576%2CDSup%3D6364.4%2CXfup%3D-0.792%0D%0A%09Ddown%3D2.764%2C+TPCdown%3D24.1%2CDSdown%3D6339.824%2CXfdown%3D-0.791%0D%0A%09MTCup%3D22.1%2CMTCdown%3D21%0D%0A---------------------------------------%0D%0A+pt%3D1.025%0D%0A+Dup%3C++D_M++%3EDdown%3A+then+%0D%0ATPC%3Dround%28%28%24Cbig+-+%28%24Csmall%29%29%2C+3%29+%2F+%28%24Xbig+-+%28%24Xsmall%29%29+%2A+%28%24X+-+%28%24Xsmall%29%29+%2B+%24Csmall+%3D24.2666%5Cr%5CnDS%3Dround%28%28%24Cbig+-+%28%24Csmall%29%29%2C+3%29+%2F+%28%24Xbig+-+%28%24Xsmall%29%29+%2A+%28%24X+-+%28%24Xsmall%29%29+%2B+%24Csmall+%3D6348.4256%5Cr%5CnXf%3Dround%28%28%24Cbig+-+%28%24Csmall%29%29%2C+3%29+%2F+%28%24Xbig+-+%28%24Xsmall%29%29+%2A+%28%24X+-+%28%24Xsmall%29%29+%2B+%24Csmall+%3D-0.79135%5Cr%5Cndmdz+%3D+22.1+-+21+%3D+1.1Dc1+%3D+100+%2A+TC+%2A+Xf+%2A+TPC+%2F+LBP+%3D+100+%2A+-0.02000+%2A+-0.79135+%2A+24.2666+%2F+138.6000+%3D+0.2771Dc2+%3D+50+%2A+dmdz+%2A+pow%28TC%2C+2%29+%2F+LBP+%3D+50+%2A+1.1+%2A+pow%28-0.02000%2C+2%29+%2F+138.6000+%3D+0.00016Dc+%3D+0.2771+%2B+0.00016+%3D+0.27726Dsc+%3D+6348.4256+%2B+0.27726+%3D+6348.70286Dpc+%3D++Dsc+%2A+%28p+-+pt%29+%2F+pt+%3D+6348.70286+%2A+%280.99700+-+1.025%29+%2F+1.025+%3D+-173.42798Dspc+%3D+6348.70286+%2B+-173.42798+%3D+6175.27488' WHERE `resultid` = 1 AND `solt` = 1 [ RunTime:0.0010s ]
SQL: UPDATE `sh_result` SET `qian_dspc`='6175.27488' WHERE `id` = 1 [ RunTime:0.0030s ]
SQL: SHOW COLUMNS FROM `sh_resultlist` [ RunTime:0.0060s ]
SQL: SELECT sum(weight) as t_weight FROM `sh_resultlist` WHERE `resultid` = 1 AND `solt` = 1 LIMIT 1   [ RunTime:0.0000s ]
SQL: SELECT `qian_dspc`,`qian_fwater_weight`,`qian_sewage_weight`,`qian_fuel_weight`,`qian_other_weight`,`qian_constant`,`hou_constant` FROM `sh_result` WHERE `id` = 1 LIMIT 1   [ RunTime:0.0010s ]
SQL: UPDATE `sh_result` SET `qian_constant`='5891.88371' WHERE `id` = 1 [ RunTime:0.0000s ]
INFO: [ app_end ] --START--
INFO: Run Behavior\ShowPageTraceBehavior [ RunTime:0.001000s ]
INFO: [ app_end ] --END-- [ RunTime:0.001000s ]

[ 2019-07-18T08:57:49+08:00 ] 192.168.1.195 /shipplatform2/app.php?c=ShResult&a=measure
INFO: [ app_init ] --START--
INFO: Run Behavior\BuildLiteBehavior [ RunTime:0.000000s ]
INFO: [ app_init ] --END-- [ RunTime:0.000000s ]
INFO: [ app_begin ] --START--
INFO: Run Behavior\ReadHtmlCacheBehavior [ RunTime:0.001000s ]
INFO: [ app_begin ] --END-- [ RunTime:0.002000s ]
SQL: SHOW COLUMNS FROM `user` [ RunTime:0.0050s ]
SQL: SELECT `status`,`imei`,`firmid` FROM `user` WHERE `id` = 9 LIMIT 1   [ RunTime:0.0000s ]
SQL: SHOW COLUMNS FROM `firm` [ RunTime:0.0060s ]
SQL: SELECT `expire_time`,`creditline`,`balance`,`membertype` FROM `firm` WHERE `id` = 21 LIMIT 1   [ RunTime:0.0050s ]
SQL: SHOW COLUMNS FROM `sh_resultlist` [ RunTime:0.0070s ]
SQL: SELECT COUNT(*) AS tp_count FROM `sh_resultlist` WHERE `resultid` = 1 AND `solt` = 1 AND `cabinname` = '舱11' LIMIT 1   [ RunTime:0.0010s ]
SQL: UPDATE `sh_resultlist` SET `cabinname`='舱11',`volume`='17.447',`density`='0.999',`sounding`='2',`solt`='1',`shipid`='3',`resultid`='1',`weight`='17.42955' WHERE `resultid` = 1 AND `solt` = 1 AND `cabinname` = '舱11' [ RunTime:0.0010s ]
SQL: SELECT COUNT(*) AS tp_count FROM `sh_resultlist` WHERE `resultid` = 1 AND `solt` = 1 AND `cabinname` = '舱112' LIMIT 1   [ RunTime:0.0000s ]
SQL: UPDATE `sh_resultlist` SET `cabinname`='舱112',`volume`='10.004',`density`='0.997',`sounding`='2',`solt`='1',`shipid`='3',`resultid`='1',`weight`='9.97399' WHERE `resultid` = 1 AND `solt` = 1 AND `cabinname` = '舱112' [ RunTime:0.0010s ]
SQL: SELECT COUNT(*) AS tp_count FROM `sh_resultlist` WHERE `resultid` = 1 AND `solt` = 1 AND `cabinname` = '舱113' LIMIT 1   [ RunTime:0.0000s ]
SQL: UPDATE `sh_resultlist` SET `cabinname`='舱113',`volume`='10.115',`density`='0.997',`sounding`='1.447',`solt`='1',`shipid`='3',`resultid`='1',`weight`='10.08466' WHERE `resultid` = 1 AND `solt` = 1 AND `cabinname` = '舱113' [ RunTime:0.0000s ]
SQL: SELECT sum(weight) as t_weight FROM `sh_resultlist` WHERE `resultid` = 1 AND `solt` = 1 LIMIT 1   [ RunTime:0.0010s ]
SQL: SHOW COLUMNS FROM `sh_result` [ RunTime:0.0070s ]
SQL: SELECT `qian_dspc`,`qian_fwater_weight`,`qian_sewage_weight`,`qian_fuel_weight`,`qian_other_weight`,`qian_constant`,`hou_constant` FROM `sh_result` WHERE `id` = 1 LIMIT 1   [ RunTime:0.0010s ]
SQL: UPDATE `sh_result` SET `qian_constant`='5891.8867',`qianprocess`=concat(qianprocess,"%E8%88%B111%3A+%0D%0A+volume%3D17.447%2Cdensity%3D0.999%2Cweight%3D17.447%2A17.447%3D17.42955+%0D%0A%E8%88%B1112%3A+%0D%0A+volume%3D10.004%2Cdensity%3D0.997%2Cweight%3D10.004%2A10.004%3D9.97399+%0D%0A%E8%88%B1113%3A+%0D%0A+volume%3D10.115%2Cdensity%3D0.997%2Cweight%3D10.115%2A10.115%3D10.08466+%0D%0At_weight%3D37.4882+%0D%0A+qian_constant%3Ddspc+-+t_weight+-+fwater_weight-+sewage_weight+-+fuel_weight+-+other_weight%3D5891.8867") WHERE `id` = 1 [ RunTime:0.0000s ]
INFO: [ app_end ] --START--
INFO: Run Behavior\ShowPageTraceBehavior [ RunTime:0.001001s ]
INFO: [ app_end ] --END-- [ RunTime:0.002001s ]

[ 2019-07-18T09:15:33+08:00 ] 192.168.1.195 /shipplatform2/app.php?c=ShResult&a=measure
INFO: [ app_init ] --START--
INFO: Run Behavior\BuildLiteBehavior [ RunTime:0.000000s ]
INFO: [ app_init ] --END-- [ RunTime:0.000000s ]
INFO: [ app_begin ] --START--
INFO: Run Behavior\ReadHtmlCacheBehavior [ RunTime:0.001000s ]
INFO: [ app_begin ] --END-- [ RunTime:0.001000s ]
SQL: SHOW COLUMNS FROM `user` [ RunTime:0.0060s ]
SQL: SELECT `status`,`imei`,`firmid` FROM `user` WHERE `id` = 9 LIMIT 1   [ RunTime:0.0000s ]
SQL: SHOW COLUMNS FROM `firm` [ RunTime:0.0060s ]
SQL: SELECT `expire_time`,`creditline`,`balance`,`membertype` FROM `firm` WHERE `id` = 21 LIMIT 1   [ RunTime:0.0010s ]
SQL: SHOW COLUMNS FROM `sh_resultlist` [ RunTime:0.0050s ]
SQL: SELECT COUNT(*) AS tp_count FROM `sh_resultlist` WHERE `resultid` = 1 AND `solt` = 1 AND `cabinname` = '舱11' LIMIT 1   [ RunTime:0.0000s ]
SQL: UPDATE `sh_resultlist` SET `cabinname`='舱11',`volume`='17.447',`density`='0.999',`sounding`='2',`solt`='1',`shipid`='3',`resultid`='1',`weight`='17.42955' WHERE `resultid` = 1 AND `solt` = 1 AND `cabinname` = '舱11' [ RunTime:0.0010s ]
SQL: SELECT COUNT(*) AS tp_count FROM `sh_resultlist` WHERE `resultid` = 1 AND `solt` = 1 AND `cabinname` = '舱112' LIMIT 1   [ RunTime:0.0000s ]
SQL: UPDATE `sh_resultlist` SET `cabinname`='舱112',`volume`='10.004',`density`='0.997',`sounding`='2',`solt`='1',`shipid`='3',`resultid`='1',`weight`='9.97399' WHERE `resultid` = 1 AND `solt` = 1 AND `cabinname` = '舱112' [ RunTime:0.0000s ]
SQL: SELECT COUNT(*) AS tp_count FROM `sh_resultlist` WHERE `resultid` = 1 AND `solt` = 1 AND `cabinname` = '舱113' LIMIT 1   [ RunTime:0.0010s ]
SQL: UPDATE `sh_resultlist` SET `cabinname`='舱113',`volume`='10.115',`density`='0.997',`sounding`='1.447',`solt`='1',`shipid`='3',`resultid`='1',`weight`='10.08466' WHERE `resultid` = 1 AND `solt` = 1 AND `cabinname` = '舱113' [ RunTime:0.0000s ]
SQL: SELECT sum(weight) as t_weight FROM `sh_resultlist` WHERE `resultid` = 1 AND `solt` = 1 LIMIT 1   [ RunTime:0.0000s ]
SQL: SHOW COLUMNS FROM `sh_result` [ RunTime:0.0060s ]
SQL: SELECT `qian_dspc`,`qian_fwater_weight`,`qian_sewage_weight`,`qian_fuel_weight`,`qian_other_weight`,`qian_constant`,`hou_constant` FROM `sh_result` WHERE `id` = 1 LIMIT 1   [ RunTime:0.0010s ]
SQL: UPDATE `sh_result` SET `qian_constant`='5891.8867',`qianprocess`=concat(qianprocess,"%E8%88%B111%3A+%0D%0A+volume%3D17.447%2Cdensity%3D0.999%2Cweight%3D17.447%2A0.999%3D17.42955+%0D%0A%E8%88%B1112%3A+%0D%0A+volume%3D10.004%2Cdensity%3D0.997%2Cweight%3D10.004%2A0.997%3D9.97399+%0D%0A%E8%88%B1113%3A+%0D%0A+volume%3D10.115%2Cdensity%3D0.997%2Cweight%3D10.115%2A0.997%3D10.08466+%0D%0At_weight%3D37.4882+%0D%0A+qian_constant%3Ddspc+-+t_weight+-+fwater_weight-+sewage_weight+-+fuel_weight+-+other_weight%3D5891.8867") WHERE `id` = 1 [ RunTime:0.0000s ]
INFO: [ app_end ] --START--
INFO: Run Behavior\ShowPageTraceBehavior [ RunTime:0.001000s ]
INFO: [ app_end ] --END-- [ RunTime:0.001000s ]

[ 2019-07-18T09:16:24+08:00 ] 192.168.1.195 /shipplatform2/app.php?c=ShResult&a=measure
INFO: [ app_init ] --START--
INFO: Run Behavior\BuildLiteBehavior [ RunTime:0.000000s ]
INFO: [ app_init ] --END-- [ RunTime:0.001000s ]
INFO: [ app_begin ] --START--
INFO: Run Behavior\ReadHtmlCacheBehavior [ RunTime:0.000000s ]
INFO: [ app_begin ] --END-- [ RunTime:0.001000s ]
SQL: SHOW COLUMNS FROM `user` [ RunTime:0.0060s ]
SQL: SELECT `status`,`imei`,`firmid` FROM `user` WHERE `id` = 9 LIMIT 1   [ RunTime:0.0000s ]
SQL: SHOW COLUMNS FROM `firm` [ RunTime:0.0060s ]
SQL: SELECT `expire_time`,`creditline`,`balance`,`membertype` FROM `firm` WHERE `id` = 21 LIMIT 1   [ RunTime:0.0010s ]
SQL: SHOW COLUMNS FROM `sh_resultlist` [ RunTime:0.0060s ]
SQL: SELECT COUNT(*) AS tp_count FROM `sh_resultlist` WHERE `resultid` = 1 AND `solt` = 1 AND `cabinname` = '舱11' LIMIT 1   [ RunTime:0.0000s ]
SQL: UPDATE `sh_resultlist` SET `cabinname`='舱11',`volume`='17.447',`density`='0.999',`sounding`='2',`solt`='1',`shipid`='3',`resultid`='1',`weight`='17.42955' WHERE `resultid` = 1 AND `solt` = 1 AND `cabinname` = '舱11' [ RunTime:0.0010s ]
SQL: SELECT COUNT(*) AS tp_count FROM `sh_resultlist` WHERE `resultid` = 1 AND `solt` = 1 AND `cabinname` = '舱112' LIMIT 1   [ RunTime:0.0000s ]
SQL: UPDATE `sh_resultlist` SET `cabinname`='舱112',`volume`='10.004',`density`='0.997',`sounding`='2',`solt`='1',`shipid`='3',`resultid`='1',`weight`='9.97399' WHERE `resultid` = 1 AND `solt` = 1 AND `cabinname` = '舱112' [ RunTime:0.0010s ]
SQL: SELECT COUNT(*) AS tp_count FROM `sh_resultlist` WHERE `resultid` = 1 AND `solt` = 1 AND `cabinname` = '舱113' LIMIT 1   [ RunTime:0.0000s ]
SQL: UPDATE `sh_resultlist` SET `cabinname`='舱113',`volume`='10.115',`density`='0.997',`sounding`='1.447',`solt`='1',`shipid`='3',`resultid`='1',`weight`='10.08466' WHERE `resultid` = 1 AND `solt` = 1 AND `cabinname` = '舱113' [ RunTime:0.0000s ]
SQL: SELECT sum(weight) as t_weight FROM `sh_resultlist` WHERE `resultid` = 1 AND `solt` = 1 LIMIT 1   [ RunTime:0.0010s ]
SQL: SHOW COLUMNS FROM `sh_result` [ RunTime:0.0050s ]
SQL: SELECT `qian_dspc`,`qian_fwater_weight`,`qian_sewage_weight`,`qian_fuel_weight`,`qian_other_weight`,`qian_constant`,`hou_constant` FROM `sh_result` WHERE `id` = 1 LIMIT 1   [ RunTime:0.0000s ]
SQL: UPDATE `sh_result` SET `qian_constant`='5891.8867',`qianprocess`=concat(qianprocess,"%E8%88%B111%3A+%0D%0A+volume%3D17.447%2Cdensity%3D0.999%2Cweight%3D17.447%2A0.999%3D17.42955+%0D%0A%E8%88%B1112%3A+%0D%0A+volume%3D10.004%2Cdensity%3D0.997%2Cweight%3D10.004%2A0.997%3D9.97399+%0D%0A%E8%88%B1113%3A+%0D%0A+volume%3D10.115%2Cdensity%3D0.997%2Cweight%3D10.115%2A0.997%3D10.08466+%0D%0At_weight%3D37.4882+%0D%0A+qian_constant%3Ddspc+-+t_weight+-+fwater_weight-+sewage_weight+-+fuel_weight+-+other_weight%3D5891.8867") WHERE `id` = 1 [ RunTime:0.0000s ]
INFO: [ app_end ] --START--
INFO: Run Behavior\ShowPageTraceBehavior [ RunTime:0.001000s ]
INFO: [ app_end ] --END-- [ RunTime:0.002000s ]

[ 2019-07-18T09:17:24+08:00 ] 192.168.1.195 /shipplatform2/app.php
INFO: [ app_init ] --START--
INFO: Run Behavior\BuildLiteBehavior [ RunTime:0.000000s ]
INFO: [ app_init ] --END-- [ RunTime:0.000000s ]
INFO: [ app_begin ] --START--
INFO: Run Behavior\ReadHtmlCacheBehavior [ RunTime:0.001000s ]
INFO: [ app_begin ] --END-- [ RunTime:0.001000s ]
ERR: 无法加载控制器:Index

[ 2019-07-18T09:17:45+08:00 ] 192.168.1.195 /shipplatform2/app.php?c=ShResult&a=fornt
INFO: [ app_init ] --START--
INFO: Run Behavior\BuildLiteBehavior [ RunTime:0.000000s ]
INFO: [ app_init ] --END-- [ RunTime:0.000000s ]
INFO: [ app_begin ] --START--
INFO: Run Behavior\ReadHtmlCacheBehavior [ RunTime:0.000000s ]
INFO: [ app_begin ] --END-- [ RunTime:0.001000s ]
SQL: SHOW COLUMNS FROM `sh_result` [ RunTime:0.0060s ]
SQL: SHOW COLUMNS FROM `user` [ RunTime:0.0050s ]
SQL: SELECT `status`,`imei`,`firmid` FROM `user` WHERE `id` = 9 LIMIT 1   [ RunTime:0.0010s ]
SQL: SHOW COLUMNS FROM `firm` [ RunTime:0.0060s ]
SQL: SELECT `expire_time`,`creditline`,`balance`,`membertype` FROM `firm` WHERE `id` = 21 LIMIT 1   [ RunTime:0.0000s ]
SQL: SELECT COUNT(*) AS tp_count FROM `sh_result` WHERE `id` = 1 LIMIT 1   [ RunTime:0.0000s ]
SQL: SHOW COLUMNS FROM `sh_ship` [ RunTime:0.0050s ]
SQL: SELECT `shipid` FROM `sh_result` WHERE `id` = 1 LIMIT 1   [ RunTime:0.0010s ]
SQL: SELECT `lbp`,`df`,`da`,`dm` FROM `sh_ship` WHERE `id` = 4 LIMIT 1   [ RunTime:0.0000s ]
SQL: SHOW COLUMNS FROM `sh_forntrecord` [ RunTime:0.0050s ]
SQL: SELECT COUNT(*) AS tp_count FROM `sh_forntrecord` WHERE `solt` = 1 AND `resultid` = 1 LIMIT 1   [ RunTime:0.0000s ]
SQL: UPDATE `sh_forntrecord` SET `forntleft`='2.82',`forntright`='2.78',`centerleft`='2.78',`centerright`='2.74',`afterleft`='2.78',`afterright`='2.78',`fornt`='2.8',`center`='2.76',`after`='2.78',`fc`='0',`ac`='0',`mc`='0',`fm`='2.8',`am`='2.78',`mm`='2.76',`solt`='1',`resultid`='1' WHERE `solt` = 1 AND `resultid` = 1 [ RunTime:0.0000s ]
SQL: UPDATE `sh_result` SET `solt`='1',`qian_tc`='-0.02',`qian_d_m`='2.7675',`qian_pwd`='0.997',`qian_fwater_weight`='103.4',`qian_sewage_weight`='0',`qian_fuel_weight`='142.5',`qian_other_weight`='0',`qianprocess`='nowtime%3A2019-07-18+09%3A17%3A45------------------%0D%0Aforntleft%3D2.82%2Cforntright%3D2.78%2C%0D%0A+afterleft%3D2.78%2Cafterright%3D2.78%2C%0D%0A+centerleft%3D2.78%2Ccenterright%3D2.74%2C%0D%0Ap%3D0.997%2CLBP%3D138.6%2C%0D%0A+Df%3D0%2CDa%3D0%2CDm%3D0%2C%0D%0APf%3D1%2CPa%3D1%2CPm%3D1%2C%0D%0AFPS%3Dround%28%282.82+%2B+2.78%29+%2F+2%2C+5%29%3D2.8%2CAps%3Dround%28%282.78+%2B+2.78%29+%2F+2%2C+5%29%3D2.78%2CMps%3Dround%28%282.78+%2B+2.74%29+%2F+2%2C+5%29%3D2.76%2C%0D%0AT%3D2.78+-+2.8%3D-0.02+then+Tf%3D1%2CFflag%3D0%2CAflag%3D0%2CMflag%3D0%2C%0D%0ALBM%3Dround%28138.6+%2B+pow%28-1%2C+1%29+%2A+0+-+pow%28-1%2C+1%29+%2A+0%2C+5%29%3D138.6%2C%0D%0AFc%3Dround%28abs%280+%2A+-0.02+%2F+138.6%29%2C+5%29%3D0%2CAc%3Dround%28abs%280+%2A+-0.02+%2F+138.6%29%2C+5%29%3D0%2CMc%3Dround%28abs%280+%2A+-0.02+%2F+138.6%29%2C+5%29%3D0%2C%0D%0AFm%3Dround%282.8+%2B+pow%28-1%2C+0%29+%2A+0%2C+5%29%3D2.8%2CAm%3Dround%282.78+%2B+pow%28-1%2C+0%29+%2A+0%2C+5%29%3D2.78%2CMm%3Dround%282.76+%2B+pow%28-1%2C+0%29+%2A+0%2C+5%29%3D2.76%2C%0D%0ATC+%3D+round%282.78+-+2.8%2C+5%29%3D-0.02%2CD_M%3Dround%28%282.8+%2B+2.78+%2B+%286+%2A+2.76%29%29+%2F+8%2C+5%29%3D2.7675%0D%0AsoltType%3D%E4%BD%9C%E4%B8%9A%E5%89%8D+then%3A%0D%0A%09+TC%3D-0.02%2CD_M%3D2.7675%0D%0A' WHERE `id` = 1 [ RunTime:0.0010s ]
SQL: SELECT qian_dspc as dspc,qian_constant as constant FROM `sh_result` WHERE `id` = 1 LIMIT 1   [ RunTime:0.0000s ]
SQL: SHOW COLUMNS FROM `sh_resultrecord` [ RunTime:0.0140s ]
SQL: SELECT * FROM `sh_resultrecord` WHERE `resultid` = 1 AND `solt` = 1 LIMIT 1   [ RunTime:0.0010s ]
SQL: SELECT r.qian_tc as tc,r.qian_d_m as d_m,r.qian_pwd as pwd,s.lbp FROM sh_result r left join sh_ship s on s.id=r.shipid  WHERE r.id = '1' LIMIT 1   [ RunTime:0.0000s ]
SQL: SELECT COUNT(*) AS tp_count FROM `sh_resultrecord` WHERE `resultid` = 1 AND `solt` = 1 LIMIT 1   [ RunTime:0.0010s ]
SQL: UPDATE `sh_resultrecord` SET `id`='1',`resultid`='1',`shipid`='4',`solt`='1',`d_up`='2.774',`d_down`='2.764',`tpc_up`='24.576',`tpc_down`='24.1',`ds_up`='6364.3999',`ds_down`='6339.82422',`xf_up`='-0.792',`xf_down`='-0.791',`mtc_up`='22.1',`mtc_down`='21',`ptwd`='1.025',`tpc`='24.2666',`ds`='6348.42582',`xf`='-0.79135',`dmdz`='1.1',`dc1`='0.2771',`dc2`='0.00016',`dc`='0.27726',`dsc`='6348.70308',`dpc`='-173.42799',`process`='nowtime%3A2019-07-18+09%3A17%3A45------------------%0D%0Aforntleft%3D2.82%2Cforntright%3D2.78%2C%0D%0A+afterleft%3D2.78%2Cafterright%3D2.78%2C%0D%0A+centerleft%3D2.78%2Ccenterright%3D2.74%2C%0D%0Ap%3D0.997%2CLBP%3D138.6%2C%0D%0A+Df%3D0%2CDa%3D0%2CDm%3D0%2C%0D%0APf%3D1%2CPa%3D1%2CPm%3D1%2C%0D%0AFPS%3Dround%28%282.82+%2B+2.78%29+%2F+2%2C+5%29%3D2.8%2CAps%3Dround%28%282.78+%2B+2.78%29+%2F+2%2C+5%29%3D2.78%2CMps%3Dround%28%282.78+%2B+2.74%29+%2F+2%2C+5%29%3D2.76%2C%0D%0AT%3D2.78+-+2.8%3D-0.02+then+Tf%3D1%2CFflag%3D0%2CAflag%3D0%2CMflag%3D0%2C%0D%0ALBM%3Dround%28138.6+%2B+pow%28-1%2C+1%29+%2A+0+-+pow%28-1%2C+1%29+%2A+0%2C+5%29%3D138.6%2C%0D%0AFc%3Dround%28abs%280+%2A+-0.02+%2F+138.6%29%2C+5%29%3D0%2CAc%3Dround%28abs%280+%2A+-0.02+%2F+138.6%29%2C+5%29%3D0%2CMc%3Dround%28abs%280+%2A+-0.02+%2F+138.6%29%2C+5%29%3D0%2C%0D%0AFm%3Dround%282.8+%2B+pow%28-1%2C+0%29+%2A+0%2C+5%29%3D2.8%2CAm%3Dround%282.78+%2B+pow%28-1%2C+0%29+%2A+0%2C+5%29%3D2.78%2CMm%3Dround%282.76+%2B+pow%28-1%2C+0%29+%2A+0%2C+5%29%3D2.76%2C%0D%0ATC+%3D+round%282.78+-+2.8%2C+5%29%3D-0.02%2CD_M%3Dround%28%282.8+%2B+2.78+%2B+%286+%2A+2.76%29%29+%2F+8%2C+5%29%3D2.7675%0D%0AsoltType%3D%E4%BD%9C%E4%B8%9A%E5%89%8D+then%3A%0D%0A%09+TC%3D-0.02%2CD_M%3D2.7675%0D%0AReceived+table%3A%0D%0A%09Dup%3D2.77400%2C+TPCup%3D24.57600%2CDSup%3D6364.39990%2CXfup%3D-0.79200%0D%0A%09Ddown%3D2.76400%2C+TPCdown%3D24.10000%2CDSdown%3D6339.82422%2CXfdown%3D-0.79100%0D%0A%09MTCup%3D22.10000%2CMTCdown%3D21.00000%0D%0A---------------------------------------%0D%0A+pt%3D1.02500%0D%0A+Dup%3C++D_M++%3EDdown%3A+then+%0D%0ATPC%3Dround%28%28%24Cbig+-+%28%24Csmall%29%29%2C+3%29+%2F+%28%24Xbig+-+%28%24Xsmall%29%29+%2A+%28%24X+-+%28%24Xsmall%29%29+%2B+%24Csmall+%3D24.2666%5Cr%5CnDS%3Dround%28%28%24Cbig+-+%28%24Csmall%29%29%2C+3%29+%2F+%28%24Xbig+-+%28%24Xsmall%29%29+%2A+%28%24X+-+%28%24Xsmall%29%29+%2B+%24Csmall+%3D6348.42582%5Cr%5CnXf%3Dround%28%28%24Cbig+-+%28%24Csmall%29%29%2C+3%29+%2F+%28%24Xbig+-+%28%24Xsmall%29%29+%2A+%28%24X+-+%28%24Xsmall%29%29+%2B+%24Csmall+%3D-0.79135%5Cr%5Cndmdz+%3D+22.1+-+21+%3D+1.1Dc1+%3D+100+%2A+TC+%2A+Xf+%2A+TPC+%2F+LBP+%3D+100+%2A+-0.02000+%2A+-0.79135+%2A+24.2666+%2F+138.6000+%3D+0.2771Dc2+%3D+50+%2A+dmdz+%2A+pow%28TC%2C+2%29+%2F+LBP+%3D+50+%2A+1.1+%2A+pow%28-0.02000%2C+2%29+%2F+138.6000+%3D+0.00016Dc+%3D+0.2771+%2B+0.00016+%3D+0.27726Dsc+%3D+6348.42582+%2B+0.27726+%3D+6348.70308Dpc+%3D++Dsc+%2A+%28p+-+pt%29+%2F+pt+%3D+6348.70308+%2A+%280.99700+-+1.025%29+%2F+1.025+%3D+-173.42799Dspc+%3D+6348.70308+%2B+-173.42799+%3D+6175.27509' WHERE `resultid` = 1 AND `solt` = 1 [ RunTime:0.0010s ]
SQL: UPDATE `sh_result` SET `qian_dspc`='6175.27509' WHERE `id` = 1 [ RunTime:0.0010s ]
SQL: SHOW COLUMNS FROM `sh_resultlist` [ RunTime:0.0050s ]
SQL: SELECT sum(weight) as t_weight FROM `sh_resultlist` WHERE `resultid` = 1 AND `solt` = 1 LIMIT 1   [ RunTime:0.0010s ]
SQL: SELECT `qian_dspc`,`qian_fwater_weight`,`qian_sewage_weight`,`qian_fuel_weight`,`qian_other_weight`,`qian_constant`,`hou_constant` FROM `sh_result` WHERE `id` = 1 LIMIT 1   [ RunTime:0.0000s ]
SQL: UPDATE `sh_result` SET `qian_constant`='5891.8867' WHERE `id` = 1 [ RunTime:0.0000s ]
INFO: [ app_end ] --START--
INFO: Run Behavior\ShowPageTraceBehavior [ RunTime:0.002000s ]
INFO: [ app_end ] --END-- [ RunTime:0.002000s ]

[ 2019-07-18T09:38:42+08:00 ] 192.168.1.195 /shipplatform2/app.php?c=ShResult&a=fornt
INFO: [ app_init ] --START--
INFO: Run Behavior\BuildLiteBehavior [ RunTime:0.000000s ]
INFO: [ app_init ] --END-- [ RunTime:0.001000s ]
INFO: [ app_begin ] --START--
INFO: Run Behavior\ReadHtmlCacheBehavior [ RunTime:0.001000s ]
INFO: [ app_begin ] --END-- [ RunTime:0.001000s ]
SQL: SHOW COLUMNS FROM `sh_result` [ RunTime:0.0060s ]
SQL: SHOW COLUMNS FROM `user` [ RunTime:0.0050s ]
SQL: SELECT `status`,`imei`,`firmid` FROM `user` WHERE `id` = 9 LIMIT 1   [ RunTime:0.0000s ]
SQL: SHOW COLUMNS FROM `firm` [ RunTime:0.0080s ]
SQL: SELECT `expire_time`,`creditline`,`balance`,`membertype` FROM `firm` WHERE `id` = 21 LIMIT 1   [ RunTime:0.0010s ]
SQL: SELECT COUNT(*) AS tp_count FROM `sh_result` WHERE `id` = 1 LIMIT 1   [ RunTime:0.0010s ]
SQL: SHOW COLUMNS FROM `sh_ship` [ RunTime:0.0060s ]
SQL: SELECT `shipid` FROM `sh_result` WHERE `id` = 1 LIMIT 1   [ RunTime:0.0000s ]
SQL: SELECT `lbp`,`df`,`da`,`dm` FROM `sh_ship` WHERE `id` = 4 LIMIT 1   [ RunTime:0.0000s ]
SQL: SHOW COLUMNS FROM `sh_forntrecord` [ RunTime:0.0060s ]
SQL: SELECT COUNT(*) AS tp_count FROM `sh_forntrecord` WHERE `solt` = 1 AND `resultid` = 1 LIMIT 1   [ RunTime:0.0010s ]
SQL: UPDATE `sh_forntrecord` SET `forntleft`='2.82',`forntright`='2.78',`centerleft`='2.78',`centerright`='2.74',`afterleft`='2.78',`afterright`='2.78',`fornt`='2.8',`center`='2.76',`after`='2.78',`fc`='0',`ac`='0',`mc`='0',`fm`='2.8',`am`='2.78',`mm`='2.76',`solt`='1',`resultid`='1' WHERE `solt` = 1 AND `resultid` = 1 [ RunTime:0.0010s ]
SQL: UPDATE `sh_result` SET `solt`='1',`qian_tc`='-0.02',`qian_d_m`='2.7675',`qian_pwd`='0.997',`qian_fwater_weight`='103.4',`qian_sewage_weight`='0',`qian_fuel_weight`='142.5',`qian_other_weight`='0',`qianprocess`='nowtime%3A2019-07-18+09%3A38%3A42------------------%0D%0Aforntleft%3D2.82%2Cforntright%3D2.78%2C%0D%0A+afterleft%3D2.78%2Cafterright%3D2.78%2C%0D%0A+centerleft%3D2.78%2Ccenterright%3D2.74%2C%0D%0Ap%3D0.997%2CLBP%3D138.6%2C%0D%0A+Df%3D0%2CDa%3D0%2CDm%3D0%2C%0D%0APf%3D1%2CPa%3D1%2CPm%3D1%2C%0D%0AFPS%3Dround%28%282.82+%2B+2.78%29+%2F+2%2C+5%29%3D2.8%2CAps%3Dround%28%282.78+%2B+2.78%29+%2F+2%2C+5%29%3D2.78%2CMps%3Dround%28%282.78+%2B+2.74%29+%2F+2%2C+5%29%3D2.76%2C%0D%0AT%3D2.78+-+2.8%3D-0.02+then+Tf%3D1%2CFflag%3D0%2CAflag%3D0%2CMflag%3D0%2C%0D%0ALBM%3Dround%28138.6+%2B+pow%28-1%2C+1%29+%2A+0+-+pow%28-1%2C+1%29+%2A+0%2C+5%29%3D138.6%2C%0D%0AFc%3Dround%28abs%280+%2A+-0.02+%2F+138.6%29%2C+5%29%3D0%2CAc%3Dround%28abs%280+%2A+-0.02+%2F+138.6%29%2C+5%29%3D0%2CMc%3Dround%28abs%280+%2A+-0.02+%2F+138.6%29%2C+5%29%3D0%2C%0D%0AFm%3Dround%282.8+%2B+pow%28-1%2C+0%29+%2A+0%2C+5%29%3D2.8%2CAm%3Dround%282.78+%2B+pow%28-1%2C+0%29+%2A+0%2C+5%29%3D2.78%2CMm%3Dround%282.76+%2B+pow%28-1%2C+0%29+%2A+0%2C+5%29%3D2.76%2C%0D%0ATC+%3D+round%282.78+-+2.8%2C+5%29%3D-0.02%2CD_M%3Dround%28%282.8+%2B+2.78+%2B+%286+%2A+2.76%29%29+%2F+8%2C+5%29%3D2.7675%0D%0AsoltType%3D%E4%BD%9C%E4%B8%9A%E5%89%8D+then%3A%0D%0A%09+TC%3D-0.02%2CD_M%3D2.7675%0D%0A' WHERE `id` = 1 [ RunTime:0.0000s ]
SQL: SELECT qian_dspc as dspc,qian_constant as constant FROM `sh_result` WHERE `id` = 1 LIMIT 1   [ RunTime:0.0040s ]
SQL: SHOW COLUMNS FROM `sh_resultrecord` [ RunTime:0.0060s ]
SQL: SELECT * FROM `sh_resultrecord` WHERE `resultid` = 1 AND `solt` = 1 LIMIT 1   [ RunTime:0.0000s ]
SQL: SELECT r.qian_tc as tc,r.qian_d_m as d_m,r.qian_pwd as pwd,s.lbp FROM sh_result r left join sh_ship s on s.id=r.shipid  WHERE r.id = '1' LIMIT 1   [ RunTime:0.0010s ]
SQL: SELECT COUNT(*) AS tp_count FROM `sh_resultrecord` WHERE `resultid` = 1 AND `solt` = 1 LIMIT 1   [ RunTime:0.0000s ]
SQL: UPDATE `sh_resultrecord` SET `id`='1',`resultid`='1',`shipid`='4',`solt`='1',`d_up`='2.774',`d_down`='2.764',`tpc_up`='24.576',`tpc_down`='24.1',`ds_up`='6364.3999',`ds_down`='6339.82422',`xf_up`='-0.792',`xf_down`='-0.791',`mtc_up`='22.1',`mtc_down`='21',`ptwd`='1.025',`tpc`='24.2666',`ds`='6348.42582',`xf`='-0.79135',`dmdz`='1.1',`dc1`='0.2771',`dc2`='0.00016',`dc`='0.27726',`dsc`='6348.70308',`dpc`='-173.42799',`process`='nowtime%3A2019-07-18+09%3A38%3A42------------------%0D%0Aforntleft%3D2.82%2Cforntright%3D2.78%2C%0D%0A+afterleft%3D2.78%2Cafterright%3D2.78%2C%0D%0A+centerleft%3D2.78%2Ccenterright%3D2.74%2C%0D%0Ap%3D0.997%2CLBP%3D138.6%2C%0D%0A+Df%3D0%2CDa%3D0%2CDm%3D0%2C%0D%0APf%3D1%2CPa%3D1%2CPm%3D1%2C%0D%0AFPS%3Dround%28%282.82+%2B+2.78%29+%2F+2%2C+5%29%3D2.8%2CAps%3Dround%28%282.78+%2B+2.78%29+%2F+2%2C+5%29%3D2.78%2CMps%3Dround%28%282.78+%2B+2.74%29+%2F+2%2C+5%29%3D2.76%2C%0D%0AT%3D2.78+-+2.8%3D-0.02+then+Tf%3D1%2CFflag%3D0%2CAflag%3D0%2CMflag%3D0%2C%0D%0ALBM%3Dround%28138.6+%2B+pow%28-1%2C+1%29+%2A+0+-+pow%28-1%2C+1%29+%2A+0%2C+5%29%3D138.6%2C%0D%0AFc%3Dround%28abs%280+%2A+-0.02+%2F+138.6%29%2C+5%29%3D0%2CAc%3Dround%28abs%280+%2A+-0.02+%2F+138.6%29%2C+5%29%3D0%2CMc%3Dround%28abs%280+%2A+-0.02+%2F+138.6%29%2C+5%29%3D0%2C%0D%0AFm%3Dround%282.8+%2B+pow%28-1%2C+0%29+%2A+0%2C+5%29%3D2.8%2CAm%3Dround%282.78+%2B+pow%28-1%2C+0%29+%2A+0%2C+5%29%3D2.78%2CMm%3Dround%282.76+%2B+pow%28-1%2C+0%29+%2A+0%2C+5%29%3D2.76%2C%0D%0ATC+%3D+round%282.78+-+2.8%2C+5%29%3D-0.02%2CD_M%3Dround%28%282.8+%2B+2.78+%2B+%286+%2A+2.76%29%29+%2F+8%2C+5%29%3D2.7675%0D%0AsoltType%3D%E4%BD%9C%E4%B8%9A%E5%89%8D+then%3A%0D%0A%09+TC%3D-0.02%2CD_M%3D2.7675%0D%0AReceived+table%3A%0D%0A%09Dup%3D2.77400%2C+TPCup%3D24.57600%2CDSup%3D6364.39990%2CXfup%3D-0.79200%0D%0A%09Ddown%3D2.76400%2C+TPCdown%3D24.10000%2CDSdown%3D6339.82422%2CXfdown%3D-0.79100%0D%0A%09MTCup%3D22.10000%2CMTCdown%3D21.00000%0D%0A---------------------------------------%0D%0A+pt%3D1.02500%0D%0A+Dup%3C++D_M++%3EDdown%3A+then+%0D%0ATPC%3Dround%28%28%24Cbig+-+%28%24Csmall%29%29%2C+3%29+%2F+%28%24Xbig+-+%28%24Xsmall%29%29+%2A+%28%24X+-+%28%24Xsmall%29%29+%2B+%24Csmall+%3D24.2666%5Cr%5CnDS%3Dround%28%28%24Cbig+-+%28%24Csmall%29%29%2C+3%29+%2F+%28%24Xbig+-+%28%24Xsmall%29%29+%2A+%28%24X+-+%28%24Xsmall%29%29+%2B+%24Csmall+%3D6348.42582%5Cr%5CnXf%3Dround%28%28%24Cbig+-+%28%24Csmall%29%29%2C+3%29+%2F+%28%24Xbig+-+%28%24Xsmall%29%29+%2A+%28%24X+-+%28%24Xsmall%29%29+%2B+%24Csmall+%3D-0.79135%5Cr%5Cndmdz+%3D+22.1+-+21+%3D+1.1Dc1+%3D+100+%2A+TC+%2A+Xf+%2A+TPC+%2F+LBP+%3D+100+%2A+-0.02000+%2A+-0.79135+%2A+24.2666+%2F+138.6000+%3D+0.2771Dc2+%3D+50+%2A+dmdz+%2A+pow%28TC%2C+2%29+%2F+LBP+%3D+50+%2A+1.1+%2A+pow%28-0.02000%2C+2%29+%2F+138.6000+%3D+0.00016Dc+%3D+0.2771+%2B+0.00016+%3D+0.27726Dsc+%3D+6348.42582+%2B+0.27726+%3D+6348.70308Dpc+%3D++Dsc+%2A+%28p+-+pt%29+%2F+pt+%3D+6348.70308+%2A+%280.99700+-+1.025%29+%2F+1.025+%3D+-173.42799Dspc+%3D+6348.70308+%2B+-173.42799+%3D+6175.27509' WHERE `resultid` = 1 AND `solt` = 1 [ RunTime:0.0000s ]
SQL: UPDATE `sh_result` SET `qian_dspc`='6175.27509' WHERE `id` = 1 [ RunTime:0.0010s ]
SQL: SHOW COLUMNS FROM `sh_resultlist` [ RunTime:0.0060s ]
SQL: SELECT sum(weight) as t_weight FROM `sh_resultlist` WHERE `resultid` = 1 AND `solt` = 1 LIMIT 1   [ RunTime:0.0000s ]
SQL: SELECT `qian_dspc`,`qian_fwater_weight`,`qian_sewage_weight`,`qian_fuel_weight`,`qian_other_weight`,`qian_constant`,`hou_constant` FROM `sh_result` WHERE `id` = 1 LIMIT 1   [ RunTime:0.0010s ]
SQL: UPDATE `sh_result` SET `qian_constant`='5891.8867',`qianprocess`=concat(qianprocess,"nowtime%3A2019-07-18+09%3A38%3A42------------------%0D%0Aforntleft%3D2.82%2Cforntright%3D2.78%2C%0D%0A+afterleft%3D2.78%2Cafterright%3D2.78%2C%0D%0A+centerleft%3D2.78%2Ccenterright%3D2.74%2C%0D%0Ap%3D0.997%2CLBP%3D138.6%2C%0D%0A+Df%3D0%2CDa%3D0%2CDm%3D0%2C%0D%0APf%3D1%2CPa%3D1%2CPm%3D1%2C%0D%0AFPS%3Dround%28%282.82+%2B+2.78%29+%2F+2%2C+5%29%3D2.8%2CAps%3Dround%28%282.78+%2B+2.78%29+%2F+2%2C+5%29%3D2.78%2CMps%3Dround%28%282.78+%2B+2.74%29+%2F+2%2C+5%29%3D2.76%2C%0D%0AT%3D2.78+-+2.8%3D-0.02+then+Tf%3D1%2CFflag%3D0%2CAflag%3D0%2CMflag%3D0%2C%0D%0ALBM%3Dround%28138.6+%2B+pow%28-1%2C+1%29+%2A+0+-+pow%28-1%2C+1%29+%2A+0%2C+5%29%3D138.6%2C%0D%0AFc%3Dround%28abs%280+%2A+-0.02+%2F+138.6%29%2C+5%29%3D0%2CAc%3Dround%28abs%280+%2A+-0.02+%2F+138.6%29%2C+5%29%3D0%2CMc%3Dround%28abs%280+%2A+-0.02+%2F+138.6%29%2C+5%29%3D0%2C%0D%0AFm%3Dround%282.8+%2B+pow%28-1%2C+0%29+%2A+0%2C+5%29%3D2.8%2CAm%3Dround%282.78+%2B+pow%28-1%2C+0%29+%2A+0%2C+5%29%3D2.78%2CMm%3Dround%282.76+%2B+pow%28-1%2C+0%29+%2A+0%2C+5%29%3D2.76%2C%0D%0ATC+%3D+round%282.78+-+2.8%2C+5%29%3D-0.02%2CD_M%3Dround%28%282.8+%2B+2.78+%2B+%286+%2A+2.76%29%29+%2F+8%2C+5%29%3D2.7675%0D%0AsoltType%3D%E4%BD%9C%E4%B8%9A%E5%89%8D+then%3A%0D%0A%09+TC%3D-0.02%2CD_M%3D2.7675%0D%0AReceived+table%3A%0D%0A%09Dup%3D2.77400%2C+TPCup%3D24.57600%2CDSup%3D6364.39990%2CXfup%3D-0.79200%0D%0A%09Ddown%3D2.76400%2C+TPCdown%3D24.10000%2CDSdown%3D6339.82422%2CXfdown%3D-0.79100%0D%0A%09MTCup%3D22.10000%2CMTCdown%3D21.00000%0D%0A---------------------------------------%0D%0A+pt%3D1.02500%0D%0A+Dup%3C++D_M++%3EDdown%3A+then+%0D%0ATPC%3Dround%28%28%24Cbig+-+%28%24Csmall%29%29%2C+3%29+%2F+%28%24Xbig+-+%28%24Xsmall%29%29+%2A+%28%24X+-+%28%24Xsmall%29%29+%2B+%24Csmall+%3D24.2666%5Cr%5CnDS%3Dround%28%28%24Cbig+-+%28%24Csmall%29%29%2C+3%29+%2F+%28%24Xbig+-+%28%24Xsmall%29%29+%2A+%28%24X+-+%28%24Xsmall%29%29+%2B+%24Csmall+%3D6348.42582%5Cr%5CnXf%3Dround%28%28%24Cbig+-+%28%24Csmall%29%29%2C+3%29+%2F+%28%24Xbig+-+%28%24Xsmall%29%29+%2A+%28%24X+-+%28%24Xsmall%29%29+%2B+%24Csmall+%3D-0.79135%5Cr%5Cndmdz+%3D+22.1+-+21+%3D+1.1Dc1+%3D+100+%2A+TC+%2A+Xf+%2A+TPC+%2F+LBP+%3D+100+%2A+-0.02000+%2A+-0.79135+%2A+24.2666+%2F+138.6000+%3D+0.2771Dc2+%3D+50+%2A+dmdz+%2A+pow%28TC%2C+2%29+%2F+LBP+%3D+50+%2A+1.1+%2A+pow%28-0.02000%2C+2%29+%2F+138.6000+%3D+0.00016Dc+%3D+0.2771+%2B+0.00016+%3D+0.27726Dsc+%3D+6348.42582+%2B+0.27726+%3D+6348.70308Dpc+%3D++Dsc+%2A+%28p+-+pt%29+%2F+pt+%3D+6348.70308+%2A+%280.99700+-+1.025%29+%2F+1.025+%3D+-173.42799Dspc+%3D+6348.70308+%2B+-173.42799+%3D+6175.27509t_weight%3D37.4882+%0D%0A+qian_constant%3Ddspc+-+t_weight+-+fwater_weight-+sewage_weight+-+fuel_weight+-+other_weight%3D5891.8867") WHERE `id` = 1 [ RunTime:0.0010s ]
INFO: [ app_end ] --START--
INFO: Run Behavior\ShowPageTraceBehavior [ RunTime:0.002000s ]
INFO: [ app_end ] --END-- [ RunTime:0.002000s ]

[ 2019-07-18T09:39:44+08:00 ] 192.168.1.195 /shipplatform2/app.php?c=ShResult&a=fornt
INFO: [ app_init ] --START--
INFO: Run Behavior\BuildLiteBehavior [ RunTime:0.000000s ]
INFO: [ app_init ] --END-- [ RunTime:0.000000s ]
INFO: [ app_begin ] --START--
INFO: Run Behavior\ReadHtmlCacheBehavior [ RunTime:0.001000s ]
INFO: [ app_begin ] --END-- [ RunTime:0.001000s ]
SQL: SHOW COLUMNS FROM `sh_result` [ RunTime:0.0080s ]
SQL: SHOW COLUMNS FROM `user` [ RunTime:0.0050s ]
SQL: SELECT `status`,`imei`,`firmid` FROM `user` WHERE `id` = 9 LIMIT 1   [ RunTime:0.0010s ]
SQL: SHOW COLUMNS FROM `firm` [ RunTime:0.0060s ]
SQL: SELECT `expire_time`,`creditline`,`balance`,`membertype` FROM `firm` WHERE `id` = 21 LIMIT 1   [ RunTime:0.0000s ]
SQL: SELECT COUNT(*) AS tp_count FROM `sh_result` WHERE `id` = 1 LIMIT 1   [ RunTime:0.0000s ]
SQL: SHOW COLUMNS FROM `sh_ship` [ RunTime:0.0050s ]
SQL: SELECT `shipid` FROM `sh_result` WHERE `id` = 1 LIMIT 1   [ RunTime:0.0000s ]
SQL: SELECT `lbp`,`df`,`da`,`dm` FROM `sh_ship` WHERE `id` = 4 LIMIT 1   [ RunTime:0.0000s ]
SQL: SHOW COLUMNS FROM `sh_forntrecord` [ RunTime:0.0050s ]
SQL: SELECT COUNT(*) AS tp_count FROM `sh_forntrecord` WHERE `solt` = 1 AND `resultid` = 1 LIMIT 1   [ RunTime:0.0010s ]
SQL: UPDATE `sh_forntrecord` SET `forntleft`='2.82',`forntright`='2.78',`centerleft`='2.78',`centerright`='2.74',`afterleft`='2.78',`afterright`='2.78',`fornt`='2.8',`center`='2.76',`after`='2.78',`fc`='0',`ac`='0',`mc`='0',`fm`='2.8',`am`='2.78',`mm`='2.76',`solt`='1',`resultid`='1' WHERE `solt` = 1 AND `resultid` = 1 [ RunTime:0.0000s ]
SQL: UPDATE `sh_result` SET `solt`='1',`qian_tc`='-0.02',`qian_d_m`='2.7675',`qian_pwd`='0.997',`qian_fwater_weight`='103.4',`qian_sewage_weight`='0',`qian_fuel_weight`='142.5',`qian_other_weight`='0',`qianprocess`='nowtime%3A2019-07-18+09%3A39%3A44------------------%0D%0Aforntleft%3D2.82%2Cforntright%3D2.78%2C%0D%0A+afterleft%3D2.78%2Cafterright%3D2.78%2C%0D%0A+centerleft%3D2.78%2Ccenterright%3D2.74%2C%0D%0Ap%3D0.997%2CLBP%3D138.6%2C%0D%0A+Df%3D0%2CDa%3D0%2CDm%3D0%2C%0D%0APf%3D1%2CPa%3D1%2CPm%3D1%2C%0D%0AFPS%3Dround%28%282.82+%2B+2.78%29+%2F+2%2C+5%29%3D2.8%2CAps%3Dround%28%282.78+%2B+2.78%29+%2F+2%2C+5%29%3D2.78%2CMps%3Dround%28%282.78+%2B+2.74%29+%2F+2%2C+5%29%3D2.76%2C%0D%0AT%3D2.78+-+2.8%3D-0.02+then+Tf%3D1%2CFflag%3D0%2CAflag%3D0%2CMflag%3D0%2C%0D%0ALBM%3Dround%28138.6+%2B+pow%28-1%2C+1%29+%2A+0+-+pow%28-1%2C+1%29+%2A+0%2C+5%29%3D138.6%2C%0D%0AFc%3Dround%28abs%280+%2A+-0.02+%2F+138.6%29%2C+5%29%3D0%2CAc%3Dround%28abs%280+%2A+-0.02+%2F+138.6%29%2C+5%29%3D0%2CMc%3Dround%28abs%280+%2A+-0.02+%2F+138.6%29%2C+5%29%3D0%2C%0D%0AFm%3Dround%282.8+%2B+pow%28-1%2C+0%29+%2A+0%2C+5%29%3D2.8%2CAm%3Dround%282.78+%2B+pow%28-1%2C+0%29+%2A+0%2C+5%29%3D2.78%2CMm%3Dround%282.76+%2B+pow%28-1%2C+0%29+%2A+0%2C+5%29%3D2.76%2C%0D%0ATC+%3D+round%282.78+-+2.8%2C+5%29%3D-0.02%2CD_M%3Dround%28%282.8+%2B+2.78+%2B+%286+%2A+2.76%29%29+%2F+8%2C+5%29%3D2.7675%0D%0AsoltType%3D%E4%BD%9C%E4%B8%9A%E5%89%8D+then%3A%0D%0A%09+TC%3D-0.02%2CD_M%3D2.7675%0D%0A' WHERE `id` = 1 [ RunTime:0.0010s ]
SQL: SELECT qian_dspc as dspc,qian_constant as constant FROM `sh_result` WHERE `id` = 1 LIMIT 1   [ RunTime:0.0000s ]
SQL: SHOW COLUMNS FROM `sh_resultrecord` [ RunTime:0.0050s ]
SQL: SELECT * FROM `sh_resultrecord` WHERE `resultid` = 1 AND `solt` = 1 LIMIT 1   [ RunTime:0.0000s ]
SQL: SELECT r.qian_tc as tc,r.qian_d_m as d_m,r.qian_pwd as pwd,s.lbp FROM sh_result r left join sh_ship s on s.id=r.shipid  WHERE r.id = '1' LIMIT 1   [ RunTime:0.0010s ]
SQL: SELECT COUNT(*) AS tp_count FROM `sh_resultrecord` WHERE `resultid` = 1 AND `solt` = 1 LIMIT 1   [ RunTime:0.0000s ]
SQL: UPDATE `sh_resultrecord` SET `id`='1',`resultid`='1',`shipid`='4',`solt`='1',`d_up`='2.774',`d_down`='2.764',`tpc_up`='24.576',`tpc_down`='24.1',`ds_up`='6364.3999',`ds_down`='6339.82422',`xf_up`='-0.792',`xf_down`='-0.791',`mtc_up`='22.1',`mtc_down`='21',`ptwd`='1.025',`tpc`='24.2666',`ds`='6348.42582',`xf`='-0.79135',`dmdz`='1.1',`dc1`='0.2771',`dc2`='0.00016',`dc`='0.27726',`dsc`='6348.70308',`dpc`='-173.42799',`process`='nowtime%3A2019-07-18+09%3A39%3A44------------------%0D%0Aforntleft%3D2.82%2Cforntright%3D2.78%2C%0D%0A+afterleft%3D2.78%2Cafterright%3D2.78%2C%0D%0A+centerleft%3D2.78%2Ccenterright%3D2.74%2C%0D%0Ap%3D0.997%2CLBP%3D138.6%2C%0D%0A+Df%3D0%2CDa%3D0%2CDm%3D0%2C%0D%0APf%3D1%2CPa%3D1%2CPm%3D1%2C%0D%0AFPS%3Dround%28%282.82+%2B+2.78%29+%2F+2%2C+5%29%3D2.8%2CAps%3Dround%28%282.78+%2B+2.78%29+%2F+2%2C+5%29%3D2.78%2CMps%3Dround%28%282.78+%2B+2.74%29+%2F+2%2C+5%29%3D2.76%2C%0D%0AT%3D2.78+-+2.8%3D-0.02+then+Tf%3D1%2CFflag%3D0%2CAflag%3D0%2CMflag%3D0%2C%0D%0ALBM%3Dround%28138.6+%2B+pow%28-1%2C+1%29+%2A+0+-+pow%28-1%2C+1%29+%2A+0%2C+5%29%3D138.6%2C%0D%0AFc%3Dround%28abs%280+%2A+-0.02+%2F+138.6%29%2C+5%29%3D0%2CAc%3Dround%28abs%280+%2A+-0.02+%2F+138.6%29%2C+5%29%3D0%2CMc%3Dround%28abs%280+%2A+-0.02+%2F+138.6%29%2C+5%29%3D0%2C%0D%0AFm%3Dround%282.8+%2B+pow%28-1%2C+0%29+%2A+0%2C+5%29%3D2.8%2CAm%3Dround%282.78+%2B+pow%28-1%2C+0%29+%2A+0%2C+5%29%3D2.78%2CMm%3Dround%282.76+%2B+pow%28-1%2C+0%29+%2A+0%2C+5%29%3D2.76%2C%0D%0ATC+%3D+round%282.78+-+2.8%2C+5%29%3D-0.02%2CD_M%3Dround%28%282.8+%2B+2.78+%2B+%286+%2A+2.76%29%29+%2F+8%2C+5%29%3D2.7675%0D%0AsoltType%3D%E4%BD%9C%E4%B8%9A%E5%89%8D+then%3A%0D%0A%09+TC%3D-0.02%2CD_M%3D2.7675%0D%0AReceived+table%3A%0D%0A%09Dup%3D2.77400%2C+TPCup%3D24.57600%2CDSup%3D6364.39990%2CXfup%3D-0.79200%0D%0A%09Ddown%3D2.76400%2C+TPCdown%3D24.10000%2CDSdown%3D6339.82422%2CXfdown%3D-0.79100%0D%0A%09MTCup%3D22.10000%2CMTCdown%3D21.00000%0D%0A---------------------------------------%0D%0A+pt%3D1.02500%0D%0A+Dup%3C++D_M++%3EDdown%3A+then+%0D%0ATPC%3Dround%28%28%24Cbig+-+%28%24Csmall%29%29%2C+3%29+%2F+%28%24Xbig+-+%28%24Xsmall%29%29+%2A+%28%24X+-+%28%24Xsmall%29%29+%2B+%24Csmall+%3D24.2666%5Cr%5CnDS%3Dround%28%28%24Cbig+-+%28%24Csmall%29%29%2C+3%29+%2F+%28%24Xbig+-+%28%24Xsmall%29%29+%2A+%28%24X+-+%28%24Xsmall%29%29+%2B+%24Csmall+%3D6348.42582%5Cr%5CnXf%3Dround%28%28%24Cbig+-+%28%24Csmall%29%29%2C+3%29+%2F+%28%24Xbig+-+%28%24Xsmall%29%29+%2A+%28%24X+-+%28%24Xsmall%29%29+%2B+%24Csmall+%3D-0.79135%5Cr%5Cndmdz+%3D+22.1+-+21+%3D+1.1Dc1+%3D+100+%2A+TC+%2A+Xf+%2A+TPC+%2F+LBP+%3D+100+%2A+-0.02000+%2A+-0.79135+%2A+24.2666+%2F+138.6000+%3D+0.2771Dc2+%3D+50+%2A+dmdz+%2A+pow%28TC%2C+2%29+%2F+LBP+%3D+50+%2A+1.1+%2A+pow%28-0.02000%2C+2%29+%2F+138.6000+%3D+0.00016Dc+%3D+0.2771+%2B+0.00016+%3D+0.27726Dsc+%3D+6348.42582+%2B+0.27726+%3D+6348.70308Dpc+%3D++Dsc+%2A+%28p+-+pt%29+%2F+pt+%3D+6348.70308+%2A+%280.99700+-+1.025%29+%2F+1.025+%3D+-173.42799Dspc+%3D+6348.70308+%2B+-173.42799+%3D+6175.27509' WHERE `resultid` = 1 AND `solt` = 1 [ RunTime:0.0000s ]
SQL: UPDATE `sh_result` SET `qian_dspc`='6175.27509' WHERE `id` = 1 [ RunTime:0.0010s ]
SQL: SHOW COLUMNS FROM `sh_resultlist` [ RunTime:0.0050s ]
SQL: SELECT sum(weight) as t_weight FROM `sh_resultlist` WHERE `resultid` = 1 AND `solt` = 1 LIMIT 1   [ RunTime:0.0010s ]
SQL: SELECT `qian_dspc`,`qian_fwater_weight`,`qian_sewage_weight`,`qian_fuel_weight`,`qian_other_weight`,`qian_constant`,`hou_constant` FROM `sh_result` WHERE `id` = 1 LIMIT 1   [ RunTime:0.0000s ]
SQL: UPDATE `sh_result` SET `qian_constant`='5891.8867',`qianprocess`=concat(qianprocess,"t_weight%3D37.4882+%0D%0A+qian_constant%3Ddspc+-+t_weight+-+fwater_weight-+sewage_weight+-+fuel_weight+-+other_weight%3D5891.8867") WHERE `id` = 1 [ RunTime:0.0000s ]
INFO: [ app_end ] --START--
INFO: Run Behavior\ShowPageTraceBehavior [ RunTime:0.001000s ]
INFO: [ app_end ] --END-- [ RunTime:0.001000s ]

[ 2019-07-18T09:53:07+08:00 ] 192.168.1.195 /shipplatform2/app.php?c=ShResult&a=fornt
INFO: [ app_init ] --START--
INFO: Run Behavior\BuildLiteBehavior [ RunTime:0.000000s ]
INFO: [ app_init ] --END-- [ RunTime:0.000000s ]
INFO: [ app_begin ] --START--
INFO: Run Behavior\ReadHtmlCacheBehavior [ RunTime:0.001000s ]
INFO: [ app_begin ] --END-- [ RunTime:0.001000s ]
SQL: SHOW COLUMNS FROM `sh_result` [ RunTime:0.0060s ]
SQL: SHOW COLUMNS FROM `user` [ RunTime:0.0060s ]
SQL: SELECT `status`,`imei`,`firmid` FROM `user` WHERE `id` = 9 LIMIT 1   [ RunTime:0.0000s ]
SQL: SHOW COLUMNS FROM `firm` [ RunTime:0.0060s ]
SQL: SELECT `expire_time`,`creditline`,`balance`,`membertype` FROM `firm` WHERE `id` = 21 LIMIT 1   [ RunTime:0.0010s ]
SQL: SELECT COUNT(*) AS tp_count FROM `sh_result` WHERE `id` = 1 LIMIT 1   [ RunTime:0.0000s ]
SQL: SHOW COLUMNS FROM `sh_ship` [ RunTime:0.0060s ]
SQL: SELECT `shipid` FROM `sh_result` WHERE `id` = 1 LIMIT 1   [ RunTime:0.0000s ]
SQL: SELECT `lbp`,`df`,`da`,`dm` FROM `sh_ship` WHERE `id` = 4 LIMIT 1   [ RunTime:0.0010s ]
SQL: SHOW COLUMNS FROM `sh_forntrecord` [ RunTime:0.0060s ]
SQL: SELECT COUNT(*) AS tp_count FROM `sh_forntrecord` WHERE `solt` = 1 AND `resultid` = 1 LIMIT 1   [ RunTime:0.0000s ]
SQL: UPDATE `sh_forntrecord` SET `forntleft`='2.82',`forntright`='2.78',`centerleft`='2.78',`centerright`='2.74',`afterleft`='2.78',`afterright`='2.78',`fornt`='2.8',`center`='2.76',`after`='2.78',`fc`='0',`ac`='0',`mc`='0',`fm`='2.8',`am`='2.78',`mm`='2.76',`solt`='1',`resultid`='1' WHERE `solt` = 1 AND `resultid` = 1 [ RunTime:0.0010s ]
SQL: UPDATE `sh_result` SET `solt`='1',`qian_tc`='-0.02',`qian_d_m`='2.7675',`qian_pwd`='0.997',`qian_fwater_weight`='103.4',`qian_sewage_weight`='0',`qian_fuel_weight`='142.5',`qian_other_weight`='0',`qianprocess`='nowtime%3A2019-07-18+09%3A53%3A07------------------%0D%0Aforntleft%3D2.82%2Cforntright%3D2.78%2C%0D%0A+afterleft%3D2.78%2Cafterright%3D2.78%2C%0D%0A+centerleft%3D2.78%2Ccenterright%3D2.74%2C%0D%0Ap%3D0.997%2CLBP%3D138.6%2C%0D%0A+Df%3D0%2CDa%3D0%2CDm%3D0%2C%0D%0APf%3D1%2CPa%3D1%2CPm%3D1%2C%0D%0AFPS%3Dround%28%282.82+%2B+2.78%29+%2F+2%2C+5%29%3D2.8%2CAps%3Dround%28%282.78+%2B+2.78%29+%2F+2%2C+5%29%3D2.78%2CMps%3Dround%28%282.78+%2B+2.74%29+%2F+2%2C+5%29%3D2.76%2C%0D%0AT%3D2.78+-+2.8%3D-0.02+then+Tf%3D1%2CFflag%3D0%2CAflag%3D0%2CMflag%3D0%2C%0D%0ALBM%3Dround%28138.6+%2B+pow%28-1%2C+1%29+%2A+0+-+pow%28-1%2C+1%29+%2A+0%2C+5%29%3D138.6%2C%0D%0AFc%3Dround%28abs%280+%2A+-0.02+%2F+138.6%29%2C+5%29%3D0%2CAc%3Dround%28abs%280+%2A+-0.02+%2F+138.6%29%2C+5%29%3D0%2CMc%3Dround%28abs%280+%2A+-0.02+%2F+138.6%29%2C+5%29%3D0%2C%0D%0AFm%3Dround%282.8+%2B+pow%28-1%2C+0%29+%2A+0%2C+5%29%3D2.8%2CAm%3Dround%282.78+%2B+pow%28-1%2C+0%29+%2A+0%2C+5%29%3D2.78%2CMm%3Dround%282.76+%2B+pow%28-1%2C+0%29+%2A+0%2C+5%29%3D2.76%2C%0D%0ATC+%3D+round%282.78+-+2.8%2C+5%29%3D-0.02%2CD_M%3Dround%28%282.8+%2B+2.78+%2B+%286+%2A+2.76%29%29+%2F+8%2C+5%29%3D2.7675%0D%0AsoltType%3D%E4%BD%9C%E4%B8%9A%E5%89%8D+then%3A%0D%0A%09+TC%3D-0.02%2CD_M%3D2.7675%0D%0A' WHERE `id` = 1 [ RunTime:0.0000s ]
SQL: SELECT qian_dspc as dspc,qian_constant as constant FROM `sh_result` WHERE `id` = 1 LIMIT 1   [ RunTime:0.0010s ]
SQL: SHOW COLUMNS FROM `sh_resultrecord` [ RunTime:0.0060s ]
SQL: SELECT * FROM `sh_resultrecord` WHERE `resultid` = 1 AND `solt` = 1 LIMIT 1   [ RunTime:0.0000s ]
SQL: SELECT r.qian_tc as tc,r.qian_d_m as d_m,r.qian_pwd as pwd,s.lbp FROM sh_result r left join sh_ship s on s.id=r.shipid  WHERE r.id = '1' LIMIT 1   [ RunTime:0.0000s ]
SQL: SELECT COUNT(*) AS tp_count FROM `sh_resultrecord` WHERE `resultid` = 1 AND `solt` = 1 LIMIT 1   [ RunTime:0.0000s ]
SQL: UPDATE `sh_resultrecord` SET `id`='1',`resultid`='1',`shipid`='4',`solt`='1',`d_up`='2.774',`d_down`='2.764',`tpc_up`='24.576',`tpc_down`='24.1',`ds_up`='6364.3999',`ds_down`='6339.82422',`xf_up`='-0.792',`xf_down`='-0.791',`mtc_up`='22.1',`mtc_down`='21',`ptwd`='1.025',`tpc`='24.2666',`ds`='6348.42582',`xf`='-0.79135',`dmdz`='1.1',`dc1`='0.2771',`dc2`='0.00016',`dc`='0.27726',`dsc`='6348.70308',`dpc`='-173.42799',`process`='nowtime%3A2019-07-18+09%3A53%3A07------------------%0D%0Aforntleft%3D2.82%2Cforntright%3D2.78%2C%0D%0A+afterleft%3D2.78%2Cafterright%3D2.78%2C%0D%0A+centerleft%3D2.78%2Ccenterright%3D2.74%2C%0D%0Ap%3D0.997%2CLBP%3D138.6%2C%0D%0A+Df%3D0%2CDa%3D0%2CDm%3D0%2C%0D%0APf%3D1%2CPa%3D1%2CPm%3D1%2C%0D%0AFPS%3Dround%28%282.82+%2B+2.78%29+%2F+2%2C+5%29%3D2.8%2CAps%3Dround%28%282.78+%2B+2.78%29+%2F+2%2C+5%29%3D2.78%2CMps%3Dround%28%282.78+%2B+2.74%29+%2F+2%2C+5%29%3D2.76%2C%0D%0AT%3D2.78+-+2.8%3D-0.02+then+Tf%3D1%2CFflag%3D0%2CAflag%3D0%2CMflag%3D0%2C%0D%0ALBM%3Dround%28138.6+%2B+pow%28-1%2C+1%29+%2A+0+-+pow%28-1%2C+1%29+%2A+0%2C+5%29%3D138.6%2C%0D%0AFc%3Dround%28abs%280+%2A+-0.02+%2F+138.6%29%2C+5%29%3D0%2CAc%3Dround%28abs%280+%2A+-0.02+%2F+138.6%29%2C+5%29%3D0%2CMc%3Dround%28abs%280+%2A+-0.02+%2F+138.6%29%2C+5%29%3D0%2C%0D%0AFm%3Dround%282.8+%2B+pow%28-1%2C+0%29+%2A+0%2C+5%29%3D2.8%2CAm%3Dround%282.78+%2B+pow%28-1%2C+0%29+%2A+0%2C+5%29%3D2.78%2CMm%3Dround%282.76+%2B+pow%28-1%2C+0%29+%2A+0%2C+5%29%3D2.76%2C%0D%0ATC+%3D+round%282.78+-+2.8%2C+5%29%3D-0.02%2CD_M%3Dround%28%282.8+%2B+2.78+%2B+%286+%2A+2.76%29%29+%2F+8%2C+5%29%3D2.7675%0D%0AsoltType%3D%E4%BD%9C%E4%B8%9A%E5%89%8D+then%3A%0D%0A%09+TC%3D-0.02%2CD_M%3D2.7675%0D%0AReceived+table%3A%0D%0A%09Dup%3D2.77400%2C+TPCup%3D24.57600%2CDSup%3D6364.39990%2CXfup%3D-0.79200%0D%0A%09Ddown%3D2.76400%2C+TPCdown%3D24.10000%2CDSdown%3D6339.82422%2CXfdown%3D-0.79100%0D%0A%09MTCup%3D22.10000%2CMTCdown%3D21.00000%0D%0A---------------------------------------%0D%0A+pt%3D1.02500%0D%0A+Dup%3C++D_M++%3EDdown%3A+then+%0D%0ATPC%3Dround%28%28%24Cbig+-+%28%24Csmall%29%29%2C+3%29+%2F+%28%24Xbig+-+%28%24Xsmall%29%29+%2A+%28%24X+-+%28%24Xsmall%29%29+%2B+%24Csmall+%3D24.2666%5Cr%5CnDS%3Dround%28%28%24Cbig+-+%28%24Csmall%29%29%2C+3%29+%2F+%28%24Xbig+-+%28%24Xsmall%29%29+%2A+%28%24X+-+%28%24Xsmall%29%29+%2B+%24Csmall+%3D6348.42582%5Cr%5CnXf%3Dround%28%28%24Cbig+-+%28%24Csmall%29%29%2C+3%29+%2F+%28%24Xbig+-+%28%24Xsmall%29%29+%2A+%28%24X+-+%28%24Xsmall%29%29+%2B+%24Csmall+%3D-0.79135%5Cr%5Cndmdz+%3D+22.1+-+21+%3D+1.1Dc1+%3D+100+%2A+TC+%2A+Xf+%2A+TPC+%2F+LBP+%3D+100+%2A+-0.02000+%2A+-0.79135+%2A+24.2666+%2F+138.6000+%3D+0.2771Dc2+%3D+50+%2A+dmdz+%2A+pow%28TC%2C+2%29+%2F+LBP+%3D+50+%2A+1.1+%2A+pow%28-0.02000%2C+2%29+%2F+138.6000+%3D+0.00016Dc+%3D+0.2771+%2B+0.00016+%3D+0.27726Dsc+%3D+6348.42582+%2B+0.27726+%3D+6348.70308Dpc+%3D++Dsc+%2A+%28p+-+pt%29+%2F+pt+%3D+6348.70308+%2A+%280.99700+-+1.025%29+%2F+1.025+%3D+-173.42799Dspc+%3D+6348.70308+%2B+-173.42799+%3D+6175.27509' WHERE `resultid` = 1 AND `solt` = 1 [ RunTime:0.0020s ]
SQL: UPDATE `sh_result` SET `qian_dspc`='6175.27509' WHERE `id` = 1 [ RunTime:0.0010s ]
SQL: SHOW COLUMNS FROM `sh_resultlist` [ RunTime:0.0060s ]
SQL: SELECT sum(weight) as t_weight FROM `sh_resultlist` WHERE `resultid` = 1 AND `solt` = 1 LIMIT 1   [ RunTime:0.0000s ]
SQL: SELECT `qian_dspc`,`qian_fwater_weight`,`qian_sewage_weight`,`qian_fuel_weight`,`qian_other_weight`,`qian_constant`,`hou_constant` FROM `sh_result` WHERE `id` = 1 LIMIT 1   [ RunTime:0.0000s ]
SQL: UPDATE `sh_result` SET `qian_constant`='5891.8867',`qianprocess`=concat(qianprocess,"t_weight%3D37.4882+%0D%0A+qian_constant%3Ddspc+-+t_weight+-+fwater_weight-+sewage_weight+-+fuel_weight+-+other_weight%3D5891.8867") WHERE `id` = 1 [ RunTime:0.0000s ]
INFO: [ app_end ] --START--
INFO: Run Behavior\ShowPageTraceBehavior [ RunTime:0.001000s ]
INFO: [ app_end ] --END-- [ RunTime:0.002000s ]

[ 2019-07-18T10:01:16+08:00 ] 192.168.1.195 /shipplatform2/app.php?c=ShResult&a=fornt
INFO: [ app_init ] --START--
INFO: Run Behavior\BuildLiteBehavior [ RunTime:0.000000s ]
INFO: [ app_init ] --END-- [ RunTime:0.001000s ]
INFO: [ app_begin ] --START--
INFO: Run Behavior\ReadHtmlCacheBehavior [ RunTime:0.001000s ]
INFO: [ app_begin ] --END-- [ RunTime:0.001000s ]
SQL: SHOW COLUMNS FROM `sh_result` [ RunTime:0.0060s ]
SQL: SHOW COLUMNS FROM `user` [ RunTime:0.0060s ]
SQL: SELECT `status`,`imei`,`firmid` FROM `user` WHERE `id` = 9 LIMIT 1   [ RunTime:0.0010s ]
SQL: SHOW COLUMNS FROM `firm` [ RunTime:0.0060s ]
SQL: SELECT `expire_time`,`creditline`,`balance`,`membertype` FROM `firm` WHERE `id` = 21 LIMIT 1   [ RunTime:0.0000s ]
SQL: SELECT COUNT(*) AS tp_count FROM `sh_result` WHERE `id` = 1 LIMIT 1   [ RunTime:0.0000s ]
SQL: SHOW COLUMNS FROM `sh_ship` [ RunTime:0.0060s ]
SQL: SELECT `shipid` FROM `sh_result` WHERE `id` = 1 LIMIT 1   [ RunTime:0.0010s ]
SQL: SELECT `lbp`,`df`,`da`,`dm` FROM `sh_ship` WHERE `id` = 4 LIMIT 1   [ RunTime:0.0000s ]
SQL: SHOW COLUMNS FROM `sh_forntrecord` [ RunTime:0.0050s ]
SQL: SELECT COUNT(*) AS tp_count FROM `sh_forntrecord` WHERE `solt` = 1 AND `resultid` = 1 LIMIT 1   [ RunTime:0.0000s ]
SQL: UPDATE `sh_forntrecord` SET `forntleft`='2.82',`forntright`='2.78',`centerleft`='2.78',`centerright`='2.74',`afterleft`='2.78',`afterright`='2.78',`fornt`='2.8',`center`='2.76',`after`='2.78',`fc`='0',`ac`='0',`mc`='0',`fm`='2.8',`am`='2.78',`mm`='2.76',`solt`='1',`resultid`='1' WHERE `solt` = 1 AND `resultid` = 1 [ RunTime:0.0000s ]
SQL: UPDATE `sh_result` SET `solt`='1',`qian_tc`='-0.02',`qian_d_m`='2.7675',`qian_pwd`='0.997',`qian_fwater_weight`='103.4',`qian_sewage_weight`='0',`qian_fuel_weight`='142.5',`qian_other_weight`='0',`qianprocess`='nowtime%3A2019-07-18+10%3A01%3A16------------------%0D%0Aforntleft%3D2.82%2Cforntright%3D2.78%2C%0D%0A+afterleft%3D2.78%2Cafterright%3D2.78%2C%0D%0A+centerleft%3D2.78%2Ccenterright%3D2.74%2C%0D%0Ap%3D0.997%2CLBP%3D138.6%2C%0D%0A+Df%3D0%2CDa%3D0%2CDm%3D0%2C%0D%0APf%3D1%2CPa%3D1%2CPm%3D1%2C%0D%0AFPS%3Dround%28%282.82+%2B+2.78%29+%2F+2%2C+5%29%3D2.8%2CAps%3Dround%28%282.78+%2B+2.78%29+%2F+2%2C+5%29%3D2.78%2CMps%3Dround%28%282.78+%2B+2.74%29+%2F+2%2C+5%29%3D2.76%2C%0D%0AT%3D2.78+-+2.8%3D-0.02+then+Tf%3D1%2CFflag%3D0%2CAflag%3D0%2CMflag%3D0%2C%0D%0ALBM%3Dround%28138.6+%2B+pow%28-1%2C+1%29+%2A+0+-+pow%28-1%2C+1%29+%2A+0%2C+5%29%3D138.6%2C%0D%0AFc%3Dround%28abs%280+%2A+-0.02+%2F+138.6%29%2C+5%29%3D0%2CAc%3Dround%28abs%280+%2A+-0.02+%2F+138.6%29%2C+5%29%3D0%2CMc%3Dround%28abs%280+%2A+-0.02+%2F+138.6%29%2C+5%29%3D0%2C%0D%0AFm%3Dround%282.8+%2B+pow%28-1%2C+0%29+%2A+0%2C+5%29%3D2.8%2CAm%3Dround%282.78+%2B+pow%28-1%2C+0%29+%2A+0%2C+5%29%3D2.78%2CMm%3Dround%282.76+%2B+pow%28-1%2C+0%29+%2A+0%2C+5%29%3D2.76%2C%0D%0ATC+%3D+round%282.78+-+2.8%2C+5%29%3D-0.02%2CD_M%3Dround%28%282.8+%2B+2.78+%2B+%286+%2A+2.76%29%29+%2F+8%2C+5%29%3D2.7675%0D%0AsoltType%3D%E4%BD%9C%E4%B8%9A%E5%89%8D+then%3A%0D%0A%09+TC%3D-0.02%2CD_M%3D2.7675%0D%0A+fwater_weight%3D103.4%2Csewage_weight%3D0%2Cfuel_weight%3D142.5%2Cfwater_weight%3D0%0D%0A' WHERE `id` = 1 [ RunTime:0.0010s ]
SQL: SELECT qian_dspc as dspc,qian_constant as constant FROM `sh_result` WHERE `id` = 1 LIMIT 1   [ RunTime:0.0000s ]
SQL: SHOW COLUMNS FROM `sh_resultrecord` [ RunTime:0.0060s ]
SQL: SELECT * FROM `sh_resultrecord` WHERE `resultid` = 1 AND `solt` = 1 LIMIT 1   [ RunTime:0.0000s ]
SQL: SELECT r.qian_tc as tc,r.qian_d_m as d_m,r.qian_pwd as pwd,s.lbp FROM sh_result r left join sh_ship s on s.id=r.shipid  WHERE r.id = '1' LIMIT 1   [ RunTime:0.0000s ]
SQL: SELECT COUNT(*) AS tp_count FROM `sh_resultrecord` WHERE `resultid` = 1 AND `solt` = 1 LIMIT 1   [ RunTime:0.0000s ]
SQL: UPDATE `sh_resultrecord` SET `id`='1',`resultid`='1',`shipid`='4',`solt`='1',`d_up`='2.774',`d_down`='2.764',`tpc_up`='24.576',`tpc_down`='24.1',`ds_up`='6364.3999',`ds_down`='6339.82422',`xf_up`='-0.792',`xf_down`='-0.791',`mtc_up`='22.1',`mtc_down`='21',`ptwd`='1.025',`tpc`='24.2666',`ds`='6348.42582',`xf`='-0.79135',`dmdz`='1.1',`dc1`='0.2771',`dc2`='0.00016',`dc`='0.27726',`dsc`='6348.70308',`dpc`='-173.42799',`process`='nowtime%3A2019-07-18+10%3A01%3A16------------------%0D%0Aforntleft%3D2.82%2Cforntright%3D2.78%2C%0D%0A+afterleft%3D2.78%2Cafterright%3D2.78%2C%0D%0A+centerleft%3D2.78%2Ccenterright%3D2.74%2C%0D%0Ap%3D0.997%2CLBP%3D138.6%2C%0D%0A+Df%3D0%2CDa%3D0%2CDm%3D0%2C%0D%0APf%3D1%2CPa%3D1%2CPm%3D1%2C%0D%0AFPS%3Dround%28%282.82+%2B+2.78%29+%2F+2%2C+5%29%3D2.8%2CAps%3Dround%28%282.78+%2B+2.78%29+%2F+2%2C+5%29%3D2.78%2CMps%3Dround%28%282.78+%2B+2.74%29+%2F+2%2C+5%29%3D2.76%2C%0D%0AT%3D2.78+-+2.8%3D-0.02+then+Tf%3D1%2CFflag%3D0%2CAflag%3D0%2CMflag%3D0%2C%0D%0ALBM%3Dround%28138.6+%2B+pow%28-1%2C+1%29+%2A+0+-+pow%28-1%2C+1%29+%2A+0%2C+5%29%3D138.6%2C%0D%0AFc%3Dround%28abs%280+%2A+-0.02+%2F+138.6%29%2C+5%29%3D0%2CAc%3Dround%28abs%280+%2A+-0.02+%2F+138.6%29%2C+5%29%3D0%2CMc%3Dround%28abs%280+%2A+-0.02+%2F+138.6%29%2C+5%29%3D0%2C%0D%0AFm%3Dround%282.8+%2B+pow%28-1%2C+0%29+%2A+0%2C+5%29%3D2.8%2CAm%3Dround%282.78+%2B+pow%28-1%2C+0%29+%2A+0%2C+5%29%3D2.78%2CMm%3Dround%282.76+%2B+pow%28-1%2C+0%29+%2A+0%2C+5%29%3D2.76%2C%0D%0ATC+%3D+round%282.78+-+2.8%2C+5%29%3D-0.02%2CD_M%3Dround%28%282.8+%2B+2.78+%2B+%286+%2A+2.76%29%29+%2F+8%2C+5%29%3D2.7675%0D%0AsoltType%3D%E4%BD%9C%E4%B8%9A%E5%89%8D+then%3A%0D%0A%09+TC%3D-0.02%2CD_M%3D2.7675%0D%0A+fwater_weight%3D103.4%2Csewage_weight%3D0%2Cfuel_weight%3D142.5%2Cfwater_weight%3D0%0D%0AReceived+table%3A%0D%0A%09Dup%3D2.77400%2C+TPCup%3D24.57600%2CDSup%3D6364.39990%2CXfup%3D-0.79200%0D%0A%09Ddown%3D2.76400%2C+TPCdown%3D24.10000%2CDSdown%3D6339.82422%2CXfdown%3D-0.79100%0D%0A%09MTCup%3D22.10000%2CMTCdown%3D21.00000%0D%0A---------------------------------------%0D%0A+pt%3D1.02500%0D%0A+Dup%3C++D_M++%3EDdown%3A+then+%0D%0ATPC%3Dround%28%28%24Cbig+-+%28%24Csmall%29%29%2C+3%29+%2F+%28%24Xbig+-+%28%24Xsmall%29%29+%2A+%28%24X+-+%28%24Xsmall%29%29+%2B+%24Csmall+%3D24.2666%5Cr%5CnDS%3Dround%28%28%24Cbig+-+%28%24Csmall%29%29%2C+3%29+%2F+%28%24Xbig+-+%28%24Xsmall%29%29+%2A+%28%24X+-+%28%24Xsmall%29%29+%2B+%24Csmall+%3D6348.42582%5Cr%5CnXf%3Dround%28%28%24Cbig+-+%28%24Csmall%29%29%2C+3%29+%2F+%28%24Xbig+-+%28%24Xsmall%29%29+%2A+%28%24X+-+%28%24Xsmall%29%29+%2B+%24Csmall+%3D-0.79135%5Cr%5Cndmdz+%3D+22.1+-+21+%3D+1.1Dc1+%3D+100+%2A+TC+%2A+Xf+%2A+TPC+%2F+LBP+%3D+100+%2A+-0.02000+%2A+-0.79135+%2A+24.2666+%2F+138.6000+%3D+0.2771Dc2+%3D+50+%2A+dmdz+%2A+pow%28TC%2C+2%29+%2F+LBP+%3D+50+%2A+1.1+%2A+pow%28-0.02000%2C+2%29+%2F+138.6000+%3D+0.00016Dc+%3D+0.2771+%2B+0.00016+%3D+0.27726Dsc+%3D+6348.42582+%2B+0.27726+%3D+6348.70308Dpc+%3D++Dsc+%2A+%28p+-+pt%29+%2F+pt+%3D+6348.70308+%2A+%280.99700+-+1.025%29+%2F+1.025+%3D+-173.42799Dspc+%3D+6348.70308+%2B+-173.42799+%3D+6175.27509' WHERE `resultid` = 1 AND `solt` = 1 [ RunTime:0.0010s ]
SQL: UPDATE `sh_result` SET `qian_dspc`='6175.27509' WHERE `id` = 1 [ RunTime:0.0000s ]
SQL: SHOW COLUMNS FROM `sh_resultlist` [ RunTime:0.0070s ]
SQL: SELECT sum(weight) as t_weight FROM `sh_resultlist` WHERE `resultid` = 1 AND `solt` = 1 LIMIT 1   [ RunTime:0.0010s ]
SQL: SELECT `qian_dspc`,`qian_fwater_weight`,`qian_sewage_weight`,`qian_fuel_weight`,`qian_other_weight`,`qian_constant`,`hou_constant` FROM `sh_result` WHERE `id` = 1 LIMIT 1   [ RunTime:0.0010s ]
SQL: UPDATE `sh_result` SET `qian_constant`='5891.8867',`qianprocess`=concat(qianprocess,"t_weight%3D37.4882+%0D%0A+qian_constant%3Ddspc+-+t_weight+-+fwater_weight-+sewage_weight+-+fuel_weight+-+other_weight%3D5891.8867") WHERE `id` = 1 [ RunTime:0.0000s ]
INFO: [ app_end ] --START--
INFO: Run Behavior\ShowPageTraceBehavior [ RunTime:0.001000s ]
INFO: [ app_end ] --END-- [ RunTime:0.002000s ]

[ 2019-07-18T10:22:06+08:00 ] 192.168.1.195 /shipplatform2/app.php?c=ShResult&a=cabinlist
INFO: [ app_init ] --START--
INFO: Run Behavior\BuildLiteBehavior [ RunTime:0.000000s ]
INFO: [ app_init ] --END-- [ RunTime:0.000000s ]
INFO: [ app_begin ] --START--
INFO: Run Behavior\ReadHtmlCacheBehavior [ RunTime:0.001000s ]
INFO: [ app_begin ] --END-- [ RunTime:0.001000s ]
SQL: SHOW COLUMNS FROM `user` [ RunTime:0.0050s ]
SQL: SELECT `status`,`imei`,`firmid` FROM `user` WHERE `id` = 9 LIMIT 1   [ RunTime:0.0010s ]
SQL: SHOW COLUMNS FROM `firm` [ RunTime:0.0120s ]
SQL: SELECT `expire_time`,`creditline`,`balance`,`membertype` FROM `firm` WHERE `id` = 21 LIMIT 1   [ RunTime:0.0010s ]
SQL: SHOW COLUMNS FROM `sh_resultrecord` [ RunTime:0.0070s ]
SQL: SELECT * FROM `sh_resultrecord` WHERE `resultid` = 1 AND `solt` = 1  [ RunTime:0.0010s ]
INFO: [ app_end ] --START--
INFO: Run Behavior\ShowPageTraceBehavior [ RunTime:0.001000s ]
INFO: [ app_end ] --END-- [ RunTime:0.002001s ]

[ 2019-07-18T10:22:27+08:00 ] 192.168.1.195 /shipplatform2/app.php?c=ShResult&a=cabinlist
INFO: [ app_init ] --START--
INFO: Run Behavior\BuildLiteBehavior [ RunTime:0.000000s ]
INFO: [ app_init ] --END-- [ RunTime:0.000000s ]
INFO: [ app_begin ] --START--
INFO: Run Behavior\ReadHtmlCacheBehavior [ RunTime:0.000000s ]
INFO: [ app_begin ] --END-- [ RunTime:0.000000s ]
SQL: SHOW COLUMNS FROM `user` [ RunTime:0.0060s ]
SQL: SELECT `status`,`imei`,`firmid` FROM `user` WHERE `id` = 9 LIMIT 1   [ RunTime:0.0000s ]
SQL: SHOW COLUMNS FROM `firm` [ RunTime:0.0050s ]
SQL: SELECT `expire_time`,`creditline`,`balance`,`membertype` FROM `firm` WHERE `id` = 21 LIMIT 1   [ RunTime:0.0010s ]
SQL: SHOW COLUMNS FROM `sh_resultlist` [ RunTime:0.0080s ]
SQL: SELECT * FROM `sh_resultlist` WHERE `resultid` = 1 AND `solt` = 1  [ RunTime:0.0000s ]
INFO: [ app_end ] --START--
INFO: Run Behavior\ShowPageTraceBehavior [ RunTime:0.001000s ]
INFO: [ app_end ] --END-- [ RunTime:0.001000s ]

[ 2019-07-18T16:55:06+08:00 ] 192.168.1.111 /shipplatform2/app.php?c=ShResult&a=resultsearch
INFO: [ app_init ] --START--
INFO: Run Behavior\BuildLiteBehavior [ RunTime:0.000000s ]
INFO: [ app_init ] --END-- [ RunTime:0.000000s ]
INFO: [ app_begin ] --START--
INFO: Run Behavior\ReadHtmlCacheBehavior [ RunTime:0.001000s ]
INFO: [ app_begin ] --END-- [ RunTime:0.001000s ]
SQL: SHOW COLUMNS FROM `sh_result` [ RunTime:0.0070s ]
SQL: SHOW COLUMNS FROM `user` [ RunTime:0.0050s ]
SQL: SELECT `status`,`imei`,`firmid` FROM `user` WHERE `id` = 9 LIMIT 1   [ RunTime:0.0000s ]
SQL: SHOW COLUMNS FROM `firm` [ RunTime:0.0050s ]
SQL: SELECT `expire_time`,`creditline`,`balance`,`membertype` FROM `firm` WHERE `id` = 21 LIMIT 1   [ RunTime:0.0000s ]
SQL: SELECT r.*,s.shipname,u.username,f.firmtype as ffirmtype FROM sh_result r left join sh_ship s on s.id=r.shipid left join user u on r.uid = u.id left join firm f on u.firmid = f.id  WHERE r.id = '1' LIMIT 1   [ RunTime:0.0010s ]
SQL: SHOW COLUMNS FROM `sh_resultrecord` [ RunTime:0.0050s ]
SQL: SELECT * FROM `sh_resultrecord` WHERE `resultid` = 1  [ RunTime:0.0000s ]
SQL: SHOW COLUMNS FROM `sh_resultlist` [ RunTime:0.0050s ]
SQL: SELECT * FROM `sh_resultlist` WHERE `resultid` = 1 ORDER BY solt asc  [ RunTime:0.0010s ]
INFO: [ app_end ] --START--
INFO: Run Behavior\ShowPageTraceBehavior [ RunTime:0.001000s ]
INFO: [ app_end ] --END-- [ RunTime:0.001000s ]

