[ 2019-06-24T10:27:40+08:00 ] 127.0.0.1 /
INFO: [ app_init ] --START--
INFO: Run Behavior\BuildLiteBehavior [ RunTime:0.000000s ]
INFO: [ app_init ] --END-- [ RunTime:0.001000s ]
INFO: [ app_begin ] --START--
INFO: Run Behavior\ReadHtmlCacheBehavior [ RunTime:0.002000s ]
INFO: [ app_begin ] --END-- [ RunTime:0.002000s ]
NOTIC: [2048] Declaration of Common\Model\ArticleModel::addData() should be compatible with Common\Model\BaseModel::addData($data) D:\phpStudy\PHPTutorial\WWW\shipplatform2\Ship\Common\Model\ArticleModel.class.php 第 9 行.
NOTIC: [2048] Declaration of Common\Model\ArticleModel::editData() should be compatible with Common\Model\BaseModel::editData($map, $data) D:\phpStudy\PHPTutorial\WWW\shipplatform2\Ship\Common\Model\ArticleModel.class.php 第 9 行.
NOTIC: [2048] Declaration of Common\Model\ArticleModel::deleteData() should be compatible with Common\Model\BaseModel::deleteData($map) D:\phpStudy\PHPTutorial\WWW\shipplatform2\Ship\Common\Model\ArticleModel.class.php 第 9 行.
SQL: SHOW COLUMNS FROM `article` [ RunTime:0.0050s ]
SQL: SELECT COUNT(*) AS tp_count FROM `article` WHERE `is_show` = 1 LIMIT 1   [ RunTime:0.0000s ]
SQL: SELECT * FROM `article` WHERE `is_show` = 1 ORDER BY addtime desc LIMIT 0,9   [ RunTime:0.0000s ]
NOTIC: [2048] Declaration of Common\Model\ArticlePicModel::addData() should be compatible with Common\Model\BaseModel::addData($data) D:\phpStudy\PHPTutorial\WWW\shipplatform2\Ship\Common\Model\ArticlePicModel.class.php 第 45 行.
SQL: SHOW COLUMNS FROM `article_pic` [ RunTime:0.0050s ]
SQL: SELECT `path` FROM `article_pic` WHERE `aid` = 2 ORDER BY ap_id asc LIMIT 1   [ RunTime:0.0010s ]
SQL: SELECT `path` FROM `article_pic` WHERE `aid` = 4 ORDER BY ap_id asc LIMIT 1   [ RunTime:0.0000s ]
SQL: SELECT `path` FROM `article_pic` WHERE `aid` = 3 ORDER BY ap_id asc LIMIT 1   [ RunTime:0.0010s ]
INFO: [ view_parse ] --START--
INFO: [ template_filter ] --START--
INFO: Run Behavior\ContentReplaceBehavior [ RunTime:0.000000s ]
INFO: [ template_filter ] --END-- [ RunTime:0.001000s ]
NOTIC: [8] Undefined index: user_info D:\phpStudy\PHPTutorial\WWW\shipplatform2\Runtime\Cache\Index\00f10dc46754799bb45e9739e17464f3.php 第 93 行.
NOTIC: [8] Undefined index: user_info D:\phpStudy\PHPTutorial\WWW\shipplatform2\Runtime\Cache\Index\00f10dc46754799bb45e9739e17464f3.php 第 113 行.
NOTIC: [8] Undefined index: user_info D:\phpStudy\PHPTutorial\WWW\shipplatform2\Runtime\Cache\Index\00f10dc46754799bb45e9739e17464f3.php 第 117 行.
INFO: Run Behavior\ParseTemplateBehavior [ RunTime:0.198011s ]
INFO: [ view_parse ] --END-- [ RunTime:0.198011s ]
INFO: [ view_filter ] --START--
INFO: Run Behavior\WriteHtmlCacheBehavior [ RunTime:0.001001s ]
INFO: [ view_filter ] --END-- [ RunTime:0.002001s ]
INFO: [ app_end ] --START--
INFO: Run Behavior\ShowPageTraceBehavior [ RunTime:0.001001s ]
INFO: [ app_end ] --END-- [ RunTime:0.001001s ]

[ 2019-06-24T10:27:41+08:00 ] 127.0.0.1 /favicon.ico
INFO: [ app_init ] --START--
INFO: Run Behavior\BuildLiteBehavior [ RunTime:0.000000s ]
INFO: [ app_init ] --END-- [ RunTime:0.001000s ]

[ 2019-06-24T10:27:42+08:00 ] 127.0.0.1 /index.php?s=/Login/login
INFO: [ app_init ] --START--
INFO: Run Behavior\BuildLiteBehavior [ RunTime:0.000000s ]
INFO: [ app_init ] --END-- [ RunTime:0.002001s ]
INFO: [ app_begin ] --START--
INFO: Run Behavior\ReadHtmlCacheBehavior [ RunTime:0.000000s ]
INFO: [ app_begin ] --END-- [ RunTime:0.002000s ]
INFO: [ view_parse ] --START--
INFO: [ template_filter ] --START--
INFO: Run Behavior\ContentReplaceBehavior [ RunTime:0.000000s ]
INFO: [ template_filter ] --END-- [ RunTime:0.001001s ]
INFO: Run Behavior\ParseTemplateBehavior [ RunTime:0.029002s ]
INFO: [ view_parse ] --END-- [ RunTime:0.029002s ]
INFO: [ view_filter ] --START--
INFO: Run Behavior\WriteHtmlCacheBehavior [ RunTime:0.001000s ]
INFO: [ view_filter ] --END-- [ RunTime:0.001000s ]
INFO: [ app_end ] --START--
INFO: Run Behavior\ShowPageTraceBehavior [ RunTime:0.001000s ]
INFO: [ app_end ] --END-- [ RunTime:0.001000s ]

[ 2019-06-24T10:28:35+08:00 ] 127.0.0.1 /Public/Admin/static/ajaximg/lrz.all.bundle.js.map
INFO: [ app_init ] --START--
INFO: Run Behavior\BuildLiteBehavior [ RunTime:0.000000s ]
INFO: [ app_init ] --END-- [ RunTime:0.001000s ]
INFO: [ app_begin ] --START--
INFO: Run Behavior\ReadHtmlCacheBehavior [ RunTime:0.001000s ]
INFO: [ app_begin ] --END-- [ RunTime:0.001000s ]
ERR: 无法加载控制器:Public

[ 2019-06-24T10:28:41+08:00 ] 127.0.0.1 /index.php
INFO: [ app_init ] --START--
INFO: Run Behavior\BuildLiteBehavior [ RunTime:0.000000s ]
INFO: [ app_init ] --END-- [ RunTime:0.001000s ]
INFO: [ app_begin ] --START--
INFO: Run Behavior\ReadHtmlCacheBehavior [ RunTime:0.001000s ]
INFO: [ app_begin ] --END-- [ RunTime:0.001000s ]
NOTIC: [2048] Declaration of Common\Model\ArticleModel::addData() should be compatible with Common\Model\BaseModel::addData($data) D:\phpStudy\PHPTutorial\WWW\shipplatform2\Ship\Common\Model\ArticleModel.class.php 第 9 行.
NOTIC: [2048] Declaration of Common\Model\ArticleModel::editData() should be compatible with Common\Model\BaseModel::editData($map, $data) D:\phpStudy\PHPTutorial\WWW\shipplatform2\Ship\Common\Model\ArticleModel.class.php 第 9 行.
NOTIC: [2048] Declaration of Common\Model\ArticleModel::deleteData() should be compatible with Common\Model\BaseModel::deleteData($map) D:\phpStudy\PHPTutorial\WWW\shipplatform2\Ship\Common\Model\ArticleModel.class.php 第 9 行.
SQL: SHOW COLUMNS FROM `article` [ RunTime:0.0060s ]
SQL: SELECT COUNT(*) AS tp_count FROM `article` WHERE `is_show` = 1 LIMIT 1   [ RunTime:0.0000s ]
SQL: SELECT * FROM `article` WHERE `is_show` = 1 ORDER BY addtime desc LIMIT 0,9   [ RunTime:0.0020s ]
NOTIC: [2048] Declaration of Common\Model\ArticlePicModel::addData() should be compatible with Common\Model\BaseModel::addData($data) D:\phpStudy\PHPTutorial\WWW\shipplatform2\Ship\Common\Model\ArticlePicModel.class.php 第 45 行.
SQL: SHOW COLUMNS FROM `article_pic` [ RunTime:0.0050s ]
SQL: SELECT `path` FROM `article_pic` WHERE `aid` = 2 ORDER BY ap_id asc LIMIT 1   [ RunTime:0.0000s ]
SQL: SELECT `path` FROM `article_pic` WHERE `aid` = 4 ORDER BY ap_id asc LIMIT 1   [ RunTime:0.0000s ]
SQL: SELECT `path` FROM `article_pic` WHERE `aid` = 3 ORDER BY ap_id asc LIMIT 1   [ RunTime:0.0000s ]
INFO: [ view_parse ] --START--
INFO: [ template_filter ] --START--
INFO: Run Behavior\ContentReplaceBehavior [ RunTime:0.000000s ]
INFO: [ template_filter ] --END-- [ RunTime:0.000000s ]
NOTIC: [8] Undefined index: user_info D:\phpStudy\PHPTutorial\WWW\shipplatform2\Runtime\Cache\Index\00f10dc46754799bb45e9739e17464f3.php 第 93 行.
NOTIC: [8] Undefined index: user_info D:\phpStudy\PHPTutorial\WWW\shipplatform2\Runtime\Cache\Index\00f10dc46754799bb45e9739e17464f3.php 第 113 行.
NOTIC: [8] Undefined index: user_info D:\phpStudy\PHPTutorial\WWW\shipplatform2\Runtime\Cache\Index\00f10dc46754799bb45e9739e17464f3.php 第 117 行.
INFO: Run Behavior\ParseTemplateBehavior [ RunTime:0.031002s ]
INFO: [ view_parse ] --END-- [ RunTime:0.032002s ]
INFO: [ view_filter ] --START--
INFO: Run Behavior\WriteHtmlCacheBehavior [ RunTime:0.001000s ]
INFO: [ view_filter ] --END-- [ RunTime:0.001000s ]
INFO: [ app_end ] --START--
INFO: Run Behavior\ShowPageTraceBehavior [ RunTime:0.002000s ]
INFO: [ app_end ] --END-- [ RunTime:0.002000s ]

[ 2019-06-24T10:29:05+08:00 ] 127.0.0.1 /Public/Admin/static/ajaximg/lrz.all.bundle.js.map
INFO: [ app_init ] --START--
INFO: Run Behavior\BuildLiteBehavior [ RunTime:0.000000s ]
INFO: [ app_init ] --END-- [ RunTime:0.001000s ]
INFO: [ app_begin ] --START--
INFO: Run Behavior\ReadHtmlCacheBehavior [ RunTime:0.000000s ]
INFO: [ app_begin ] --END-- [ RunTime:0.002001s ]
ERR: 无法加载控制器:Public

[ 2019-06-24T10:29:14+08:00 ] 127.0.0.1 /Public/Admin/static/ajaximg/lrz.all.bundle.js.map
INFO: [ app_init ] --START--
INFO: Run Behavior\BuildLiteBehavior [ RunTime:0.001000s ]
INFO: [ app_init ] --END-- [ RunTime:0.001000s ]
INFO: [ app_begin ] --START--
INFO: Run Behavior\ReadHtmlCacheBehavior [ RunTime:0.001000s ]
INFO: [ app_begin ] --END-- [ RunTime:0.001000s ]
ERR: 无法加载控制器:Public

[ 2019-06-24T12:50:29+08:00 ] 127.0.0.1 /
INFO: [ app_init ] --START--
INFO: Run Behavior\BuildLiteBehavior [ RunTime:0.000000s ]
INFO: [ app_init ] --END-- [ RunTime:0.001000s ]
INFO: [ app_begin ] --START--
INFO: Run Behavior\ReadHtmlCacheBehavior [ RunTime:0.003000s ]
INFO: [ app_begin ] --END-- [ RunTime:0.003000s ]
NOTIC: [2048] Declaration of Common\Model\ArticleModel::addData() should be compatible with Common\Model\BaseModel::addData($data) D:\phpStudy\PHPTutorial\WWW\shipplatform2\Ship\Common\Model\ArticleModel.class.php 第 9 行.
NOTIC: [2048] Declaration of Common\Model\ArticleModel::editData() should be compatible with Common\Model\BaseModel::editData($map, $data) D:\phpStudy\PHPTutorial\WWW\shipplatform2\Ship\Common\Model\ArticleModel.class.php 第 9 行.
NOTIC: [2048] Declaration of Common\Model\ArticleModel::deleteData() should be compatible with Common\Model\BaseModel::deleteData($map) D:\phpStudy\PHPTutorial\WWW\shipplatform2\Ship\Common\Model\ArticleModel.class.php 第 9 行.
SQL: SHOW COLUMNS FROM `article` [ RunTime:0.0060s ]
SQL: SELECT COUNT(*) AS tp_count FROM `article` WHERE `is_show` = 1 LIMIT 1   [ RunTime:0.0010s ]
SQL: SELECT * FROM `article` WHERE `is_show` = 1 ORDER BY addtime desc LIMIT 0,9   [ RunTime:0.0000s ]
NOTIC: [2048] Declaration of Common\Model\ArticlePicModel::addData() should be compatible with Common\Model\BaseModel::addData($data) D:\phpStudy\PHPTutorial\WWW\shipplatform2\Ship\Common\Model\ArticlePicModel.class.php 第 45 行.
SQL: SHOW COLUMNS FROM `article_pic` [ RunTime:0.0060s ]
SQL: SELECT `path` FROM `article_pic` WHERE `aid` = 2 ORDER BY ap_id asc LIMIT 1   [ RunTime:0.0010s ]
SQL: SELECT `path` FROM `article_pic` WHERE `aid` = 4 ORDER BY ap_id asc LIMIT 1   [ RunTime:0.0000s ]
SQL: SELECT `path` FROM `article_pic` WHERE `aid` = 3 ORDER BY ap_id asc LIMIT 1   [ RunTime:0.0010s ]
INFO: [ view_parse ] --START--
INFO: [ template_filter ] --START--
INFO: Run Behavior\ContentReplaceBehavior [ RunTime:0.000000s ]
INFO: [ template_filter ] --END-- [ RunTime:0.001000s ]
NOTIC: [8] Undefined index: user_info D:\phpStudy\PHPTutorial\WWW\shipplatform2\Runtime\Cache\Index\00f10dc46754799bb45e9739e17464f3.php 第 93 行.
NOTIC: [8] Undefined index: user_info D:\phpStudy\PHPTutorial\WWW\shipplatform2\Runtime\Cache\Index\00f10dc46754799bb45e9739e17464f3.php 第 113 行.
NOTIC: [8] Undefined index: user_info D:\phpStudy\PHPTutorial\WWW\shipplatform2\Runtime\Cache\Index\00f10dc46754799bb45e9739e17464f3.php 第 117 行.
INFO: Run Behavior\ParseTemplateBehavior [ RunTime:0.042003s ]
INFO: [ view_parse ] --END-- [ RunTime:0.042003s ]
INFO: [ view_filter ] --START--
INFO: Run Behavior\WriteHtmlCacheBehavior [ RunTime:0.001000s ]
INFO: [ view_filter ] --END-- [ RunTime:0.002000s ]
INFO: [ app_end ] --START--
INFO: Run Behavior\ShowPageTraceBehavior [ RunTime:0.001000s ]
INFO: [ app_end ] --END-- [ RunTime:0.003000s ]

[ 2019-06-24T15:55:45+08:00 ] 127.0.0.1 /
INFO: [ app_init ] --START--
INFO: Run Behavior\BuildLiteBehavior [ RunTime:0.000000s ]
INFO: [ app_init ] --END-- [ RunTime:0.001001s ]
INFO: [ app_begin ] --START--
INFO: Run Behavior\ReadHtmlCacheBehavior [ RunTime:0.002000s ]
INFO: [ app_begin ] --END-- [ RunTime:0.002000s ]
NOTIC: [2048] Declaration of Common\Model\ArticleModel::addData() should be compatible with Common\Model\BaseModel::addData($data) D:\phpStudy\PHPTutorial\WWW\shipplatform2\Ship\Common\Model\ArticleModel.class.php 第 9 行.
NOTIC: [2048] Declaration of Common\Model\ArticleModel::editData() should be compatible with Common\Model\BaseModel::editData($map, $data) D:\phpStudy\PHPTutorial\WWW\shipplatform2\Ship\Common\Model\ArticleModel.class.php 第 9 行.
NOTIC: [2048] Declaration of Common\Model\ArticleModel::deleteData() should be compatible with Common\Model\BaseModel::deleteData($map) D:\phpStudy\PHPTutorial\WWW\shipplatform2\Ship\Common\Model\ArticleModel.class.php 第 9 行.
SQL: SHOW COLUMNS FROM `article` [ RunTime:0.0090s ]
SQL: SELECT COUNT(*) AS tp_count FROM `article` WHERE `is_show` = 1 LIMIT 1   [ RunTime:0.0010s ]
SQL: SELECT * FROM `article` WHERE `is_show` = 1 ORDER BY addtime desc LIMIT 0,9   [ RunTime:0.0100s ]
NOTIC: [2048] Declaration of Common\Model\ArticlePicModel::addData() should be compatible with Common\Model\BaseModel::addData($data) D:\phpStudy\PHPTutorial\WWW\shipplatform2\Ship\Common\Model\ArticlePicModel.class.php 第 45 行.
SQL: SHOW COLUMNS FROM `article_pic` [ RunTime:0.0080s ]
SQL: SELECT `path` FROM `article_pic` WHERE `aid` = 2 ORDER BY ap_id asc LIMIT 1   [ RunTime:0.0010s ]
SQL: SELECT `path` FROM `article_pic` WHERE `aid` = 4 ORDER BY ap_id asc LIMIT 1   [ RunTime:0.0010s ]
SQL: SELECT `path` FROM `article_pic` WHERE `aid` = 3 ORDER BY ap_id asc LIMIT 1   [ RunTime:0.0020s ]
INFO: [ view_parse ] --START--
INFO: [ template_filter ] --START--
INFO: Run Behavior\ContentReplaceBehavior [ RunTime:0.001000s ]
INFO: [ template_filter ] --END-- [ RunTime:0.001000s ]
NOTIC: [8] Undefined index: user_info D:\phpStudy\PHPTutorial\WWW\shipplatform2\Runtime\Cache\Index\00f10dc46754799bb45e9739e17464f3.php 第 93 行.
NOTIC: [8] Undefined index: user_info D:\phpStudy\PHPTutorial\WWW\shipplatform2\Runtime\Cache\Index\00f10dc46754799bb45e9739e17464f3.php 第 113 行.
NOTIC: [8] Undefined index: user_info D:\phpStudy\PHPTutorial\WWW\shipplatform2\Runtime\Cache\Index\00f10dc46754799bb45e9739e17464f3.php 第 117 行.
INFO: Run Behavior\ParseTemplateBehavior [ RunTime:0.047002s ]
INFO: [ view_parse ] --END-- [ RunTime:0.048002s ]
INFO: [ view_filter ] --START--
INFO: Run Behavior\WriteHtmlCacheBehavior [ RunTime:0.001001s ]
INFO: [ view_filter ] --END-- [ RunTime:0.001001s ]
INFO: [ app_end ] --START--
INFO: Run Behavior\ShowPageTraceBehavior [ RunTime:0.002001s ]
INFO: [ app_end ] --END-- [ RunTime:0.002001s ]

[ 2019-06-24T15:55:46+08:00 ] 127.0.0.1 /favicon.ico
INFO: [ app_init ] --START--
INFO: Run Behavior\BuildLiteBehavior [ RunTime:0.001000s ]
INFO: [ app_init ] --END-- [ RunTime:0.001000s ]

[ 2019-06-24T15:55:49+08:00 ] 127.0.0.1 /index.php?s=/Search/index
INFO: [ app_init ] --START--
INFO: Run Behavior\BuildLiteBehavior [ RunTime:0.000000s ]
INFO: [ app_init ] --END-- [ RunTime:0.001000s ]
INFO: [ app_begin ] --START--
INFO: Run Behavior\ReadHtmlCacheBehavior [ RunTime:0.002000s ]
INFO: [ app_begin ] --END-- [ RunTime:0.002000s ]
NOTIC: [8] Undefined index: user_info D:\phpStudy\PHPTutorial\WWW\shipplatform2\Ship\Common\Controller\IndexBaseController.class.php 第 31 行.
INFO: [ view_parse ] --START--
INFO: [ template_filter ] --START--
INFO: Run Behavior\ContentReplaceBehavior [ RunTime:0.000000s ]
INFO: [ template_filter ] --END-- [ RunTime:0.000000s ]
INFO: Run Behavior\ParseTemplateBehavior [ RunTime:0.015001s ]
INFO: [ view_parse ] --END-- [ RunTime:0.015001s ]
INFO: [ view_filter ] --START--
INFO: Run Behavior\WriteHtmlCacheBehavior [ RunTime:0.002000s ]
INFO: [ view_filter ] --END-- [ RunTime:0.003000s ]

[ 2019-06-24T15:55:51+08:00 ] 127.0.0.1 /index.php?s=/Login/login
INFO: [ app_init ] --START--
INFO: Run Behavior\BuildLiteBehavior [ RunTime:0.000000s ]
INFO: [ app_init ] --END-- [ RunTime:0.001000s ]
INFO: [ app_begin ] --START--
INFO: Run Behavior\ReadHtmlCacheBehavior [ RunTime:0.001000s ]
INFO: [ app_begin ] --END-- [ RunTime:0.002000s ]
INFO: [ view_parse ] --START--
INFO: [ template_filter ] --START--
INFO: Run Behavior\ContentReplaceBehavior [ RunTime:0.001000s ]
INFO: [ template_filter ] --END-- [ RunTime:0.002000s ]
INFO: Run Behavior\ParseTemplateBehavior [ RunTime:0.021002s ]
INFO: [ view_parse ] --END-- [ RunTime:0.021002s ]
INFO: [ view_filter ] --START--
INFO: Run Behavior\WriteHtmlCacheBehavior [ RunTime:0.001000s ]
INFO: [ view_filter ] --END-- [ RunTime:0.002000s ]
INFO: [ app_end ] --START--
INFO: Run Behavior\ShowPageTraceBehavior [ RunTime:0.002000s ]
INFO: [ app_end ] --END-- [ RunTime:0.002000s ]

[ 2019-06-24T15:55:59+08:00 ] 127.0.0.1 /index.php?s=/Login/login
INFO: [ app_init ] --START--
INFO: Run Behavior\BuildLiteBehavior [ RunTime:0.000000s ]
INFO: [ app_init ] --END-- [ RunTime:0.001000s ]
INFO: [ app_begin ] --START--
INFO: Run Behavior\ReadHtmlCacheBehavior [ RunTime:0.002000s ]
INFO: [ app_begin ] --END-- [ RunTime:0.002000s ]
SQL: SHOW COLUMNS FROM `user` [ RunTime:0.0060s ]
SQL: SELECT u.id,u.username,u.imei,u.firmid,u.pid,u.status,u.phone,f.firmname,f.logo FROM user u left join firm f on f.id = u.firmid  WHERE u.title = 'xie01' AND u.pwd = 'efc54d7173925bd1c25f053511c18cb8' LIMIT 1   [ RunTime:0.0010s ]
SQL: SELECT `status`,`firmid` FROM `user` WHERE `id` = 9 LIMIT 1   [ RunTime:0.0000s ]
SQL: SHOW COLUMNS FROM `firm` [ RunTime:0.0050s ]
SQL: SELECT `expire_time`,`creditline`,`balance`,`membertype` FROM `firm` WHERE `id` = 21 LIMIT 1   [ RunTime:0.0000s ]
SQL: SHOW COLUMNS FROM `electronic_visa` [ RunTime:0.0050s ]
SQL: SELECT r.id,r.time,r.grade1,r.grade2,r.uid,r.shipid FROM electronic_visa e left join result r on r.id = e.resultid  WHERE (  (  r.grade1 = 0 ) OR (  r.grade2 = 0 ) )  [ RunTime:0.0010s ]
SQL: SHOW COLUMNS FROM `result` [ RunTime:0.0060s ]
INFO: [ view_parse ] --START--
INFO: [ template_filter ] --START--
INFO: Run Behavior\ContentReplaceBehavior [ RunTime:0.000000s ]
INFO: [ template_filter ] --END-- [ RunTime:0.001000s ]
INFO: Run Behavior\ParseTemplateBehavior [ RunTime:0.013001s ]
INFO: [ view_parse ] --END-- [ RunTime:0.013001s ]
INFO: [ view_filter ] --START--
INFO: Run Behavior\WriteHtmlCacheBehavior [ RunTime:0.001000s ]
INFO: [ view_filter ] --END-- [ RunTime:0.001000s ]
INFO: [ app_end ] --START--
INFO: Run Behavior\ShowPageTraceBehavior [ RunTime:0.001000s ]
INFO: [ app_end ] --END-- [ RunTime:0.001000s ]

[ 2019-06-24T15:56:00+08:00 ] 127.0.0.1 /index.php?s=/Index/index
INFO: [ app_init ] --START--
INFO: Run Behavior\BuildLiteBehavior [ RunTime:0.000000s ]
INFO: [ app_init ] --END-- [ RunTime:0.001000s ]
INFO: [ app_begin ] --START--
INFO: Run Behavior\ReadHtmlCacheBehavior [ RunTime:0.002000s ]
INFO: [ app_begin ] --END-- [ RunTime:0.002000s ]
NOTIC: [2048] Declaration of Common\Model\ArticleModel::addData() should be compatible with Common\Model\BaseModel::addData($data) D:\phpStudy\PHPTutorial\WWW\shipplatform2\Ship\Common\Model\ArticleModel.class.php 第 9 行.
NOTIC: [2048] Declaration of Common\Model\ArticleModel::editData() should be compatible with Common\Model\BaseModel::editData($map, $data) D:\phpStudy\PHPTutorial\WWW\shipplatform2\Ship\Common\Model\ArticleModel.class.php 第 9 行.
NOTIC: [2048] Declaration of Common\Model\ArticleModel::deleteData() should be compatible with Common\Model\BaseModel::deleteData($map) D:\phpStudy\PHPTutorial\WWW\shipplatform2\Ship\Common\Model\ArticleModel.class.php 第 9 行.
SQL: SHOW COLUMNS FROM `article` [ RunTime:0.0130s ]
SQL: SELECT COUNT(*) AS tp_count FROM `article` WHERE `is_show` = 1 LIMIT 1   [ RunTime:0.0010s ]
SQL: SELECT * FROM `article` WHERE `is_show` = 1 ORDER BY addtime desc LIMIT 0,9   [ RunTime:0.0000s ]
NOTIC: [2048] Declaration of Common\Model\ArticlePicModel::addData() should be compatible with Common\Model\BaseModel::addData($data) D:\phpStudy\PHPTutorial\WWW\shipplatform2\Ship\Common\Model\ArticlePicModel.class.php 第 45 行.
SQL: SHOW COLUMNS FROM `article_pic` [ RunTime:0.0060s ]
SQL: SELECT `path` FROM `article_pic` WHERE `aid` = 2 ORDER BY ap_id asc LIMIT 1   [ RunTime:0.0000s ]
SQL: SELECT `path` FROM `article_pic` WHERE `aid` = 4 ORDER BY ap_id asc LIMIT 1   [ RunTime:0.0000s ]
SQL: SELECT `path` FROM `article_pic` WHERE `aid` = 3 ORDER BY ap_id asc LIMIT 1   [ RunTime:0.0010s ]
INFO: [ view_parse ] --START--
INFO: [ template_filter ] --START--
INFO: Run Behavior\ContentReplaceBehavior [ RunTime:0.000000s ]
INFO: [ template_filter ] --END-- [ RunTime:0.001000s ]
INFO: Run Behavior\ParseTemplateBehavior [ RunTime:0.046002s ]
INFO: [ view_parse ] --END-- [ RunTime:0.046002s ]
INFO: [ view_filter ] --START--
INFO: Run Behavior\WriteHtmlCacheBehavior [ RunTime:0.001000s ]
INFO: [ view_filter ] --END-- [ RunTime:0.001000s ]
INFO: [ app_end ] --START--
INFO: Run Behavior\ShowPageTraceBehavior [ RunTime:0.002000s ]
INFO: [ app_end ] --END-- [ RunTime:0.002000s ]

[ 2019-06-24T15:56:00+08:00 ] 127.0.0.1 /index.php?s=/Index/index
INFO: [ app_init ] --START--
INFO: Run Behavior\BuildLiteBehavior [ RunTime:0.000000s ]
INFO: [ app_init ] --END-- [ RunTime:0.001000s ]
INFO: [ app_begin ] --START--
INFO: Run Behavior\ReadHtmlCacheBehavior [ RunTime:0.002000s ]
INFO: [ app_begin ] --END-- [ RunTime:0.002000s ]
NOTIC: [2048] Declaration of Common\Model\ArticleModel::addData() should be compatible with Common\Model\BaseModel::addData($data) D:\phpStudy\PHPTutorial\WWW\shipplatform2\Ship\Common\Model\ArticleModel.class.php 第 9 行.
NOTIC: [2048] Declaration of Common\Model\ArticleModel::editData() should be compatible with Common\Model\BaseModel::editData($map, $data) D:\phpStudy\PHPTutorial\WWW\shipplatform2\Ship\Common\Model\ArticleModel.class.php 第 9 行.
NOTIC: [2048] Declaration of Common\Model\ArticleModel::deleteData() should be compatible with Common\Model\BaseModel::deleteData($map) D:\phpStudy\PHPTutorial\WWW\shipplatform2\Ship\Common\Model\ArticleModel.class.php 第 9 行.
SQL: SHOW COLUMNS FROM `article` [ RunTime:0.0060s ]
SQL: SELECT COUNT(*) AS tp_count FROM `article` WHERE `is_show` = 1 LIMIT 1   [ RunTime:0.0000s ]
SQL: SELECT * FROM `article` WHERE `is_show` = 1 ORDER BY addtime desc LIMIT 0,9   [ RunTime:0.0010s ]
NOTIC: [2048] Declaration of Common\Model\ArticlePicModel::addData() should be compatible with Common\Model\BaseModel::addData($data) D:\phpStudy\PHPTutorial\WWW\shipplatform2\Ship\Common\Model\ArticlePicModel.class.php 第 45 行.
SQL: SHOW COLUMNS FROM `article_pic` [ RunTime:0.0070s ]
SQL: SELECT `path` FROM `article_pic` WHERE `aid` = 2 ORDER BY ap_id asc LIMIT 1   [ RunTime:0.0000s ]
SQL: SELECT `path` FROM `article_pic` WHERE `aid` = 4 ORDER BY ap_id asc LIMIT 1   [ RunTime:0.0000s ]
SQL: SELECT `path` FROM `article_pic` WHERE `aid` = 3 ORDER BY ap_id asc LIMIT 1   [ RunTime:0.0000s ]
INFO: [ view_parse ] --START--
INFO: [ template_filter ] --START--
INFO: Run Behavior\ContentReplaceBehavior [ RunTime:0.000000s ]
INFO: [ template_filter ] --END-- [ RunTime:0.001000s ]
INFO: Run Behavior\ParseTemplateBehavior [ RunTime:0.044003s ]
INFO: [ view_parse ] --END-- [ RunTime:0.045003s ]
INFO: [ view_filter ] --START--
INFO: Run Behavior\WriteHtmlCacheBehavior [ RunTime:0.001000s ]
INFO: [ view_filter ] --END-- [ RunTime:0.001000s ]
INFO: [ app_end ] --START--
INFO: Run Behavior\ShowPageTraceBehavior [ RunTime:0.001000s ]
INFO: [ app_end ] --END-- [ RunTime:0.002000s ]

[ 2019-06-24T15:56:01+08:00 ] 127.0.0.1 /shipPlatform/Upload/firm/2019-01-30/5c51002695569.jpg
INFO: [ app_init ] --START--
INFO: Run Behavior\BuildLiteBehavior [ RunTime:0.000000s ]
INFO: [ app_init ] --END-- [ RunTime:0.001000s ]

[ 2019-06-24T15:56:04+08:00 ] 127.0.0.1 /index.php?s=/Ship/index
INFO: [ app_init ] --START--
INFO: Run Behavior\BuildLiteBehavior [ RunTime:0.000000s ]
INFO: [ app_init ] --END-- [ RunTime:0.001000s ]
INFO: [ app_begin ] --START--
INFO: Run Behavior\ReadHtmlCacheBehavior [ RunTime:0.001000s ]
INFO: [ app_begin ] --END-- [ RunTime:0.002000s ]
SQL: SHOW COLUMNS FROM `user` [ RunTime:0.0050s ]
SQL: SELECT `firmid` FROM `user` WHERE `id` = 9 LIMIT 1   [ RunTime:0.0010s ]
SQL: SHOW COLUMNS FROM `ship` [ RunTime:0.0070s ]
SQL: SHOW COLUMNS FROM `user` [ RunTime:0.0070s ]
SQL: SELECT * FROM `user` WHERE `id` = 9 LIMIT 1   [ RunTime:0.0000s ]
SQL: SHOW COLUMNS FROM `firm` [ RunTime:0.0050s ]
SQL: SELECT * FROM `firm` WHERE `id` = 21 LIMIT 1   [ RunTime:0.0010s ]
SQL: SELECT COUNT(*) AS tp_count FROM `ship` WHERE `id` IN ('6','7','8','9','10','11','12','13','14','75','76','77','78','79','81','15','16','82','83','84','85','86','87','88') LIMIT 1   [ RunTime:0.0010s ]
SQL: SELECT * FROM `ship` WHERE `id` IN ('6','7','8','9','10','11','12','13','14','75','76','77','78','79','81','15','16','82','83','84','85','86','87','88') ORDER BY id desc LIMIT 0,20   [ RunTime:0.0010s ]
SQL: SELECT * FROM `ship` WHERE `id` IN ('6','7','8','9','10','11','12','13','14','75','76','77','78','79','81','15','16','82','83','84','85','86','87','88') ORDER BY id desc  [ RunTime:0.0010s ]
SQL: SELECT `id`,`firmname` FROM `firm` WHERE `firmtype` = 2  [ RunTime:0.0000s ]
INFO: [ view_parse ] --START--
INFO: [ template_filter ] --START--
INFO: Run Behavior\ContentReplaceBehavior [ RunTime:0.001001s ]
INFO: [ template_filter ] --END-- [ RunTime:0.001001s ]
INFO: Run Behavior\ParseTemplateBehavior [ RunTime:0.086005s ]
INFO: [ view_parse ] --END-- [ RunTime:0.086005s ]
INFO: [ view_filter ] --START--
INFO: Run Behavior\WriteHtmlCacheBehavior [ RunTime:0.002000s ]
INFO: [ view_filter ] --END-- [ RunTime:0.002000s ]
INFO: [ app_end ] --START--
INFO: Run Behavior\ShowPageTraceBehavior [ RunTime:0.001000s ]
INFO: [ app_end ] --END-- [ RunTime:0.002000s ]

[ 2019-06-24T15:56:04+08:00 ] 127.0.0.1 /shipPlatform/Upload/firm/2019-01-30/5c51002695569.jpg
INFO: [ app_init ] --START--
INFO: Run Behavior\BuildLiteBehavior [ RunTime:0.000000s ]
INFO: [ app_init ] --END-- [ RunTime:0.001000s ]

[ 2019-06-24T15:56:05+08:00 ] 127.0.0.1 /index.php?s=/Cabin/index/shipid/88
INFO: [ app_init ] --START--
INFO: Run Behavior\BuildLiteBehavior [ RunTime:0.000000s ]
INFO: [ app_init ] --END-- [ RunTime:0.001001s ]
INFO: [ app_begin ] --START--
INFO: Run Behavior\ReadHtmlCacheBehavior [ RunTime:0.001000s ]
INFO: [ app_begin ] --END-- [ RunTime:0.001000s ]
SQL: SHOW COLUMNS FROM `user` [ RunTime:0.0060s ]
SQL: SELECT `firmid` FROM `user` WHERE `id` = 9 LIMIT 1   [ RunTime:0.0000s ]
SQL: SHOW COLUMNS FROM `cabin` [ RunTime:0.0060s ]
SQL: SELECT COUNT(*) AS tp_count FROM cabin c WHERE (  1 ) AND c.shipid = '88' LIMIT 1   [ RunTime:0.0000s ]
SQL: SELECT c.id,c.cabinname,c.altitudeheight,c.bottom_volume,c.pipe_line,c.shipid,s.shipname,s.tankcapacityshipid,s.rongliang,s.rongliang_1,s.zx,s.zx_1 FROM cabin c left join ship s on s.id=c.shipid  WHERE (  1 ) AND c.shipid = '88' ORDER BY c.shipid asc,c.id asc LIMIT 0,20   [ RunTime:0.0000s ]
SQL: SHOW COLUMNS FROM `ship` [ RunTime:0.0060s ]
SQL: SELECT `id`,`shipname` FROM `ship` ORDER BY shipname desc  [ RunTime:0.0010s ]
INFO: [ view_parse ] --START--
INFO: [ template_filter ] --START--
INFO: Run Behavior\ContentReplaceBehavior [ RunTime:0.001000s ]
INFO: [ template_filter ] --END-- [ RunTime:0.001000s ]
INFO: Run Behavior\ParseTemplateBehavior [ RunTime:0.065004s ]
INFO: [ view_parse ] --END-- [ RunTime:0.065004s ]
INFO: [ view_filter ] --START--
INFO: Run Behavior\WriteHtmlCacheBehavior [ RunTime:0.000000s ]
INFO: [ view_filter ] --END-- [ RunTime:0.002000s ]
INFO: [ app_end ] --START--
INFO: Run Behavior\ShowPageTraceBehavior [ RunTime:0.002000s ]
INFO: [ app_end ] --END-- [ RunTime:0.002000s ]

[ 2019-06-24T15:56:06+08:00 ] 127.0.0.1 /shipPlatform/Upload/firm/2019-01-30/5c51002695569.jpg
INFO: [ app_init ] --START--
INFO: Run Behavior\BuildLiteBehavior [ RunTime:0.001001s ]
INFO: [ app_init ] --END-- [ RunTime:0.001001s ]

