[ 2019-09-05T08:34:57+08:00 ] 192.168.1.195 /shipplatform2/index.php
INFO: [ app_init ] --START--
INFO: Run Behavior\BuildLiteBehavior [ RunTime:0.000000s ]
INFO: [ app_init ] --END-- [ RunTime:0.104006s ]
INFO: [ app_begin ] --START--
INFO: Run Behavior\ReadHtmlCacheBehavior [ RunTime:0.014001s ]
INFO: [ app_begin ] --END-- [ RunTime:0.016001s ]
NOTIC: [2048] Declaration of Common\Model\ArticleModel::addData() should be compatible with Common\Model\BaseModel::addData($data) D:\phpStudy\PHPTutorial\WWW\shipplatform2\Ship\Common\Model\ArticleModel.class.php ç¬¬ 9 è¡Œ.
NOTIC: [2048] Declaration of Common\Model\ArticleModel::editData() should be compatible with Common\Model\BaseModel::editData($map, $data) D:\phpStudy\PHPTutorial\WWW\shipplatform2\Ship\Common\Model\ArticleModel.class.php ç¬¬ 9 è¡Œ.
NOTIC: [2048] Declaration of Common\Model\ArticleModel::deleteData() should be compatible with Common\Model\BaseModel::deleteData($map) D:\phpStudy\PHPTutorial\WWW\shipplatform2\Ship\Common\Model\ArticleModel.class.php ç¬¬ 9 è¡Œ.
ERR: SQLSTATE[HY000] [2002] ÓÉÓÚÄ¿±ê¼ÆËã»ú»ý¼«¾Ü¾ø£¬ÎÞ·¨Á¬½Ó¡£


[ 2019-09-05T08:34:58+08:00 ] 192.168.1.195 /shipplatform2/index.php
INFO: [ app_init ] --START--
INFO: Run Behavior\BuildLiteBehavior [ RunTime:0.000000s ]
INFO: [ app_init ] --END-- [ RunTime:0.000000s ]
INFO: [ app_begin ] --START--
INFO: Run Behavior\ReadHtmlCacheBehavior [ RunTime:0.001000s ]
INFO: [ app_begin ] --END-- [ RunTime:0.001000s ]
NOTIC: [2048] Declaration of Common\Model\ArticleModel::addData() should be compatible with Common\Model\BaseModel::addData($data) D:\phpStudy\PHPTutorial\WWW\shipplatform2\Ship\Common\Model\ArticleModel.class.php ç¬¬ 9 è¡Œ.
NOTIC: [2048] Declaration of Common\Model\ArticleModel::editData() should be compatible with Common\Model\BaseModel::editData($map, $data) D:\phpStudy\PHPTutorial\WWW\shipplatform2\Ship\Common\Model\ArticleModel.class.php ç¬¬ 9 è¡Œ.
NOTIC: [2048] Declaration of Common\Model\ArticleModel::deleteData() should be compatible with Common\Model\BaseModel::deleteData($map) D:\phpStudy\PHPTutorial\WWW\shipplatform2\Ship\Common\Model\ArticleModel.class.php ç¬¬ 9 è¡Œ.
ERR: SQLSTATE[HY000] [2002] ÓÉÓÚÄ¿±ê¼ÆËã»ú»ý¼«¾Ü¾ø£¬ÎÞ·¨Á¬½Ó¡£


[ 2019-09-05T08:35:03+08:00 ] 192.168.1.195 /shipplatform2/index.php
INFO: [ app_init ] --START--
INFO: Run Behavior\BuildLiteBehavior [ RunTime:0.000000s ]
INFO: [ app_init ] --END-- [ RunTime:0.001000s ]
INFO: [ app_begin ] --START--
INFO: Run Behavior\ReadHtmlCacheBehavior [ RunTime:0.000000s ]
INFO: [ app_begin ] --END-- [ RunTime:0.001000s ]
NOTIC: [2048] Declaration of Common\Model\ArticleModel::addData() should be compatible with Common\Model\BaseModel::addData($data) D:\phpStudy\PHPTutorial\WWW\shipplatform2\Ship\Common\Model\ArticleModel.class.php ç¬¬ 9 è¡Œ.
NOTIC: [2048] Declaration of Common\Model\ArticleModel::editData() should be compatible with Common\Model\BaseModel::editData($map, $data) D:\phpStudy\PHPTutorial\WWW\shipplatform2\Ship\Common\Model\ArticleModel.class.php ç¬¬ 9 è¡Œ.
NOTIC: [2048] Declaration of Common\Model\ArticleModel::deleteData() should be compatible with Common\Model\BaseModel::deleteData($map) D:\phpStudy\PHPTutorial\WWW\shipplatform2\Ship\Common\Model\ArticleModel.class.php ç¬¬ 9 è¡Œ.
SQL: SHOW COLUMNS FROM `article` [ RunTime:0.1060s ]
SQL: SELECT COUNT(*) AS tp_count FROM `article` WHERE `is_show` = 1 LIMIT 1   [ RunTime:0.0010s ]
SQL: SELECT * FROM `article` WHERE `is_show` = 1 ORDER BY addtime desc LIMIT 0,9   [ RunTime:0.0010s ]
NOTIC: [2048] Declaration of Common\Model\ArticlePicModel::addData() should be compatible with Common\Model\BaseModel::addData($data) D:\phpStudy\PHPTutorial\WWW\shipplatform2\Ship\Common\Model\ArticlePicModel.class.php ç¬¬ 45 è¡Œ.
SQL: SHOW COLUMNS FROM `article_pic` [ RunTime:0.0170s ]
SQL: SELECT `path` FROM `article_pic` WHERE `aid` = 2 ORDER BY ap_id asc LIMIT 1   [ RunTime:0.0000s ]
SQL: SELECT `path` FROM `article_pic` WHERE `aid` = 4 ORDER BY ap_id asc LIMIT 1   [ RunTime:0.0000s ]
SQL: SELECT `path` FROM `article_pic` WHERE `aid` = 3 ORDER BY ap_id asc LIMIT 1   [ RunTime:0.0000s ]
INFO: [ view_parse ] --START--
INFO: [ template_filter ] --START--
INFO: Run Behavior\ContentReplaceBehavior [ RunTime:0.001000s ]
INFO: [ template_filter ] --END-- [ RunTime:0.002000s ]
NOTIC: [8] Undefined index: user_info D:\phpStudy\PHPTutorial\WWW\shipplatform2\Runtime\Cache\Index\00f10dc46754799bb45e9739e17464f3.php ç¬¬ 93 è¡Œ.
NOTIC: [8] Undefined index: user_info D:\phpStudy\PHPTutorial\WWW\shipplatform2\Runtime\Cache\Index\00f10dc46754799bb45e9739e17464f3.php ç¬¬ 113 è¡Œ.
NOTIC: [8] Undefined index: user_info D:\phpStudy\PHPTutorial\WWW\shipplatform2\Runtime\Cache\Index\00f10dc46754799bb45e9739e17464f3.php ç¬¬ 117 è¡Œ.
INFO: Run Behavior\ParseTemplateBehavior [ RunTime:0.693039s ]
INFO: [ view_parse ] --END-- [ RunTime:0.693039s ]
INFO: [ view_filter ] --START--
INFO: Run Behavior\WriteHtmlCacheBehavior [ RunTime:0.021001s ]
INFO: [ view_filter ] --END-- [ RunTime:0.021001s ]
INFO: [ app_end ] --START--
INFO: Run Behavior\ShowPageTraceBehavior [ RunTime:0.023001s ]
INFO: [ app_end ] --END-- [ RunTime:0.023001s ]

[ 2019-09-05T08:46:09+08:00 ] 192.168.1.109 /shipplatform2/index.php?s=/Ship/index
INFO: [ app_init ] --START--
INFO: Run Behavior\BuildLiteBehavior [ RunTime:0.000000s ]
INFO: [ app_init ] --END-- [ RunTime:0.001000s ]
INFO: [ app_begin ] --START--
INFO: Run Behavior\ReadHtmlCacheBehavior [ RunTime:0.001000s ]
INFO: [ app_begin ] --END-- [ RunTime:0.001000s ]
NOTIC: [8] Undefined index: user_info D:\phpStudy\PHPTutorial\WWW\shipplatform2\Ship\Common\Controller\IndexBaseController.class.php ç¬¬ 31 è¡Œ.
INFO: [ view_parse ] --START--
INFO: [ template_filter ] --START--
INFO: Run Behavior\ContentReplaceBehavior [ RunTime:0.001000s ]
INFO: [ template_filter ] --END-- [ RunTime:0.001000s ]
INFO: Run Behavior\ParseTemplateBehavior [ RunTime:0.019001s ]
INFO: [ view_parse ] --END-- [ RunTime:0.020001s ]
INFO: [ view_filter ] --START--
INFO: Run Behavior\WriteHtmlCacheBehavior [ RunTime:0.001000s ]
INFO: [ view_filter ] --END-- [ RunTime:0.001000s ]

