[ 2019-08-14T14:27:43+08:00 ] 192.168.1.195 /shipplatform2/index.php?s=/Index/countGK
INFO: [ app_init ] --START--
INFO: Run Behavior\BuildLiteBehavior [ RunTime:0.000000s ]
INFO: [ app_init ] --END-- [ RunTime:0.001001s ]
INFO: [ app_begin ] --START--
INFO: Run Behavior\ReadHtmlCacheBehavior [ RunTime:0.001000s ]
INFO: [ app_begin ] --END-- [ RunTime:0.001000s ]
SQL: SHOW COLUMNS FROM `testcount` [ RunTime:0.0060s ]
SQL: SELECT sum(weight)/1000 as totalweight,pier FROM testcount GROUP BY pier ORDER BY totalweight desc [ RunTime:0.0820s ]
NOTIC: [8] Undefined index: cargo D:\phpStudy\PHPTutorial\WWW\shipplatform2\Ship\Index\Controller\IndexController.class.php 第 168 行.
NOTIC: [8] Undefined index: cargo D:\phpStudy\PHPTutorial\WWW\shipplatform2\Ship\Index\Controller\IndexController.class.php 第 168 行.
NOTIC: [8] Undefined index: cargo D:\phpStudy\PHPTutorial\WWW\shipplatform2\Ship\Index\Controller\IndexController.class.php 第 168 行.
NOTIC: [8] Undefined index: cargo D:\phpStudy\PHPTutorial\WWW\shipplatform2\Ship\Index\Controller\IndexController.class.php 第 168 行.
NOTIC: [8] Undefined index: cargo D:\phpStudy\PHPTutorial\WWW\shipplatform2\Ship\Index\Controller\IndexController.class.php 第 168 行.
NOTIC: [8] Undefined index: cargo D:\phpStudy\PHPTutorial\WWW\shipplatform2\Ship\Index\Controller\IndexController.class.php 第 168 行.
NOTIC: [8] Undefined index: cargo D:\phpStudy\PHPTutorial\WWW\shipplatform2\Ship\Index\Controller\IndexController.class.php 第 168 行.
NOTIC: [8] Undefined index: cargo D:\phpStudy\PHPTutorial\WWW\shipplatform2\Ship\Index\Controller\IndexController.class.php 第 168 行.
NOTIC: [8] Undefined index: cargo D:\phpStudy\PHPTutorial\WWW\shipplatform2\Ship\Index\Controller\IndexController.class.php 第 168 行.
INFO: [ view_parse ] --START--
INFO: [ template_filter ] --START--
INFO: Run Behavior\ContentReplaceBehavior [ RunTime:0.001000s ]
INFO: [ template_filter ] --END-- [ RunTime:0.001000s ]
INFO: Run Behavior\ParseTemplateBehavior [ RunTime:0.025001s ]
INFO: [ view_parse ] --END-- [ RunTime:0.025001s ]
INFO: [ view_filter ] --START--
INFO: Run Behavior\WriteHtmlCacheBehavior [ RunTime:0.001000s ]
INFO: [ view_filter ] --END-- [ RunTime:0.001000s ]
INFO: [ app_end ] --START--
INFO: Run Behavior\ShowPageTraceBehavior [ RunTime:0.001000s ]
INFO: [ app_end ] --END-- [ RunTime:0.002000s ]

